#
# A fatal error has been detected by the Java Runtime Environment:
#
#  Internal Error (methodData.cpp:1142), pid=17040, tid=6148
#  Error: ShouldNotReachHere()
#
# JRE version: OpenJDK Runtime Environment Temurin-17.0.10+7 (17.0.10+7) (build 17.0.10+7)
# Java VM: OpenJDK 64-Bit Server VM Temurin-17.0.10+7 (17.0.10+7, mixed mode, tiered, compressed oops, compressed class ptrs, parallel gc, windows-amd64)
# No core dump will be written. Minidumps are not enabled by default on client versions of Windows
#
# If you would like to submit a bug report, please visit:
#   https://github.com/adoptium/adoptium-support/issues
#

---------------  S U M M A R Y ------------

Command Line: --add-modules=ALL-SYSTEM --add-opens=java.base/java.util=ALL-UNNAMED --add-opens=java.base/java.lang=ALL-UNNAMED --add-opens=java.base/sun.nio.fs=ALL-UNNAMED -Declipse.application=org.eclipse.jdt.ls.core.id1 -Dosgi.bundles.defaultStartLevel=4 -Declipse.product=org.eclipse.jdt.ls.core.product -Djava.import.generatesMetadataFilesAtProjectRoot=false -DDetectVMInstallationsJob.disabled=true -Dfile.encoding=utf8 -XX:+UseParallelGC -XX:GCTimeRatio=4 -XX:AdaptiveSizePolicyWeight=90 -Dsun.zip.disableMemoryMapping=true -Xmx1G -Xms100m -Xlog:disable -javaagent:c:\Users\97154\.vscode\extensions\redhat.java-1.27.0-win32-x64\lombok\lombok-1.18.31.jar -XX:+HeapDumpOnOutOfMemoryError -XX:HeapDumpPath=c:\Users\97154\AppData\Roaming\Code\User\workspaceStorage\7aab4b7947870c43d9e0d1114ae30211\redhat.java -Daether.dependencyCollector.impl=bf c:\Users\97154\.vscode\extensions\redhat.java-1.27.0-win32-x64\server\plugins\org.eclipse.equinox.launcher_1.6.700.v20231214-2017.jar -configuration c:\Users\97154\AppData\Roaming\Code\User\globalStorage\redhat.java\1.27.0\config_win -data c:\Users\97154\AppData\Roaming\Code\User\workspaceStorage\7aab4b7947870c43d9e0d1114ae30211\redhat.java\jdt_ws --stdio

Host: 11th Gen Intel(R) Core(TM) i5-1135G7 @ 2.40GHz, 8 cores, 15G,  Windows 11 , 64 bit Build 22621 (10.0.22621.3085)
Time: Mon Feb 12 00:57:44 2024 Egypt Standard Time elapsed time: 7892.884802 seconds (0d 2h 11m 32s)

---------------  T H R E A D  ---------------

Current thread (0x000001eff24ad7d0):  VMThread "VM Thread" [stack: 0x00000001ae600000,0x00000001ae700000] [id=6148]

Stack: [0x00000001ae600000,0x00000001ae700000]
Native frames: (J=compiled Java code, j=interpreted, Vv=VM code, C=native code)
V  [jvm.dll+0x67d2c9]
V  [jvm.dll+0x834afa]
V  [jvm.dll+0x8365be]
V  [jvm.dll+0x836bd7]
V  [jvm.dll+0x24772a]
V  [jvm.dll+0x247663]
V  [jvm.dll+0x635926]
V  [jvm.dll+0x634a95]
V  [jvm.dll+0x36f908]
V  [jvm.dll+0x54087c]
V  [jvm.dll+0x6b76d1]
V  [jvm.dll+0x6b6776]
V  [jvm.dll+0x6bcf31]
V  [jvm.dll+0x688643]
V  [jvm.dll+0x6be604]
V  [jvm.dll+0x83b11b]
V  [jvm.dll+0x83be61]
V  [jvm.dll+0x83c37d]
V  [jvm.dll+0x83c754]
V  [jvm.dll+0x83c820]
V  [jvm.dll+0x7e3fba]
V  [jvm.dll+0x67c1b5]
C  [ucrtbase.dll+0x29363]
C  [KERNEL32.DLL+0x1257d]
C  [ntdll.dll+0x5aa58]

VM_Operation (0x00000001ae1fbf50): ParallelGCFailedAllocation, mode: safepoint, requested by thread 0x000001ef8f99ca10


---------------  P R O C E S S  ---------------

Threads class SMR info:
_java_thread_list=0x000001ef91e2fae0, length=34, elements={
0x000001eff24285c0, 0x000001eff72a6040, 0x000001eff72a90c0, 0x000001eff72abf10,
0x000001eff72ac8e0, 0x000001eff72ad4a0, 0x000001eff72ae060, 0x000001effc3aaf20,
0x000001effc3ae1d0, 0x000001effc3d3b70, 0x000001eff2488b60, 0x000001effc720e50,
0x000001effdd166a0, 0x000001effd630b50, 0x000001effe3fa550, 0x000001effe45e9b0,
0x000001effe033ed0, 0x000001effe032070, 0x000001effe0339c0, 0x000001effe035310,
0x000001effe035820, 0x000001efffbc5930, 0x000001efffbbf900, 0x000001efffbc4a00,
0x000001efffbc2690, 0x000001efffbc1c70, 0x000001ef8f9a0be0, 0x000001ef8f9a3e80,
0x000001efffbc0830, 0x000001ef8f99ca10, 0x000001ef8f99cf20, 0x000001ef8f99f7a0,
0x000001ef8f99ed80, 0x000001ef8f9a3460
}

Java Threads: ( => current thread )
  0x000001eff24285c0 JavaThread "main" [_thread_blocked, id=16944, stack(0x00000001ae400000,0x00000001ae500000)]
  0x000001eff72a6040 JavaThread "Reference Handler" daemon [_thread_blocked, id=15972, stack(0x00000001ae700000,0x00000001ae800000)]
  0x000001eff72a90c0 JavaThread "Finalizer" daemon [_thread_blocked, id=6440, stack(0x00000001ae800000,0x00000001ae900000)]
  0x000001eff72abf10 JavaThread "Signal Dispatcher" daemon [_thread_blocked, id=19120, stack(0x00000001ae900000,0x00000001aea00000)]
  0x000001eff72ac8e0 JavaThread "Attach Listener" daemon [_thread_blocked, id=5068, stack(0x00000001aea00000,0x00000001aeb00000)]
  0x000001eff72ad4a0 JavaThread "Service Thread" daemon [_thread_blocked, id=17064, stack(0x00000001aeb00000,0x00000001aec00000)]
  0x000001eff72ae060 JavaThread "Monitor Deflation Thread" daemon [_thread_blocked, id=21680, stack(0x00000001aec00000,0x00000001aed00000)]
  0x000001effc3aaf20 JavaThread "C2 CompilerThread0" daemon [_thread_blocked, id=17592, stack(0x00000001aed00000,0x00000001aee00000)]
  0x000001effc3ae1d0 JavaThread "C1 CompilerThread0" daemon [_thread_blocked, id=7512, stack(0x00000001aee00000,0x00000001aef00000)]
  0x000001effc3d3b70 JavaThread "Sweeper thread" daemon [_thread_blocked, id=9144, stack(0x00000001aef00000,0x00000001af000000)]
  0x000001eff2488b60 JavaThread "Common-Cleaner" daemon [_thread_blocked, id=2856, stack(0x00000001af000000,0x00000001af100000)]
  0x000001effc720e50 JavaThread "Notification Thread" daemon [_thread_blocked, id=3828, stack(0x00000001af200000,0x00000001af300000)]
  0x000001effdd166a0 JavaThread "Active Thread: Equinox Container: 805c8788-a6a7-424a-817b-2b234295a60d" [_thread_blocked, id=6432, stack(0x00000001afa00000,0x00000001afb00000)]
  0x000001effd630b50 JavaThread "Framework Event Dispatcher: Equinox Container: 805c8788-a6a7-424a-817b-2b234295a60d" daemon [_thread_blocked, id=22080, stack(0x00000001afb00000,0x00000001afc00000)]
  0x000001effe3fa550 JavaThread "Start Level: Equinox Container: 805c8788-a6a7-424a-817b-2b234295a60d" daemon [_thread_blocked, id=14204, stack(0x00000001afc00000,0x00000001afd00000)]
  0x000001effe45e9b0 JavaThread "Bundle File Closer" daemon [_thread_blocked, id=13988, stack(0x00000001afe00000,0x00000001aff00000)]
  0x000001effe033ed0 JavaThread "SCR Component Actor" daemon [_thread_blocked, id=13556, stack(0x00000001aff00000,0x00000001b0000000)]
  0x000001effe032070 JavaThread "Worker-JM" [_thread_blocked, id=14824, stack(0x00000001b0100000,0x00000001b0200000)]
  0x000001effe0339c0 JavaThread "Java indexing" daemon [_thread_blocked, id=5224, stack(0x00000001b0600000,0x00000001b0700000)]
  0x000001effe035310 JavaThread "JNA Cleaner" daemon [_thread_blocked, id=7032, stack(0x00000001b0700000,0x00000001b0800000)]
  0x000001effe035820 JavaThread "pool-2-thread-1" [_thread_blocked, id=3060, stack(0x00000001b0800000,0x00000001b0900000)]
  0x000001efffbc5930 JavaThread "WorkspaceEventsHandler" [_thread_blocked, id=16328, stack(0x00000001b0900000,0x00000001b0a00000)]
  0x000001efffbbf900 JavaThread "pool-1-thread-1" [_thread_in_native, id=2816, stack(0x00000001b0a00000,0x00000001b0b00000)]
  0x000001efffbc4a00 JavaThread "Java Debug Server" daemon [_thread_in_native, id=23252, stack(0x00000001b0300000,0x00000001b0400000)]
  0x000001efffbc2690 JavaThread "RxSchedulerPurge-1" daemon [_thread_blocked, id=12972, stack(0x00000001b0e00000,0x00000001b0f00000)]
  0x000001efffbc1c70 JavaThread "RxCachedWorkerPoolEvictor-1" daemon [_thread_blocked, id=14224, stack(0x00000001b0f00000,0x00000001b1000000)]
  0x000001ef8f9a0be0 JavaThread "pool-7-thread-3" [_thread_in_native, id=24040, stack(0x00000001b0200000,0x00000001b0300000)]
  0x000001ef8f9a3e80 JavaThread "process reaper (pid 25552)" daemon [_thread_in_native, id=17528, stack(0x00000001add60000,0x00000001add80000)]
  0x000001efffbc0830 JavaThread "Worker-44" [_thread_blocked, id=23944, stack(0x00000001b0500000,0x00000001b0600000)]
  0x000001ef8f99ca10 JavaThread "Worker-46: Building" [_thread_blocked, id=22136, stack(0x00000001ae100000,0x00000001ae200000)]
  0x000001ef8f99cf20 JavaThread "ForkJoinPool.commonPool-worker-46" daemon [_thread_blocked, id=23668, stack(0x00000001af100000,0x00000001af200000)]
  0x000001ef8f99f7a0 JavaThread "ForkJoinPool.commonPool-worker-47" daemon [_thread_blocked, id=8620, stack(0x00000001ae300000,0x00000001ae400000)]
  0x000001ef8f99ed80 JavaThread "RxNewThreadScheduler-55" daemon [_thread_blocked, id=21960, stack(0x00000001b0b00000,0x00000001b0c00000)]
  0x000001ef8f9a3460 JavaThread "Worker-47" [_thread_blocked, id=9068, stack(0x00000001ae200000,0x00000001ae300000)]

Other Threads:
=>0x000001eff24ad7d0 VMThread "VM Thread" [stack: 0x00000001ae600000,0x00000001ae700000] [id=6148]
  0x000001effc72c240 WatcherThread [stack: 0x00000001af300000,0x00000001af400000] [id=14908]
  0x000001eff243f210 GCTaskThread "GC Thread#0" [stack: 0x00000001ae500000,0x00000001ae600000] [id=5696]
  0x000001effdb71300 GCTaskThread "GC Thread#1" [stack: 0x00000001af400000,0x00000001af500000] [id=2636]
  0x000001effd6dce30 GCTaskThread "GC Thread#2" [stack: 0x00000001af500000,0x00000001af600000] [id=13920]
  0x000001effd6dd0f0 GCTaskThread "GC Thread#3" [stack: 0x00000001af600000,0x00000001af700000] [id=8244]
  0x000001effdb737b0 GCTaskThread "GC Thread#4" [stack: 0x00000001af700000,0x00000001af800000] [id=3312]
  0x000001effdb73a70 GCTaskThread "GC Thread#5" [stack: 0x00000001af800000,0x00000001af900000] [id=9748]
  0x000001effdd48050 GCTaskThread "GC Thread#6" [stack: 0x00000001af900000,0x00000001afa00000] [id=7592]
  0x000001effe0d54c0 GCTaskThread "GC Thread#7" [stack: 0x00000001afd00000,0x00000001afe00000] [id=16312]

Threads with active compile tasks:

VM state: at safepoint (normal execution)

VM Mutex/Monitor currently owned by a thread:  ([mutex/lock_event])
[0x000001eff2425190] Threads_lock - owner thread: 0x000001eff24ad7d0
[0x000001eff2424ec0] Heap_lock - owner thread: 0x000001ef8f99ca10

Heap address: 0x00000000c0000000, size: 1024 MB, Compressed Oops mode: 32-bit

CDS archive(s) not mapped
Compressed class space mapped at: 0x0000000100000000-0x0000000140000000, reserved size: 1073741824
Narrow klass base: 0x0000000000000000, Narrow klass shift: 3, Narrow klass range: 0x140000000

GC Precious Log:
 CPUs: 8 total, 8 available
 Memory: 16118M
 Large Page Support: Disabled
 NUMA Support: Disabled
 Compressed Oops: Enabled (32-bit)
 Alignments: Space 512K, Generation 512K, Heap 2M
 Heap Min Capacity: 100M
 Heap Initial Capacity: 100M
 Heap Max Capacity: 1G
 Pre-touch: Disabled
 Parallel Workers: 8

Heap:
 PSYoungGen      total 1536K, used 224K [0x00000000eab00000, 0x00000000eae80000, 0x0000000100000000)
  eden space 1024K, 0% used [0x00000000eab00000,0x00000000eab00000,0x00000000eac00000)
  from space 512K, 43% used [0x00000000eae00000,0x00000000eae38000,0x00000000eae80000)
  to   space 512K, 0% used [0x00000000ead80000,0x00000000ead80000,0x00000000eae00000)
 ParOldGen       total 156672K, used 156620K [0x00000000c0000000, 0x00000000c9900000, 0x00000000eab00000)
  object space 156672K, 99% used [0x00000000c0000000,0x00000000c98f3370,0x00000000c9900000)
 Metaspace       used 94891K, committed 96384K, reserved 1179648K
  class space    used 9381K, committed 10112K, reserved 1048576K

Card table byte_map: [0x000001eff1db0000,0x000001eff1fc0000] _byte_map_base: 0x000001eff17b0000

Marking Bits: (ParMarkBitMap*) 0x00007ffda828d7d0
 Begin Bits: [0x000001eff50b0000, 0x000001eff60b0000)
 End Bits:   [0x000001eff60b0000, 0x000001eff70b0000)

Polling page: 0x000001eff0380000

Metaspace:

Usage:
  Non-class:     83.51 MB used.
      Class:      9.16 MB used.
       Both:     92.67 MB used.

Virtual space:
  Non-class space:      128.00 MB reserved,      84.25 MB ( 66%) committed,  2 nodes.
      Class space:        1.00 GB reserved,       9.88 MB ( <1%) committed,  1 nodes.
             Both:        1.12 GB reserved,      94.12 MB (  8%) committed. 

Chunk freelists:
   Non-Class:  11.61 MB
       Class:  6.20 MB
        Both:  17.81 MB

MaxMetaspaceSize: unlimited
CompressedClassSpaceSize: 1.00 GB
Initial GC threshold: 21.00 MB
Current GC threshold: 156.25 MB
CDS: off
MetaspaceReclaimPolicy: balanced
 - commit_granule_bytes: 65536.
 - commit_granule_words: 8192.
 - virtual_space_node_default_size: 8388608.
 - enlarge_chunks_in_place: 1.
 - new_chunks_are_fully_committed: 0.
 - uncommit_free_chunks: 1.
 - use_allocation_guard: 0.
 - handle_deallocations: 1.


Internal statistics:

num_allocs_failed_limit: 9.
num_arena_births: 1444.
num_arena_deaths: 534.
num_vsnodes_births: 3.
num_vsnodes_deaths: 0.
num_space_committed: 1506.
num_space_uncommitted: 0.
num_chunks_returned_to_freelist: 662.
num_chunks_taken_from_freelist: 6083.
num_chunk_merges: 231.
num_chunk_splits: 3443.
num_chunks_enlarged: 1794.
num_inconsistent_stats: 0.

CodeHeap 'non-profiled nmethods': size=120000Kb used=23225Kb max_used=23260Kb free=96774Kb
 bounds [0x000001ef87ad0000, 0x000001ef891a0000, 0x000001ef8f000000]
CodeHeap 'profiled nmethods': size=120000Kb used=42179Kb max_used=43807Kb free=77820Kb
 bounds [0x000001ef80000000, 0x000001ef82ad0000, 0x000001ef87530000]
CodeHeap 'non-nmethods': size=5760Kb used=1433Kb max_used=1544Kb free=4327Kb
 bounds [0x000001ef87530000, 0x000001ef877a0000, 0x000001ef87ad0000]
 total_blobs=20417 nmethods=19642 adapters=683
 compilation: enabled
              stopped_count=0, restarted_count=0
 full_count=0

Compilation events (20 events):
Event: 7764.581 Thread 0x000001effc3aaf20 26129       4       java.lang.ProcessHandleImpl::descendants (237 bytes)
Event: 7764.589 Thread 0x000001effc3aaf20 nmethod 26129 0x000001ef88e14510 code [0x000001ef88e14700, 0x000001ef88e15148]
Event: 7792.834 Thread 0x000001effc3aaf20 26130   !   4       jdk.internal.loader.URLClassPath$JarLoader::ensureOpen (36 bytes)
Event: 7792.836 Thread 0x000001effc3aaf20 nmethod 26130 0x000001ef8807bf90 code [0x000001ef8807c140, 0x000001ef8807c318]
Event: 7802.222 Thread 0x000001effc3aaf20 26131 % !   4       org.eclipse.lsp4j.jsonrpc.json.StreamMessageProducer::listen @ 43 (301 bytes)
Event: 7802.312 Thread 0x000001effc3aaf20 nmethod 26131% 0x000001ef88973d10 code [0x000001ef88974280, 0x000001ef88979738]
Event: 7802.400 Thread 0x000001effc3ae1d0 26132       3       org.eclipse.core.runtime.Plugin::getPluginPreferences (89 bytes)
Event: 7802.401 Thread 0x000001effc3ae1d0 nmethod 26132 0x000001ef80071c90 code [0x000001ef80071f20, 0x000001ef80072b28]
Event: 7803.972 Thread 0x000001effc3aaf20 26133   !   4       jdk.internal.loader.URLClassPath$JarLoader::getResource (65 bytes)
Event: 7804.024 Thread 0x000001effc3aaf20 nmethod 26133 0x000001ef88e78e10 code [0x000001ef88e79220, 0x000001ef88e7c308]
Event: 7804.024 Thread 0x000001effc3aaf20 26134   !   4       org.eclipse.jdt.internal.core.DeltaProcessor::createExternalArchiveDelta (1179 bytes)
Event: 7804.199 Thread 0x000001effc3aaf20 nmethod 26134 0x000001ef8918b190 code [0x000001ef8918bae0, 0x000001ef89194db0]
Event: 7833.256 Thread 0x000001effc3aaf20 26135       4       java.util.Optional::ifPresent (18 bytes)
Event: 7833.257 Thread 0x000001effc3aaf20 nmethod 26135 0x000001ef87f92990 code [0x000001ef87f92b00, 0x000001ef87f92bb8]
Event: 7833.587 Thread 0x000001effc3ae1d0 26136       3       com.google.gson.JsonElement::<init> (5 bytes)
Event: 7833.587 Thread 0x000001effc3ae1d0 nmethod 26136 0x000001ef8088ae10 code [0x000001ef8088afa0, 0x000001ef8088b0f8]
Event: 7833.754 Thread 0x000001effc3ae1d0 26137       3       io.reactivex.internal.queue.SpscLinkedArrayQueue::poll (99 bytes)
Event: 7833.757 Thread 0x000001effc3ae1d0 nmethod 26137 0x000001ef8139dc90 code [0x000001ef8139e0a0, 0x000001ef8139fc78]
Event: 7833.757 Thread 0x000001effc3ae1d0 26138       3       io.reactivex.internal.queue.SpscLinkedArrayQueue::lpConsumerIndex (8 bytes)
Event: 7833.758 Thread 0x000001effc3ae1d0 nmethod 26138 0x000001ef80a45a10 code [0x000001ef80a45ba0, 0x000001ef80a45cd8]

GC Heap History (20 events):
Event: 7887.361 GC heap after
{Heap after GC invocations=5738 (full 118):
 PSYoungGen      total 1536K, used 288K [0x00000000eab00000, 0x00000000eae80000, 0x0000000100000000)
  eden space 1024K, 0% used [0x00000000eab00000,0x00000000eab00000,0x00000000eac00000)
  from space 512K, 56% used [0x00000000ead80000,0x00000000eadc8000,0x00000000eae00000)
  to   space 512K, 0% used [0x00000000eae00000,0x00000000eae00000,0x00000000eae80000)
 ParOldGen       total 156672K, used 156020K [0x00000000c0000000, 0x00000000c9900000, 0x00000000eab00000)
  object space 156672K, 99% used [0x00000000c0000000,0x00000000c985d370,0x00000000c9900000)
 Metaspace       used 94891K, committed 96384K, reserved 1179648K
  class space    used 9381K, committed 10112K, reserved 1048576K
}
Event: 7887.385 GC heap before
{Heap before GC invocations=5739 (full 118):
 PSYoungGen      total 1536K, used 1312K [0x00000000eab00000, 0x00000000eae80000, 0x0000000100000000)
  eden space 1024K, 100% used [0x00000000eab00000,0x00000000eac00000,0x00000000eac00000)
  from space 512K, 56% used [0x00000000ead80000,0x00000000eadc8000,0x00000000eae00000)
  to   space 512K, 0% used [0x00000000eae00000,0x00000000eae00000,0x00000000eae80000)
 ParOldGen       total 156672K, used 156020K [0x00000000c0000000, 0x00000000c9900000, 0x00000000eab00000)
  object space 156672K, 99% used [0x00000000c0000000,0x00000000c985d370,0x00000000c9900000)
 Metaspace       used 94891K, committed 96384K, reserved 1179648K
  class space    used 9381K, committed 10112K, reserved 1048576K
}
Event: 7887.386 GC heap after
{Heap after GC invocations=5739 (full 118):
 PSYoungGen      total 1536K, used 224K [0x00000000eab00000, 0x00000000eae80000, 0x0000000100000000)
  eden space 1024K, 0% used [0x00000000eab00000,0x00000000eab00000,0x00000000eac00000)
  from space 512K, 43% used [0x00000000eae00000,0x00000000eae38000,0x00000000eae80000)
  to   space 512K, 0% used [0x00000000ead80000,0x00000000ead80000,0x00000000eae00000)
 ParOldGen       total 156672K, used 156100K [0x00000000c0000000, 0x00000000c9900000, 0x00000000eab00000)
  object space 156672K, 99% used [0x00000000c0000000,0x00000000c9871370,0x00000000c9900000)
 Metaspace       used 94891K, committed 96384K, reserved 1179648K
  class space    used 9381K, committed 10112K, reserved 1048576K
}
Event: 7887.404 GC heap before
{Heap before GC invocations=5740 (full 118):
 PSYoungGen      total 1536K, used 1248K [0x00000000eab00000, 0x00000000eae80000, 0x0000000100000000)
  eden space 1024K, 100% used [0x00000000eab00000,0x00000000eac00000,0x00000000eac00000)
  from space 512K, 43% used [0x00000000eae00000,0x00000000eae38000,0x00000000eae80000)
  to   space 512K, 0% used [0x00000000ead80000,0x00000000ead80000,0x00000000eae00000)
 ParOldGen       total 156672K, used 156100K [0x00000000c0000000, 0x00000000c9900000, 0x00000000eab00000)
  object space 156672K, 99% used [0x00000000c0000000,0x00000000c9871370,0x00000000c9900000)
 Metaspace       used 94891K, committed 96384K, reserved 1179648K
  class space    used 9381K, committed 10112K, reserved 1048576K
}
Event: 7887.405 GC heap after
{Heap after GC invocations=5740 (full 118):
 PSYoungGen      total 1536K, used 224K [0x00000000eab00000, 0x00000000eae80000, 0x0000000100000000)
  eden space 1024K, 0% used [0x00000000eab00000,0x00000000eab00000,0x00000000eac00000)
  from space 512K, 43% used [0x00000000ead80000,0x00000000eadb8000,0x00000000eae00000)
  to   space 512K, 0% used [0x00000000eae00000,0x00000000eae00000,0x00000000eae80000)
 ParOldGen       total 156672K, used 156156K [0x00000000c0000000, 0x00000000c9900000, 0x00000000eab00000)
  object space 156672K, 99% used [0x00000000c0000000,0x00000000c987f370,0x00000000c9900000)
 Metaspace       used 94891K, committed 96384K, reserved 1179648K
  class space    used 9381K, committed 10112K, reserved 1048576K
}
Event: 7887.425 GC heap before
{Heap before GC invocations=5741 (full 118):
 PSYoungGen      total 1536K, used 1248K [0x00000000eab00000, 0x00000000eae80000, 0x0000000100000000)
  eden space 1024K, 100% used [0x00000000eab00000,0x00000000eac00000,0x00000000eac00000)
  from space 512K, 43% used [0x00000000ead80000,0x00000000eadb8000,0x00000000eae00000)
  to   space 512K, 0% used [0x00000000eae00000,0x00000000eae00000,0x00000000eae80000)
 ParOldGen       total 156672K, used 156156K [0x00000000c0000000, 0x00000000c9900000, 0x00000000eab00000)
  object space 156672K, 99% used [0x00000000c0000000,0x00000000c987f370,0x00000000c9900000)
 Metaspace       used 94891K, committed 96384K, reserved 1179648K
  class space    used 9381K, committed 10112K, reserved 1048576K
}
Event: 7887.426 GC heap after
{Heap after GC invocations=5741 (full 118):
 PSYoungGen      total 1536K, used 224K [0x00000000eab00000, 0x00000000eae80000, 0x0000000100000000)
  eden space 1024K, 0% used [0x00000000eab00000,0x00000000eab00000,0x00000000eac00000)
  from space 512K, 43% used [0x00000000eae00000,0x00000000eae38000,0x00000000eae80000)
  to   space 512K, 0% used [0x00000000ead80000,0x00000000ead80000,0x00000000eae00000)
 ParOldGen       total 156672K, used 156212K [0x00000000c0000000, 0x00000000c9900000, 0x00000000eab00000)
  object space 156672K, 99% used [0x00000000c0000000,0x00000000c988d370,0x00000000c9900000)
 Metaspace       used 94891K, committed 96384K, reserved 1179648K
  class space    used 9381K, committed 10112K, reserved 1048576K
}
Event: 7892.626 GC heap before
{Heap before GC invocations=5742 (full 118):
 PSYoungGen      total 1536K, used 1247K [0x00000000eab00000, 0x00000000eae80000, 0x0000000100000000)
  eden space 1024K, 99% used [0x00000000eab00000,0x00000000eabffff0,0x00000000eac00000)
  from space 512K, 43% used [0x00000000eae00000,0x00000000eae38000,0x00000000eae80000)
  to   space 512K, 0% used [0x00000000ead80000,0x00000000ead80000,0x00000000eae00000)
 ParOldGen       total 156672K, used 156212K [0x00000000c0000000, 0x00000000c9900000, 0x00000000eab00000)
  object space 156672K, 99% used [0x00000000c0000000,0x00000000c988d370,0x00000000c9900000)
 Metaspace       used 94891K, committed 96384K, reserved 1179648K
  class space    used 9381K, committed 10112K, reserved 1048576K
}
Event: 7892.626 GC heap after
{Heap after GC invocations=5742 (full 118):
 PSYoungGen      total 1536K, used 256K [0x00000000eab00000, 0x00000000eae80000, 0x0000000100000000)
  eden space 1024K, 0% used [0x00000000eab00000,0x00000000eab00000,0x00000000eac00000)
  from space 512K, 50% used [0x00000000ead80000,0x00000000eadc0000,0x00000000eae00000)
  to   space 512K, 0% used [0x00000000eae00000,0x00000000eae00000,0x00000000eae80000)
 ParOldGen       total 156672K, used 156268K [0x00000000c0000000, 0x00000000c9900000, 0x00000000eab00000)
  object space 156672K, 99% used [0x00000000c0000000,0x00000000c989b370,0x00000000c9900000)
 Metaspace       used 94891K, committed 96384K, reserved 1179648K
  class space    used 9381K, committed 10112K, reserved 1048576K
}
Event: 7892.741 GC heap before
{Heap before GC invocations=5743 (full 118):
 PSYoungGen      total 1536K, used 1268K [0x00000000eab00000, 0x00000000eae80000, 0x0000000100000000)
  eden space 1024K, 98% used [0x00000000eab00000,0x00000000eabfd348,0x00000000eac00000)
  from space 512K, 50% used [0x00000000ead80000,0x00000000eadc0000,0x00000000eae00000)
  to   space 512K, 0% used [0x00000000eae00000,0x00000000eae00000,0x00000000eae80000)
 ParOldGen       total 156672K, used 156268K [0x00000000c0000000, 0x00000000c9900000, 0x00000000eab00000)
  object space 156672K, 99% used [0x00000000c0000000,0x00000000c989b370,0x00000000c9900000)
 Metaspace       used 94891K, committed 96384K, reserved 1179648K
  class space    used 9381K, committed 10112K, reserved 1048576K
}
Event: 7892.742 GC heap after
{Heap after GC invocations=5743 (full 118):
 PSYoungGen      total 1536K, used 352K [0x00000000eab00000, 0x00000000eae80000, 0x0000000100000000)
  eden space 1024K, 0% used [0x00000000eab00000,0x00000000eab00000,0x00000000eac00000)
  from space 512K, 68% used [0x00000000eae00000,0x00000000eae58020,0x00000000eae80000)
  to   space 512K, 0% used [0x00000000ead80000,0x00000000ead80000,0x00000000eae00000)
 ParOldGen       total 156672K, used 156316K [0x00000000c0000000, 0x00000000c9900000, 0x00000000eab00000)
  object space 156672K, 99% used [0x00000000c0000000,0x00000000c98a7370,0x00000000c9900000)
 Metaspace       used 94891K, committed 96384K, reserved 1179648K
  class space    used 9381K, committed 10112K, reserved 1048576K
}
Event: 7892.751 GC heap before
{Heap before GC invocations=5744 (full 118):
 PSYoungGen      total 1536K, used 1376K [0x00000000eab00000, 0x00000000eae80000, 0x0000000100000000)
  eden space 1024K, 100% used [0x00000000eab00000,0x00000000eac00000,0x00000000eac00000)
  from space 512K, 68% used [0x00000000eae00000,0x00000000eae58020,0x00000000eae80000)
  to   space 512K, 0% used [0x00000000ead80000,0x00000000ead80000,0x00000000eae00000)
 ParOldGen       total 156672K, used 156316K [0x00000000c0000000, 0x00000000c9900000, 0x00000000eab00000)
  object space 156672K, 99% used [0x00000000c0000000,0x00000000c98a7370,0x00000000c9900000)
 Metaspace       used 94891K, committed 96384K, reserved 1179648K
  class space    used 9381K, committed 10112K, reserved 1048576K
}
Event: 7892.751 GC heap after
{Heap after GC invocations=5744 (full 118):
 PSYoungGen      total 1536K, used 288K [0x00000000eab00000, 0x00000000eae80000, 0x0000000100000000)
  eden space 1024K, 0% used [0x00000000eab00000,0x00000000eab00000,0x00000000eac00000)
  from space 512K, 56% used [0x00000000ead80000,0x00000000eadc8000,0x00000000eae00000)
  to   space 512K, 0% used [0x00000000eae00000,0x00000000eae00000,0x00000000eae80000)
 ParOldGen       total 156672K, used 156412K [0x00000000c0000000, 0x00000000c9900000, 0x00000000eab00000)
  object space 156672K, 99% used [0x00000000c0000000,0x00000000c98bf370,0x00000000c9900000)
 Metaspace       used 94891K, committed 96384K, reserved 1179648K
  class space    used 9381K, committed 10112K, reserved 1048576K
}
Event: 7892.776 GC heap before
{Heap before GC invocations=5745 (full 118):
 PSYoungGen      total 1536K, used 1312K [0x00000000eab00000, 0x00000000eae80000, 0x0000000100000000)
  eden space 1024K, 100% used [0x00000000eab00000,0x00000000eac00000,0x00000000eac00000)
  from space 512K, 56% used [0x00000000ead80000,0x00000000eadc8000,0x00000000eae00000)
  to   space 512K, 0% used [0x00000000eae00000,0x00000000eae00000,0x00000000eae80000)
 ParOldGen       total 156672K, used 156412K [0x00000000c0000000, 0x00000000c9900000, 0x00000000eab00000)
  object space 156672K, 99% used [0x00000000c0000000,0x00000000c98bf370,0x00000000c9900000)
 Metaspace       used 94891K, committed 96384K, reserved 1179648K
  class space    used 9381K, committed 10112K, reserved 1048576K
}
Event: 7892.777 GC heap after
{Heap after GC invocations=5745 (full 118):
 PSYoungGen      total 1536K, used 224K [0x00000000eab00000, 0x00000000eae80000, 0x0000000100000000)
  eden space 1024K, 0% used [0x00000000eab00000,0x00000000eab00000,0x00000000eac00000)
  from space 512K, 43% used [0x00000000eae00000,0x00000000eae38000,0x00000000eae80000)
  to   space 512K, 0% used [0x00000000ead80000,0x00000000ead80000,0x00000000eae00000)
 ParOldGen       total 156672K, used 156500K [0x00000000c0000000, 0x00000000c9900000, 0x00000000eab00000)
  object space 156672K, 99% used [0x00000000c0000000,0x00000000c98d5370,0x00000000c9900000)
 Metaspace       used 94891K, committed 96384K, reserved 1179648K
  class space    used 9381K, committed 10112K, reserved 1048576K
}
Event: 7892.794 GC heap before
{Heap before GC invocations=5746 (full 118):
 PSYoungGen      total 1536K, used 1248K [0x00000000eab00000, 0x00000000eae80000, 0x0000000100000000)
  eden space 1024K, 100% used [0x00000000eab00000,0x00000000eac00000,0x00000000eac00000)
  from space 512K, 43% used [0x00000000eae00000,0x00000000eae38000,0x00000000eae80000)
  to   space 512K, 0% used [0x00000000ead80000,0x00000000ead80000,0x00000000eae00000)
 ParOldGen       total 156672K, used 156500K [0x00000000c0000000, 0x00000000c9900000, 0x00000000eab00000)
  object space 156672K, 99% used [0x00000000c0000000,0x00000000c98d5370,0x00000000c9900000)
 Metaspace       used 94891K, committed 96384K, reserved 1179648K
  class space    used 9381K, committed 10112K, reserved 1048576K
}
Event: 7892.795 GC heap after
{Heap after GC invocations=5746 (full 118):
 PSYoungGen      total 1536K, used 224K [0x00000000eab00000, 0x00000000eae80000, 0x0000000100000000)
  eden space 1024K, 0% used [0x00000000eab00000,0x00000000eab00000,0x00000000eac00000)
  from space 512K, 43% used [0x00000000ead80000,0x00000000eadb8000,0x00000000eae00000)
  to   space 512K, 0% used [0x00000000eae00000,0x00000000eae00000,0x00000000eae80000)
 ParOldGen       total 156672K, used 156564K [0x00000000c0000000, 0x00000000c9900000, 0x00000000eab00000)
  object space 156672K, 99% used [0x00000000c0000000,0x00000000c98e5370,0x00000000c9900000)
 Metaspace       used 94891K, committed 96384K, reserved 1179648K
  class space    used 9381K, committed 10112K, reserved 1048576K
}
Event: 7892.815 GC heap before
{Heap before GC invocations=5747 (full 118):
 PSYoungGen      total 1536K, used 1248K [0x00000000eab00000, 0x00000000eae80000, 0x0000000100000000)
  eden space 1024K, 100% used [0x00000000eab00000,0x00000000eac00000,0x00000000eac00000)
  from space 512K, 43% used [0x00000000ead80000,0x00000000eadb8000,0x00000000eae00000)
  to   space 512K, 0% used [0x00000000eae00000,0x00000000eae00000,0x00000000eae80000)
 ParOldGen       total 156672K, used 156564K [0x00000000c0000000, 0x00000000c9900000, 0x00000000eab00000)
  object space 156672K, 99% used [0x00000000c0000000,0x00000000c98e5370,0x00000000c9900000)
 Metaspace       used 94891K, committed 96384K, reserved 1179648K
  class space    used 9381K, committed 10112K, reserved 1048576K
}
Event: 7892.816 GC heap after
{Heap after GC invocations=5747 (full 118):
 PSYoungGen      total 1536K, used 224K [0x00000000eab00000, 0x00000000eae80000, 0x0000000100000000)
  eden space 1024K, 0% used [0x00000000eab00000,0x00000000eab00000,0x00000000eac00000)
  from space 512K, 43% used [0x00000000eae00000,0x00000000eae38000,0x00000000eae80000)
  to   space 512K, 0% used [0x00000000ead80000,0x00000000ead80000,0x00000000eae00000)
 ParOldGen       total 156672K, used 156620K [0x00000000c0000000, 0x00000000c9900000, 0x00000000eab00000)
  object space 156672K, 99% used [0x00000000c0000000,0x00000000c98f3370,0x00000000c9900000)
 Metaspace       used 94891K, committed 96384K, reserved 1179648K
  class space    used 9381K, committed 10112K, reserved 1048576K
}
Event: 7892.816 GC heap before
{Heap before GC invocations=5748 (full 119):
 PSYoungGen      total 1536K, used 224K [0x00000000eab00000, 0x00000000eae80000, 0x0000000100000000)
  eden space 1024K, 0% used [0x00000000eab00000,0x00000000eab00000,0x00000000eac00000)
  from space 512K, 43% used [0x00000000eae00000,0x00000000eae38000,0x00000000eae80000)
  to   space 512K, 0% used [0x00000000ead80000,0x00000000ead80000,0x00000000eae00000)
 ParOldGen       total 156672K, used 156620K [0x00000000c0000000, 0x00000000c9900000, 0x00000000eab00000)
  object space 156672K, 99% used [0x00000000c0000000,0x00000000c98f3370,0x00000000c9900000)
 Metaspace       used 94891K, committed 96384K, reserved 1179648K
  class space    used 9381K, committed 10112K, reserved 1048576K
}

Dll operation events (11 events):
Event: 0.049 Loaded shared library c:\Users\97154\.vscode\extensions\redhat.java-1.27.0-win32-x64\jre\17.0.10-win32-x86_64\bin\java.dll
Event: 0.386 Loaded shared library c:\Users\97154\.vscode\extensions\redhat.java-1.27.0-win32-x64\jre\17.0.10-win32-x86_64\bin\zip.dll
Event: 0.389 Loaded shared library C:\Users\97154\.vscode\extensions\redhat.java-1.27.0-win32-x64\jre\17.0.10-win32-x86_64\bin\instrument.dll
Event: 0.427 Loaded shared library C:\Users\97154\.vscode\extensions\redhat.java-1.27.0-win32-x64\jre\17.0.10-win32-x86_64\bin\net.dll
Event: 0.430 Loaded shared library C:\Users\97154\.vscode\extensions\redhat.java-1.27.0-win32-x64\jre\17.0.10-win32-x86_64\bin\nio.dll
Event: 0.440 Loaded shared library C:\Users\97154\.vscode\extensions\redhat.java-1.27.0-win32-x64\jre\17.0.10-win32-x86_64\bin\zip.dll
Event: 0.463 Loaded shared library C:\Users\97154\.vscode\extensions\redhat.java-1.27.0-win32-x64\jre\17.0.10-win32-x86_64\bin\jimage.dll
Event: 0.604 Loaded shared library c:\Users\97154\.vscode\extensions\redhat.java-1.27.0-win32-x64\jre\17.0.10-win32-x86_64\bin\verify.dll
Event: 2.023 Loaded shared library C:\Users\97154\AppData\Roaming\Code\User\globalStorage\redhat.java\1.27.0\config_win\org.eclipse.equinox.launcher\org.eclipse.equinox.launcher.win32.win32.x86_64_1.2.900.v20240129-1338\eclipse_11900.dll
Event: 4.596 Loaded shared library C:\Users\97154\AppData\Local\Temp\jna-54327986\jna11561489950357813759.dll
Event: 180.396 Loaded shared library C:\Users\97154\.vscode\extensions\redhat.java-1.27.0-win32-x64\jre\17.0.10-win32-x86_64\bin\extnet.dll

Deoptimization events (20 events):
Event: 7151.661 Thread 0x000001ef8f9a2530 Uncommon trap: trap_request=0xffffff45 fr.pc=0x000001ef88f1c050 relative=0x0000000000000610
Event: 7151.661 Thread 0x000001ef8f9a2530 Uncommon trap: reason=unstable_if action=reinterpret pc=0x000001ef88f1c050 method=org.eclipse.core.internal.localstore.FileSystemResourceManager.fastIsSynchronized(Lorg/eclipse/core/internal/resources/File;)Z @ 17 c2
Event: 7151.661 Thread 0x000001ef8f9a2530 DEOPT PACKING pc=0x000001ef88f1c050 sp=0x00000001b04fdc70
Event: 7151.661 Thread 0x000001ef8f9a2530 DEOPT UNPACKING pc=0x000001ef87589ea3 sp=0x00000001b04fdc60 mode 2
Event: 7151.662 Thread 0x000001ef8f9a2530 Uncommon trap: trap_request=0xffffff45 fr.pc=0x000001ef88642e30 relative=0x0000000000001330
Event: 7151.662 Thread 0x000001ef8f9a2530 Uncommon trap: reason=unstable_if action=reinterpret pc=0x000001ef88642e30 method=org.eclipse.core.internal.localstore.RefreshLocalVisitor.visit(Lorg/eclipse/core/internal/localstore/UnifiedTreeNode;)Z @ 291 c2
Event: 7151.662 Thread 0x000001ef8f9a2530 DEOPT PACKING pc=0x000001ef88642e30 sp=0x00000001b04fd570
Event: 7151.662 Thread 0x000001ef8f9a2530 DEOPT UNPACKING pc=0x000001ef87589ea3 sp=0x00000001b04fd510 mode 2
Event: 7173.184 Thread 0x000001efffbbf3f0 DEOPT PACKING pc=0x000001ef8184667e sp=0x00000001b13fe560
Event: 7173.184 Thread 0x000001efffbbf3f0 DEOPT UNPACKING pc=0x000001ef8758a9e3 sp=0x00000001b13fda48 mode 0
Event: 7339.270 Thread 0x000001ef8f9a06d0 Uncommon trap: trap_request=0xffffff45 fr.pc=0x000001ef889a5088 relative=0x00000000000004c8
Event: 7339.270 Thread 0x000001ef8f9a06d0 Uncommon trap: reason=unstable_if action=reinterpret pc=0x000001ef889a5088 method=org.eclipse.jdt.internal.core.PackageFragment.internalIsValidPackageName()Z @ 58 c2
Event: 7339.270 Thread 0x000001ef8f9a06d0 DEOPT PACKING pc=0x000001ef889a5088 sp=0x00000001b11feae0
Event: 7339.270 Thread 0x000001ef8f9a06d0 DEOPT UNPACKING pc=0x000001ef87589ea3 sp=0x00000001b11fe9a8 mode 2
Event: 7659.584 Thread 0x000001efffbc0830 DEOPT PACKING pc=0x000001ef807269cc sp=0x00000001b05fe880
Event: 7659.584 Thread 0x000001efffbc0830 DEOPT UNPACKING pc=0x000001ef8758a9e3 sp=0x00000001b05fdd88 mode 0
Event: 7764.581 Thread 0x000001ef8f99fcb0 DEOPT PACKING pc=0x000001ef82929593 sp=0x00000001b0dfe570
Event: 7764.581 Thread 0x000001ef8f99fcb0 DEOPT UNPACKING pc=0x000001ef8758a9e3 sp=0x00000001b0dfdab0 mode 0
Event: 7804.005 Thread 0x000001efffbc3ad0 DEOPT PACKING pc=0x000001ef81238381 sp=0x00000001ae2fd380
Event: 7804.005 Thread 0x000001efffbc3ad0 DEOPT UNPACKING pc=0x000001ef8758a9e3 sp=0x00000001ae2fc918 mode 0

Classes unloaded (20 events):
Event: 5870.770 Thread 0x000001eff24ad7d0 Unloading class 0x0000000100302c00 'java/lang/invoke/LambdaForm$MH+0x0000000100302c00'
Event: 5870.770 Thread 0x000001eff24ad7d0 Unloading class 0x0000000100302800 'jdk/internal/reflect/GeneratedSerializationConstructorAccessor10'
Event: 5870.770 Thread 0x000001eff24ad7d0 Unloading class 0x0000000100302400 'jdk/internal/reflect/GeneratedSerializationConstructorAccessor9'
Event: 5870.770 Thread 0x000001eff24ad7d0 Unloading class 0x00000001002da800 'java/lang/invoke/LambdaForm$MH+0x00000001002da800'
Event: 5870.770 Thread 0x000001eff24ad7d0 Unloading class 0x00000001002da000 'java/lang/invoke/LambdaForm$MH+0x00000001002da000'
Event: 5870.770 Thread 0x000001eff24ad7d0 Unloading class 0x00000001002d6000 'jdk/internal/reflect/GeneratedSerializationConstructorAccessor8'
Event: 5870.770 Thread 0x000001eff24ad7d0 Unloading class 0x00000001002d5c00 'jdk/internal/reflect/GeneratedSerializationConstructorAccessor7'
Event: 5870.770 Thread 0x000001eff24ad7d0 Unloading class 0x00000001002d5800 'jdk/internal/reflect/GeneratedSerializationConstructorAccessor6'
Event: 5870.770 Thread 0x000001eff24ad7d0 Unloading class 0x00000001002d5400 'jdk/internal/reflect/GeneratedSerializationConstructorAccessor5'
Event: 5870.770 Thread 0x000001eff24ad7d0 Unloading class 0x00000001002d5000 'jdk/internal/reflect/GeneratedSerializationConstructorAccessor4'
Event: 5870.770 Thread 0x000001eff24ad7d0 Unloading class 0x00000001002d4c00 'jdk/internal/reflect/GeneratedSerializationConstructorAccessor3'
Event: 5870.770 Thread 0x000001eff24ad7d0 Unloading class 0x00000001002d4800 'jdk/internal/reflect/GeneratedSerializationConstructorAccessor2'
Event: 5870.770 Thread 0x000001eff24ad7d0 Unloading class 0x00000001002d4400 'jdk/internal/reflect/GeneratedSerializationConstructorAccessor1'
Event: 7892.837 Thread 0x000001eff24ad7d0 Unloading class 0x0000000100310c00 'jdk/internal/reflect/GeneratedConstructorAccessor66'
Event: 7892.837 Thread 0x000001eff24ad7d0 Unloading class 0x0000000100198000 'jdk/internal/reflect/GeneratedConstructorAccessor56'
Event: 7892.837 Thread 0x000001eff24ad7d0 Unloading class 0x00000001009cc000 'jdk/internal/reflect/GeneratedConstructorAccessor53'
Event: 7892.837 Thread 0x000001eff24ad7d0 Unloading class 0x00000001009c1c00 'jdk/internal/reflect/GeneratedConstructorAccessor52'
Event: 7892.837 Thread 0x000001eff24ad7d0 Unloading class 0x00000001009c1800 'jdk/internal/reflect/GeneratedConstructorAccessor51'
Event: 7892.837 Thread 0x000001eff24ad7d0 Unloading class 0x00000001009c1400 'jdk/internal/reflect/GeneratedConstructorAccessor50'
Event: 7892.837 Thread 0x000001eff24ad7d0 Unloading class 0x00000001009ac400 'jdk/internal/reflect/GeneratedConstructorAccessor47'

Classes redefined (0 events):
No events

Internal exceptions (20 events):
Event: 7285.651 Thread 0x000001efffbbf3f0 Exception <a 'sun/nio/fs/WindowsException'{0x00000000eab4aa80}> (0x00000000eab4aa80) 
thrown [s\src\hotspot\share\prims\jni.cpp, line 516]
Event: 7340.477 Thread 0x000001efffbc5420 Exception <a 'sun/nio/fs/WindowsException'{0x00000000eab95c50}> (0x00000000eab95c50) 
thrown [s\src\hotspot\share\prims\jni.cpp, line 516]
Event: 7340.479 Thread 0x000001efffbc5420 Exception <a 'sun/nio/fs/WindowsException'{0x00000000eab97660}> (0x00000000eab97660) 
thrown [s\src\hotspot\share\prims\jni.cpp, line 516]
Event: 7340.480 Thread 0x000001efffbc5420 Exception <a 'sun/nio/fs/WindowsException'{0x00000000eab98e60}> (0x00000000eab98e60) 
thrown [s\src\hotspot\share\prims\jni.cpp, line 516]
Event: 7473.009 Thread 0x000001efffbbfe10 Exception <a 'sun/nio/fs/WindowsException'{0x00000000eab44250}> (0x00000000eab44250) 
thrown [s\src\hotspot\share\prims\jni.cpp, line 516]
Event: 7473.009 Thread 0x000001efffbbfe10 Exception <a 'sun/nio/fs/WindowsException'{0x00000000eab49670}> (0x00000000eab49670) 
thrown [s\src\hotspot\share\prims\jni.cpp, line 516]
Event: 7473.009 Thread 0x000001efffbbfe10 Exception <a 'sun/nio/fs/WindowsException'{0x00000000eab49fd0}> (0x00000000eab49fd0) 
thrown [s\src\hotspot\share\prims\jni.cpp, line 516]
Event: 7473.009 Thread 0x000001efffbbfe10 Exception <a 'sun/nio/fs/WindowsException'{0x00000000eab4a2a0}> (0x00000000eab4a2a0) 
thrown [s\src\hotspot\share\prims\jni.cpp, line 516]
Event: 7682.955 Thread 0x000001efffbbfe10 Exception <a 'sun/nio/fs/WindowsException'{0x00000000eab81370}> (0x00000000eab81370) 
thrown [s\src\hotspot\share\prims\jni.cpp, line 516]
Event: 7682.955 Thread 0x000001efffbbfe10 Exception <a 'sun/nio/fs/WindowsException'{0x00000000eab81650}> (0x00000000eab81650) 
thrown [s\src\hotspot\share\prims\jni.cpp, line 516]
Event: 7682.955 Thread 0x000001efffbbfe10 Exception <a 'sun/nio/fs/WindowsException'{0x00000000eab821f8}> (0x00000000eab821f8) 
thrown [s\src\hotspot\share\prims\jni.cpp, line 516]
Event: 7682.955 Thread 0x000001efffbbfe10 Exception <a 'sun/nio/fs/WindowsException'{0x00000000eab824c8}> (0x00000000eab824c8) 
thrown [s\src\hotspot\share\prims\jni.cpp, line 516]
Event: 7764.467 Thread 0x000001ef8f99e870 Exception <a 'sun/nio/fs/WindowsException'{0x00000000eab86e00}> (0x00000000eab86e00) 
thrown [s\src\hotspot\share\prims\jni.cpp, line 516]
Event: 7764.467 Thread 0x000001ef8f99e870 Exception <a 'sun/nio/fs/WindowsException'{0x00000000eab870e0}> (0x00000000eab870e0) 
thrown [s\src\hotspot\share\prims\jni.cpp, line 516]
Event: 7764.467 Thread 0x000001ef8f99e870 Exception <a 'sun/nio/fs/WindowsException'{0x00000000eab87a40}> (0x00000000eab87a40) 
thrown [s\src\hotspot\share\prims\jni.cpp, line 516]
Event: 7764.467 Thread 0x000001ef8f99e870 Exception <a 'sun/nio/fs/WindowsException'{0x00000000eab87d10}> (0x00000000eab87d10) 
thrown [s\src\hotspot\share\prims\jni.cpp, line 516]
Event: 7833.583 Thread 0x000001ef8f99ed80 Exception <a 'sun/nio/fs/WindowsException'{0x00000000eab645f8}> (0x00000000eab645f8) 
thrown [s\src\hotspot\share\prims\jni.cpp, line 516]
Event: 7833.583 Thread 0x000001ef8f99ed80 Exception <a 'sun/nio/fs/WindowsException'{0x00000000eab69a18}> (0x00000000eab69a18) 
thrown [s\src\hotspot\share\prims\jni.cpp, line 516]
Event: 7833.583 Thread 0x000001ef8f99ed80 Exception <a 'sun/nio/fs/WindowsException'{0x00000000eab6a378}> (0x00000000eab6a378) 
thrown [s\src\hotspot\share\prims\jni.cpp, line 516]
Event: 7833.584 Thread 0x000001ef8f99ed80 Exception <a 'sun/nio/fs/WindowsException'{0x00000000eab6a648}> (0x00000000eab6a648) 
thrown [s\src\hotspot\share\prims\jni.cpp, line 516]

VM Operations (20 events):
Event: 7887.351 Executing VM operation: ParallelGCFailedAllocation done
Event: 7887.360 Executing VM operation: ParallelGCFailedAllocation
Event: 7887.361 Executing VM operation: ParallelGCFailedAllocation done
Event: 7887.385 Executing VM operation: ParallelGCFailedAllocation
Event: 7887.386 Executing VM operation: ParallelGCFailedAllocation done
Event: 7887.404 Executing VM operation: ParallelGCFailedAllocation
Event: 7887.405 Executing VM operation: ParallelGCFailedAllocation done
Event: 7887.425 Executing VM operation: ParallelGCFailedAllocation
Event: 7887.426 Executing VM operation: ParallelGCFailedAllocation done
Event: 7892.626 Executing VM operation: ParallelGCFailedAllocation
Event: 7892.627 Executing VM operation: ParallelGCFailedAllocation done
Event: 7892.741 Executing VM operation: ParallelGCFailedAllocation
Event: 7892.742 Executing VM operation: ParallelGCFailedAllocation done
Event: 7892.751 Executing VM operation: ParallelGCFailedAllocation
Event: 7892.752 Executing VM operation: ParallelGCFailedAllocation done
Event: 7892.776 Executing VM operation: ParallelGCFailedAllocation
Event: 7892.777 Executing VM operation: ParallelGCFailedAllocation done
Event: 7892.794 Executing VM operation: ParallelGCFailedAllocation
Event: 7892.795 Executing VM operation: ParallelGCFailedAllocation done
Event: 7892.815 Executing VM operation: ParallelGCFailedAllocation

Events (20 events):
Event: 7739.249 Thread 0x000001efffbbf3f0 Thread exited: 0x000001efffbbf3f0
Event: 7742.956 Thread 0x000001efffbc2180 Thread exited: 0x000001efffbc2180
Event: 7762.765 Thread 0x000001ef8f99ca10 Thread added: 0x000001ef8f99ca10
Event: 7764.170 Thread 0x000001efffbbfe10 Thread exited: 0x000001efffbbfe10
Event: 7764.219 Thread 0x000001ef8f99cf20 Thread added: 0x000001ef8f99cf20
Event: 7764.463 Thread 0x000001ef8f99e870 Thread added: 0x000001ef8f99e870
Event: 7764.469 Thread 0x000001ef8f99d430 Thread added: 0x000001ef8f99d430
Event: 7764.474 Thread 0x000001ef8f99fcb0 Thread added: 0x000001ef8f99fcb0
Event: 7764.474 Thread 0x000001ef8f99d430 Thread exited: 0x000001ef8f99d430
Event: 7764.632 Thread 0x000001ef8f99fcb0 Thread exited: 0x000001ef8f99fcb0
Event: 7824.472 Thread 0x000001efffbc0d40 Thread exited: 0x000001efffbc0d40
Event: 7833.256 Thread 0x000001ef8f99e870 Thread exited: 0x000001ef8f99e870
Event: 7833.274 Thread 0x000001ef8f99f7a0 Thread added: 0x000001ef8f99f7a0
Event: 7833.575 Thread 0x000001ef8f99ed80 Thread added: 0x000001ef8f99ed80
Event: 7833.587 Thread 0x000001ef8f99d430 Thread added: 0x000001ef8f99d430
Event: 7833.600 Thread 0x000001ef8f9a2f50 Thread added: 0x000001ef8f9a2f50
Event: 7833.600 Thread 0x000001ef8f99d430 Thread exited: 0x000001ef8f99d430
Event: 7833.754 Thread 0x000001ef8f9a2f50 Thread exited: 0x000001ef8f9a2f50
Event: 7879.993 Thread 0x000001efffbc3ad0 Thread exited: 0x000001efffbc3ad0
Event: 7883.854 Thread 0x000001ef8f9a3460 Thread added: 0x000001ef8f9a3460


Dynamic libraries:
0x00007ff709a60000 - 0x00007ff709a6e000 	c:\Users\97154\.vscode\extensions\redhat.java-1.27.0-win32-x64\jre\17.0.10-win32-x86_64\bin\java.exe
0x00007ffe78170000 - 0x00007ffe78387000 	C:\WINDOWS\SYSTEM32\ntdll.dll
0x00007ffe75f20000 - 0x00007ffe75fe4000 	C:\WINDOWS\System32\KERNEL32.DLL
0x00007ffe756b0000 - 0x00007ffe75a56000 	C:\WINDOWS\System32\KERNELBASE.dll
0x00007ffe75a60000 - 0x00007ffe75b71000 	C:\WINDOWS\System32\ucrtbase.dll
0x00007ffe30390000 - 0x00007ffe303ab000 	c:\Users\97154\.vscode\extensions\redhat.java-1.27.0-win32-x64\jre\17.0.10-win32-x86_64\bin\VCRUNTIME140.dll
0x00007ffe313c0000 - 0x00007ffe313d7000 	c:\Users\97154\.vscode\extensions\redhat.java-1.27.0-win32-x64\jre\17.0.10-win32-x86_64\bin\jli.dll
0x00007ffe77e80000 - 0x00007ffe7802e000 	C:\WINDOWS\System32\USER32.dll
0x00007ffe75680000 - 0x00007ffe756a6000 	C:\WINDOWS\System32\win32u.dll
0x00007ffe5e6b0000 - 0x00007ffe5e943000 	C:\WINDOWS\WinSxS\amd64_microsoft.windows.common-controls_6595b64144ccf1df_6.0.22621.2506_none_270c5ae97388e100\COMCTL32.dll
0x00007ffe76b30000 - 0x00007ffe76b59000 	C:\WINDOWS\System32\GDI32.dll
0x00007ffe76a60000 - 0x00007ffe76b07000 	C:\WINDOWS\System32\msvcrt.dll
0x00007ffe75c00000 - 0x00007ffe75d18000 	C:\WINDOWS\System32\gdi32full.dll
0x00007ffe75520000 - 0x00007ffe755ba000 	C:\WINDOWS\System32\msvcp_win.dll
0x00007ffe76ed0000 - 0x00007ffe76f01000 	C:\WINDOWS\System32\IMM32.DLL
0x00007ffe30380000 - 0x00007ffe3038c000 	c:\Users\97154\.vscode\extensions\redhat.java-1.27.0-win32-x64\jre\17.0.10-win32-x86_64\bin\vcruntime140_1.dll
0x00007ffdca4b0000 - 0x00007ffdca53d000 	c:\Users\97154\.vscode\extensions\redhat.java-1.27.0-win32-x64\jre\17.0.10-win32-x86_64\bin\msvcp140.dll
0x00007ffda76f0000 - 0x00007ffda8352000 	c:\Users\97154\.vscode\extensions\redhat.java-1.27.0-win32-x64\jre\17.0.10-win32-x86_64\bin\server\jvm.dll
0x00007ffe77920000 - 0x00007ffe779d3000 	C:\WINDOWS\System32\ADVAPI32.dll
0x00007ffe75ff0000 - 0x00007ffe76098000 	C:\WINDOWS\System32\sechost.dll
0x00007ffe75e90000 - 0x00007ffe75eb8000 	C:\WINDOWS\System32\bcrypt.dll
0x00007ffe77020000 - 0x00007ffe77137000 	C:\WINDOWS\System32\RPCRT4.dll
0x00007ffe75380000 - 0x00007ffe753cd000 	C:\WINDOWS\SYSTEM32\POWRPROF.dll
0x00007ffe6b110000 - 0x00007ffe6b144000 	C:\WINDOWS\SYSTEM32\WINMM.dll
0x00007ffe6b420000 - 0x00007ffe6b42a000 	C:\WINDOWS\SYSTEM32\VERSION.dll
0x00007ffe4c510000 - 0x00007ffe4c519000 	C:\WINDOWS\SYSTEM32\WSOCK32.dll
0x00007ffe771e0000 - 0x00007ffe77251000 	C:\WINDOWS\System32\WS2_32.dll
0x00007ffe75360000 - 0x00007ffe75373000 	C:\WINDOWS\SYSTEM32\UMPDC.dll
0x00007ffe744c0000 - 0x00007ffe744d8000 	C:\WINDOWS\SYSTEM32\kernel.appcore.dll
0x00007ffe30370000 - 0x00007ffe3037a000 	c:\Users\97154\.vscode\extensions\redhat.java-1.27.0-win32-x64\jre\17.0.10-win32-x86_64\bin\jimage.dll
0x00007ffe71ee0000 - 0x00007ffe72113000 	C:\WINDOWS\SYSTEM32\DBGHELP.DLL
0x00007ffe772c0000 - 0x00007ffe77649000 	C:\WINDOWS\System32\combase.dll
0x00007ffe76bc0000 - 0x00007ffe76c97000 	C:\WINDOWS\System32\OLEAUT32.dll
0x00007ffe51750000 - 0x00007ffe51782000 	C:\WINDOWS\SYSTEM32\dbgcore.DLL
0x00007ffe75b80000 - 0x00007ffe75bfa000 	C:\WINDOWS\System32\bcryptPrimitives.dll
0x00007ffe65cb0000 - 0x00007ffe65cbe000 	c:\Users\97154\.vscode\extensions\redhat.java-1.27.0-win32-x64\jre\17.0.10-win32-x86_64\bin\instrument.dll
0x00007ffdaf620000 - 0x00007ffdaf645000 	c:\Users\97154\.vscode\extensions\redhat.java-1.27.0-win32-x64\jre\17.0.10-win32-x86_64\bin\java.dll
0x00007ffdaf600000 - 0x00007ffdaf618000 	c:\Users\97154\.vscode\extensions\redhat.java-1.27.0-win32-x64\jre\17.0.10-win32-x86_64\bin\zip.dll
0x00007ffe760a0000 - 0x00007ffe768fb000 	C:\WINDOWS\System32\SHELL32.dll
0x00007ffe733c0000 - 0x00007ffe73cb6000 	C:\WINDOWS\SYSTEM32\windows.storage.dll
0x00007ffe73280000 - 0x00007ffe733be000 	C:\WINDOWS\SYSTEM32\wintypes.dll
0x00007ffe77820000 - 0x00007ffe77913000 	C:\WINDOWS\System32\SHCORE.dll
0x00007ffe77260000 - 0x00007ffe772be000 	C:\WINDOWS\System32\shlwapi.dll
0x00007ffe753e0000 - 0x00007ffe75406000 	C:\WINDOWS\SYSTEM32\profapi.dll
0x00007ffdaf5e0000 - 0x00007ffdaf5f9000 	C:\Users\97154\.vscode\extensions\redhat.java-1.27.0-win32-x64\jre\17.0.10-win32-x86_64\bin\net.dll
0x00007ffe6de70000 - 0x00007ffe6dfa7000 	C:\WINDOWS\SYSTEM32\WINHTTP.dll
0x00007ffe74950000 - 0x00007ffe749b9000 	C:\WINDOWS\system32\mswsock.dll
0x00007ffdaf5c0000 - 0x00007ffdaf5d6000 	C:\Users\97154\.vscode\extensions\redhat.java-1.27.0-win32-x64\jre\17.0.10-win32-x86_64\bin\nio.dll
0x00007ffe30350000 - 0x00007ffe30360000 	c:\Users\97154\.vscode\extensions\redhat.java-1.27.0-win32-x64\jre\17.0.10-win32-x86_64\bin\verify.dll
0x00007ffe5ad90000 - 0x00007ffe5adce000 	C:\Users\97154\AppData\Roaming\Code\User\globalStorage\redhat.java\1.27.0\config_win\org.eclipse.equinox.launcher\org.eclipse.equinox.launcher.win32.win32.x86_64_1.2.900.v20240129-1338\eclipse_11900.dll
0x00007ffe76d30000 - 0x00007ffe76ed0000 	C:\WINDOWS\System32\ole32.dll
0x00007ffe74bc0000 - 0x00007ffe74bdb000 	C:\WINDOWS\SYSTEM32\CRYPTSP.dll
0x00007ffe74420000 - 0x00007ffe74455000 	C:\WINDOWS\system32\rsaenh.dll
0x00007ffe74a60000 - 0x00007ffe74a8c000 	C:\WINDOWS\SYSTEM32\USERENV.dll
0x00007ffe74be0000 - 0x00007ffe74bec000 	C:\WINDOWS\SYSTEM32\CRYPTBASE.dll
0x00007ffe73f60000 - 0x00007ffe73f8d000 	C:\WINDOWS\SYSTEM32\IPHLPAPI.DLL
0x00007ffe76ca0000 - 0x00007ffe76ca9000 	C:\WINDOWS\System32\NSI.dll
0x00007ffe6cf30000 - 0x00007ffe6cf49000 	C:\WINDOWS\SYSTEM32\dhcpcsvc6.DLL
0x00007ffe6ce70000 - 0x00007ffe6ce8f000 	C:\WINDOWS\SYSTEM32\dhcpcsvc.DLL
0x00007ffe73f90000 - 0x00007ffe74089000 	C:\WINDOWS\SYSTEM32\DNSAPI.dll
0x00007ffe5ad20000 - 0x00007ffe5ad65000 	C:\Users\97154\AppData\Local\Temp\jna-54327986\jna11561489950357813759.dll
0x00007ffe77010000 - 0x00007ffe77018000 	C:\WINDOWS\System32\PSAPI.DLL
0x00007ffe744e0000 - 0x00007ffe74514000 	C:\WINDOWS\SYSTEM32\ntmarta.dll
0x00007ffe53a50000 - 0x00007ffe53a59000 	C:\Users\97154\.vscode\extensions\redhat.java-1.27.0-win32-x64\jre\17.0.10-win32-x86_64\bin\extnet.dll

dbghelp: loaded successfully - version: 4.0.5 - missing functions: none
symbol engine: initialized successfully - sym options: 0x614 - pdb path: .;c:\Users\97154\.vscode\extensions\redhat.java-1.27.0-win32-x64\jre\17.0.10-win32-x86_64\bin;C:\WINDOWS\SYSTEM32;C:\WINDOWS\WinSxS\amd64_microsoft.windows.common-controls_6595b64144ccf1df_6.0.22621.2506_none_270c5ae97388e100;c:\Users\97154\.vscode\extensions\redhat.java-1.27.0-win32-x64\jre\17.0.10-win32-x86_64\bin\server;C:\Users\97154\AppData\Roaming\Code\User\globalStorage\redhat.java\1.27.0\config_win\org.eclipse.equinox.launcher\org.eclipse.equinox.launcher.win32.win32.x86_64_1.2.900.v20240129-1338;C:\Users\97154\AppData\Local\Temp\jna-54327986

VM Arguments:
jvm_args: --add-modules=ALL-SYSTEM --add-opens=java.base/java.util=ALL-UNNAMED --add-opens=java.base/java.lang=ALL-UNNAMED --add-opens=java.base/sun.nio.fs=ALL-UNNAMED -Declipse.application=org.eclipse.jdt.ls.core.id1 -Dosgi.bundles.defaultStartLevel=4 -Declipse.product=org.eclipse.jdt.ls.core.product -Djava.import.generatesMetadataFilesAtProjectRoot=false -DDetectVMInstallationsJob.disabled=true -Dfile.encoding=utf8 -XX:+UseParallelGC -XX:GCTimeRatio=4 -XX:AdaptiveSizePolicyWeight=90 -Dsun.zip.disableMemoryMapping=true -Xmx1G -Xms100m -Xlog:disable -javaagent:c:\Users\97154\.vscode\extensions\redhat.java-1.27.0-win32-x64\lombok\lombok-1.18.31.jar -XX:+HeapDumpOnOutOfMemoryError -XX:HeapDumpPath=c:\Users\97154\AppData\Roaming\Code\User\workspaceStorage\7aab4b7947870c43d9e0d1114ae30211\redhat.java -Daether.dependencyCollector.impl=bf 
java_command: c:\Users\97154\.vscode\extensions\redhat.java-1.27.0-win32-x64\server\plugins\org.eclipse.equinox.launcher_1.6.700.v20231214-2017.jar -configuration c:\Users\97154\AppData\Roaming\Code\User\globalStorage\redhat.java\1.27.0\config_win -data c:\Users\97154\AppData\Roaming\Code\User\workspaceStorage\7aab4b7947870c43d9e0d1114ae30211\redhat.java\jdt_ws --stdio
java_class_path (initial): c:\Users\97154\.vscode\extensions\redhat.java-1.27.0-win32-x64\server\plugins\org.eclipse.equinox.launcher_1.6.700.v20231214-2017.jar
Launcher Type: SUN_STANDARD

[Global flags]
    uintx AdaptiveSizePolicyWeight                 = 90                                        {product} {command line}
     intx CICompilerCount                          = 4                                         {product} {ergonomic}
    uintx GCTimeRatio                              = 4                                         {product} {command line}
     bool HeapDumpOnOutOfMemoryError               = true                                   {manageable} {command line}
    ccstr HeapDumpPath                             = c:\Users\97154\AppData\Roaming\Code\User\workspaceStorage\7aab4b7947870c43d9e0d1114ae30211\redhat.java         {manageable} {command line}
   size_t InitialHeapSize                          = 104857600                                 {product} {command line}
   size_t MaxHeapSize                              = 1073741824                                {product} {command line}
   size_t MaxNewSize                               = 357564416                                 {product} {ergonomic}
   size_t MinHeapDeltaBytes                        = 524288                                    {product} {ergonomic}
   size_t MinHeapSize                              = 104857600                                 {product} {command line}
   size_t NewSize                                  = 34603008                                  {product} {ergonomic}
    uintx NonNMethodCodeHeapSize                   = 5839372                                {pd product} {ergonomic}
    uintx NonProfiledCodeHeapSize                  = 122909434                              {pd product} {ergonomic}
   size_t OldSize                                  = 70254592                                  {product} {ergonomic}
    uintx ProfiledCodeHeapSize                     = 122909434                              {pd product} {ergonomic}
    uintx ReservedCodeCacheSize                    = 251658240                              {pd product} {ergonomic}
     bool SegmentedCodeCache                       = true                                      {product} {ergonomic}
   size_t SoftMaxHeapSize                          = 1073741824                             {manageable} {ergonomic}
     bool UseCompressedClassPointers               = true                           {product lp64_product} {ergonomic}
     bool UseCompressedOops                        = true                           {product lp64_product} {ergonomic}
     bool UseLargePagesIndividualAllocation        = false                                  {pd product} {ergonomic}
     bool UseParallelGC                            = true                                      {product} {command line}

Logging:
Log output configuration:
 #0: stdout all=off uptime,level,tags
 #1: stderr all=off uptime,level,tags

Environment Variables:
JAVA_HOME=C:\Program Files\Java\jdk-21
PATH=C:\Program Files (x86)\Common Files\Oracle\Java\javapath;C:\WINDOWS\system32;C:\WINDOWS;C:\WINDOWS\System32\Wbem;C:\WINDOWS\System32\WindowsPowerShell\v1.0\;C:\WINDOWS\System32\OpenSSH\;C:\Program Files\Java\jdk-19\bin;C:\Program Files (x86)\IVI Foundation\VISA\WinNT\Bin\;C:\Program Files\IVI Foundation\VISA\Win64\Bin\;C:\Program Files (x86)\IVI Foundation\IVI\bin;C:\Program Files\IVI Foundation\IVI\bin;C:\Program Files (x86)\IVI Foundation\VISA\WinNT\Bin;C:\msys64\mingw64\bin;C:\msys64\clang64\clang+llvm-15.0.7-arm64-apple-darwin22.0\bin;C:\msys64\mingw64\bin;C:\msys64\mingw64\x86_64-w64-mingw32\bin;C:\msys64\mingw64\bin;C:\msys64\mingw64\x86_64-w64-mingw32\bin;C:\msys64\mingw64\bin;\msys64\mingw64\bin;C:\Program Files (x86)\Microsoft SQL Server\160\Tools\Binn\;C:\Program Files\Microsoft SQL Server\160\Tools\Binn\;C:\Program Files\Microsoft SQL Server\Client SDK\ODBC\170\Tools\Binn\;C:\Program Files\Microsoft SQL Server\160\DTS\Binn\;C:\Program Files\Azure Data Studio\bin;C:\Program Files\Microsoft SQL Server\150\Tools\Binn\;C:\Users\97154\Downloads\dartsdk-windows-x64-release\dart-sdk;C:\Users\97154\Downloads\flutter_windows_3.10.6-stable\flutter\bin;C:\Program Files\Git\cmd;C:\Program Files\Java\jdk-20;C:\Program Files\Java\jre-1.8\bin;C:\Program Files\Java\jdk-21\bin;C:\Windows\System32\Wbem;C:\src\dart-sdk\bin;C:\src\flutter\bin;C:\src\dart-sdk;C:\Users\97154\AppData\Local\Microsoft\WindowsApps;C:\msys64\mingw64\bin;C:\msys64\mingw64\bin;C:\msys64\mingw64\bin;C:\Program Files\Azure Data Studio\bin;C:\Users\97154\AppData\Local\Programs\Microsoft VS Code\bin;C:\Program Files\JetBrains\IntelliJ IDEA 2023.3.3\bin;;C:\Program Files\JetBrains\IntelliJ IDEA Community Edition 2023.2.3\bin;;C:\src\dart-sdk\bin;C:\src\flutter\bin;
USERNAME=97154
OS=Windows_NT
PROCESSOR_IDENTIFIER=Intel64 Family 6 Model 140 Stepping 1, GenuineIntel
TMP=C:\Users\97154\AppData\Local\Temp
TEMP=C:\Users\97154\AppData\Local\Temp



Periodic native trim disabled


---------------  S Y S T E M  ---------------

OS:
 Windows 11 , 64 bit Build 22621 (10.0.22621.3085)
OS uptime: 0 days 2:42 hours
Hyper-V role detected

CPU: total 8 (initial active 8) (4 cores per cpu, 2 threads per core) family 6 model 140 stepping 1 microcode 0xb4, cx8, cmov, fxsr, ht, mmx, 3dnowpref, sse, sse2, sse3, ssse3, sse4.1, sse4.2, popcnt, lzcnt, tsc, tscinvbit, avx, avx2, aes, erms, clmul, bmi1, bmi2, adx, avx512f, avx512dq, avx512cd, avx512bw, avx512vl, sha, fma, vzeroupper, avx512_vpopcntdq, avx512_vpclmulqdq, avx512_vaes, avx512_vnni, clflush, clflushopt, clwb, avx512_vbmi2, avx512_vbmi, hv
Processor Information for all 8 processors :
  Max Mhz: 2419, Current Mhz: 2419, Mhz Limit: 2419

Memory: 4k page, system-wide physical 16118M (4396M free)
TotalPageFile size 19784M (AvailPageFile size 3042M)
current process WorkingSet (physical memory assigned to process): 456M, peak: 494M
current process commit charge ("private bytes"): 494M, peak: 534M

vm_info: OpenJDK 64-Bit Server VM (17.0.10+7) for windows-amd64 JRE (17.0.10+7), built on Jan 16 2024 23:25:11 by "admin" with MS VC++ 16.10 / 16.11 (VS2019)

END.
