#
# A fatal error has been detected by the Java Runtime Environment:
#
#  EXCEPTION_ACCESS_VIOLATION (0xc0000005) at pc=0x00007ff9811f9936, pid=24468, tid=19340
#
# JRE version: OpenJDK Runtime Environment Temurin-17.0.10+7 (17.0.10+7) (build 17.0.10+7)
# Java VM: OpenJDK 64-Bit Server VM Temurin-17.0.10+7 (17.0.10+7, mixed mode, tiered, compressed oops, compressed class ptrs, parallel gc, windows-amd64)
# Problematic frame:
# V  [jvm.dll+0x689936]
#
# No core dump will be written. Minidumps are not enabled by default on client versions of Windows
#
# If you would like to submit a bug report, please visit:
#   https://github.com/adoptium/adoptium-support/issues
#

---------------  S U M M A R Y ------------

Command Line: --add-modules=ALL-SYSTEM --add-opens=java.base/java.util=ALL-UNNAMED --add-opens=java.base/java.lang=ALL-UNNAMED --add-opens=java.base/sun.nio.fs=ALL-UNNAMED -Declipse.application=org.eclipse.jdt.ls.core.id1 -Dosgi.bundles.defaultStartLevel=4 -Declipse.product=org.eclipse.jdt.ls.core.product -Djava.import.generatesMetadataFilesAtProjectRoot=false -DDetectVMInstallationsJob.disabled=true -Dfile.encoding=utf8 -XX:+UseParallelGC -XX:GCTimeRatio=4 -XX:AdaptiveSizePolicyWeight=90 -Dsun.zip.disableMemoryMapping=true -Xmx1G -Xms100m -Xlog:disable -javaagent:c:\Users\97154\.vscode\extensions\redhat.java-1.27.0-win32-x64\lombok\lombok-1.18.31.jar -XX:+HeapDumpOnOutOfMemoryError -XX:HeapDumpPath=c:\Users\97154\AppData\Roaming\Code\User\workspaceStorage\7aab4b7947870c43d9e0d1114ae30211\redhat.java -Daether.dependencyCollector.impl=bf c:\Users\97154\.vscode\extensions\redhat.java-1.27.0-win32-x64\server\plugins\org.eclipse.equinox.launcher_1.6.700.v20231214-2017.jar -configuration c:\Users\97154\AppData\Roaming\Code\User\globalStorage\redhat.java\1.27.0\config_win -data c:\Users\97154\AppData\Roaming\Code\User\workspaceStorage\7aab4b7947870c43d9e0d1114ae30211\redhat.java\jdt_ws --stdio

Host: 11th Gen Intel(R) Core(TM) i5-1135G7 @ 2.40GHz, 8 cores, 15G,  Windows 11 , 64 bit Build 22621 (10.0.22621.3085)
Time: Wed Feb 14 00:56:16 2024 Egypt Standard Time elapsed time: 3801.865281 seconds (0d 1h 3m 21s)

---------------  T H R E A D  ---------------

Current thread (0x000001d7fb1dcdf0):  GCTaskThread "GC Thread#0" [stack: 0x000000cd4a000000,0x000000cd4a100000] [id=19340]

Stack: [0x000000cd4a000000,0x000000cd4a100000],  sp=0x000000cd4a0ff570,  free space=1021k
Native frames: (J=compiled Java code, j=interpreted, Vv=VM code, C=native code)
V  [jvm.dll+0x689936]
V  [jvm.dll+0x6ad8c6]
V  [jvm.dll+0x6be2f3]
V  [jvm.dll+0x86226b]
V  [jvm.dll+0x8622b6]
V  [jvm.dll+0x7e3fba]
V  [jvm.dll+0x67c1b5]
C  [ucrtbase.dll+0x29363]
C  [KERNEL32.DLL+0x1257d]
C  [ntdll.dll+0x5aa58]


siginfo: EXCEPTION_ACCESS_VIOLATION (0xc0000005), reading address 0x00000006595c6948


Registers:
RAX=0x0003afff4f2cfa00, RBX=0x00000000cb2cf9b8, RCX=0x0000000000000003, RDX=0x000001d7ffa20000
RSP=0x000000cd4a0ff570, RBP=0x000000000000000c, RSI=0x00000000cb2cf9b8, RDI=0x00000000cb2cfff8
R8 =0x000001d7ffa7967c, R9 =0x000001d7fb0222d0, R10=0x00000006595c6940, R11=0x000001d7ff870949
R12=0x00000000cb2d0000, R13=0x00000000cc1290f0, R14=0x000001d7ff869600, R15=0x00000000cb2c0018
RIP=0x00007ff9811f9936, EFLAGS=0x0000000000010202


Register to memory mapping:

RIP=0x00007ff9811f9936 jvm.dll
RAX=0x0003afff4f2cfa00 is an unknown value
RBX=0x00000000cb2cf9b8 is pointing into object: [[C 
{0x00000000cb2c9348} - klass: {type array char}[]
 - length: 8192
RCX=0x0000000000000003 is an unknown value
RDX=0x000001d7ffa20000 points into unknown readable memory: 0x250e3c393e3f3e00 | 00 3e 3f 3e 39 3c 0e 25
RSP=0x000000cd4a0ff570 points into unknown readable memory: 0x00000000fffffffd | fd ff ff ff 00 00 00 00
RBP=0x000000000000000c is an unknown value
RSI=0x00000000cb2cf9b8 is pointing into object: [[C 
{0x00000000cb2c9348} - klass: {type array char}[]
 - length: 8192
RDI=
[error occurred during error reporting (printing register info), id 0xc0000005, EXCEPTION_ACCESS_VIOLATION (0xc0000005) at pc=0x00007ff9811f9936]

Top of Stack: (sp=0x000000cd4a0ff570)
0x000000cd4a0ff570:   00000000fffffffd 00007ff9811ec999
0x000000cd4a0ff580:   00000000cb2443e0 0000000000000000
0x000000cd4a0ff590:   00000000cb2c0000 00007ff98121d8c6
0x000000cd4a0ff5a0:   00000000cb2c0018 000001d7fb0222d0
0x000000cd4a0ff5b0:   00000000cb2bfff8 00007ff98122b4a0
0x000000cd4a0ff5c0:   000001d7ff869222 00000000cb2d0000
0x000000cd4a0ff5d0:   000001d7ff869600 000001d7ff869400
0x000000cd4a0ff5e0:   000001d7ff870949 00007ff981520fb0
0x000000cd4a0ff5f0:   000001d7fb1d5580 000001d7fff82600
0x000000cd4a0ff600:   0000000000000400 0000000000000200
0x000000cd4a0ff610:   000001d7fb1d0c00 0000000000000004
0x000000cd4a0ff620:   0000000000000000 000000cd4a1ff4b0
0x000000cd4a0ff630:   000001d7fb1dcdf0 000001d7fff82600
0x000000cd4a0ff640:   0000000000000000 000001d7fb1d0c00
0x000000cd4a0ff650:   000000cd4a0ff6f9 00007ff98122e2f3
0x000000cd4a0ff660:   000001d7fb1d3ab0 000001d7fb0222d0
0x000000cd4a0ff670:   000001d7ff869680 00000000cc1290f0
0x000000cd4a0ff680:   000001d7fff82600 0000000000000004
0x000000cd4a0ff690:   0000000000000008 000000cd4a1ff018
0x000000cd4a0ff6a0:   000000044a1fee08 000001d7fb1d0c00
0x000000cd4a0ff6b0:   00007ff981521f08 00007ff9e2703bfe
0x000000cd4a0ff6c0:   000000cd4a1ff4b0 000001d7fb1d7010
0x000000cd4a0ff6d0:   00000000000003d8 000001d7fb1d7020
0x000000cd4a0ff6e0:   000001d7fb1d73f8 00000008d9adc5b5
0x000000cd4a0ff6f0:   0000000000000048 0000000000000001
0x000000cd4a0ff700:   0000000000000000 0000000000000000
0x000000cd4a0ff710:   0000000000000000 00005af255a5b18a
0x000000cd4a0ff720:   0000000000000000 000001d7fb1dcdf0
0x000000cd4a0ff730:   0000000000000000 0000000000000000
0x000000cd4a0ff740:   000000cd4a1ff4b0 000001d7fb1dcdf0
0x000000cd4a0ff750:   0000000000000000 00007ff9813d226b
0x000000cd4a0ff760:   0000000000000005 0000000000000000 

Instructions: (pc=0x00007ff9811f9936)
0x00007ff9811f9836:   8b 0d 84 35 51 00 48 8b d3 48 8b 89 98 00 00 00
0x00007ff9811f9846:   48 83 c4 20 5b e9 80 3b fc ff 48 89 5c 24 08 48
0x00007ff9811f9856:   89 6c 24 10 48 89 74 24 18 57 48 83 ec 20 4c 8b
0x00007ff9811f9866:   51 70 4c 8b c2 49 c1 e8 09 48 8b fa 48 8b 51 68
0x00007ff9811f9876:   4d 03 c2 4c 8b c9 4c 3b c2 73 06 48 8b 59 48 eb
0x00007ff9811f9886:   31 49 0f be 00 3c ff 75 0e 48 8b 49 50 49 8b 41
0x00007ff9811f9896:   48 48 8d 1c c8 eb 1b 48 8b d8 49 8b c2 48 c1 e0
0x00007ff9811f98a6:   09 48 c1 e3 03 48 2b d8 49 8b c0 48 c1 e0 09 48
0x00007ff9811f98b6:   03 d8 49 ff c8 48 3b df 76 44 4c 3b c2 73 06 49
0x00007ff9811f98c6:   8b 59 48 eb 31 49 0f be 00 3c ff 75 0e 49 8b 49
0x00007ff9811f98d6:   50 49 8b 41 48 48 8d 1c c8 eb 1b 48 8b d8 49 8b
0x00007ff9811f98e6:   c2 48 c1 e0 09 48 c1 e3 03 48 2b d8 49 8b c0 48
0x00007ff9811f98f6:   c1 e0 09 48 03 d8 49 ff c8 48 3b df 77 bc bd 0c
0x00007ff9811f9906:   00 00 00 0f 1f 80 00 00 00 00 80 3d 6b 9a 4f 00
0x00007ff9811f9916:   00 48 8b f3 74 16 44 8b 53 08 8b 0d d2 d9 48 00
0x00007ff9811f9926:   49 d3 e2 4c 03 15 c0 d9 48 00 eb 04 4c 8b 53 08
0x00007ff9811f9936:   45 8b 4a 08 45 85 c9 7e 1d 41 f6 c1 01 75 06 41
0x00007ff9811f9946:   c1 f9 03 eb 72 49 8b 02 48 8b d3 49 8b ca ff 90
0x00007ff9811f9956:   00 01 00 00 eb 5e 79 4c 80 3d 1d 9a 4f 00 00 b9
0x00007ff9811f9966:   10 00 00 00 8b 05 c4 e8 48 00 48 0f 45 cd ff c8
0x00007ff9811f9976:   4c 63 c0 41 8b c1 48 c1 f8 10 48 63 14 19 41 8b
0x00007ff9811f9986:   c9 83 e1 3f 48 d3 e2 0f b6 c8 49 8d 04 10 49 f7
0x00007ff9811f9996:   d0 48 03 c8 4d 8b c8 49 c1 e9 03 48 c1 e9 03 44
0x00007ff9811f99a6:   23 c9 eb 13 4d 8b 02 48 8b d3 49 8b ca 41 ff 90
0x00007ff9811f99b6:   00 01 00 00 44 8b c8 49 63 c9 48 8d 1c cb 48 3b
0x00007ff9811f99c6:   df 0f 86 43 ff ff ff 48 8b 5c 24 30 48 8b c6 48
0x00007ff9811f99d6:   8b 74 24 40 48 8b 6c 24 38 48 83 c4 20 5f c3 cc
0x00007ff9811f99e6:   cc cc cc cc cc cc cc cc cc cc 48 83 ec 28 45 33
0x00007ff9811f99f6:   c0 41 8d 50 05 8d 4a 13 e8 1d d2 a1 ff 48 85 c0
0x00007ff9811f9a06:   74 22 48 8d 0d 91 2e 32 00 48 89 08 48 8b 0d ef
0x00007ff9811f9a16:   0a 53 00 48 89 48 08 48 c7 40 10 00 00 00 00 48
0x00007ff9811f9a26:   83 c4 28 c3 48 83 c4 28 c3 cc 48 83 ec 28 e8 57 


Stack slot to memory mapping:
stack at sp + 0 slots: 0x00000000fffffffd is an unallocated location in the heap
stack at sp + 1 slots: 0x00007ff9811ec999 jvm.dll
stack at sp + 2 slots: 0x00000000cb2443e0 is an oop: java.util.HashMap$Node 
{0x00000000cb2443e0} - klass: 'java/util/HashMap$Node'
 - ---- fields (total size 4 words):
 - final 'hash' 'I' @12  547833061 (20a744e5)
 - final 'key' 'Ljava/lang/Object;' @16  a 'org/eclipse/jdt/internal/compiler/util/CharArray'{0x00000000cb244400} (cb244400)
 - 'value' 'Ljava/lang/Object;' @20  a 'org/eclipse/jdt/internal/compiler/lookup/PlainPackageBinding'{0x00000000cb1fb780} (cb1fb780)
 - 'next' 'Ljava/util/HashMap$Node;' @24  NULL (0)
stack at sp + 3 slots: 0x0 is NULL
stack at sp + 4 slots: 0x00000000cb2c0000 is pointing into object: java.util.HashMap$Node 
{0x00000000cb2bfff8} - klass: 'java/util/HashMap$Node'
 - ---- fields (total size 4 words):
 - final 'hash' 'I' @12  159299843 (97eb903)
 - final 'key' 'Ljava/lang/Object;' @16  a 'org/eclipse/jdt/internal/core/JarPackageFragmentRoot'{0x00000000c4a652d0} (c4a652d0)
 - 'value' 'Ljava/lang/Object;' @20  a 'org/eclipse/jdt/internal/core/NameLookup$1'{0x00000000c0a9cd60} (c0a9cd60)
 - 'next' 'Ljava/util/HashMap$Node;' @24  NULL (0)
stack at sp + 5 slots: 0x00007ff98121d8c6 jvm.dll
stack at sp + 6 slots: 0x00000000cb2c0018 is an oop: java.util.HashMap$Node 
{0x00000000cb2c0018} - klass: 'java/util/HashMap$Node'
 - ---- fields (total size 4 words):
 - final 'hash' 'I' @12  -1882987520 (8fc3e400)
 - final 'key' 'Ljava/lang/Object;' @16  a 'org/eclipse/jdt/internal/core/JarPackageFragmentRoot'{0x00000000c4a65550} (c4a65550)
 - 'value' 'Ljava/lang/Object;' @20  a 'org/eclipse/jdt/internal/core/NameLookup$1'{0x00000000c0a9cd60} (c0a9cd60)
 - 'next' 'Ljava/util/HashMap$Node;' @24  NULL (0)
stack at sp + 7 slots: 0x000001d7fb0222d0 points into unknown readable memory: 0x00007ff9815222a8 | a8 22 52 81 f9 7f 00 00


---------------  P R O C E S S  ---------------

Threads class SMR info:
_java_thread_list=0x000001d79a0d3eb0, length=44, elements={
0x000001d7fb1c5940, 0x000001d796045020, 0x000001d796045af0, 0x000001d7fb26dfb0,
0x000001d7fb26e880, 0x000001d7960624d0, 0x000001d796062fa0, 0x000001d796065cb0,
0x000001d7960c3f70, 0x000001d7960c64a0, 0x000001d796153370, 0x000001d7963a51a0,
0x000001d79756f210, 0x000001d79756d8c0, 0x000001d79756ed00, 0x000001d79756fc30,
0x000001d79756c480, 0x000001d79756e2e0, 0x000001d79756e7f0, 0x000001d7986f9160,
0x000001d7986f9b80, 0x000001d7986f9670, 0x000001d7986f7300, 0x000001d79b7d9780,
0x000001d79b7dde60, 0x000001d79b7dc000, 0x000001d7986f5ec0, 0x000001d79b7df2a0,
0x000001d79b7df7b0, 0x000001d79b7dfcc0, 0x000001d7986fa090, 0x000001d7986faab0,
0x000001d7986f4060, 0x000001d7986f4f90, 0x000001d79b7dbaf0, 0x000001d7986f8740,
0x000001d79b805f40, 0x000001d79bab88d0, 0x000001d79756cea0, 0x000001d79b7d9c90,
0x000001d79b7db5e0, 0x000001d79b7dcf30, 0x000001d79b7de880, 0x000001d79b7e01d0
}

Java Threads: ( => current thread )
  0x000001d7fb1c5940 JavaThread "main" [_thread_blocked, id=24408, stack(0x000000cd49f00000,0x000000cd4a000000)]
  0x000001d796045020 JavaThread "Reference Handler" daemon [_thread_blocked, id=17404, stack(0x000000cd4a200000,0x000000cd4a300000)]
  0x000001d796045af0 JavaThread "Finalizer" daemon [_thread_blocked, id=2704, stack(0x000000cd4a300000,0x000000cd4a400000)]
  0x000001d7fb26dfb0 JavaThread "Signal Dispatcher" daemon [_thread_blocked, id=24188, stack(0x000000cd4a400000,0x000000cd4a500000)]
  0x000001d7fb26e880 JavaThread "Attach Listener" daemon [_thread_blocked, id=23012, stack(0x000000cd4a500000,0x000000cd4a600000)]
  0x000001d7960624d0 JavaThread "Service Thread" daemon [_thread_blocked, id=21116, stack(0x000000cd4a600000,0x000000cd4a700000)]
  0x000001d796062fa0 JavaThread "Monitor Deflation Thread" daemon [_thread_blocked, id=12932, stack(0x000000cd4a700000,0x000000cd4a800000)]
  0x000001d796065cb0 JavaThread "C2 CompilerThread0" daemon [_thread_blocked, id=4744, stack(0x000000cd4a800000,0x000000cd4a900000)]
  0x000001d7960c3f70 JavaThread "C1 CompilerThread0" daemon [_thread_blocked, id=21748, stack(0x000000cd4a900000,0x000000cd4aa00000)]
  0x000001d7960c64a0 JavaThread "Sweeper thread" daemon [_thread_blocked, id=23708, stack(0x000000cd4aa00000,0x000000cd4ab00000)]
  0x000001d796153370 JavaThread "Common-Cleaner" daemon [_thread_blocked, id=8120, stack(0x000000cd4ab00000,0x000000cd4ac00000)]
  0x000001d7963a51a0 JavaThread "Notification Thread" daemon [_thread_blocked, id=20296, stack(0x000000cd4ad00000,0x000000cd4ae00000)]
  0x000001d79756f210 JavaThread "Active Thread: Equinox Container: 4354d6bf-bb47-405e-979e-61dfda9ed1b4" [_thread_blocked, id=25044, stack(0x000000cd4b600000,0x000000cd4b700000)]
  0x000001d79756d8c0 JavaThread "Framework Event Dispatcher: Equinox Container: 4354d6bf-bb47-405e-979e-61dfda9ed1b4" daemon [_thread_blocked, id=18492, stack(0x000000cd4b700000,0x000000cd4b800000)]
  0x000001d79756ed00 JavaThread "Start Level: Equinox Container: 4354d6bf-bb47-405e-979e-61dfda9ed1b4" daemon [_thread_blocked, id=13772, stack(0x000000cd4b800000,0x000000cd4b900000)]
  0x000001d79756fc30 JavaThread "Bundle File Closer" daemon [_thread_blocked, id=24932, stack(0x000000cd4ba00000,0x000000cd4bb00000)]
  0x000001d79756c480 JavaThread "SCR Component Actor" daemon [_thread_blocked, id=3600, stack(0x000000cd4ac00000,0x000000cd4ad00000)]
  0x000001d79756e2e0 JavaThread "Worker-JM" [_thread_blocked, id=23896, stack(0x000000cd4bb00000,0x000000cd4bc00000)]
  0x000001d79756e7f0 JavaThread "Java indexing" daemon [_thread_blocked, id=11036, stack(0x000000cd4c000000,0x000000cd4c100000)]
  0x000001d7986f9160 JavaThread "JNA Cleaner" daemon [_thread_blocked, id=2280, stack(0x000000cd4c100000,0x000000cd4c200000)]
  0x000001d7986f9b80 JavaThread "pool-2-thread-1" [_thread_blocked, id=14788, stack(0x000000cd4c300000,0x000000cd4c400000)]
  0x000001d7986f9670 JavaThread "WorkspaceEventsHandler" [_thread_blocked, id=21200, stack(0x000000cd4c400000,0x000000cd4c500000)]
  0x000001d7986f7300 JavaThread "pool-1-thread-1" [_thread_in_native, id=20356, stack(0x000000cd4c500000,0x000000cd4c600000)]
  0x000001d79b7d9780 JavaThread "Java Debug Server" daemon [_thread_in_native, id=16100, stack(0x000000cd49d00000,0x000000cd49e00000)]
  0x000001d79b7dde60 JavaThread "RxSchedulerPurge-1" daemon [_thread_blocked, id=18624, stack(0x000000cd4d000000,0x000000cd4d100000)]
  0x000001d79b7dc000 JavaThread "RxCachedWorkerPoolEvictor-1" daemon [_thread_blocked, id=3256, stack(0x000000cd4d100000,0x000000cd4d200000)]
  0x000001d7986f5ec0 JavaThread "Worker-19" [_thread_blocked, id=23360, stack(0x000000cd4ce00000,0x000000cd4cf00000)]
  0x000001d79b7df2a0 JavaThread "ForkJoinPool.commonPool-worker-13" daemon [_thread_blocked, id=18668, stack(0x000000cd4bf00000,0x000000cd4c000000)]
  0x000001d79b7df7b0 JavaThread "ForkJoinPool.commonPool-worker-14" daemon [_thread_blocked, id=3544, stack(0x000000cd4c200000,0x000000cd4c300000)]
  0x000001d79b7dfcc0 JavaThread "ForkJoinPool.commonPool-worker-15" daemon [_thread_blocked, id=23416, stack(0x000000cd4c600000,0x000000cd4c700000)]
  0x000001d7986fa090 JavaThread "ForkJoinPool.commonPool-worker-16" daemon [_thread_blocked, id=2624, stack(0x000000cd4c700000,0x000000cd4c800000)]
  0x000001d7986faab0 JavaThread "ForkJoinPool.commonPool-worker-17" daemon [_thread_blocked, id=11072, stack(0x000000cd4c800000,0x000000cd4c900000)]
  0x000001d7986f4060 JavaThread "ForkJoinPool.commonPool-worker-18" daemon [_thread_blocked, id=25336, stack(0x000000cd4c900000,0x000000cd4ca00000)]
  0x000001d7986f4f90 JavaThread "ForkJoinPool.commonPool-worker-19" daemon [_thread_blocked, id=12588, stack(0x000000cd4ca00000,0x000000cd4cb00000)]
  0x000001d79b7dbaf0 JavaThread "Worker-29" [_thread_blocked, id=16876, stack(0x000000cd49e00000,0x000000cd49f00000)]
  0x000001d7986f8740 JavaThread "process reaper (pid 24156)" daemon [_thread_in_native, id=960, stack(0x000000cd4d400000,0x000000cd4d420000)]
  0x000001d79b805f40 JavaThread "pool-7-thread-3" [_thread_in_native, id=912, stack(0x000000cd4cb00000,0x000000cd4cc00000)]
  0x000001d79bab88d0 JavaThread "RxNewThreadScheduler-9" daemon [_thread_blocked, id=20648, stack(0x000000cd4d200000,0x000000cd4d300000)]
  0x000001d79756cea0 JavaThread "Worker-30" [_thread_blocked, id=14652, stack(0x000000cd49c00000,0x000000cd49d00000)]
  0x000001d79b7d9c90 JavaThread "Worker-31" [_thread_blocked, id=12560, stack(0x000000cd4af00000,0x000000cd4b000000)]
  0x000001d79b7db5e0 JavaThread "Worker-32" [_thread_blocked, id=24568, stack(0x000000cd4bc00000,0x000000cd4bd00000)]
  0x000001d79b7dcf30 JavaThread "pool-1-thread-12" [_thread_blocked, id=15496, stack(0x000000cd4be00000,0x000000cd4bf00000)]
  0x000001d79b7de880 JavaThread "Worker-33" [_thread_blocked, id=10756, stack(0x000000cd4cd00000,0x000000cd4ce00000)]
  0x000001d79b7e01d0 JavaThread "Worker-34" [_thread_blocked, id=23616, stack(0x000000cd4cc00000,0x000000cd4cd00000)]

Other Threads:
  0x000001d7960314b0 VMThread "VM Thread" [stack: 0x000000cd4a100000,0x000000cd4a200000] [id=25556]
  0x000001d7963a5680 WatcherThread [stack: 0x000000cd4ae00000,0x000000cd4af00000] [id=8044]
=>0x000001d7fb1dcdf0 GCTaskThread "GC Thread#0" [stack: 0x000000cd4a000000,0x000000cd4a100000] [id=19340]
  0x000001d79774b020 GCTaskThread "GC Thread#1" [stack: 0x000000cd4b000000,0x000000cd4b100000] [id=19700]
  0x000001d79774b2e0 GCTaskThread "GC Thread#2" [stack: 0x000000cd4b100000,0x000000cd4b200000] [id=6072]
  0x000001d79774b5a0 GCTaskThread "GC Thread#3" [stack: 0x000000cd4b200000,0x000000cd4b300000] [id=17316]
  0x000001d79790b030 GCTaskThread "GC Thread#4" [stack: 0x000000cd4b300000,0x000000cd4b400000] [id=13384]
  0x000001d79790b2f0 GCTaskThread "GC Thread#5" [stack: 0x000000cd4b400000,0x000000cd4b500000] [id=13168]
  0x000001d79790b5b0 GCTaskThread "GC Thread#6" [stack: 0x000000cd4b500000,0x000000cd4b600000] [id=8580]
  0x000001d797b6cb80 GCTaskThread "GC Thread#7" [stack: 0x000000cd4b900000,0x000000cd4ba00000] [id=24944]

Threads with active compile tasks:

VM state: at safepoint (normal execution)

VM Mutex/Monitor currently owned by a thread:  ([mutex/lock_event])
[0x000001d7fb1c1c10] Threads_lock - owner thread: 0x000001d7960314b0
[0x000001d7fb1c2ab0] Heap_lock - owner thread: 0x000001d7986f4f90

Heap address: 0x00000000c0000000, size: 1024 MB, Compressed Oops mode: 32-bit

CDS archive(s) not mapped
Compressed class space mapped at: 0x0000000100000000-0x0000000140000000, reserved size: 1073741824
Narrow klass base: 0x0000000000000000, Narrow klass shift: 3, Narrow klass range: 0x140000000

GC Precious Log:
 CPUs: 8 total, 8 available
 Memory: 16118M
 Large Page Support: Disabled
 NUMA Support: Disabled
 Compressed Oops: Enabled (32-bit)
 Alignments: Space 512K, Generation 512K, Heap 2M
 Heap Min Capacity: 100M
 Heap Initial Capacity: 100M
 Heap Max Capacity: 1G
 Pre-touch: Disabled
 Parallel Workers: 8

Heap:
 PSYoungGen      total 4096K, used 4078K [0x00000000eab00000, 0x00000000eb580000, 0x0000000100000000)
  eden space 2560K, 100% used [0x00000000eab00000,0x00000000ead80000,0x00000000ead80000)
  from space 1536K, 98% used [0x00000000ead80000,0x00000000eaefbb90,0x00000000eaf00000)
  to   space 4096K, 6% used [0x00000000eb180000,0x00000000eb1c0020,0x00000000eb580000)
 ParOldGen       total 201216K, used 197796K [0x00000000c0000000, 0x00000000cc480000, 0x00000000eab00000)
  object space 201216K, 98% used [0x00000000c0000000,0x00000000cc1290f0,0x00000000cc480000)
 Metaspace       used 104598K, committed 106048K, reserved 1179648K
  class space    used 10340K, committed 11008K, reserved 1048576K

Card table byte_map: [0x000001d7ff810000,0x000001d7ffa20000] _byte_map_base: 0x000001d7ff210000

Marking Bits: (ParMarkBitMap*) 0x00007ff98170d7d0
 Begin Bits: [0x000001d78f000000, 0x000001d790000000)
 End Bits:   [0x000001d790000000, 0x000001d791000000)

Polling page: 0x000001d7fb270000

Metaspace:

Usage:
  Non-class:     92.05 MB used.
      Class:     10.10 MB used.
       Both:    102.15 MB used.

Virtual space:
  Non-class space:      128.00 MB reserved,      92.81 MB ( 73%) committed,  2 nodes.
      Class space:        1.00 GB reserved,      10.75 MB (  1%) committed,  1 nodes.
             Both:        1.12 GB reserved,     103.56 MB (  9%) committed. 

Chunk freelists:
   Non-Class:  2.70 MB
       Class:  5.09 MB
        Both:  7.79 MB

MaxMetaspaceSize: unlimited
CompressedClassSpaceSize: 1.00 GB
Initial GC threshold: 21.00 MB
Current GC threshold: 172.62 MB
CDS: off
MetaspaceReclaimPolicy: balanced
 - commit_granule_bytes: 65536.
 - commit_granule_words: 8192.
 - virtual_space_node_default_size: 8388608.
 - enlarge_chunks_in_place: 1.
 - new_chunks_are_fully_committed: 0.
 - uncommit_free_chunks: 1.
 - use_allocation_guard: 0.
 - handle_deallocations: 1.


Internal statistics:

num_allocs_failed_limit: 13.
num_arena_births: 1498.
num_arena_deaths: 540.
num_vsnodes_births: 3.
num_vsnodes_deaths: 0.
num_space_committed: 1657.
num_space_uncommitted: 0.
num_chunks_returned_to_freelist: 694.
num_chunks_taken_from_freelist: 6607.
num_chunk_merges: 239.
num_chunk_splits: 3693.
num_chunks_enlarged: 1802.
num_inconsistent_stats: 0.

CodeHeap 'non-profiled nmethods': size=120000Kb used=30509Kb max_used=30509Kb free=89490Kb
 bounds [0x000001d787ad0000, 0x000001d7898a0000, 0x000001d78f000000]
CodeHeap 'profiled nmethods': size=120000Kb used=49149Kb max_used=49807Kb free=70850Kb
 bounds [0x000001d780000000, 0x000001d7830c0000, 0x000001d787530000]
CodeHeap 'non-nmethods': size=5760Kb used=1478Kb max_used=1569Kb free=4282Kb
 bounds [0x000001d787530000, 0x000001d7877a0000, 0x000001d787ad0000]
 total_blobs=23208 nmethods=22384 adapters=734
 compilation: enabled
              stopped_count=0, restarted_count=0
 full_count=0

Compilation events (20 events):
Event: 3797.949 Thread 0x000001d796065cb0 30670   !   4       org.eclipse.jdt.internal.compiler.lookup.BinaryTypeBinding::superclass (207 bytes)
Event: 3797.998 Thread 0x000001d796065cb0 nmethod 30670 0x000001d789888710 code [0x000001d789888b40, 0x000001d78988b6c8]
Event: 3797.998 Thread 0x000001d796065cb0 30671       4       org.eclipse.jdt.internal.core.BinaryType::<init> (7 bytes)
Event: 3797.999 Thread 0x000001d796065cb0 nmethod 30671 0x000001d78988d710 code [0x000001d78988d880, 0x000001d78988d978]
Event: 3798.057 Thread 0x000001d796065cb0 30672   !   4       org.eclipse.jdt.internal.core.DeltaProcessor::traverseDelta (650 bytes)
Event: 3798.059 Thread 0x000001d7960c3f70 30673  s!   3       org.eclipse.jdt.ls.core.internal.DocumentAdapter::removeBufferChangedListener (27 bytes)
Event: 3798.059 Thread 0x000001d7960c3f70 nmethod 30673 0x000001d781b05910 code [0x000001d781b05ac0, 0x000001d781b05e28]
Event: 3798.309 Thread 0x000001d796065cb0 nmethod 30672 0x000001d78988db10 code [0x000001d78988e160, 0x000001d789894ad0]
Event: 3798.310 Thread 0x000001d796065cb0 30674       4       org.eclipse.jdt.internal.compiler.parser.Parser::consumeLocalVariableDeclarationStatement (383 bytes)
Event: 3798.311 Thread 0x000001d7960c3f70 30675       3       org.eclipse.m2e.core.internal.MavenPluginActivator::getUserAgent (73 bytes)
Event: 3798.312 Thread 0x000001d7960c3f70 nmethod 30675 0x000001d782bbba10 code [0x000001d782bbbdc0, 0x000001d782bbd1c8]
Event: 3798.325 Thread 0x000001d796065cb0 nmethod 30674 0x000001d789899810 code [0x000001d789899a40, 0x000001d78989a550]
Event: 3798.341 Thread 0x000001d7960c3f70 30676       3       org.eclipse.jdt.internal.core.ResolvedBinaryType::unresolved (26 bytes)
Event: 3798.342 Thread 0x000001d7960c3f70 nmethod 30676 0x000001d7813a5590 code [0x000001d7813a5780, 0x000001d7813a5d88]
Event: 3798.353 Thread 0x000001d796065cb0 30677       4       org.eclipse.jdt.internal.compiler.flow.UnconditionalFlowInfo::isDefinitelyUnknown (164 bytes)
Event: 3798.354 Thread 0x000001d796065cb0 nmethod 30677 0x000001d78989ad10 code [0x000001d78989ae80, 0x000001d78989afb8]
Event: 3798.355 Thread 0x000001d7960c3f70 30678       3       org.eclipse.jdt.ls.core.internal.text.correction.CodeActionUtility::getVariableNamesFromASTNode (120 bytes)
Event: 3798.356 Thread 0x000001d7960c3f70 nmethod 30678 0x000001d781288090 code [0x000001d781288380, 0x000001d781289968]
Event: 3798.963 Thread 0x000001d796065cb0 30679       4       org.eclipse.jdt.internal.compiler.lookup.SourceTypeBinding::isNestmateOf (79 bytes)
Event: 3798.966 Thread 0x000001d796065cb0 nmethod 30679 0x000001d78989b090 code [0x000001d78989b220, 0x000001d78989b458]

GC Heap History (20 events):
Event: 3801.106 GC heap after
{Heap after GC invocations=12757 (full 296):
 PSYoungGen      total 3584K, used 1006K [0x00000000eab00000, 0x00000000eb400000, 0x0000000100000000)
  eden space 2560K, 0% used [0x00000000eab00000,0x00000000eab00000,0x00000000ead80000)
  from space 1024K, 98% used [0x00000000eb080000,0x00000000eb17bb90,0x00000000eb180000)
  to   space 3072K, 0% used [0x00000000ead80000,0x00000000ead80000,0x00000000eb080000)
 ParOldGen       total 201216K, used 188973K [0x00000000c0000000, 0x00000000cc480000, 0x00000000eab00000)
  object space 201216K, 93% used [0x00000000c0000000,0x00000000cb88b6f8,0x00000000cc480000)
 Metaspace       used 104598K, committed 106048K, reserved 1179648K
  class space    used 10340K, committed 11008K, reserved 1048576K
}
Event: 3801.113 GC heap before
{Heap before GC invocations=12758 (full 296):
 PSYoungGen      total 3584K, used 3566K [0x00000000eab00000, 0x00000000eb400000, 0x0000000100000000)
  eden space 2560K, 100% used [0x00000000eab00000,0x00000000ead80000,0x00000000ead80000)
  from space 1024K, 98% used [0x00000000eb080000,0x00000000eb17bb90,0x00000000eb180000)
  to   space 3072K, 0% used [0x00000000ead80000,0x00000000ead80000,0x00000000eb080000)
 ParOldGen       total 201216K, used 188973K [0x00000000c0000000, 0x00000000cc480000, 0x00000000eab00000)
  object space 201216K, 93% used [0x00000000c0000000,0x00000000cb88b6f8,0x00000000cc480000)
 Metaspace       used 104598K, committed 106048K, reserved 1179648K
  class space    used 10340K, committed 11008K, reserved 1048576K
}
Event: 3801.114 GC heap after
{Heap after GC invocations=12758 (full 296):
 PSYoungGen      total 3072K, used 494K [0x00000000eab00000, 0x00000000eb100000, 0x0000000100000000)
  eden space 2560K, 0% used [0x00000000eab00000,0x00000000eab00000,0x00000000ead80000)
  from space 512K, 96% used [0x00000000ead80000,0x00000000eadfbb90,0x00000000eae00000)
  to   space 1536K, 0% used [0x00000000eaf80000,0x00000000eaf80000,0x00000000eb100000)
 ParOldGen       total 201216K, used 189045K [0x00000000c0000000, 0x00000000cc480000, 0x00000000eab00000)
  object space 201216K, 93% used [0x00000000c0000000,0x00000000cb89d6f8,0x00000000cc480000)
 Metaspace       used 104598K, committed 106048K, reserved 1179648K
  class space    used 10340K, committed 11008K, reserved 1048576K
}
Event: 3801.120 GC heap before
{Heap before GC invocations=12759 (full 296):
 PSYoungGen      total 3072K, used 3054K [0x00000000eab00000, 0x00000000eb100000, 0x0000000100000000)
  eden space 2560K, 100% used [0x00000000eab00000,0x00000000ead80000,0x00000000ead80000)
  from space 512K, 96% used [0x00000000ead80000,0x00000000eadfbb90,0x00000000eae00000)
  to   space 1536K, 0% used [0x00000000eaf80000,0x00000000eaf80000,0x00000000eb100000)
 ParOldGen       total 201216K, used 189045K [0x00000000c0000000, 0x00000000cc480000, 0x00000000eab00000)
  object space 201216K, 93% used [0x00000000c0000000,0x00000000cb89d6f8,0x00000000cc480000)
 Metaspace       used 104598K, committed 106048K, reserved 1179648K
  class space    used 10340K, committed 11008K, reserved 1048576K
}
Event: 3801.122 GC heap after
{Heap after GC invocations=12759 (full 296):
 PSYoungGen      total 2560K, used 1536K [0x00000000eab00000, 0x00000000eb500000, 0x0000000100000000)
  eden space 1024K, 0% used [0x00000000eab00000,0x00000000eab00000,0x00000000eac00000)
  from space 1536K, 100% used [0x00000000eaf80000,0x00000000eb100000,0x00000000eb100000)
  to   space 3584K, 0% used [0x00000000eac00000,0x00000000eac00000,0x00000000eaf80000)
 ParOldGen       total 201216K, used 190404K [0x00000000c0000000, 0x00000000cc480000, 0x00000000eab00000)
  object space 201216K, 94% used [0x00000000c0000000,0x00000000cb9f1288,0x00000000cc480000)
 Metaspace       used 104598K, committed 106048K, reserved 1179648K
  class space    used 10340K, committed 11008K, reserved 1048576K
}
Event: 3801.139 GC heap before
{Heap before GC invocations=12760 (full 296):
 PSYoungGen      total 2560K, used 2558K [0x00000000eab00000, 0x00000000eb500000, 0x0000000100000000)
  eden space 1024K, 99% used [0x00000000eab00000,0x00000000eabffa88,0x00000000eac00000)
  from space 1536K, 100% used [0x00000000eaf80000,0x00000000eb100000,0x00000000eb100000)
  to   space 3584K, 0% used [0x00000000eac00000,0x00000000eac00000,0x00000000eaf80000)
 ParOldGen       total 201216K, used 190404K [0x00000000c0000000, 0x00000000cc480000, 0x00000000eab00000)
  object space 201216K, 94% used [0x00000000c0000000,0x00000000cb9f1288,0x00000000cc480000)
 Metaspace       used 104598K, committed 106048K, reserved 1179648K
  class space    used 10340K, committed 11008K, reserved 1048576K
}
Event: 3801.142 GC heap after
{Heap after GC invocations=12760 (full 296):
 PSYoungGen      total 2048K, used 922K [0x00000000eab00000, 0x00000000eb080000, 0x0000000100000000)
  eden space 1024K, 0% used [0x00000000eab00000,0x00000000eab00000,0x00000000eac00000)
  from space 1024K, 90% used [0x00000000eac00000,0x00000000eace6900,0x00000000ead00000)
  to   space 2048K, 0% used [0x00000000eae80000,0x00000000eae80000,0x00000000eb080000)
 ParOldGen       total 201216K, used 191980K [0x00000000c0000000, 0x00000000cc480000, 0x00000000eab00000)
  object space 201216K, 95% used [0x00000000c0000000,0x00000000cbb7b288,0x00000000cc480000)
 Metaspace       used 104598K, committed 106048K, reserved 1179648K
  class space    used 10340K, committed 11008K, reserved 1048576K
}
Event: 3801.146 GC heap before
{Heap before GC invocations=12761 (full 296):
 PSYoungGen      total 2048K, used 1946K [0x00000000eab00000, 0x00000000eb080000, 0x0000000100000000)
  eden space 1024K, 99% used [0x00000000eab00000,0x00000000eabfffd0,0x00000000eac00000)
  from space 1024K, 90% used [0x00000000eac00000,0x00000000eace6900,0x00000000ead00000)
  to   space 2048K, 0% used [0x00000000eae80000,0x00000000eae80000,0x00000000eb080000)
 ParOldGen       total 201216K, used 191980K [0x00000000c0000000, 0x00000000cc480000, 0x00000000eab00000)
  object space 201216K, 95% used [0x00000000c0000000,0x00000000cbb7b288,0x00000000cc480000)
 Metaspace       used 104598K, committed 106048K, reserved 1179648K
  class space    used 10340K, committed 11008K, reserved 1048576K
}
Event: 3801.148 GC heap after
{Heap after GC invocations=12761 (full 296):
 PSYoungGen      total 2048K, used 192K [0x00000000eab00000, 0x00000000eaf00000, 0x0000000100000000)
  eden space 1536K, 0% used [0x00000000eab00000,0x00000000eab00000,0x00000000eac80000)
  from space 512K, 37% used [0x00000000eae80000,0x00000000eaeb0020,0x00000000eaf00000)
  to   space 1024K, 0% used [0x00000000ead00000,0x00000000ead00000,0x00000000eae00000)
 ParOldGen       total 201216K, used 192841K [0x00000000c0000000, 0x00000000cc480000, 0x00000000eab00000)
  object space 201216K, 95% used [0x00000000c0000000,0x00000000cbc52488,0x00000000cc480000)
 Metaspace       used 104598K, committed 106048K, reserved 1179648K
  class space    used 10340K, committed 11008K, reserved 1048576K
}
Event: 3801.151 GC heap before
{Heap before GC invocations=12762 (full 296):
 PSYoungGen      total 2048K, used 1728K [0x00000000eab00000, 0x00000000eaf00000, 0x0000000100000000)
  eden space 1536K, 100% used [0x00000000eab00000,0x00000000eac80000,0x00000000eac80000)
  from space 512K, 37% used [0x00000000eae80000,0x00000000eaeb0020,0x00000000eaf00000)
  to   space 1024K, 0% used [0x00000000ead00000,0x00000000ead00000,0x00000000eae00000)
 ParOldGen       total 201216K, used 192841K [0x00000000c0000000, 0x00000000cc480000, 0x00000000eab00000)
  object space 201216K, 95% used [0x00000000c0000000,0x00000000cbc52488,0x00000000cc480000)
 Metaspace       used 104598K, committed 106048K, reserved 1179648K
  class space    used 10340K, committed 11008K, reserved 1048576K
}
Event: 3801.152 GC heap after
{Heap after GC invocations=12762 (full 296):
 PSYoungGen      total 3072K, used 416K [0x00000000eab00000, 0x00000000eaf00000, 0x0000000100000000)
  eden space 2048K, 0% used [0x00000000eab00000,0x00000000eab00000,0x00000000ead00000)
  from space 1024K, 40% used [0x00000000ead00000,0x00000000ead68000,0x00000000eae00000)
  to   space 512K, 0% used [0x00000000eae80000,0x00000000eae80000,0x00000000eaf00000)
 ParOldGen       total 201216K, used 193001K [0x00000000c0000000, 0x00000000cc480000, 0x00000000eab00000)
  object space 201216K, 95% used [0x00000000c0000000,0x00000000cbc7a4a8,0x00000000cc480000)
 Metaspace       used 104598K, committed 106048K, reserved 1179648K
  class space    used 10340K, committed 11008K, reserved 1048576K
}
Event: 3801.157 GC heap before
{Heap before GC invocations=12763 (full 296):
 PSYoungGen      total 3072K, used 2464K [0x00000000eab00000, 0x00000000eaf00000, 0x0000000100000000)
  eden space 2048K, 100% used [0x00000000eab00000,0x00000000ead00000,0x00000000ead00000)
  from space 1024K, 40% used [0x00000000ead00000,0x00000000ead68000,0x00000000eae00000)
  to   space 512K, 0% used [0x00000000eae80000,0x00000000eae80000,0x00000000eaf00000)
 ParOldGen       total 201216K, used 193001K [0x00000000c0000000, 0x00000000cc480000, 0x00000000eab00000)
  object space 201216K, 95% used [0x00000000c0000000,0x00000000cbc7a4a8,0x00000000cc480000)
 Metaspace       used 104598K, committed 106048K, reserved 1179648K
  class space    used 10340K, committed 11008K, reserved 1048576K
}
Event: 3801.159 GC heap after
{Heap after GC invocations=12763 (full 296):
 PSYoungGen      total 2048K, used 487K [0x00000000eab00000, 0x00000000eb180000, 0x0000000100000000)
  eden space 1536K, 0% used [0x00000000eab00000,0x00000000eab00000,0x00000000eac80000)
  from space 512K, 95% used [0x00000000eae80000,0x00000000eaef9dc8,0x00000000eaf00000)
  to   space 2048K, 0% used [0x00000000eac80000,0x00000000eac80000,0x00000000eae80000)
 ParOldGen       total 201216K, used 193904K [0x00000000c0000000, 0x00000000cc480000, 0x00000000eab00000)
  object space 201216K, 96% used [0x00000000c0000000,0x00000000cbd5c270,0x00000000cc480000)
 Metaspace       used 104598K, committed 106048K, reserved 1179648K
  class space    used 10340K, committed 11008K, reserved 1048576K
}
Event: 3801.161 GC heap before
{Heap before GC invocations=12764 (full 296):
 PSYoungGen      total 2048K, used 2023K [0x00000000eab00000, 0x00000000eb180000, 0x0000000100000000)
  eden space 1536K, 100% used [0x00000000eab00000,0x00000000eac80000,0x00000000eac80000)
  from space 512K, 95% used [0x00000000eae80000,0x00000000eaef9dc8,0x00000000eaf00000)
  to   space 2048K, 0% used [0x00000000eac80000,0x00000000eac80000,0x00000000eae80000)
 ParOldGen       total 201216K, used 193904K [0x00000000c0000000, 0x00000000cc480000, 0x00000000eab00000)
  object space 201216K, 96% used [0x00000000c0000000,0x00000000cbd5c270,0x00000000cc480000)
 Metaspace       used 104598K, committed 106048K, reserved 1179648K
  class space    used 10340K, committed 11008K, reserved 1048576K
}
Event: 3801.163 GC heap after
{Heap after GC invocations=12764 (full 296):
 PSYoungGen      total 3584K, used 1536K [0x00000000eab00000, 0x00000000eb100000, 0x0000000100000000)
  eden space 1536K, 0% used [0x00000000eab00000,0x00000000eab00000,0x00000000eac80000)
  from space 2048K, 75% used [0x00000000eac80000,0x00000000eae00000,0x00000000eae80000)
  to   space 2048K, 0% used [0x00000000eaf00000,0x00000000eaf00000,0x00000000eb100000)
 ParOldGen       total 201216K, used 194428K [0x00000000c0000000, 0x00000000cc480000, 0x00000000eab00000)
  object space 201216K, 96% used [0x00000000c0000000,0x00000000cbddf0f0,0x00000000cc480000)
 Metaspace       used 104598K, committed 106048K, reserved 1179648K
  class space    used 10340K, committed 11008K, reserved 1048576K
}
Event: 3801.169 GC heap before
{Heap before GC invocations=12765 (full 296):
 PSYoungGen      total 3584K, used 3047K [0x00000000eab00000, 0x00000000eb100000, 0x0000000100000000)
  eden space 1536K, 98% used [0x00000000eab00000,0x00000000eac79fa0,0x00000000eac80000)
  from space 2048K, 75% used [0x00000000eac80000,0x00000000eae00000,0x00000000eae80000)
  to   space 2048K, 0% used [0x00000000eaf00000,0x00000000eaf00000,0x00000000eb100000)
 ParOldGen       total 201216K, used 194428K [0x00000000c0000000, 0x00000000cc480000, 0x00000000eab00000)
  object space 201216K, 96% used [0x00000000c0000000,0x00000000cbddf0f0,0x00000000cc480000)
 Metaspace       used 104598K, committed 106048K, reserved 1179648K
  class space    used 10340K, committed 11008K, reserved 1048576K
}
Event: 3801.171 GC heap after
{Heap after GC invocations=12765 (full 296):
 PSYoungGen      total 3584K, used 1440K [0x00000000eab00000, 0x00000000eb080000, 0x0000000100000000)
  eden space 2048K, 0% used [0x00000000eab00000,0x00000000eab00000,0x00000000ead00000)
  from space 1536K, 93% used [0x00000000eaf00000,0x00000000eb068000,0x00000000eb080000)
  to   space 1536K, 0% used [0x00000000ead80000,0x00000000ead80000,0x00000000eaf00000)
 ParOldGen       total 201216K, used 195956K [0x00000000c0000000, 0x00000000cc480000, 0x00000000eab00000)
  object space 201216K, 97% used [0x00000000c0000000,0x00000000cbf5d0f0,0x00000000cc480000)
 Metaspace       used 104598K, committed 106048K, reserved 1179648K
  class space    used 10340K, committed 11008K, reserved 1048576K
}
Event: 3801.175 GC heap before
{Heap before GC invocations=12766 (full 296):
 PSYoungGen      total 3584K, used 3488K [0x00000000eab00000, 0x00000000eb080000, 0x0000000100000000)
  eden space 2048K, 100% used [0x00000000eab00000,0x00000000ead00000,0x00000000ead00000)
  from space 1536K, 93% used [0x00000000eaf00000,0x00000000eb068000,0x00000000eb080000)
  to   space 1536K, 0% used [0x00000000ead80000,0x00000000ead80000,0x00000000eaf00000)
 ParOldGen       total 201216K, used 195956K [0x00000000c0000000, 0x00000000cc480000, 0x00000000eab00000)
  object space 201216K, 97% used [0x00000000c0000000,0x00000000cbf5d0f0,0x00000000cc480000)
 Metaspace       used 104598K, committed 106048K, reserved 1179648K
  class space    used 10340K, committed 11008K, reserved 1048576K
}
Event: 3801.178 GC heap after
{Heap after GC invocations=12766 (full 296):
 PSYoungGen      total 4096K, used 1518K [0x00000000eab00000, 0x00000000eb580000, 0x0000000100000000)
  eden space 2560K, 0% used [0x00000000eab00000,0x00000000eab00000,0x00000000ead80000)
  from space 1536K, 98% used [0x00000000ead80000,0x00000000eaefbb90,0x00000000eaf00000)
  to   space 4096K, 0% used [0x00000000eb180000,0x00000000eb180000,0x00000000eb580000)
 ParOldGen       total 201216K, used 197796K [0x00000000c0000000, 0x00000000cc480000, 0x00000000eab00000)
  object space 201216K, 98% used [0x00000000c0000000,0x00000000cc1290f0,0x00000000cc480000)
 Metaspace       used 104598K, committed 106048K, reserved 1179648K
  class space    used 10340K, committed 11008K, reserved 1048576K
}
Event: 3801.845 GC heap before
{Heap before GC invocations=12767 (full 296):
 PSYoungGen      total 4096K, used 4078K [0x00000000eab00000, 0x00000000eb580000, 0x0000000100000000)
  eden space 2560K, 100% used [0x00000000eab00000,0x00000000ead80000,0x00000000ead80000)
  from space 1536K, 98% used [0x00000000ead80000,0x00000000eaefbb90,0x00000000eaf00000)
  to   space 4096K, 0% used [0x00000000eb180000,0x00000000eb180000,0x00000000eb580000)
 ParOldGen       total 201216K, used 197796K [0x00000000c0000000, 0x00000000cc480000, 0x00000000eab00000)
  object space 201216K, 98% used [0x00000000c0000000,0x00000000cc1290f0,0x00000000cc480000)
 Metaspace       used 104598K, committed 106048K, reserved 1179648K
  class space    used 10340K, committed 11008K, reserved 1048576K
}

Dll operation events (12 events):
Event: 0.014 Loaded shared library c:\Users\97154\.vscode\extensions\redhat.java-1.27.0-win32-x64\jre\17.0.10-win32-x86_64\bin\java.dll
Event: 0.308 Loaded shared library c:\Users\97154\.vscode\extensions\redhat.java-1.27.0-win32-x64\jre\17.0.10-win32-x86_64\bin\zip.dll
Event: 0.324 Loaded shared library C:\Users\97154\.vscode\extensions\redhat.java-1.27.0-win32-x64\jre\17.0.10-win32-x86_64\bin\instrument.dll
Event: 0.373 Loaded shared library C:\Users\97154\.vscode\extensions\redhat.java-1.27.0-win32-x64\jre\17.0.10-win32-x86_64\bin\net.dll
Event: 0.377 Loaded shared library C:\Users\97154\.vscode\extensions\redhat.java-1.27.0-win32-x64\jre\17.0.10-win32-x86_64\bin\nio.dll
Event: 0.403 Loaded shared library C:\Users\97154\.vscode\extensions\redhat.java-1.27.0-win32-x64\jre\17.0.10-win32-x86_64\bin\zip.dll
Event: 0.426 Loaded shared library C:\Users\97154\.vscode\extensions\redhat.java-1.27.0-win32-x64\jre\17.0.10-win32-x86_64\bin\jimage.dll
Event: 0.566 Loaded shared library c:\Users\97154\.vscode\extensions\redhat.java-1.27.0-win32-x64\jre\17.0.10-win32-x86_64\bin\verify.dll
Event: 2.054 Loaded shared library C:\Users\97154\AppData\Roaming\Code\User\globalStorage\redhat.java\1.27.0\config_win\org.eclipse.equinox.launcher\org.eclipse.equinox.launcher.win32.win32.x86_64_1.2.900.v20240129-1338\eclipse_11900.dll
Event: 5.698 Loaded shared library C:\Users\97154\AppData\Local\Temp\jna-54327986\jna11734379877269200637.dll
Event: 63.503 Loaded shared library C:\Users\97154\.vscode\extensions\redhat.java-1.27.0-win32-x64\jre\17.0.10-win32-x86_64\bin\extnet.dll
Event: 1106.291 Loaded shared library C:\Users\97154\.vscode\extensions\redhat.java-1.27.0-win32-x64\jre\17.0.10-win32-x86_64\bin\sunmscapi.dll

Deoptimization events (20 events):
Event: 3794.014 Thread 0x000001d7986f7300 DEOPT PACKING pc=0x000001d788b2831c sp=0x000000cd4c5fd900
Event: 3794.014 Thread 0x000001d7986f7300 DEOPT UNPACKING pc=0x000001d787589ea3 sp=0x000000cd4c5fd800 mode 2
Event: 3794.019 Thread 0x000001d7986f7300 DEOPT PACKING pc=0x000001d782fe9221 sp=0x000000cd4c5fdc70
Event: 3794.019 Thread 0x000001d7986f7300 DEOPT UNPACKING pc=0x000001d78758a9e3 sp=0x000000cd4c5fd180 mode 0
Event: 3794.023 Thread 0x000001d7986f7300 DEOPT PACKING pc=0x000001d782fe9146 sp=0x000000cd4c5fdc70
Event: 3794.023 Thread 0x000001d7986f7300 DEOPT UNPACKING pc=0x000001d78758a9e3 sp=0x000000cd4c5fd180 mode 0
Event: 3794.024 Thread 0x000001d7986f7300 Uncommon trap: trap_request=0xffffffde fr.pc=0x000001d7891bd514 relative=0x0000000000002594
Event: 3794.024 Thread 0x000001d7986f7300 Uncommon trap: reason=class_check action=maybe_recompile pc=0x000001d7891bd514 method=org.eclipse.jdt.internal.compiler.parser.Scanner.getNextToken0()I @ 2056 c2
Event: 3794.024 Thread 0x000001d7986f7300 DEOPT PACKING pc=0x000001d7891bd514 sp=0x000000cd4c5fdb10
Event: 3794.024 Thread 0x000001d7986f7300 DEOPT UNPACKING pc=0x000001d787589ea3 sp=0x000000cd4c5fdab8 mode 2
Event: 3794.024 Thread 0x000001d7986f7300 Uncommon trap: trap_request=0xffffff45 fr.pc=0x000001d788e8e748 relative=0x0000000000005048
Event: 3794.024 Thread 0x000001d7986f7300 Uncommon trap: reason=unstable_if action=reinterpret pc=0x000001d788e8e748 method=org.eclipse.jdt.internal.compiler.parser.Scanner$VanguardScanner.getNextToken()I @ 162 c2
Event: 3794.024 Thread 0x000001d7986f7300 DEOPT PACKING pc=0x000001d788e8e748 sp=0x000000cd4c5fdbc0
Event: 3794.024 Thread 0x000001d7986f7300 DEOPT UNPACKING pc=0x000001d787589ea3 sp=0x000000cd4c5fda70 mode 2
Event: 3794.029 Thread 0x000001d7986f7300 DEOPT PACKING pc=0x000001d782fe9146 sp=0x000000cd4c5fdc70
Event: 3794.029 Thread 0x000001d7986f7300 DEOPT UNPACKING pc=0x000001d78758a9e3 sp=0x000000cd4c5fd180 mode 0
Event: 3798.332 Thread 0x000001d7986f4f90 Uncommon trap: trap_request=0xffffff6e fr.pc=0x000001d78989a2b8 relative=0x0000000000000878
Event: 3798.332 Thread 0x000001d7986f4f90 Uncommon trap: reason=loop_limit_check action=maybe_recompile pc=0x000001d78989a2b8 method=org.eclipse.jdt.internal.compiler.parser.Parser.consumeLocalVariableDeclarationStatement()V @ 379 c2
Event: 3798.332 Thread 0x000001d7986f4f90 DEOPT PACKING pc=0x000001d78989a2b8 sp=0x000000cd4cafd750
Event: 3798.332 Thread 0x000001d7986f4f90 DEOPT UNPACKING pc=0x000001d787589ea3 sp=0x000000cd4cafd6b8 mode 2

Classes unloaded (20 events):
Event: 3433.114 Thread 0x000001d7960314b0 Unloading class 0x0000000100a4d800 'java/lang/invoke/LambdaForm$MH+0x0000000100a4d800'
Event: 3433.114 Thread 0x000001d7960314b0 Unloading class 0x0000000100a4d400 'java/lang/invoke/LambdaForm$MH+0x0000000100a4d400'
Event: 3433.114 Thread 0x000001d7960314b0 Unloading class 0x0000000100a4d000 'java/lang/invoke/LambdaForm$MH+0x0000000100a4d000'
Event: 3433.114 Thread 0x000001d7960314b0 Unloading class 0x0000000100a4cc00 'java/lang/invoke/LambdaForm$MH+0x0000000100a4cc00'
Event: 3433.114 Thread 0x000001d7960314b0 Unloading class 0x0000000100a4c800 'java/lang/invoke/LambdaForm$MH+0x0000000100a4c800'
Event: 3433.114 Thread 0x000001d7960314b0 Unloading class 0x0000000100a4c400 'java/lang/invoke/LambdaForm$MH+0x0000000100a4c400'
Event: 3538.064 Thread 0x000001d7960314b0 Unloading class 0x0000000100aa1000 'jdk/internal/reflect/GeneratedSerializationConstructorAccessor67'
Event: 3538.064 Thread 0x000001d7960314b0 Unloading class 0x0000000100aa0c00 'jdk/internal/reflect/GeneratedSerializationConstructorAccessor66'
Event: 3538.064 Thread 0x000001d7960314b0 Unloading class 0x0000000100aa0800 'jdk/internal/reflect/GeneratedSerializationConstructorAccessor65'
Event: 3538.064 Thread 0x000001d7960314b0 Unloading class 0x0000000100aa0400 'jdk/internal/reflect/GeneratedSerializationConstructorAccessor64'
Event: 3662.273 Thread 0x000001d7960314b0 Unloading class 0x0000000100a50c00 'java/lang/invoke/LambdaForm$MH+0x0000000100a50c00'
Event: 3662.273 Thread 0x000001d7960314b0 Unloading class 0x0000000100a50800 'java/lang/invoke/LambdaForm$MH+0x0000000100a50800'
Event: 3662.273 Thread 0x000001d7960314b0 Unloading class 0x0000000100a50400 'java/lang/invoke/LambdaForm$MH+0x0000000100a50400'
Event: 3662.273 Thread 0x000001d7960314b0 Unloading class 0x00000001008a2c00 'java/lang/invoke/LambdaForm$MH+0x00000001008a2c00'
Event: 3662.273 Thread 0x000001d7960314b0 Unloading class 0x000000010021a000 'java/lang/invoke/LambdaForm$MH+0x000000010021a000'
Event: 3662.273 Thread 0x000001d7960314b0 Unloading class 0x0000000100275400 'java/lang/invoke/LambdaForm$MH+0x0000000100275400'
Event: 3662.273 Thread 0x000001d7960314b0 Unloading class 0x0000000100275000 'java/lang/invoke/LambdaForm$MH+0x0000000100275000'
Event: 3662.273 Thread 0x000001d7960314b0 Unloading class 0x0000000100799400 'java/lang/invoke/LambdaForm$MH+0x0000000100799400'
Event: 3662.273 Thread 0x000001d7960314b0 Unloading class 0x0000000100799000 'java/lang/invoke/LambdaForm$MH+0x0000000100799000'
Event: 3662.273 Thread 0x000001d7960314b0 Unloading class 0x0000000100198000 'java/lang/invoke/LambdaForm$MH+0x0000000100198000'

Classes redefined (0 events):
No events

Internal exceptions (20 events):
Event: 3764.963 Thread 0x000001d79756e7f0 Exception <a 'sun/nio/fs/WindowsException'{0x00000000eaead410}> (0x00000000eaead410) 
thrown [s\src\hotspot\share\prims\jni.cpp, line 516]
Event: 3765.299 Thread 0x000001d79756e7f0 Exception <a 'sun/nio/fs/WindowsException'{0x00000000eab52b88}> (0x00000000eab52b88) 
thrown [s\src\hotspot\share\prims\jni.cpp, line 516]
Event: 3772.581 Thread 0x000001d79756e7f0 Exception <a 'sun/nio/fs/WindowsException'{0x00000000eaf81e88}> (0x00000000eaf81e88) 
thrown [s\src\hotspot\share\prims\jni.cpp, line 516]
Event: 3772.744 Thread 0x000001d79756e7f0 Exception <a 'sun/nio/fs/WindowsException'{0x00000000eae4edd0}> (0x00000000eae4edd0) 
thrown [s\src\hotspot\share\prims\jni.cpp, line 516]
Event: 3775.283 Thread 0x000001d79756e7f0 Exception <a 'sun/nio/fs/WindowsException'{0x00000000eabc67a0}> (0x00000000eabc67a0) 
thrown [s\src\hotspot\share\prims\jni.cpp, line 516]
Event: 3775.446 Thread 0x000001d79756e7f0 Exception <a 'sun/nio/fs/WindowsException'{0x00000000eacdf7b0}> (0x00000000eacdf7b0) 
thrown [s\src\hotspot\share\prims\jni.cpp, line 516]
Event: 3780.204 Thread 0x000001d79756e7f0 Exception <a 'sun/nio/fs/WindowsException'{0x00000000eac3caa0}> (0x00000000eac3caa0) 
thrown [s\src\hotspot\share\prims\jni.cpp, line 516]
Event: 3780.491 Thread 0x000001d79756e7f0 Exception <a 'sun/nio/fs/WindowsException'{0x00000000eacd9988}> (0x00000000eacd9988) 
thrown [s\src\hotspot\share\prims\jni.cpp, line 516]
Event: 3781.291 Thread 0x000001d79b7dcf30 Exception <a 'java/lang/ClassNotFoundException'{0x00000000ead44338}: sun/net/www/protocol/jdt/Handler> (0x00000000ead44338) 
thrown [s\src\hotspot\share\classfile\systemDictionary.cpp, line 256]
Event: 3781.291 Thread 0x000001d79b7dcf30 Exception <a 'java/lang/ClassNotFoundException'{0x00000000ead47c38}: sun/net/www/protocol/jdt/Handler> (0x00000000ead47c38) 
thrown [s\src\hotspot\share\classfile\systemDictionary.cpp, line 256]
Event: 3782.246 Thread 0x000001d79756e7f0 Exception <a 'sun/nio/fs/WindowsException'{0x00000000eab35678}> (0x00000000eab35678) 
thrown [s\src\hotspot\share\prims\jni.cpp, line 516]
Event: 3782.725 Thread 0x000001d79756e7f0 Exception <a 'sun/nio/fs/WindowsException'{0x00000000eac0aa28}> (0x00000000eac0aa28) 
thrown [s\src\hotspot\share\prims\jni.cpp, line 516]
Event: 3787.474 Thread 0x000001d79756e7f0 Exception <a 'sun/nio/fs/WindowsException'{0x00000000eac92658}> (0x00000000eac92658) 
thrown [s\src\hotspot\share\prims\jni.cpp, line 516]
Event: 3787.777 Thread 0x000001d79756e7f0 Exception <a 'sun/nio/fs/WindowsException'{0x00000000eab176e8}> (0x00000000eab176e8) 
thrown [s\src\hotspot\share\prims\jni.cpp, line 516]
Event: 3790.763 Thread 0x000001d79756e7f0 Exception <a 'sun/nio/fs/WindowsException'{0x00000000eac6f088}> (0x00000000eac6f088) 
thrown [s\src\hotspot\share\prims\jni.cpp, line 516]
Event: 3791.064 Thread 0x000001d79756e7f0 Exception <a 'sun/nio/fs/WindowsException'{0x00000000eacd6410}> (0x00000000eacd6410) 
thrown [s\src\hotspot\share\prims\jni.cpp, line 516]
Event: 3792.178 Thread 0x000001d7986f7300 Implicit null exception at 0x000001d7888ac600 to 0x000001d7888aef00
Event: 3792.178 Thread 0x000001d7986f7300 Implicit null exception at 0x000001d7881d75b9 to 0x000001d7881d7cdc
Event: 3796.489 Thread 0x000001d79756e7f0 Exception <a 'sun/nio/fs/WindowsException'{0x00000000eacacbf0}> (0x00000000eacacbf0) 
thrown [s\src\hotspot\share\prims\jni.cpp, line 516]
Event: 3796.818 Thread 0x000001d79756e7f0 Exception <a 'sun/nio/fs/WindowsException'{0x00000000eac502a8}> (0x00000000eac502a8) 
thrown [s\src\hotspot\share\prims\jni.cpp, line 516]

VM Operations (20 events):
Event: 3801.106 Executing VM operation: ParallelGCFailedAllocation done
Event: 3801.113 Executing VM operation: ParallelGCFailedAllocation
Event: 3801.114 Executing VM operation: ParallelGCFailedAllocation done
Event: 3801.120 Executing VM operation: ParallelGCFailedAllocation
Event: 3801.122 Executing VM operation: ParallelGCFailedAllocation done
Event: 3801.139 Executing VM operation: ParallelGCFailedAllocation
Event: 3801.142 Executing VM operation: ParallelGCFailedAllocation done
Event: 3801.146 Executing VM operation: ParallelGCFailedAllocation
Event: 3801.148 Executing VM operation: ParallelGCFailedAllocation done
Event: 3801.151 Executing VM operation: ParallelGCFailedAllocation
Event: 3801.152 Executing VM operation: ParallelGCFailedAllocation done
Event: 3801.157 Executing VM operation: ParallelGCFailedAllocation
Event: 3801.159 Executing VM operation: ParallelGCFailedAllocation done
Event: 3801.161 Executing VM operation: ParallelGCFailedAllocation
Event: 3801.163 Executing VM operation: ParallelGCFailedAllocation done
Event: 3801.169 Executing VM operation: ParallelGCFailedAllocation
Event: 3801.171 Executing VM operation: ParallelGCFailedAllocation done
Event: 3801.175 Executing VM operation: ParallelGCFailedAllocation
Event: 3801.178 Executing VM operation: ParallelGCFailedAllocation done
Event: 3801.845 Executing VM operation: ParallelGCFailedAllocation

Events (20 events):
Event: 3792.219 Thread 0x000001d7960c64a0 flushing nmethod 0x000001d7826ae790
Event: 3792.220 Thread 0x000001d7960c64a0 flushing nmethod 0x000001d782718690
Event: 3792.220 Thread 0x000001d7960c64a0 flushing nmethod 0x000001d782864b10
Event: 3792.222 Thread 0x000001d7960c64a0 flushing nmethod 0x000001d782b68110
Event: 3792.224 Thread 0x000001d7960c64a0 flushing nmethod 0x000001d782e28690
Event: 3792.225 Thread 0x000001d7960c64a0 flushing nmethod 0x000001d782fdfd90
Event: 3792.431 Thread 0x000001d797d0de60 Thread added: 0x000001d797d0de60
Event: 3793.008 Thread 0x000001d797d0de60 Thread exited: 0x000001d797d0de60
Event: 3793.549 Thread 0x000001d79b692ab0 Thread added: 0x000001d79b692ab0
Event: 3794.383 Thread 0x000001d7960c64a0 flushing nmethod 0x000001d781fb2910
Event: 3795.736 Thread 0x000001d79b692ab0 Thread exited: 0x000001d79b692ab0
Event: 3796.633 loading class jdk/internal/module/IllegalAccessLogger
Event: 3796.633 loading class jdk/internal/module/IllegalAccessLogger done
Event: 3796.633 Thread 0x000001d79b7e01d0 Thread added: 0x000001d79b7e01d0
Event: 3796.643 Thread 0x000001d79b7e01d0 Thread exited: 0x000001d79b7e01d0
Event: 3796.958 Thread 0x000001d79b7e01d0 Thread added: 0x000001d79b7e01d0
Event: 3798.305 loading class jdk/internal/module/IllegalAccessLogger
Event: 3798.305 loading class jdk/internal/module/IllegalAccessLogger done
Event: 3798.306 Thread 0x000001d79bab7eb0 Thread added: 0x000001d79bab7eb0
Event: 3798.308 Thread 0x000001d79bab7eb0 Thread exited: 0x000001d79bab7eb0


Dynamic libraries:
0x00007ff6887f0000 - 0x00007ff6887fe000 	c:\Users\97154\.vscode\extensions\redhat.java-1.27.0-win32-x64\jre\17.0.10-win32-x86_64\bin\java.exe
0x00007ff9e5390000 - 0x00007ff9e55a7000 	C:\WINDOWS\SYSTEM32\ntdll.dll
0x00007ff9e3d20000 - 0x00007ff9e3de4000 	C:\WINDOWS\System32\KERNEL32.DLL
0x00007ff9e26d0000 - 0x00007ff9e2a76000 	C:\WINDOWS\System32\KERNELBASE.dll
0x00007ff9e2ef0000 - 0x00007ff9e3001000 	C:\WINDOWS\System32\ucrtbase.dll
0x00007ff9c8140000 - 0x00007ff9c815b000 	c:\Users\97154\.vscode\extensions\redhat.java-1.27.0-win32-x64\jre\17.0.10-win32-x86_64\bin\VCRUNTIME140.dll
0x00007ff9cb2e0000 - 0x00007ff9cb2f7000 	c:\Users\97154\.vscode\extensions\redhat.java-1.27.0-win32-x64\jre\17.0.10-win32-x86_64\bin\jli.dll
0x00007ff9e4550000 - 0x00007ff9e46fe000 	C:\WINDOWS\System32\USER32.dll
0x00007ff9e3040000 - 0x00007ff9e3066000 	C:\WINDOWS\System32\win32u.dll
0x00007ff9e30e0000 - 0x00007ff9e3109000 	C:\WINDOWS\System32\GDI32.dll
0x00007ff9e2d50000 - 0x00007ff9e2e68000 	C:\WINDOWS\System32\gdi32full.dll
0x00007ff9e2a80000 - 0x00007ff9e2b1a000 	C:\WINDOWS\System32\msvcp_win.dll
0x00007ff9b8f50000 - 0x00007ff9b91e3000 	C:\WINDOWS\WinSxS\amd64_microsoft.windows.common-controls_6595b64144ccf1df_6.0.22621.2506_none_270c5ae97388e100\COMCTL32.dll
0x00007ff9e3c70000 - 0x00007ff9e3d17000 	C:\WINDOWS\System32\msvcrt.dll
0x00007ff9e4370000 - 0x00007ff9e43a1000 	C:\WINDOWS\System32\IMM32.DLL
0x00007ff9cb2d0000 - 0x00007ff9cb2dc000 	c:\Users\97154\.vscode\extensions\redhat.java-1.27.0-win32-x64\jre\17.0.10-win32-x86_64\bin\vcruntime140_1.dll
0x00007ff9c67f0000 - 0x00007ff9c687d000 	c:\Users\97154\.vscode\extensions\redhat.java-1.27.0-win32-x64\jre\17.0.10-win32-x86_64\bin\msvcp140.dll
0x00007ff980b70000 - 0x00007ff9817d2000 	c:\Users\97154\.vscode\extensions\redhat.java-1.27.0-win32-x64\jre\17.0.10-win32-x86_64\bin\server\jvm.dll
0x00007ff9e3ea0000 - 0x00007ff9e3f53000 	C:\WINDOWS\System32\ADVAPI32.dll
0x00007ff9e3110000 - 0x00007ff9e31b8000 	C:\WINDOWS\System32\sechost.dll
0x00007ff9e3010000 - 0x00007ff9e3038000 	C:\WINDOWS\System32\bcrypt.dll
0x00007ff9e3b50000 - 0x00007ff9e3c67000 	C:\WINDOWS\System32\RPCRT4.dll
0x00007ff9bec90000 - 0x00007ff9bec99000 	C:\WINDOWS\SYSTEM32\WSOCK32.dll
0x00007ff9e25a0000 - 0x00007ff9e25ed000 	C:\WINDOWS\SYSTEM32\POWRPROF.dll
0x00007ff9d86c0000 - 0x00007ff9d86f4000 	C:\WINDOWS\SYSTEM32\WINMM.dll
0x00007ff9e52d0000 - 0x00007ff9e5341000 	C:\WINDOWS\System32\WS2_32.dll
0x00007ff9d7f30000 - 0x00007ff9d7f3a000 	C:\WINDOWS\SYSTEM32\VERSION.dll
0x00007ff9e2580000 - 0x00007ff9e2593000 	C:\WINDOWS\SYSTEM32\UMPDC.dll
0x00007ff9e16e0000 - 0x00007ff9e16f8000 	C:\WINDOWS\SYSTEM32\kernel.appcore.dll
0x00007ff9cb020000 - 0x00007ff9cb02a000 	c:\Users\97154\.vscode\extensions\redhat.java-1.27.0-win32-x64\jre\17.0.10-win32-x86_64\bin\jimage.dll
0x00007ff9df1b0000 - 0x00007ff9df3e3000 	C:\WINDOWS\SYSTEM32\DBGHELP.DLL
0x00007ff9e3f60000 - 0x00007ff9e42e9000 	C:\WINDOWS\System32\combase.dll
0x00007ff9e31d0000 - 0x00007ff9e32a7000 	C:\WINDOWS\System32\OLEAUT32.dll
0x00007ff9d2670000 - 0x00007ff9d26a2000 	C:\WINDOWS\SYSTEM32\dbgcore.DLL
0x00007ff9e2e70000 - 0x00007ff9e2eea000 	C:\WINDOWS\System32\bcryptPrimitives.dll
0x00007ff9cae20000 - 0x00007ff9cae2e000 	c:\Users\97154\.vscode\extensions\redhat.java-1.27.0-win32-x64\jre\17.0.10-win32-x86_64\bin\instrument.dll
0x00007ff9c8110000 - 0x00007ff9c8135000 	c:\Users\97154\.vscode\extensions\redhat.java-1.27.0-win32-x64\jre\17.0.10-win32-x86_64\bin\java.dll
0x00007ff9c80f0000 - 0x00007ff9c8108000 	c:\Users\97154\.vscode\extensions\redhat.java-1.27.0-win32-x64\jre\17.0.10-win32-x86_64\bin\zip.dll
0x00007ff9e48c0000 - 0x00007ff9e511b000 	C:\WINDOWS\System32\SHELL32.dll
0x00007ff9e05e0000 - 0x00007ff9e0ed6000 	C:\WINDOWS\SYSTEM32\windows.storage.dll
0x00007ff9e04a0000 - 0x00007ff9e05de000 	C:\WINDOWS\SYSTEM32\wintypes.dll
0x00007ff9e3410000 - 0x00007ff9e3503000 	C:\WINDOWS\System32\SHCORE.dll
0x00007ff9e3af0000 - 0x00007ff9e3b4e000 	C:\WINDOWS\System32\shlwapi.dll
0x00007ff9e2600000 - 0x00007ff9e2626000 	C:\WINDOWS\SYSTEM32\profapi.dll
0x00007ff9c5820000 - 0x00007ff9c5839000 	C:\Users\97154\.vscode\extensions\redhat.java-1.27.0-win32-x64\jre\17.0.10-win32-x86_64\bin\net.dll
0x00007ff9da3b0000 - 0x00007ff9da4e7000 	C:\WINDOWS\SYSTEM32\WINHTTP.dll
0x00007ff9e1b70000 - 0x00007ff9e1bd9000 	C:\WINDOWS\system32\mswsock.dll
0x00007ff9c5800000 - 0x00007ff9c5816000 	C:\Users\97154\.vscode\extensions\redhat.java-1.27.0-win32-x64\jre\17.0.10-win32-x86_64\bin\nio.dll
0x00007ff9c8eb0000 - 0x00007ff9c8ec0000 	c:\Users\97154\.vscode\extensions\redhat.java-1.27.0-win32-x64\jre\17.0.10-win32-x86_64\bin\verify.dll
0x00007ff9c5600000 - 0x00007ff9c563e000 	C:\Users\97154\AppData\Roaming\Code\User\globalStorage\redhat.java\1.27.0\config_win\org.eclipse.equinox.launcher\org.eclipse.equinox.launcher.win32.win32.x86_64_1.2.900.v20240129-1338\eclipse_11900.dll
0x00007ff9e5120000 - 0x00007ff9e52c0000 	C:\WINDOWS\System32\ole32.dll
0x00007ff9e1df0000 - 0x00007ff9e1e0b000 	C:\WINDOWS\SYSTEM32\CRYPTSP.dll
0x00007ff9e1640000 - 0x00007ff9e1675000 	C:\WINDOWS\system32\rsaenh.dll
0x00007ff9e1c80000 - 0x00007ff9e1cac000 	C:\WINDOWS\SYSTEM32\USERENV.dll
0x00007ff9e1de0000 - 0x00007ff9e1dec000 	C:\WINDOWS\SYSTEM32\CRYPTBASE.dll
0x00007ff9e1170000 - 0x00007ff9e119d000 	C:\WINDOWS\SYSTEM32\IPHLPAPI.DLL
0x00007ff9e3e50000 - 0x00007ff9e3e59000 	C:\WINDOWS\System32\NSI.dll
0x00007ff9da340000 - 0x00007ff9da359000 	C:\WINDOWS\SYSTEM32\dhcpcsvc6.DLL
0x00007ff9da220000 - 0x00007ff9da23f000 	C:\WINDOWS\SYSTEM32\dhcpcsvc.DLL
0x00007ff9e11a0000 - 0x00007ff9e1299000 	C:\WINDOWS\SYSTEM32\DNSAPI.dll
0x00007ff9c5540000 - 0x00007ff9c5585000 	C:\Users\97154\AppData\Local\Temp\jna-54327986\jna11734379877269200637.dll
0x00007ff9e52c0000 - 0x00007ff9e52c8000 	C:\WINDOWS\System32\PSAPI.DLL
0x00007ff9e1700000 - 0x00007ff9e1734000 	C:\WINDOWS\SYSTEM32\ntmarta.dll
0x00007ff9c7b30000 - 0x00007ff9c7b39000 	C:\Users\97154\.vscode\extensions\redhat.java-1.27.0-win32-x64\jre\17.0.10-win32-x86_64\bin\extnet.dll
0x00007ff9c7b60000 - 0x00007ff9c7b6e000 	C:\Users\97154\.vscode\extensions\redhat.java-1.27.0-win32-x64\jre\17.0.10-win32-x86_64\bin\sunmscapi.dll
0x00007ff9e2b20000 - 0x00007ff9e2c86000 	C:\WINDOWS\System32\CRYPT32.dll
0x00007ff9e1f80000 - 0x00007ff9e1fae000 	C:\WINDOWS\SYSTEM32\ncrypt.dll
0x00007ff9e1f40000 - 0x00007ff9e1f77000 	C:\WINDOWS\SYSTEM32\NTASN1.dll
0x000000006e1b0000 - 0x000000006e1ba000 	C:\Program Files\National Instruments\Shared\mDNS Responder\nimdnsNSP.dll
0x000000006e1a0000 - 0x000000006e1b0000 	C:\WINDOWS\SYSTEM32\nimdnsResponder.dll
0x000000006e170000 - 0x000000006e196000 	C:\Program Files\Bonjour\mdnsNSP.dll
0x00007ff9db420000 - 0x00007ff9db42a000 	C:\Windows\System32\rasadhlp.dll
0x00007ff9d17a0000 - 0x00007ff9d1823000 	C:\WINDOWS\System32\fwpuclnt.dll

dbghelp: loaded successfully - version: 4.0.5 - missing functions: none
symbol engine: initialized successfully - sym options: 0x614 - pdb path: .;c:\Users\97154\.vscode\extensions\redhat.java-1.27.0-win32-x64\jre\17.0.10-win32-x86_64\bin;C:\WINDOWS\SYSTEM32;C:\WINDOWS\WinSxS\amd64_microsoft.windows.common-controls_6595b64144ccf1df_6.0.22621.2506_none_270c5ae97388e100;c:\Users\97154\.vscode\extensions\redhat.java-1.27.0-win32-x64\jre\17.0.10-win32-x86_64\bin\server;C:\Users\97154\AppData\Roaming\Code\User\globalStorage\redhat.java\1.27.0\config_win\org.eclipse.equinox.launcher\org.eclipse.equinox.launcher.win32.win32.x86_64_1.2.900.v20240129-1338;C:\Users\97154\AppData\Local\Temp\jna-54327986;C:\Program Files\National Instruments\Shared\mDNS Responder;C:\Program Files\Bonjour

VM Arguments:
jvm_args: --add-modules=ALL-SYSTEM --add-opens=java.base/java.util=ALL-UNNAMED --add-opens=java.base/java.lang=ALL-UNNAMED --add-opens=java.base/sun.nio.fs=ALL-UNNAMED -Declipse.application=org.eclipse.jdt.ls.core.id1 -Dosgi.bundles.defaultStartLevel=4 -Declipse.product=org.eclipse.jdt.ls.core.product -Djava.import.generatesMetadataFilesAtProjectRoot=false -DDetectVMInstallationsJob.disabled=true -Dfile.encoding=utf8 -XX:+UseParallelGC -XX:GCTimeRatio=4 -XX:AdaptiveSizePolicyWeight=90 -Dsun.zip.disableMemoryMapping=true -Xmx1G -Xms100m -Xlog:disable -javaagent:c:\Users\97154\.vscode\extensions\redhat.java-1.27.0-win32-x64\lombok\lombok-1.18.31.jar -XX:+HeapDumpOnOutOfMemoryError -XX:HeapDumpPath=c:\Users\97154\AppData\Roaming\Code\User\workspaceStorage\7aab4b7947870c43d9e0d1114ae30211\redhat.java -Daether.dependencyCollector.impl=bf 
java_command: c:\Users\97154\.vscode\extensions\redhat.java-1.27.0-win32-x64\server\plugins\org.eclipse.equinox.launcher_1.6.700.v20231214-2017.jar -configuration c:\Users\97154\AppData\Roaming\Code\User\globalStorage\redhat.java\1.27.0\config_win -data c:\Users\97154\AppData\Roaming\Code\User\workspaceStorage\7aab4b7947870c43d9e0d1114ae30211\redhat.java\jdt_ws --stdio
java_class_path (initial): c:\Users\97154\.vscode\extensions\redhat.java-1.27.0-win32-x64\server\plugins\org.eclipse.equinox.launcher_1.6.700.v20231214-2017.jar
Launcher Type: SUN_STANDARD

[Global flags]
    uintx AdaptiveSizePolicyWeight                 = 90                                        {product} {command line}
     intx CICompilerCount                          = 4                                         {product} {ergonomic}
    uintx GCTimeRatio                              = 4                                         {product} {command line}
     bool HeapDumpOnOutOfMemoryError               = true                                   {manageable} {command line}
    ccstr HeapDumpPath                             = c:\Users\97154\AppData\Roaming\Code\User\workspaceStorage\7aab4b7947870c43d9e0d1114ae30211\redhat.java         {manageable} {command line}
   size_t InitialHeapSize                          = 104857600                                 {product} {command line}
   size_t MaxHeapSize                              = 1073741824                                {product} {command line}
   size_t MaxNewSize                               = 357564416                                 {product} {ergonomic}
   size_t MinHeapDeltaBytes                        = 524288                                    {product} {ergonomic}
   size_t MinHeapSize                              = 104857600                                 {product} {command line}
   size_t NewSize                                  = 34603008                                  {product} {ergonomic}
    uintx NonNMethodCodeHeapSize                   = 5839372                                {pd product} {ergonomic}
    uintx NonProfiledCodeHeapSize                  = 122909434                              {pd product} {ergonomic}
   size_t OldSize                                  = 70254592                                  {product} {ergonomic}
    uintx ProfiledCodeHeapSize                     = 122909434                              {pd product} {ergonomic}
    uintx ReservedCodeCacheSize                    = 251658240                              {pd product} {ergonomic}
     bool SegmentedCodeCache                       = true                                      {product} {ergonomic}
   size_t SoftMaxHeapSize                          = 1073741824                             {manageable} {ergonomic}
     bool UseCompressedClassPointers               = true                           {product lp64_product} {ergonomic}
     bool UseCompressedOops                        = true                           {product lp64_product} {ergonomic}
     bool UseLargePagesIndividualAllocation        = false                                  {pd product} {ergonomic}
     bool UseParallelGC                            = true                                      {product} {command line}

Logging:
Log output configuration:
 #0: stdout all=off uptime,level,tags
 #1: stderr all=off uptime,level,tags

Environment Variables:
JAVA_HOME=C:\Program Files\Java\jdk-21
PATH=C:\Program Files (x86)\Common Files\Oracle\Java\javapath;C:\WINDOWS\system32;C:\WINDOWS;C:\WINDOWS\System32\Wbem;C:\WINDOWS\System32\WindowsPowerShell\v1.0\;C:\WINDOWS\System32\OpenSSH\;C:\Program Files\Java\jdk-19\bin;C:\Program Files (x86)\IVI Foundation\VISA\WinNT\Bin\;C:\Program Files\IVI Foundation\VISA\Win64\Bin\;C:\Program Files (x86)\IVI Foundation\IVI\bin;C:\Program Files\IVI Foundation\IVI\bin;C:\Program Files (x86)\IVI Foundation\VISA\WinNT\Bin;C:\msys64\mingw64\bin;C:\msys64\clang64\clang+llvm-15.0.7-arm64-apple-darwin22.0\bin;C:\msys64\mingw64\bin;C:\msys64\mingw64\x86_64-w64-mingw32\bin;C:\msys64\mingw64\bin;C:\msys64\mingw64\x86_64-w64-mingw32\bin;C:\msys64\mingw64\bin;\msys64\mingw64\bin;C:\Program Files (x86)\Microsoft SQL Server\160\Tools\Binn\;C:\Program Files\Microsoft SQL Server\160\Tools\Binn\;C:\Program Files\Microsoft SQL Server\Client SDK\ODBC\170\Tools\Binn\;C:\Program Files\Microsoft SQL Server\160\DTS\Binn\;C:\Program Files\Azure Data Studio\bin;C:\Program Files\Microsoft SQL Server\150\Tools\Binn\;C:\Users\97154\Downloads\dartsdk-windows-x64-release\dart-sdk;C:\Users\97154\Downloads\flutter_windows_3.10.6-stable\flutter\bin;C:\Program Files\Git\cmd;C:\Program Files\Java\jdk-20;C:\Program Files\Java\jre-1.8\bin;C:\Program Files\Java\jdk-21\bin;C:\Windows\System32\Wbem;C:\src\dart-sdk\bin;C:\src\flutter\bin;C:\src\dart-sdk;C:\Users\97154\AppData\Local\Microsoft\WindowsApps;C:\msys64\mingw64\bin;C:\msys64\mingw64\bin;C:\msys64\mingw64\bin;C:\Program Files\Azure Data Studio\bin;C:\Users\97154\AppData\Local\Programs\Microsoft VS Code\bin;C:\Program Files\JetBrains\IntelliJ IDEA 2023.3.3\bin;;C:\Program Files\JetBrains\IntelliJ IDEA Community Edition 2023.2.3\bin;;C:\src\dart-sdk\bin;C:\src\flutter\bin;
USERNAME=97154
OS=Windows_NT
PROCESSOR_IDENTIFIER=Intel64 Family 6 Model 140 Stepping 1, GenuineIntel
TMP=C:\Users\97154\AppData\Local\Temp
TEMP=C:\Users\97154\AppData\Local\Temp



Periodic native trim disabled


---------------  S Y S T E M  ---------------

OS:
 Windows 11 , 64 bit Build 22621 (10.0.22621.3085)
OS uptime: 0 days 5:43 hours
Hyper-V role detected

CPU: total 8 (initial active 8) (4 cores per cpu, 2 threads per core) family 6 model 140 stepping 1 microcode 0xb4, cx8, cmov, fxsr, ht, mmx, 3dnowpref, sse, sse2, sse3, ssse3, sse4.1, sse4.2, popcnt, lzcnt, tsc, tscinvbit, avx, avx2, aes, erms, clmul, bmi1, bmi2, adx, avx512f, avx512dq, avx512cd, avx512bw, avx512vl, sha, fma, vzeroupper, avx512_vpopcntdq, avx512_vpclmulqdq, avx512_vaes, avx512_vnni, clflush, clflushopt, clwb, avx512_vbmi2, avx512_vbmi, hv
Processor Information for all 8 processors :
  Max Mhz: 2419, Current Mhz: 2419, Mhz Limit: 2419

Memory: 4k page, system-wide physical 16118M (4603M free)
TotalPageFile size 19574M (AvailPageFile size 3080M)
current process WorkingSet (physical memory assigned to process): 570M, peak: 714M
current process commit charge ("private bytes"): 533M, peak: 673M

vm_info: OpenJDK 64-Bit Server VM (17.0.10+7) for windows-amd64 JRE (17.0.10+7), built on Jan 16 2024 23:25:11 by "admin" with MS VC++ 16.10 / 16.11 (VS2019)

END.
