#
# A fatal error has been detected by the Java Runtime Environment:
#
#  EXCEPTION_ACCESS_VIOLATION (0xc0000005) at pc=0x00007ff94ba8e181, pid=13384, tid=16508
#
# JRE version: Java(TM) SE Runtime Environment (21.0+35) (build 21+35-LTS-2513)
# Java VM: Java HotSpot(TM) 64-Bit Server VM (21+35-LTS-2513, mixed mode, sharing, tiered, compressed oops, compressed class ptrs, g1 gc, windows-amd64)
# Problematic frame:
# V  [jvm.dll+0x13e181]
#
# No core dump will be written. Minidumps are not enabled by default on client versions of Windows
#
# If you would like to submit a bug report, please visit:
#   https://bugreport.java.com/bugreport/crash.jsp
#

---------------  S U M M A R Y ------------

Command Line: -javaagent:C:\Program Files\JetBrains\IntelliJ IDEA Community Edition 2023.2.3\lib\idea_rt.jar=57422:C:\Program Files\JetBrains\IntelliJ IDEA Community Edition 2023.2.3\bin -Dfile.encoding=UTF-8 -Dsun.stdout.encoding=UTF-8 -Dsun.stderr.encoding=UTF-8 com.example.dental_management_system.DentalManagementSystemApplication

Host: 11th Gen Intel(R) Core(TM) i5-1135G7 @ 2.40GHz, 8 cores, 15G,  Windows 11 , 64 bit Build 22621 (10.0.22621.3085)
Time: Fri Feb 16 02:03:16 2024 Egypt Standard Time elapsed time: 12.944193 seconds (0d 0h 0m 12s)

---------------  T H R E A D  ---------------

Current thread (0x000001fd6c186280):  WorkerThread "GC Thread#7"    [id=16508, stack(0x000000170b800000,0x000000170b900000) (1024K)]

Stack: [0x000000170b800000,0x000000170b900000],  sp=0x000000170b8ff378,  free space=1020k
Native frames: (J=compiled Java code, j=interpreted, Vv=VM code, C=native code)
V  [jvm.dll+0x13e181]


siginfo: EXCEPTION_ACCESS_VIOLATION (0xc0000005), reading address 0x0000000000000100


Registers:
RAX=0x0000000000000000, RBX=0x0000000000000001, RCX=0x000001fd00000000, RDX=0x0000000705f80c90
RSP=0x000000170b8ff378, RBP=0x0000000000001804, RSI=0x000001fd47f15260, RDI=0x0000000600001258
R8 =0x000001fd00000000, R9 =0x0000000000000000, R10=0x0000000705f80c90, R11=0x00007ff99ce115c3
R12=0x0000000000000001, R13=0x000001fd00000000, R14=0x0000000705f80c90, R15=0x000001fd6c731f40
RIP=0x00007ff94ba8e181, EFLAGS=0x0000000000010246


Register to memory mapping:

RAX=0x0 is null
RBX=0x0000000000000001 is an unknown value
RCX=0x000001fd00000000 is pointing into metadata
RDX=
[error occurred during error reporting (printing register info), id 0xc0000005, EXCEPTION_ACCESS_VIOLATION (0xc0000005) at pc=0x00007ff94ba8e116]
RSP=0x000000170b8ff378 points into unknown readable memory: 0x00007ff94bca765b | 5b 76 ca 4b f9 7f 00 00
RBP=0x0000000000001804 is an unknown value
RSI=0x000001fd47f15260 points into unknown readable memory: 0x0000000000000000 | 00 00 00 00 00 00 00 00
RDI=0x0000000600001258 is an unknown value
R8 =0x000001fd00000000 is pointing into metadata
R9 =0x0 is null
R10=
[error occurred during error reporting (printing register info, attempt 2), id 0xc0000005, EXCEPTION_ACCESS_VIOLATION (0xc0000005) at pc=0x00007ff94ba8e116]
R11=0x00007ff99ce115c3 VCRUNTIME140.dll
R12=0x0000000000000001 is an unknown value
R13=0x000001fd00000000 is pointing into metadata
R14=
[error occurred during error reporting (printing register info, attempt 3), id 0xc0000005, EXCEPTION_ACCESS_VIOLATION (0xc0000005) at pc=0x00007ff94ba8e116]
Top of Stack: (sp=0x000000170b8ff378)
0x000000170b8ff378:   00007ff94bca765b 0000000000000011
0x000000170b8ff388:   0000000000000011 0000000000000002
0x000000170b8ff398:   0000000000000001 0000000706bd3720
0x000000170b8ff3a8:   00007ff94bca5a09 0000000000000011
0x000000170b8ff3b8:   000001fd47f817d0 000001fd6c731f58
0x000000170b8ff3c8:   0000000000000000 000001fd6c7320c8
0x000000170b8ff3d8:   0000000000000000 0000000000000040
0x000000170b8ff3e8:   000001fd6c113800 0000000000000001
0x000000170b8ff3f8:   0000000705d5c3a4 000001fd47f15260
0x000000170b8ff408:   0000000000001804 000001fd6c731f40
0x000000170b8ff418:   00007ff94bca88ea 000001fd6c730000
0x000000170b8ff428:   0000000000000100 000001fd00000000
0x000000170b8ff438:   0000000000000020 0000000704ff9a00
0x000000170b8ff448:   0000000000000006 000000170b8ff640
0x000000170b8ff458:   0000000704ff9c20 000000170b8ff640
0x000000170b8ff468:   00007ff94bca4fce 0000000704ff9c00
0x000000170b8ff478:   000001fd6c731f40 0000000704ff3a00
0x000000170b8ff488:   0000000000000040 0000000007b44f01
0x000000170b8ff498:   00000007465dbc77 0000000000000001
0x000000170b8ff4a8:   000000170b8ff640 000001fd47f814b0
0x000000170b8ff4b8:   00007ff94bcb209b 0000000000000006
0x000000170b8ff4c8:   000001fd47f814b0 000000170b8ff640
0x000000170b8ff4d8:   00007ff94c01198f 0000000704ff9a00
0x000000170b8ff4e8:   0000000000000040 00007ff94c326588
0x000000170b8ff4f8:   0000000000000000 000001fd47f0c7d0
0x000000170b8ff508:   000001fd6c731f40 000000170b8ff690
0x000000170b8ff518:   00007ff94c01198f 000001fd6b20f060
0x000000170b8ff528:   000001fd5fe57000 000001fd47f13000
0x000000170b8ff538:   00007ff94bcb3d39 0000000000000000
0x000000170b8ff548:   00007ff94c1581de 0000000000000003
0x000000170b8ff558:   000001fd5fe56fce 0000000000000003
0x000000170b8ff568:   0000000000000004 000001fd47f0be90 

Instructions: (pc=0x00007ff94ba8e181)
0x00007ff94ba8e081:   08 8b 0d f0 9e a7 00 49 d3 e0 4c 03 05 de 9e a7
0x00007ff94ba8e091:   00 eb 04 4c 8b 41 08 45 8b 48 08 45 85 c9 7e 0e
0x00007ff94ba8e0a1:   41 f6 c1 01 75 53 41 c1 f9 03 49 63 c1 c3 79 49
0x00007ff94ba8e0b1:   84 c0 41 b8 0c 00 00 00 8b 05 f9 af a7 00 b9 10
0x00007ff94ba8e0c1:   00 00 00 41 0f 45 c8 ff c8 4c 63 c0 41 8b c1 48
0x00007ff94ba8e0d1:   c1 f8 10 0f b6 c0 48 63 14 11 41 8b c9 83 e1 3f
0x00007ff94ba8e0e1:   48 d3 e2 49 8d 0c 10 49 f7 d0 48 03 c1 49 c1 e8
0x00007ff94ba8e0f1:   03 48 c1 e8 03 49 23 c0 c3 49 8b 00 49 8b c8 48
0x00007ff94ba8e101:   ff a0 00 01 00 00 cc cc cc cc cc cc cc cc cc 4c
0x00007ff94ba8e111:   8b c2 48 8b d1 45 8b 48 08 45 85 c9 7e 0e 41 f6
0x00007ff94ba8e121:   c1 01 75 56 41 c1 f9 03 49 63 c1 c3 79 4c 80 3d
0x00007ff94ba8e131:   e8 b3 a7 00 00 b8 0c 00 00 00 b9 10 00 00 00 0f
0x00007ff94ba8e141:   45 c8 8b 05 6f af a7 00 ff c8 4c 63 c0 41 8b c1
0x00007ff94ba8e151:   48 c1 f8 10 48 63 14 11 41 8b c9 83 e1 3f 0f b6
0x00007ff94ba8e161:   c0 48 d3 e2 49 8d 0c 10 49 f7 d0 48 03 c1 49 c1
0x00007ff94ba8e171:   e8 03 48 c1 e8 03 49 23 c0 c3 49 8b 00 49 8b c8
0x00007ff94ba8e181:   48 ff a0 00 01 00 00 cc cc cc cc cc cc cc cc 48
0x00007ff94ba8e191:   83 ec 28 ba 37 00 00 00 48 8d 0d d8 5b 85 00 e8
0x00007ff94ba8e1a1:   eb 26 14 00 cc cc cc cc cc cc cc cc cc cc cc 40
0x00007ff94ba8e1b1:   53 48 83 ec 20 48 8b d9 49 8b c0 33 c9 45 0f b6
0x00007ff94ba8e1c1:   c1 48 89 0b 48 89 4b 08 48 8b cb 48 89 53 10 48
0x00007ff94ba8e1d1:   8b d0 e8 a8 09 00 00 48 8b c3 48 83 c4 20 5b c3
0x00007ff94ba8e1e1:   cc cc cc cc cc cc cc cc cc cc cc cc cc cc cc 40
0x00007ff94ba8e1f1:   53 48 83 ec 20 33 c0 44 88 41 10 45 0f b6 c1 48
0x00007ff94ba8e201:   89 01 48 89 41 08 48 8b d9 e8 81 0a 00 00 48 8b
0x00007ff94ba8e211:   c3 48 83 c4 20 5b c3 cc cc cc cc cc cc cc cc 40
0x00007ff94ba8e221:   53 48 83 ec 20 33 c0 48 8b d9 48 89 01 48 89 41
0x00007ff94ba8e231:   08 e8 09 0c 00 00 48 8b c3 48 83 c4 20 5b c3 48
0x00007ff94ba8e241:   8b c1 48 8b 09 48 85 c9 74 3c 48 8b 40 08 48 83
0x00007ff94ba8e251:   c0 3f 48 c1 e8 06 48 8d 14 c5 00 00 00 00 48 3b
0x00007ff94ba8e261:   15 62 b7 a7 00 0f 82 e4 07 f8 ff 48 8b 05 a5 b2
0x00007ff94ba8e271:   af 00 48 ff ca 48 03 d0 48 ff c8 48 f7 d0 48 23 


Stack slot to memory mapping:

stack at sp + 0 slots: 0x00007ff94bca765b jvm.dll
stack at sp + 1 slots: 0x0000000000000011 is an unknown value
stack at sp + 2 slots: 0x0000000000000011 is an unknown value
stack at sp + 3 slots: 0x0000000000000002 is an unknown value
stack at sp + 4 slots: 0x0000000000000001 is an unknown value
stack at sp + 5 slots: 
[error occurred during error reporting (inspecting top of stack), id 0xc0000005, EXCEPTION_ACCESS_VIOLATION (0xc0000005) at pc=0x00007ff94ba8e116]
stack at sp + 6 slots: 0x00007ff94bca5a09 jvm.dll
stack at sp + 7 slots: 0x0000000000000011 is an unknown value


---------------  P R O C E S S  ---------------

Threads class SMR info:
_java_thread_list=0x000001fd6cfd5d90, length=33, elements={
0x000001fd66934e20, 0x000001fd66935d40, 0x000001fd6693a250, 0x000001fd6693b130,
0x000001fd6693dba0, 0x000001fd6693e600, 0x000001fd6694a3c0, 0x000001fd6694e360,
0x000001fd6b2095d0, 0x000001fd6b466830, 0x000001fd6b3eeb60, 0x000001fd6e991590,
0x000001fd6e784dd0, 0x000001fd6e546f60, 0x000001fd6ec107b0, 0x000001fd6ec0f400,
0x000001fd6ec10e40, 0x000001fd6ec0e050, 0x000001fd6ec0d9c0, 0x000001fd6ec0e6e0,
0x000001fd6ec0ed70, 0x000001fd70a8dbd0, 0x000001fd70a8ceb0, 0x000001fd70a8c820,
0x000001fd70a8e260, 0x000001fd70a8ef80, 0x000001fd70a8e8f0, 0x000001fd70a8d540,
0x000001fd70a8fca0, 0x000001fd70a8f610, 0x000001fd71e2b090, 0x000001fd6cbed350,
0x000001fd70be88d0
}

Java Threads: ( => current thread )
  0x000001fd66934e20 JavaThread "Reference Handler"          daemon [_thread_blocked, id=24236, stack(0x000000170a200000,0x000000170a300000) (1024K)]
  0x000001fd66935d40 JavaThread "Finalizer"                  daemon [_thread_blocked, id=24520, stack(0x000000170a300000,0x000000170a400000) (1024K)]
  0x000001fd6693a250 JavaThread "Signal Dispatcher"          daemon [_thread_blocked, id=16192, stack(0x000000170a400000,0x000000170a500000) (1024K)]
  0x000001fd6693b130 JavaThread "Attach Listener"            daemon [_thread_blocked, id=24324, stack(0x000000170a500000,0x000000170a600000) (1024K)]
  0x000001fd6693dba0 JavaThread "Service Thread"             daemon [_thread_blocked, id=752, stack(0x000000170a600000,0x000000170a700000) (1024K)]
  0x000001fd6693e600 JavaThread "Monitor Deflation Thread"   daemon [_thread_blocked, id=24132, stack(0x000000170a700000,0x000000170a800000) (1024K)]
  0x000001fd6694a3c0 JavaThread "C2 CompilerThread0"         daemon [_thread_blocked, id=20280, stack(0x000000170a800000,0x000000170a900000) (1024K)]
  0x000001fd6694e360 JavaThread "C1 CompilerThread0"         daemon [_thread_blocked, id=23800, stack(0x000000170a900000,0x000000170aa00000) (1024K)]
  0x000001fd6b2095d0 JavaThread "Common-Cleaner"             daemon [_thread_blocked, id=3792, stack(0x000000170aa00000,0x000000170ab00000) (1024K)]
  0x000001fd6b466830 JavaThread "Monitor Ctrl-Break"         daemon [_thread_in_native, id=24552, stack(0x000000170ac00000,0x000000170ad00000) (1024K)]
  0x000001fd6b3eeb60 JavaThread "Notification Thread"        daemon [_thread_blocked, id=18764, stack(0x000000170ad00000,0x000000170ae00000) (1024K)]
  0x000001fd6e991590 JavaThread "Catalina-utility-1"                [_thread_blocked, id=20520, stack(0x000000170b900000,0x000000170ba00000) (1024K)]
  0x000001fd6e784dd0 JavaThread "Catalina-utility-2"                [_thread_blocked, id=2528, stack(0x000000170ba00000,0x000000170bb00000) (1024K)]
  0x000001fd6e546f60 JavaThread "container-0"                       [_thread_blocked, id=18684, stack(0x000000170bb00000,0x000000170bc00000) (1024K)]
  0x000001fd6ec107b0 JavaThread "mysql-cj-abandoned-connection-cleanup" daemon [_thread_blocked, id=13640, stack(0x000000170bc00000,0x000000170bd00000) (1024K)]
  0x000001fd6ec0f400 JavaThread "HikariPool-1 housekeeper"   daemon [_thread_blocked, id=10932, stack(0x000000170be00000,0x000000170bf00000) (1024K)]
  0x000001fd6ec10e40 JavaThread "File Watcher"               daemon [_thread_blocked, id=23776, stack(0x000000170c000000,0x000000170c100000) (1024K)]
  0x000001fd6ec0e050 JavaThread "Live Reload Server"         daemon [_thread_in_native, id=22864, stack(0x000000170c200000,0x000000170c300000) (1024K)]
  0x000001fd6ec0d9c0 JavaThread "http-nio-8080-exec-1"       daemon [_thread_blocked, id=19644, stack(0x000000170c100000,0x000000170c200000) (1024K)]
  0x000001fd6ec0e6e0 JavaThread "http-nio-8080-exec-2"       daemon [_thread_blocked, id=3276, stack(0x000000170c300000,0x000000170c400000) (1024K)]
  0x000001fd6ec0ed70 JavaThread "http-nio-8080-exec-3"       daemon [_thread_blocked, id=2620, stack(0x000000170c400000,0x000000170c500000) (1024K)]
  0x000001fd70a8dbd0 JavaThread "http-nio-8080-exec-4"       daemon [_thread_blocked, id=20640, stack(0x000000170c500000,0x000000170c600000) (1024K)]
  0x000001fd70a8ceb0 JavaThread "http-nio-8080-exec-5"       daemon [_thread_blocked, id=11592, stack(0x000000170c600000,0x000000170c700000) (1024K)]
  0x000001fd70a8c820 JavaThread "http-nio-8080-exec-6"       daemon [_thread_blocked, id=7984, stack(0x000000170c700000,0x000000170c800000) (1024K)]
  0x000001fd70a8e260 JavaThread "http-nio-8080-exec-7"       daemon [_thread_blocked, id=19792, stack(0x000000170c800000,0x000000170c900000) (1024K)]
  0x000001fd70a8ef80 JavaThread "http-nio-8080-exec-8"       daemon [_thread_blocked, id=13016, stack(0x000000170c900000,0x000000170ca00000) (1024K)]
  0x000001fd70a8e8f0 JavaThread "http-nio-8080-exec-9"       daemon [_thread_blocked, id=2200, stack(0x000000170ca00000,0x000000170cb00000) (1024K)]
  0x000001fd70a8d540 JavaThread "http-nio-8080-exec-10"      daemon [_thread_blocked, id=15708, stack(0x000000170cb00000,0x000000170cc00000) (1024K)]
  0x000001fd70a8fca0 JavaThread "http-nio-8080-Poller"       daemon [_thread_in_native, id=8820, stack(0x000000170cc00000,0x000000170cd00000) (1024K)]
  0x000001fd70a8f610 JavaThread "http-nio-8080-Acceptor"     daemon [_thread_in_native, id=1572, stack(0x000000170cd00000,0x000000170ce00000) (1024K)]
  0x000001fd71e2b090 JavaThread "DestroyJavaVM"                     [_thread_blocked, id=24436, stack(0x0000001709a00000,0x0000001709b00000) (1024K)]
  0x000001fd6cbed350 JavaThread "C2 CompilerThread1"         daemon [_thread_blocked, id=15888, stack(0x000000170ab00000,0x000000170ac00000) (1024K)]
  0x000001fd70be88d0 JavaThread "C2 CompilerThread2"         daemon [_thread_blocked, id=24572, stack(0x000000170ae00000,0x000000170af00000) (1024K)]
Total: 33

Other Threads:
  0x000001fd66914e30 VMThread "VM Thread"                           [id=13956, stack(0x000000170a100000,0x000000170a200000) (1024K)]
  0x000001fd668fd890 WatcherThread "VM Periodic Task Thread"        [id=24284, stack(0x000000170a000000,0x000000170a100000) (1024K)]
  0x000001fd47f61a40 WorkerThread "GC Thread#0"                     [id=22972, stack(0x0000001709b00000,0x0000001709c00000) (1024K)]
  0x000001fd669151d0 WorkerThread "GC Thread#1"                     [id=8380, stack(0x000000170af00000,0x000000170b000000) (1024K)]
  0x000001fd669146f0 WorkerThread "GC Thread#2"                     [id=23848, stack(0x000000170b000000,0x000000170b100000) (1024K)]
  0x000001fd66914a90 WorkerThread "GC Thread#3"                     [id=22056, stack(0x000000170b100000,0x000000170b200000) (1024K)]
  0x000001fd66913fb0 WorkerThread "GC Thread#4"                     [id=22504, stack(0x000000170b200000,0x000000170b300000) (1024K)]
  0x000001fd66913870 WorkerThread "GC Thread#5"                     [id=756, stack(0x000000170b300000,0x000000170b400000) (1024K)]
  0x000001fd66914350 WorkerThread "GC Thread#6"                     [id=13028, stack(0x000000170b700000,0x000000170b800000) (1024K)]
=>0x000001fd6c186280 WorkerThread "GC Thread#7"                     [id=16508, stack(0x000000170b800000,0x000000170b900000) (1024K)]
  0x000001fd47f727a0 ConcurrentGCThread "G1 Main Marker"            [id=24528, stack(0x0000001709c00000,0x0000001709d00000) (1024K)]
  0x000001fd47f73a40 WorkerThread "G1 Conc#0"                       [id=23984, stack(0x0000001709d00000,0x0000001709e00000) (1024K)]
  0x000001fd6c184cc0 WorkerThread "G1 Conc#1"                       [id=8976, stack(0x000000170b600000,0x000000170b700000) (1024K)]
  0x000001fd47fae960 ConcurrentGCThread "G1 Refine#0"               [id=2768, stack(0x0000001709e00000,0x0000001709f00000) (1024K)]
  0x000001fd667d2960 ConcurrentGCThread "G1 Service"                [id=21904, stack(0x0000001709f00000,0x000000170a000000) (1024K)]
Total: 15

Threads with active compile tasks:
C2 CompilerThread0    12972 6295       4       sun.security.util.DerValue::<init> (445 bytes)
C2 CompilerThread1    12972 6294 %     4       com.sun.crypto.provider.CounterMode::implCrypt @ 3 (88 bytes)
Total: 2

VM state: at safepoint (normal execution)

VM Mutex/Monitor currently owned by a thread:  ([mutex/lock_event])
[0x00007ff94c588548] Threads_lock - owner thread: 0x000001fd66914e30
[0x00007ff94c588648] Heap_lock - owner thread: 0x000001fd6694a3c0

Heap address: 0x0000000704200000, size: 4030 MB, Compressed Oops mode: Zero based, Oop shift amount: 3

CDS archive(s) mapped at: [0x000001fd00000000-0x000001fd00c90000-0x000001fd00c90000), size 13172736, SharedBaseAddress: 0x000001fd00000000, ArchiveRelocationMode: 1.
Compressed class space mapped at: 0x000001fd01000000-0x000001fd41000000, reserved size: 1073741824
Narrow klass base: 0x000001fd00000000, Narrow klass shift: 0, Narrow klass range: 0x100000000

GC Precious Log:
 CardTable entry size: 512
 Card Set container configuration: InlinePtr #cards 4 size 8 Array Of Cards #cards 16 size 48 Howl #buckets 8 coarsen threshold 3686 Howl Bitmap #cards 512 size 80 coarsen threshold 460 Card regions per heap region 1 cards per card region 4096
 CPUs: 8 total, 8 available
 Memory: 16118M
 Large Page Support: Disabled
 NUMA Support: Disabled
 Compressed Oops: Enabled (Zero based)
 Heap Region Size: 2M
 Heap Min Capacity: 8M
 Heap Initial Capacity: 252M
 Heap Max Capacity: 4030M
 Pre-touch: Disabled
 Parallel Workers: 8
 Concurrent Workers: 2
 Concurrent Refinement Workers: 8
 Periodic GC: Disabled

Heap:
 garbage-first heap   total 73728K, used 59957K [0x0000000704200000, 0x0000000800000000)
  region size 2048K, 17 young (34816K), 2 survivors (4096K)
 Metaspace       used 69588K, committed 70336K, reserved 1114112K
  class space    used 9261K, committed 9600K, reserved 1048576K

Heap Regions: E=young(eden), S=young(survivor), O=old, HS=humongous(starts), HC=humongous(continues), CS=collection set, F=free, TAMS=top-at-mark-start, PB=parsable bottom
|   0|0x0000000704200000, 0x0000000704400000, 0x0000000704400000|100%| O|  |TAMS 0x0000000704200000| PB 0x0000000704200000| Untracked 
|   1|0x0000000704400000, 0x0000000704600000, 0x0000000704600000|100%| O|  |TAMS 0x0000000704400000| PB 0x0000000704400000| Untracked 
|   2|0x0000000704600000, 0x0000000704800000, 0x0000000704800000|100%| O|  |TAMS 0x0000000704600000| PB 0x0000000704600000| Untracked 
|   3|0x0000000704800000, 0x0000000704a00000, 0x0000000704a00000|100%| O|  |TAMS 0x0000000704800000| PB 0x0000000704800000| Untracked 
|   4|0x0000000704a00000, 0x0000000704c00000, 0x0000000704c00000|100%| O|  |TAMS 0x0000000704a00000| PB 0x0000000704a00000| Untracked 
|   5|0x0000000704c00000, 0x0000000704e00000, 0x0000000704e00000|100%| O|  |TAMS 0x0000000704c00000| PB 0x0000000704c00000| Untracked 
|   6|0x0000000704e00000, 0x0000000705000000, 0x0000000705000000|100%| O|  |TAMS 0x0000000704e00000| PB 0x0000000704e00000| Untracked 
|   7|0x0000000705000000, 0x0000000705200000, 0x0000000705200000|100%| O|  |TAMS 0x0000000705000000| PB 0x0000000705000000| Untracked 
|   8|0x0000000705200000, 0x0000000705400000, 0x0000000705400000|100%| O|  |TAMS 0x0000000705200000| PB 0x0000000705200000| Untracked 
|   9|0x0000000705400000, 0x0000000705600000, 0x0000000705600000|100%| O|CS|TAMS 0x0000000705400000| PB 0x0000000705400000| Complete 
|  10|0x0000000705600000, 0x0000000705800000, 0x0000000705800000|100%| O|  |TAMS 0x0000000705600000| PB 0x0000000705600000| Untracked 
|  11|0x0000000705800000, 0x0000000705a00000, 0x0000000705a00000|100%| O|  |TAMS 0x0000000705800000| PB 0x0000000705800000| Untracked 
|  12|0x0000000705a00000, 0x0000000705c00000, 0x0000000705c00000|100%| O|  |TAMS 0x0000000705a00000| PB 0x0000000705a00000| Untracked 
|  13|0x0000000705c00000, 0x0000000705e00000, 0x0000000705e00000|100%| O|  |TAMS 0x0000000705c00000| PB 0x0000000705c00000| Untracked 
|  14|0x0000000705e00000, 0x0000000706000000, 0x0000000706000000|100%| E|CS|TAMS 0x0000000705e00000| PB 0x0000000705e00000| Complete 
|  15|0x0000000706000000, 0x0000000706200000, 0x0000000706200000|100%| E|CS|TAMS 0x0000000706000000| PB 0x0000000706000000| Complete 
|  16|0x0000000706200000, 0x0000000706400000, 0x0000000706400000|100%| E|CS|TAMS 0x0000000706200000| PB 0x0000000706200000| Complete 
|  17|0x0000000706400000, 0x00000007065eee40, 0x0000000706600000| 96%| O|  |TAMS 0x0000000706400000| PB 0x0000000706400000| Untracked 
|  18|0x0000000706600000, 0x0000000706600000, 0x0000000706800000|  0%| F|  |TAMS 0x0000000706600000| PB 0x0000000706600000| Untracked 
|  19|0x0000000706800000, 0x00000007069528a0, 0x0000000706a00000| 66%| S|  |TAMS 0x0000000706800000| PB 0x0000000706800000| Complete 
|  20|0x0000000706a00000, 0x0000000706c00000, 0x0000000706c00000|100%| S|  |TAMS 0x0000000706a00000| PB 0x0000000706a00000| Complete 
|  21|0x0000000706c00000, 0x0000000706e00000, 0x0000000706e00000|100%| E|CS|TAMS 0x0000000706c00000| PB 0x0000000706c00000| Complete 
|  22|0x0000000706e00000, 0x0000000707000000, 0x0000000707000000|100%| E|CS|TAMS 0x0000000706e00000| PB 0x0000000706e00000| Complete 
|  23|0x0000000707000000, 0x0000000707200000, 0x0000000707200000|100%| E|CS|TAMS 0x0000000707000000| PB 0x0000000707000000| Complete 
|  24|0x0000000707200000, 0x0000000707400000, 0x0000000707400000|100%| E|CS|TAMS 0x0000000707200000| PB 0x0000000707200000| Complete 
|  25|0x0000000707400000, 0x0000000707600000, 0x0000000707600000|100%| E|CS|TAMS 0x0000000707400000| PB 0x0000000707400000| Complete 
|  26|0x0000000707600000, 0x0000000707800000, 0x0000000707800000|100%| E|CS|TAMS 0x0000000707600000| PB 0x0000000707600000| Complete 
|  27|0x0000000707800000, 0x0000000707a00000, 0x0000000707a00000|100%| E|CS|TAMS 0x0000000707800000| PB 0x0000000707800000| Complete 
|  28|0x0000000707a00000, 0x0000000707c00000, 0x0000000707c00000|100%| E|CS|TAMS 0x0000000707a00000| PB 0x0000000707a00000| Complete 
|  29|0x0000000707c00000, 0x0000000707e00000, 0x0000000707e00000|100%| E|CS|TAMS 0x0000000707c00000| PB 0x0000000707c00000| Complete 
|  30|0x0000000707e00000, 0x0000000708000000, 0x0000000708000000|100%| E|CS|TAMS 0x0000000707e00000| PB 0x0000000707e00000| Complete 
|  93|0x000000070fc00000, 0x000000070fe00000, 0x000000070fe00000|100%| E|CS|TAMS 0x000000070fc00000| PB 0x000000070fc00000| Complete 
|  94|0x000000070fe00000, 0x0000000710000000, 0x0000000710000000|100%| E|CS|TAMS 0x000000070fe00000| PB 0x000000070fe00000| Complete 
|  95|0x0000000710000000, 0x0000000710200000, 0x0000000710200000|100%| E|CS|TAMS 0x0000000710000000| PB 0x0000000710000000| Complete 
|  96|0x0000000710200000, 0x0000000710400000, 0x0000000710400000|100%| E|CS|TAMS 0x0000000710200000| PB 0x0000000710200000| Complete 
| 125|0x0000000713c00000, 0x0000000713e00000, 0x0000000713e00000|100%| E|CS|TAMS 0x0000000713c00000| PB 0x0000000713c00000| Complete 

Card table byte_map: [0x000001fd5fe50000,0x000001fd60630000] _byte_map_base: 0x000001fd5c62f000

Marking Bits: (CMBitMap*) 0x000001fd47f62140
 Bits: [0x000001fd60630000, 0x000001fd64528000)

Polling page: 0x000001fd45ec0000

Metaspace:

Usage:
  Non-class:     58.91 MB used.
      Class:      9.04 MB used.
       Both:     67.96 MB used.

Virtual space:
  Non-class space:       64.00 MB reserved,      59.31 MB ( 93%) committed,  1 nodes.
      Class space:        1.00 GB reserved,       9.38 MB ( <1%) committed,  1 nodes.
             Both:        1.06 GB reserved,      68.69 MB (  6%) committed. 

Chunk freelists:
   Non-Class:  4.51 MB
       Class:  6.50 MB
        Both:  11.00 MB

MaxMetaspaceSize: unlimited
CompressedClassSpaceSize: 1.00 GB
Initial GC threshold: 21.00 MB
Current GC threshold: 99.81 MB
CDS: on
 - commit_granule_bytes: 65536.
 - commit_granule_words: 8192.
 - virtual_space_node_default_size: 8388608.
 - enlarge_chunks_in_place: 1.
 - use_allocation_guard: 0.


Internal statistics:

num_allocs_failed_limit: 12.
num_arena_births: 956.
num_arena_deaths: 0.
num_vsnodes_births: 2.
num_vsnodes_deaths: 0.
num_space_committed: 1099.
num_space_uncommitted: 0.
num_chunks_returned_to_freelist: 12.
num_chunks_taken_from_freelist: 3352.
num_chunk_merges: 6.
num_chunk_splits: 2370.
num_chunks_enlarged: 1814.
num_inconsistent_stats: 0.

CodeHeap 'non-profiled nmethods': size=120000Kb used=3842Kb max_used=3842Kb free=116157Kb
 bounds [0x000001fd57e10000, 0x000001fd581e0000, 0x000001fd5f340000]
CodeHeap 'profiled nmethods': size=120000Kb used=11120Kb max_used=11120Kb free=108879Kb
 bounds [0x000001fd50340000, 0x000001fd50e20000, 0x000001fd57870000]
CodeHeap 'non-nmethods': size=5760Kb used=1922Kb max_used=1983Kb free=3837Kb
 bounds [0x000001fd57870000, 0x000001fd57ae0000, 0x000001fd57e10000]
 total_blobs=6329 nmethods=5596 adapters=637
 compilation: enabled
              stopped_count=0, restarted_count=0
 full_count=0

Compilation events (20 events):
Event: 12.844 Thread 0x000001fd6cbed350 6289       4       java.nio.HeapByteBuffer::getChar (29 bytes)
Event: 12.845 Thread 0x000001fd6cbed350 nmethod 6289 0x000001fd581c7610 code [0x000001fd581c77a0, 0x000001fd581c78c0]
Event: 12.846 Thread 0x000001fd6cbed350 6280  s    4       java.io.ByteArrayInputStream::read (73 bytes)
Event: 12.848 Thread 0x000001fd6cbed350 nmethod 6280 0x000001fd581c7a10 code [0x000001fd581c7bc0, 0x000001fd581c7fa8]
Event: 12.848 Thread 0x000001fd6cbed350 6275       4       java.io.BufferedInputStream::getBufIfOpen (61 bytes)
Event: 12.851 Thread 0x000001fd6cbed350 nmethod 6275 0x000001fd581c8190 code [0x000001fd581c8320, 0x000001fd581c8628]
Event: 12.852 Thread 0x000001fd6cbed350 6276       4       java.io.BufferedInputStream::read1 (121 bytes)
Event: 12.855 Thread 0x000001fd6cbed350 nmethod 6276 0x000001fd581c8710 code [0x000001fd581c8920, 0x000001fd581c8f78]
Event: 12.855 Thread 0x000001fd6cbed350 6277   !   4       java.io.BufferedInputStream::read (69 bytes)
Event: 12.859 Thread 0x000001fd6cbed350 nmethod 6277 0x000001fd581c9290 code [0x000001fd581c94a0, 0x000001fd581c9a20]
Event: 12.862 Thread 0x000001fd6694a3c0 nmethod 6279 0x000001fd581c9f10 code [0x000001fd581ca260, 0x000001fd581cc0d0]
Event: 12.865 Thread 0x000001fd70be88d0 nmethod 6281 0x000001fd581ccf90 code [0x000001fd581cd300, 0x000001fd581cf420]
Event: 12.917 Thread 0x000001fd6694e360 6291       3       java.util.Properties::getProperty (50 bytes)
Event: 12.917 Thread 0x000001fd6694e360 nmethod 6291 0x000001fd50e1b790 code [0x000001fd50e1b960, 0x000001fd50e1bee8]
Event: 12.918 Thread 0x000001fd70be88d0 6292       4       java.math.BigInteger::testBit (38 bytes)
Event: 12.918 Thread 0x000001fd6694e360 6293       3       sun.security.provider.SHA5::implReset (20 bytes)
Event: 12.918 Thread 0x000001fd6694e360 nmethod 6293 0x000001fd50e1c010 code [0x000001fd50e1c1c0, 0x000001fd50e1c388]
Event: 12.919 Thread 0x000001fd70be88d0 nmethod 6292 0x000001fd581d0690 code [0x000001fd581d0820, 0x000001fd581d0988]
Event: 12.919 Thread 0x000001fd6cbed350 6294 %     4       com.sun.crypto.provider.CounterMode::implCrypt @ 3 (88 bytes)
Event: 12.920 Thread 0x000001fd6694a3c0 6295       4       sun.security.util.DerValue::<init> (445 bytes)

GC Heap History (20 events):
Event: 0.607 GC heap after
{Heap after GC invocations=1 (full 0):
 garbage-first heap   total 258048K, used 8479K [0x0000000704200000, 0x0000000800000000)
  region size 2048K, 2 young (4096K), 2 survivors (4096K)
 Metaspace       used 4933K, committed 5248K, reserved 1114112K
  class space    used 547K, committed 704K, reserved 1048576K
}
Event: 1.111 GC heap before
{Heap before GC invocations=1 (full 0):
 garbage-first heap   total 258048K, used 33055K [0x0000000704200000, 0x0000000800000000)
  region size 2048K, 14 young (28672K), 2 survivors (4096K)
 Metaspace       used 11129K, committed 11456K, reserved 1114112K
  class space    used 1331K, committed 1472K, reserved 1048576K
}
Event: 1.115 GC heap after
{Heap after GC invocations=2 (full 0):
 garbage-first heap   total 258048K, used 10100K [0x0000000704200000, 0x0000000800000000)
  region size 2048K, 1 young (2048K), 1 survivors (2048K)
 Metaspace       used 11129K, committed 11456K, reserved 1114112K
  class space    used 1331K, committed 1472K, reserved 1048576K
}
Event: 2.165 GC heap before
{Heap before GC invocations=2 (full 0):
 garbage-first heap   total 258048K, used 63348K [0x0000000704200000, 0x0000000800000000)
  region size 2048K, 29 young (59392K), 1 survivors (2048K)
 Metaspace       used 21160K, committed 21504K, reserved 1114112K
  class space    used 2568K, committed 2752K, reserved 1048576K
}
Event: 2.170 GC heap after
{Heap after GC invocations=3 (full 0):
 garbage-first heap   total 258048K, used 15200K [0x0000000704200000, 0x0000000800000000)
  region size 2048K, 4 young (8192K), 4 survivors (8192K)
 Metaspace       used 21160K, committed 21504K, reserved 1114112K
  class space    used 2568K, committed 2752K, reserved 1048576K
}
Event: 3.364 GC heap before
{Heap before GC invocations=4 (full 0):
 garbage-first heap   total 61440K, used 60256K [0x0000000704200000, 0x0000000800000000)
  region size 2048K, 26 young (53248K), 4 survivors (8192K)
 Metaspace       used 30133K, committed 30592K, reserved 1114112K
  class space    used 3774K, committed 3968K, reserved 1048576K
}
Event: 3.372 GC heap after
{Heap after GC invocations=5 (full 0):
 garbage-first heap   total 73728K, used 20025K [0x0000000704200000, 0x0000000800000000)
  region size 2048K, 6 young (12288K), 6 survivors (12288K)
 Metaspace       used 30133K, committed 30592K, reserved 1114112K
  class space    used 3774K, committed 3968K, reserved 1048576K
}
Event: 4.040 GC heap before
{Heap before GC invocations=5 (full 0):
 garbage-first heap   total 73728K, used 40505K [0x0000000704200000, 0x0000000800000000)
  region size 2048K, 17 young (34816K), 6 survivors (12288K)
 Metaspace       used 35423K, committed 35968K, reserved 1114112K
  class space    used 4410K, committed 4672K, reserved 1048576K
}
Event: 4.049 GC heap after
{Heap after GC invocations=6 (full 0):
 garbage-first heap   total 73728K, used 21285K [0x0000000704200000, 0x0000000800000000)
  region size 2048K, 2 young (4096K), 2 survivors (4096K)
 Metaspace       used 35423K, committed 35968K, reserved 1114112K
  class space    used 4410K, committed 4672K, reserved 1048576K
}
Event: 4.067 GC heap before
{Heap before GC invocations=6 (full 0):
 garbage-first heap   total 73728K, used 21285K [0x0000000704200000, 0x0000000800000000)
  region size 2048K, 3 young (6144K), 2 survivors (4096K)
 Metaspace       used 35780K, committed 36288K, reserved 1114112K
  class space    used 4447K, committed 4672K, reserved 1048576K
}
Event: 4.069 GC heap after
{Heap after GC invocations=7 (full 0):
 garbage-first heap   total 73728K, used 20849K [0x0000000704200000, 0x0000000800000000)
  region size 2048K, 2 young (4096K), 2 survivors (4096K)
 Metaspace       used 35780K, committed 36288K, reserved 1114112K
  class space    used 4447K, committed 4672K, reserved 1048576K
}
Event: 5.322 GC heap before
{Heap before GC invocations=8 (full 0):
 garbage-first heap   total 73728K, used 55665K [0x0000000704200000, 0x0000000800000000)
  region size 2048K, 20 young (40960K), 2 survivors (4096K)
 Metaspace       used 47416K, committed 48000K, reserved 1114112K
  class space    used 6066K, committed 6336K, reserved 1048576K
}
Event: 5.326 GC heap after
{Heap after GC invocations=9 (full 0):
 garbage-first heap   total 73728K, used 23187K [0x0000000704200000, 0x0000000800000000)
  region size 2048K, 3 young (6144K), 3 survivors (6144K)
 Metaspace       used 47416K, committed 48000K, reserved 1114112K
  class space    used 6066K, committed 6336K, reserved 1048576K
}
Event: 6.088 GC heap before
{Heap before GC invocations=9 (full 0):
 garbage-first heap   total 73728K, used 58003K [0x0000000704200000, 0x0000000800000000)
  region size 2048K, 21 young (43008K), 3 survivors (6144K)
 Metaspace       used 58130K, committed 58688K, reserved 1114112K
  class space    used 7679K, committed 7936K, reserved 1048576K
}
Event: 6.093 GC heap after
{Heap after GC invocations=10 (full 0):
 garbage-first heap   total 73728K, used 24928K [0x0000000704200000, 0x0000000800000000)
  region size 2048K, 3 young (6144K), 3 survivors (6144K)
 Metaspace       used 58130K, committed 58688K, reserved 1114112K
  class space    used 7679K, committed 7936K, reserved 1048576K
}
Event: 6.307 GC heap before
{Heap before GC invocations=10 (full 0):
 garbage-first heap   total 73728K, used 35168K [0x0000000704200000, 0x0000000800000000)
  region size 2048K, 9 young (18432K), 3 survivors (6144K)
 Metaspace       used 60529K, committed 61056K, reserved 1114112K
  class space    used 7951K, committed 8192K, reserved 1048576K
}
Event: 6.310 GC heap after
{Heap after GC invocations=11 (full 0):
 garbage-first heap   total 73728K, used 26046K [0x0000000704200000, 0x0000000800000000)
  region size 2048K, 2 young (4096K), 2 survivors (4096K)
 Metaspace       used 60529K, committed 61056K, reserved 1114112K
  class space    used 7951K, committed 8192K, reserved 1048576K
}
Event: 7.125 GC heap before
{Heap before GC invocations=12 (full 0):
 garbage-first heap   total 73728K, used 60862K [0x0000000704200000, 0x0000000800000000)
  region size 2048K, 19 young (38912K), 2 survivors (4096K)
 Metaspace       used 63967K, committed 64576K, reserved 1114112K
  class space    used 8507K, committed 8768K, reserved 1048576K
}
Event: 7.130 GC heap after
{Heap after GC invocations=13 (full 0):
 garbage-first heap   total 73728K, used 29237K [0x0000000704200000, 0x0000000800000000)
  region size 2048K, 3 young (6144K), 3 survivors (6144K)
 Metaspace       used 63967K, committed 64576K, reserved 1114112K
  class space    used 8507K, committed 8768K, reserved 1048576K
}
Event: 12.921 GC heap before
{Heap before GC invocations=13 (full 0):
 garbage-first heap   total 73728K, used 59957K [0x0000000704200000, 0x0000000800000000)
  region size 2048K, 18 young (36864K), 3 survivors (6144K)
 Metaspace       used 69588K, committed 70336K, reserved 1114112K
  class space    used 9261K, committed 9600K, reserved 1048576K
}

Dll operation events (14 events):
Event: 0.009 Loaded shared library C:\Program Files\Java\jdk-21\bin\java.dll
Event: 0.047 Loaded shared library C:\Program Files\Java\jdk-21\bin\jsvml.dll
Event: 0.131 Loaded shared library C:\Program Files\Java\jdk-21\bin\zip.dll
Event: 0.135 Loaded shared library C:\Program Files\Java\jdk-21\bin\instrument.dll
Event: 0.141 Loaded shared library C:\Program Files\Java\jdk-21\bin\net.dll
Event: 0.142 Loaded shared library C:\Program Files\Java\jdk-21\bin\nio.dll
Event: 0.145 Loaded shared library C:\Program Files\Java\jdk-21\bin\zip.dll
Event: 0.232 Loaded shared library C:\Program Files\JetBrains\IntelliJ IDEA Community Edition 2023.2.3\bin\breakgen64.dll
Event: 0.244 Loaded shared library C:\Program Files\Java\jdk-21\bin\extnet.dll
Event: 0.278 Loaded shared library C:\Program Files\Java\jdk-21\bin\jimage.dll
Event: 0.555 Loaded shared library C:\Program Files\Java\jdk-21\bin\management.dll
Event: 0.557 Loaded shared library C:\Program Files\Java\jdk-21\bin\management_ext.dll
Event: 1.426 Loaded shared library C:\Program Files\Java\jdk-21\bin\sunmscapi.dll
Event: 4.834 Loaded shared library C:\Program Files\Java\jdk-21\bin\verify.dll

Deoptimization events (20 events):
Event: 12.829 Thread 0x000001fd6ec0d9c0 Uncommon trap: trap_request=0xffffff45 fr.pc=0x000001fd5801ae2c relative=0x000000000000008c
Event: 12.829 Thread 0x000001fd6ec0d9c0 Uncommon trap: reason=unstable_if action=reinterpret pc=0x000001fd5801ae2c method=jdk.internal.misc.Unsafe.convEndian(ZI)I @ 4 c2
Event: 12.829 Thread 0x000001fd6ec0d9c0 DEOPT PACKING pc=0x000001fd5801ae2c sp=0x000000170c1fad20
Event: 12.829 Thread 0x000001fd6ec0d9c0 DEOPT UNPACKING pc=0x000001fd578c7da2 sp=0x000000170c1fac28 mode 2
Event: 12.836 Thread 0x000001fd6ec0d9c0 Uncommon trap: trap_request=0xffffffbe fr.pc=0x000001fd580e42b4 relative=0x0000000000000374
Event: 12.836 Thread 0x000001fd6ec0d9c0 Uncommon trap: reason=profile_predicate action=maybe_recompile pc=0x000001fd580e42b4 method=java.util.Arrays$ArrayList.indexOf(Ljava/lang/Object;)I @ 39 c2
Event: 12.836 Thread 0x000001fd6ec0d9c0 DEOPT PACKING pc=0x000001fd580e42b4 sp=0x000000170c1fc8f0
Event: 12.837 Thread 0x000001fd6ec0d9c0 DEOPT UNPACKING pc=0x000001fd578c7da2 sp=0x000000170c1fc868 mode 2
Event: 12.837 Thread 0x000001fd6ec0d9c0 Uncommon trap: trap_request=0xffffffdc fr.pc=0x000001fd581b751c relative=0x000000000000025c
Event: 12.837 Thread 0x000001fd6ec0d9c0 Uncommon trap: reason=class_check action=make_not_entrant pc=0x000001fd581b751c method=java.util.ArrayList.toArray([Ljava/lang/Object;)[Ljava/lang/Object; @ 21 c2
Event: 12.837 Thread 0x000001fd6ec0d9c0 DEOPT PACKING pc=0x000001fd581b751c sp=0x000000170c1fcc10
Event: 12.837 Thread 0x000001fd6ec0d9c0 DEOPT UNPACKING pc=0x000001fd578c7da2 sp=0x000000170c1fcbd0 mode 2
Event: 12.837 Thread 0x000001fd6ec0d9c0 Uncommon trap: trap_request=0xffffffbe fr.pc=0x000001fd580e42b4 relative=0x0000000000000374
Event: 12.837 Thread 0x000001fd6ec0d9c0 Uncommon trap: reason=profile_predicate action=maybe_recompile pc=0x000001fd580e42b4 method=java.util.Arrays$ArrayList.indexOf(Ljava/lang/Object;)I @ 39 c2
Event: 12.837 Thread 0x000001fd6ec0d9c0 DEOPT PACKING pc=0x000001fd580e42b4 sp=0x000000170c1fc8c0
Event: 12.837 Thread 0x000001fd6ec0d9c0 DEOPT UNPACKING pc=0x000001fd578c7da2 sp=0x000000170c1fc838 mode 2
Event: 12.920 Thread 0x000001fd6ec0d9c0 Uncommon trap: trap_request=0xffffffe4 fr.pc=0x000001fd581b5a54 relative=0x0000000000000474
Event: 12.920 Thread 0x000001fd6ec0d9c0 Uncommon trap: reason=range_check action=make_not_entrant pc=0x000001fd581b5a54 method=sun.security.util.DerValue.<init>([BIIZZ)V @ 83 c2
Event: 12.920 Thread 0x000001fd6ec0d9c0 DEOPT PACKING pc=0x000001fd581b5a54 sp=0x000000170c1fc080
Event: 12.920 Thread 0x000001fd6ec0d9c0 DEOPT UNPACKING pc=0x000001fd578c7da2 sp=0x000000170c1fc010 mode 2

Classes loaded (20 events):
Event: 12.828 Loading class jdk/internal/icu/impl/ICUBinary$1
Event: 12.828 Loading class jdk/internal/icu/impl/ICUBinary$1 done
Event: 12.829 Loading class jdk/internal/icu/impl/UCharacterProperty$IsAcceptable
Event: 12.829 Loading class jdk/internal/icu/impl/UCharacterProperty$IsAcceptable done
Event: 12.829 Loading class jdk/internal/icu/impl/Trie2_16
Event: 12.830 Loading class jdk/internal/icu/impl/Trie2
Event: 12.830 Loading class jdk/internal/icu/impl/Trie2 done
Event: 12.830 Loading class jdk/internal/icu/impl/Trie2_16 done
Event: 12.831 Loading class jdk/internal/icu/impl/Trie2$1
Event: 12.831 Loading class jdk/internal/icu/impl/Trie2$ValueMapper
Event: 12.831 Loading class jdk/internal/icu/impl/Trie2$ValueMapper done
Event: 12.831 Loading class jdk/internal/icu/impl/Trie2$1 done
Event: 12.831 Loading class jdk/internal/icu/impl/Trie2$UTrie2Header
Event: 12.832 Loading class jdk/internal/icu/impl/Trie2$UTrie2Header done
Event: 12.837 Loading class sun/security/ssl/ServerNameExtension$CHServerNamesSpec
Event: 12.837 Loading class sun/security/ssl/ServerNameExtension$CHServerNamesSpec done
Event: 12.919 Loading class sun/security/ssl/ServerNameExtension$SHServerNamesSpec
Event: 12.919 Loading class sun/security/ssl/ServerNameExtension$SHServerNamesSpec done
Event: 12.920 Loading class sun/security/validator/Validator
Event: 12.921 Loading class sun/security/validator/Validator done

Classes unloaded (0 events):
No events

Classes redefined (0 events):
No events

Internal exceptions (20 events):
Event: 6.242 Thread 0x000001fd6bf6bca0 Exception <a 'java/lang/IncompatibleClassChangeError'{0x000000070fc02120}: Found class java.lang.Object, but interface was expected> (0x000000070fc02120) 
thrown [s\open\src\hotspot\share\interpreter\linkResolver.cpp, line 840]
Event: 6.273 Thread 0x000001fd6bf6bca0 Exception <a 'java/lang/IncompatibleClassChangeError'{0x000000070fd58660}: Found class java.lang.Object, but interface was expected> (0x000000070fd58660) 
thrown [s\open\src\hotspot\share\interpreter\linkResolver.cpp, line 840]
Event: 6.454 Thread 0x000001fd6bf6bca0 Exception <a 'java/lang/IncompatibleClassChangeError'{0x000000071006a130}: Found class java.lang.Object, but interface was expected> (0x000000071006a130) 
thrown [s\open\src\hotspot\share\interpreter\linkResolver.cpp, line 840]
Event: 6.635 Thread 0x000001fd6bf6bca0 Exception <a 'java/lang/NoSuchMethodError'{0x000000070742dc60}: 'java.lang.Object java.lang.invoke.DirectMethodHandle$Holder.newInvokeSpecial(java.lang.Object, java.lang.Object, java.lang.Object, java.lang.Object, java.lang.Object, java.lang.Object, java.lang.Object, java.lang.Object)'> (0x000000070742dc60) 
thrown [s\open\src\hotspot\share\interpreter\linkResolver.cpp, line 773]
Event: 6.903 Thread 0x000001fd6bf6bca0 Exception <a 'java/lang/IncompatibleClassChangeError'{0x0000000706a22d78}: Found class java.lang.Object, but interface was expected> (0x0000000706a22d78) 
thrown [s\open\src\hotspot\share\interpreter\linkResolver.cpp, line 840]
Event: 6.962 Thread 0x000001fd6bf6bca0 Exception <a 'java/lang/NoSuchMethodError'{0x0000000706bc01b0}: 'void java.lang.invoke.DirectMethodHandle$Holder.invokeVirtual(java.lang.Object, java.lang.Object, long)'> (0x0000000706bc01b0) 
thrown [s\open\src\hotspot\share\interpreter\linkResolver.cpp, line 773]
Event: 7.033 Thread 0x000001fd6bf6bca0 Exception <a 'java/lang/NoSuchMethodError'{0x00000007066d5148}: 'int java.lang.invoke.DirectMethodHandle$Holder.invokeStaticInit(java.lang.Object, java.lang.Object, java.lang.Object, java.lang.Object)'> (0x00000007066d5148) 
thrown [s\open\src\hotspot\share\interpreter\linkResolver.cpp, line 773]
Event: 7.112 Thread 0x000001fd6bf6bca0 Exception <a 'java/lang/IncompatibleClassChangeError'{0x0000000706550f70}: Found class java.lang.Object, but interface was expected> (0x0000000706550f70) 
thrown [s\open\src\hotspot\share\interpreter\linkResolver.cpp, line 840]
Event: 7.178 Thread 0x000001fd6bf6bca0 Exception <a 'java/lang/IncompatibleClassChangeError'{0x00000007102dc898}: Found class java.lang.Object, but interface was expected> (0x00000007102dc898) 
thrown [s\open\src\hotspot\share\interpreter\linkResolver.cpp, line 840]
Event: 7.187 Thread 0x000001fd6bf6bca0 Exception <a 'java/lang/NoSuchMethodError'{0x00000007103391e8}: 'java.lang.Object java.lang.invoke.DirectMethodHandle$Holder.newInvokeSpecial(java.lang.Object, java.lang.Object, java.lang.Object, int, int)'> (0x00000007103391e8) 
thrown [s\open\src\hotspot\share\interpreter\linkResolver.cpp, line 773]
Event: 7.199 Thread 0x000001fd6bf6bca0 Exception <a 'java/lang/IncompatibleClassChangeError'{0x00000007103ace88}: Found class java.lang.Object, but interface was expected> (0x00000007103ace88) 
thrown [s\open\src\hotspot\share\interpreter\linkResolver.cpp, line 840]
Event: 7.208 Thread 0x000001fd6bf6bca0 Exception <a 'java/lang/NoSuchMethodError'{0x000000071002a530}: 'java.lang.Object java.lang.invoke.DirectMethodHandle$Holder.invokeVirtual(java.lang.Object, java.lang.Object, java.lang.Object, java.lang.Object, java.lang.Object, java.lang.Object, java.lang.Object)'> (0x000000071002a530) 
thrown [s\open\src\hotspot\share\interpreter\linkResolver.cpp, line 773]
Event: 7.262 Thread 0x000001fd6bf6bca0 Implicit null exception at 0x000001fd57f73f88 to 0x000001fd57f741f4
Event: 7.487 Thread 0x000001fd6bf6bca0 Exception <a 'java/lang/NoSuchMethodError'{0x0000000707cb83a0}: 'java.lang.Object java.lang.invoke.DirectMethodHandle$Holder.newInvokeSpecial(java.lang.Object, java.lang.Object, int, java.lang.Object, java.lang.Object)'> (0x0000000707cb83a0) 
thrown [s\open\src\hotspot\share\interpreter\linkResolver.cpp, line 773]
Event: 7.488 Thread 0x000001fd6bf6bca0 Exception <a 'java/lang/NoSuchMethodError'{0x0000000707cc3250}: 'java.lang.Object java.lang.invoke.DirectMethodHandle$Holder.invokeSpecial(java.lang.Object, java.lang.Object, int, java.lang.Object, int, java.lang.Object)'> (0x0000000707cc3250) 
thrown [s\open\src\hotspot\share\interpreter\linkResolver.cpp, line 773]
Event: 7.489 Thread 0x000001fd6bf6bca0 Exception <a 'java/lang/NoSuchMethodError'{0x0000000707cca6b0}: 'java.lang.Object java.lang.invoke.DirectMethodHandle$Holder.newInvokeSpecial(java.lang.Object, java.lang.Object, int, java.lang.Object, int)'> (0x0000000707cca6b0) 
thrown [s\open\src\hotspot\share\interpreter\linkResolver.cpp, line 773]
Event: 7.489 Thread 0x000001fd6bf6bca0 Exception <a 'java/lang/NoSuchMethodError'{0x0000000707cce520}: 'java.lang.Object java.lang.invoke.DirectMethodHandle$Holder.invokeSpecial(java.lang.Object, java.lang.Object, java.lang.Object, int, java.lang.Object, int)'> (0x0000000707cce520) 
thrown [s\open\src\hotspot\share\interpreter\linkResolver.cpp, line 773]
Event: 12.485 Thread 0x000001fd6ec0d9c0 Exception <a 'java/lang/NoSuchMethodError'{0x00000007079cf198}: 'java.lang.Object java.lang.invoke.DirectMethodHandle$Holder.invokeSpecial(java.lang.Object, java.lang.Object, java.lang.Object, java.lang.Object, java.lang.Object, long)'> (0x00000007079cf198) 
thrown [s\open\src\hotspot\share\interpreter\linkResolver.cpp, line 773]
Event: 12.485 Thread 0x000001fd6ec0d9c0 Exception <a 'java/lang/NoSuchMethodError'{0x00000007079d2958}: 'java.lang.Object java.lang.invoke.Invokers$Holder.linkToTargetMethod(java.lang.Object, java.lang.Object, java.lang.Object, long, java.lang.Object)'> (0x00000007079d2958) 
thrown [s\open\src\hotspot\share\interpreter\linkResolver.cpp, line 773]
Event: 12.691 Thread 0x000001fd6ec0d9c0 Exception <a 'java/lang/NoSuchMethodError'{0x0000000706d2ac40}: 'boolean java.lang.reflect.AccessibleObject.canAccess(java.lang.Object, java.lang.Class)'> (0x0000000706d2ac40) 
thrown [s\open\src\hotspot\share\interpreter\linkResolver.cpp, line 773]

ZGC Phase Switch (0 events):
No events

VM Operations (20 events):
Event: 7.485 Executing VM operation: HandshakeAllThreads (Deoptimize) done
Event: 8.496 Executing VM operation: Cleanup
Event: 8.496 Executing VM operation: Cleanup done
Event: 9.503 Executing VM operation: Cleanup
Event: 9.503 Executing VM operation: Cleanup done
Event: 10.503 Executing VM operation: Cleanup
Event: 10.504 Executing VM operation: Cleanup done
Event: 11.518 Executing VM operation: Cleanup
Event: 11.518 Executing VM operation: Cleanup done
Event: 12.498 Executing VM operation: HandshakeAllThreads (Deoptimize)
Event: 12.498 Executing VM operation: HandshakeAllThreads (Deoptimize) done
Event: 12.570 Executing VM operation: HandshakeAllThreads (Deoptimize)
Event: 12.570 Executing VM operation: HandshakeAllThreads (Deoptimize) done
Event: 12.570 Executing VM operation: Cleanup
Event: 12.570 Executing VM operation: Cleanup done
Event: 12.606 Executing VM operation: HandshakeAllThreads (Deoptimize)
Event: 12.606 Executing VM operation: HandshakeAllThreads (Deoptimize) done
Event: 12.652 Executing VM operation: HandshakeAllThreads (Deoptimize)
Event: 12.652 Executing VM operation: HandshakeAllThreads (Deoptimize) done
Event: 12.920 Executing VM operation: G1CollectForAllocation (G1 Evacuation Pause)

Events (20 events):
Event: 7.499 Thread 0x000001fd70a8dbd0 Thread added: 0x000001fd70a8dbd0
Event: 7.500 Thread 0x000001fd70a8ceb0 Thread added: 0x000001fd70a8ceb0
Event: 7.500 Thread 0x000001fd70a8c820 Thread added: 0x000001fd70a8c820
Event: 7.500 Thread 0x000001fd70a8e260 Thread added: 0x000001fd70a8e260
Event: 7.500 Thread 0x000001fd70a8ef80 Thread added: 0x000001fd70a8ef80
Event: 7.500 Thread 0x000001fd70a8e8f0 Thread added: 0x000001fd70a8e8f0
Event: 7.500 Thread 0x000001fd70a8d540 Thread added: 0x000001fd70a8d540
Event: 7.513 Thread 0x000001fd70a8fca0 Thread added: 0x000001fd70a8fca0
Event: 7.515 Thread 0x000001fd70a8f610 Thread added: 0x000001fd70a8f610
Event: 7.543 Thread 0x000001fd6bf6bca0 Thread exited: 0x000001fd6bf6bca0
Event: 7.546 Thread 0x000001fd6ba48210 Thread exited: 0x000001fd6ba48210
Event: 7.547 Thread 0x000001fd47efb4f0 Thread exited: 0x000001fd47efb4f0
Event: 7.547 Thread 0x000001fd71e2b090 Thread added: 0x000001fd71e2b090
Event: 8.078 Thread 0x000001fd6d63ab20 Thread exited: 0x000001fd6d63ab20
Event: 8.078 Thread 0x000001fd6ecdf290 Thread exited: 0x000001fd6ecdf290
Event: 9.815 Thread 0x000001fd6ec10120 Thread exited: 0x000001fd6ec10120
Event: 12.663 Thread 0x000001fd70be88d0 Thread added: 0x000001fd70be88d0
Event: 12.820 Thread 0x000001fd70be88d0 Thread exited: 0x000001fd70be88d0
Event: 12.823 Thread 0x000001fd6cbed350 Thread added: 0x000001fd6cbed350
Event: 12.830 Thread 0x000001fd70be88d0 Thread added: 0x000001fd70be88d0


Dynamic libraries:
0x00007ff66ce90000 - 0x00007ff66cea0000 	C:\Program Files\Java\jdk-21\bin\java.exe
0x00007ff9b0c70000 - 0x00007ff9b0e87000 	C:\WINDOWS\SYSTEM32\ntdll.dll
0x00007ff9b07c0000 - 0x00007ff9b0884000 	C:\WINDOWS\System32\KERNEL32.DLL
0x00007ff9ae2b0000 - 0x00007ff9ae656000 	C:\WINDOWS\System32\KERNELBASE.dll
0x00007ff9adfb0000 - 0x00007ff9ae0c1000 	C:\WINDOWS\System32\ucrtbase.dll
0x00007ff99cdb0000 - 0x00007ff99cdc9000 	C:\Program Files\Java\jdk-21\bin\jli.dll
0x00007ff99ce10000 - 0x00007ff99ce2b000 	C:\Program Files\Java\jdk-21\bin\VCRUNTIME140.dll
0x00007ff9b0a10000 - 0x00007ff9b0ac3000 	C:\WINDOWS\System32\ADVAPI32.dll
0x00007ff9af630000 - 0x00007ff9af6d7000 	C:\WINDOWS\System32\msvcrt.dll
0x00007ff9ae9d0000 - 0x00007ff9aea78000 	C:\WINDOWS\System32\sechost.dll
0x00007ff9ae280000 - 0x00007ff9ae2a8000 	C:\WINDOWS\System32\bcrypt.dll
0x00007ff9b0ad0000 - 0x00007ff9b0be7000 	C:\WINDOWS\System32\RPCRT4.dll
0x00007ff9aeff0000 - 0x00007ff9af19e000 	C:\WINDOWS\System32\USER32.dll
0x00007ff9ae990000 - 0x00007ff9ae9b6000 	C:\WINDOWS\System32\win32u.dll
0x00007ff9b0370000 - 0x00007ff9b0399000 	C:\WINDOWS\System32\GDI32.dll
0x00007ff9ad2c0000 - 0x00007ff9ad553000 	C:\WINDOWS\WinSxS\amd64_microsoft.windows.common-controls_6595b64144ccf1df_6.0.22621.2506_none_270c5ae97388e100\COMCTL32.dll
0x00007ff9ae660000 - 0x00007ff9ae778000 	C:\WINDOWS\System32\gdi32full.dll
0x00007ff9ae8f0000 - 0x00007ff9ae98a000 	C:\WINDOWS\System32\msvcp_win.dll
0x00007ff9ad000000 - 0x00007ff9ad00a000 	C:\WINDOWS\SYSTEM32\VERSION.dll
0x00007ff9b0bf0000 - 0x00007ff9b0c21000 	C:\WINDOWS\System32\IMM32.DLL
0x00007ff98de40000 - 0x00007ff98de4c000 	C:\Program Files\Java\jdk-21\bin\vcruntime140_1.dll
0x00007ff9564c0000 - 0x00007ff95654e000 	C:\Program Files\Java\jdk-21\bin\msvcp140.dll
0x00007ff94b950000 - 0x00007ff94c663000 	C:\Program Files\Java\jdk-21\bin\server\jvm.dll
0x00007ff9b0890000 - 0x00007ff9b0901000 	C:\WINDOWS\System32\WS2_32.dll
0x00007ff9ade80000 - 0x00007ff9adecd000 	C:\WINDOWS\SYSTEM32\POWRPROF.dll
0x00007ff9a2cb0000 - 0x00007ff9a2ce4000 	C:\WINDOWS\SYSTEM32\WINMM.dll
0x00007ff9ade60000 - 0x00007ff9ade73000 	C:\WINDOWS\SYSTEM32\UMPDC.dll
0x00007ff9ac090000 - 0x00007ff9ac0a8000 	C:\WINDOWS\SYSTEM32\kernel.appcore.dll
0x00007ff9874d0000 - 0x00007ff9874da000 	C:\Program Files\Java\jdk-21\bin\jimage.dll
0x00007ff9ad830000 - 0x00007ff9ada63000 	C:\WINDOWS\SYSTEM32\DBGHELP.DLL
0x00007ff9af2a0000 - 0x00007ff9af629000 	C:\WINDOWS\System32\combase.dll
0x00007ff9b05f0000 - 0x00007ff9b06c7000 	C:\WINDOWS\System32\OLEAUT32.dll
0x00007ff9ad720000 - 0x00007ff9ad752000 	C:\WINDOWS\SYSTEM32\dbgcore.DLL
0x00007ff9ae0d0000 - 0x00007ff9ae14a000 	C:\WINDOWS\System32\bcryptPrimitives.dll
0x00007ff995820000 - 0x00007ff99582f000 	C:\Program Files\Java\jdk-21\bin\instrument.dll
0x00007ff97e010000 - 0x00007ff97e02f000 	C:\Program Files\Java\jdk-21\bin\java.dll
0x00007ff9af8a0000 - 0x00007ff9b00fb000 	C:\WINDOWS\System32\SHELL32.dll
0x00007ff9aafa0000 - 0x00007ff9ab896000 	C:\WINDOWS\SYSTEM32\windows.storage.dll
0x00007ff9aae60000 - 0x00007ff9aaf9e000 	C:\WINDOWS\SYSTEM32\wintypes.dll
0x00007ff9b0910000 - 0x00007ff9b0a03000 	C:\WINDOWS\System32\SHCORE.dll
0x00007ff9b0530000 - 0x00007ff9b058e000 	C:\WINDOWS\System32\shlwapi.dll
0x00007ff9adee0000 - 0x00007ff9adf06000 	C:\WINDOWS\SYSTEM32\profapi.dll
0x00007ff956320000 - 0x00007ff9563f7000 	C:\Program Files\Java\jdk-21\bin\jsvml.dll
0x00007ff97dfd0000 - 0x00007ff97dfe8000 	C:\Program Files\Java\jdk-21\bin\zip.dll
0x00007ff9874c0000 - 0x00007ff9874d0000 	C:\Program Files\Java\jdk-21\bin\net.dll
0x00007ff9a5dd0000 - 0x00007ff9a5f07000 	C:\WINDOWS\SYSTEM32\WINHTTP.dll
0x00007ff9ac4b0000 - 0x00007ff9ac519000 	C:\WINDOWS\system32\mswsock.dll
0x00007ff97dff0000 - 0x00007ff97e006000 	C:\Program Files\Java\jdk-21\bin\nio.dll
0x00007ff97c100000 - 0x00007ff97c11a000 	C:\Program Files\JetBrains\IntelliJ IDEA Community Edition 2023.2.3\bin\breakgen64.dll
0x00007ff97dfc0000 - 0x00007ff97dfc7000 	C:\Program Files\Java\jdk-21\bin\extnet.dll
0x00007ff995810000 - 0x00007ff99581a000 	C:\Program Files\Java\jdk-21\bin\management.dll
0x00007ff995800000 - 0x00007ff99580b000 	C:\Program Files\Java\jdk-21\bin\management_ext.dll
0x00007ff9aea80000 - 0x00007ff9aea88000 	C:\WINDOWS\System32\PSAPI.DLL
0x00007ff989470000 - 0x00007ff98947e000 	C:\Program Files\Java\jdk-21\bin\sunmscapi.dll
0x00007ff9ae780000 - 0x00007ff9ae8e6000 	C:\WINDOWS\System32\CRYPT32.dll
0x00007ff9ad160000 - 0x00007ff9ad18e000 	C:\WINDOWS\SYSTEM32\ncrypt.dll
0x00007ff9ad120000 - 0x00007ff9ad157000 	C:\WINDOWS\SYSTEM32\NTASN1.dll
0x00007ff9adb60000 - 0x00007ff9adb7b000 	C:\WINDOWS\SYSTEM32\CRYPTSP.dll
0x00007ff9abff0000 - 0x00007ff9ac025000 	C:\WINDOWS\system32\rsaenh.dll
0x00007ff9ac5a0000 - 0x00007ff9ac5cc000 	C:\WINDOWS\SYSTEM32\USERENV.dll
0x00007ff9acfd0000 - 0x00007ff9acfdc000 	C:\WINDOWS\SYSTEM32\CRYPTBASE.dll
0x00007ff9abaf0000 - 0x00007ff9abb1d000 	C:\WINDOWS\SYSTEM32\IPHLPAPI.DLL
0x00007ff9b0520000 - 0x00007ff9b0529000 	C:\WINDOWS\System32\NSI.dll
0x00007ff9abb20000 - 0x00007ff9abc19000 	C:\WINDOWS\SYSTEM32\DNSAPI.dll
0x0000000071c80000 - 0x0000000071c8a000 	C:\Program Files\National Instruments\Shared\mDNS Responder\nimdnsNSP.dll
0x0000000071c70000 - 0x0000000071c80000 	C:\WINDOWS\SYSTEM32\nimdnsResponder.dll
0x0000000071c40000 - 0x0000000071c66000 	C:\Program Files\Bonjour\mdnsNSP.dll
0x00007ff9a5ba0000 - 0x00007ff9a5baa000 	C:\Windows\System32\rasadhlp.dll
0x00007ff99c930000 - 0x00007ff99c9b3000 	C:\WINDOWS\System32\fwpuclnt.dll
0x00007ff97a5a0000 - 0x00007ff97a5b0000 	C:\Program Files\Java\jdk-21\bin\verify.dll
0x00007ff9ac7c0000 - 0x00007ff9ac7c8000 	C:\WINDOWS\system32\wshunix.dll

dbghelp: loaded successfully - version: 4.0.5 - missing functions: none
symbol engine: initialized successfully - sym options: 0x614 - pdb path: .;C:\Program Files\Java\jdk-21\bin;C:\WINDOWS\SYSTEM32;C:\WINDOWS\WinSxS\amd64_microsoft.windows.common-controls_6595b64144ccf1df_6.0.22621.2506_none_270c5ae97388e100;C:\Program Files\Java\jdk-21\bin\server;C:\Program Files\JetBrains\IntelliJ IDEA Community Edition 2023.2.3\bin;C:\Program Files\National Instruments\Shared\mDNS Responder;C:\Program Files\Bonjour

VM Arguments:
jvm_args: -javaagent:C:\Program Files\JetBrains\IntelliJ IDEA Community Edition 2023.2.3\lib\idea_rt.jar=57422:C:\Program Files\JetBrains\IntelliJ IDEA Community Edition 2023.2.3\bin -Dfile.encoding=UTF-8 -Dsun.stdout.encoding=UTF-8 -Dsun.stderr.encoding=UTF-8 
java_command: com.example.dental_management_system.DentalManagementSystemApplication
java_class_path (initial): C:\Spring Projects\dental_management_system\target\classes;C:\Users\97154\.m2\repository\org\springframework\boot\spring-boot-starter-data-jdbc\3.2.2\spring-boot-starter-data-jdbc-3.2.2.jar;C:\Users\97154\.m2\repository\org\springframework\data\spring-data-jdbc\3.2.2\spring-data-jdbc-3.2.2.jar;C:\Users\97154\.m2\repository\org\springframework\data\spring-data-relational\3.2.2\spring-data-relational-3.2.2.jar;C:\Users\97154\.m2\repository\com\github\jsqlparser\jsqlparser\4.6\jsqlparser-4.6.jar;C:\Users\97154\.m2\repository\org\springframework\data\spring-data-commons\3.2.2\spring-data-commons-3.2.2.jar;C:\Users\97154\.m2\repository\org\springframework\spring-tx\6.1.3\spring-tx-6.1.3.jar;C:\Users\97154\.m2\repository\org\springframework\spring-context\6.1.3\spring-context-6.1.3.jar;C:\Users\97154\.m2\repository\org\springframework\spring-beans\6.1.3\spring-beans-6.1.3.jar;C:\Users\97154\.m2\repository\org\springframework\boot\spring-boot-starter-jdbc\3.2.2\spring-boot-starter-jdbc-3.2.2.jar;C:\Users\97154\.m2\repository\org\springframework\boot\spring-boot-starter\3.2.2\spring-boot-starter-3.2.2.jar;C:\Users\97154\.m2\repository\org\springframework\boot\spring-boot-starter-logging\3.2.2\spring-boot-starter-logging-3.2.2.jar;C:\Users\97154\.m2\repository\ch\qos\logback\logback-classic\1.4.14\logback-classic-1.4.14.jar;C:\Users\97154\.m2\repository\ch\qos\logback\logback-core\1.4.14\logback-core-1.4.14.jar;C:\Users\97154\.m2\repository\org\apache\logging\log4j\log4j-to-slf4j\2.21.1\log4j-to-slf4j-2.21.1.jar;C:\Users\97154\.m2\repository\org\apache\logging\log4j\log4j-api\2.21.1\log4j-api-2.21.1.jar;C:\Users\97154\.m2\repository\org\slf4j\jul-to-slf4j\2.0.11\jul-to-slf4j-2.0.11.jar;C:\Users\97154\.m2\repository\jakarta\annotation\jakarta.annotation-api\2.1.1\jakarta.annotation-api-2.1.1.jar;C:\Users\97154\.m2\repository\org\yaml\snakeyaml\2.2\snakeyaml-2.2.jar;C:\Users\97154\.m2\repository\com\zaxxer\HikariCP\5.0.1\HikariCP-5.0.1.jar;C:\Users\97154\.m2\repository\org\springframework\spring-jdbc\6.1.3\spring-jdbc-6.1.3.jar;C:\Users\97154\.m2\repository\org\springframework\boot\spring-boot-starter-security\3.2.2\spring-boot-starter-security-3.2.2.jar;C:\Users\97154\.m2\repository\org\springframework\spring-aop\6.1.3\spring-aop-6.1.3.jar;C:\Users\97154\.m2\repository\org\springframework\security\spring-security-config\6.2.1\spring-security-config-6.2.1.jar;C:\Users\97154\.m2\repository\org\springframework\security\spring-security-web\6.2.1\spring-security-web-6.2.1.jar;C:\Users\97154\.m2\repository\org\springframework\spring-expression\6.1.3\spring-expression-6.1.3.jar;C:\Users\97154\.m2\repository\org\springframework\boot\spring-boot-starter-thymeleaf\3.2.2\spring-boot-starter-thymeleaf-3.2.2.jar;C:\Users\97154\.m2\repository\org\thymeleaf\thymeleaf-spring6\3.1.2.RELEASE\thymeleaf-spring6-3.1.2.RELEASE.jar;C:\Users\97154\.m2\repository\org\thymeleaf\thymeleaf\3.1.2.RELEASE\thymeleaf-3.1.2.RELEASE.jar;C:\Users\97154\.m2\repository\org\attoparser\attoparser\2.0.7.RELEASE\attoparser-2.0.7.RELEASE.jar;C:\Users\97154\.m2\repository\org\unbescape\unbescape\1.1.6.RELEASE\unbescape-1.1.6.RELEASE.jar;C:\Users\97154\.m2\repository\org\springframework\boot\spring-boot-starter-web\3.2.2\spring-boot-starter-web-3.2.2.jar;C:\Users\97154\.m2\repository\org\springframework\boot\spring-boot-starter-json\3.2.2\spring-boot-starter-json-3.2.2.jar;C:\Users\97154\.m2\repository\com\fasterxml\jackson\core\jackson-databind\2.15.3\jackson-databind-2.15.3.jar;C:\Users\97154\.m2\repository\com\fasterxml\jackson\core\jackson-annotations\2.15.3\jackson-annotations-2.15.3.jar;C:\Users\97154\.m2\repository\com\fasterxml\jackson\core\jackson-core\2.15.3\jackson-core-2.15.3.jar;C:\Users\97154\.m2\repository\com\fasterxml\jackson\datatype\jackson-datatype-jdk8\2.15.3\jackson-datatype-jdk8-2.15.3.jar;C:\Users\97154\.m2\repository\com\fasterxml\jackson\datatype\jackson-datatype-jsr310\2.15.3\jackson-datatype-jsr310-2.15.3.jar;C:\Users\97154\.m2\repository\com\fasterxml\jackson\module\jackson-module-parameter-names\2.15.3\jackson-module-parameter-names-2.15.3.jar;C:\Users\97154\.m2\repository\org\springframework\boot\spring-boot-starter-tomcat\3.2.2\spring-boot-starter-tomcat-3.2.2.jar;C:\Users\97154\.m2\repository\org\apache\tomcat\embed\tomcat-embed-core\10.1.18\tomcat-embed-core-10.1.18.jar;C:\Users\97154\.m2\repository\org\apache\tomcat\embed\tomcat-embed-el\10.1.18\tomcat-embed-el-10.1.18.jar;C:\Users\97154\.m2\repository\org\apache\tomcat\embed\tomcat-embed-websocket\10.1.18\tomcat-embed-websocket-10.1.18.jar;C:\Users\97154\.m2\repository\org\springframework\spring-web\6.1.3\spring-web-6.1.3.jar;C:\Users\97154\.m2\repository\io\micrometer\micrometer-observation\1.12.2\micrometer-observation-1.12.2.jar;C:\Users\97154\.m2\repository\io\micrometer\micrometer-commons\1.12.2\micrometer-commons-1.12.2.jar;C:\Users\97154\.m2\repository\org\springframework\spring-webmvc\6.1.3\spring-webmvc-6.1.3.jar;C:\Users\97154\.m2\repository\org\springframework\boot\spring-boot-starter-web-services\3.2.2\spring-boot-starter-web-services-3.2.2.jar;C:\Users\97154\.m2\repository\com\sun\xml\messaging\saaj\saaj-impl\3.0.3\saaj-impl-3.0.3.jar;C:\Users\97154\.m2\repository\jakarta\xml\soap\jakarta.xml.soap-api\3.0.1\jakarta.xml.soap-api-3.0.1.jar;C:\Users\97154\.m2\repository\org\jvnet\staxex\stax-ex\2.1.0\stax-ex-2.1.0.jar;C:\Users\97154\.m2\repository\jakarta\activation\jakarta.activation-api\2.1.2\jakarta.activation-api-2.1.2.jar;C:\Users\97154\.m2\repository\org\eclipse\angus\angus-activation\2.0.1\angus-activation-2.0.1.jar;C:\Users\97154\.m2\repository\jakarta\xml\ws\jakarta.xml.ws-api\4.0.1\jakarta.xml.ws-api-4.0.1.jar;C:\Users\97154\.m2\repository\org\springframework\spring-oxm\6.1.3\spring-oxm-6.1.3.jar;C:\Users\97154\.m2\repository\org\springframework\ws\spring-ws-core\4.0.10\spring-ws-core-4.0.10.jar;C:\Users\97154\.m2\repository\org\springframework\ws\spring-xml\4.0.10\spring-xml-4.0.10.jar;C:\Users\97154\.m2\repository\org\glassfish\jaxb\jaxb-runtime\4.0.4\jaxb-runtime-4.0.4.jar;C:\Users\97154\.m2\repository\org\glassfish\jaxb\jaxb-core\4.0.4\jaxb-core-4.0.4.jar;C:\Users\97154\.m2\repository\org\glassfish\jaxb\txw2\4.0.4\txw2-4.0.4.jar;C:\Users\97154\.m2\repository\com\sun\istack\istack-commons-runtime\4.1.2\istack-commons-runtime-4.1.2.jar;C:\Users\97154\.m2\repository\org\thymeleaf\extras\thymeleaf-extras-springsecurity6\3.1.2.RELEASE\thymeleaf-extras-springsecurity6-3.1.2.RELEASE.jar;C:\Users\97154\.m2\repository\org\slf4j\slf4j-api\2.0.11\slf4j-api-2.0.11.jar;C:\Users\97154\.m2\repository\org\springframework\boot\spring-boot-starter-data-jpa\3.2.2\spring-boot-starter-data-jpa-3.2.2.jar;C:\Users\97154\.m2\repository\org\springframework\boot\spring-boot-starter-aop\3.2.2\spring-boot-starter-aop-3.2.2.jar;C:\Users\97154\.m2\repository\org\aspectj\aspectjweaver\1.9.21\aspectjweaver-1.9.21.jar;C:\Users\97154\.m2\repository\org\hibernate\orm\hibernate-core\6.4.1.Final\hibernate-core-6.4.1.Final.jar;C:\Users\97154\.m2\repository\jakarta\transaction\jakarta.transaction-api\2.0.1\jakarta.transaction-api-2.0.1.jar;C:\Users\97154\.m2\repository\org\jboss\logging\jboss-logging\3.5.3.Final\jboss-logging-3.5.3.Final.jar;C:\Users\97154\.m2\repository\org\hibernate\common\hibernate-commons-annotations\6.0.6.Final\hibernate-commons-annotations-6.0.6.Final.jar;C:\Users\97154\.m2\repository\io\smallrye\jandex\3.1.2\jandex-3.1.2.jar;C:\Users\97154\.m2\repository\com\fasterxml\classmate\1.6.0\classmate-1.6.0.jar;C:\Users\97154\.m2\repository\net\bytebuddy\byte-buddy\1.14.11\byte-buddy-1.14.11.jar;C:\Users\97154\.m2\repository\jakarta\inject\jakarta.inject-api\2.0.1\jakarta.inject-api-2.0.1.jar;C:\Users\97154\.m2\repository\org\antlr\antlr4-runtime\4.13.0\antlr4-runtime-4.13.0.jar;C:\Users\97154\.m2\repository\org\springframework\data\spring-data-jpa\3.2.2\spring-data-jpa-3.2.2.jar;C:\Users\97154\.m2\repository\org\springframework\spring-orm\6.1.3\spring-orm-6.1.3.jar;C:\Users\97154\.m2\repository\org\springframework\spring-aspects\6.1.3\spring-aspects-6.1.3.jar;C:\Users\97154\.m2\repository\org\springframework\boot\spring-boot-devtools\3.2.2\spring-boot-devtools-3.2.2.jar;C:\Users\97154\.m2\repository\org\springframework\boot\spring-boot\3.2.2\spring-boot-3.2.2.jar;C:\Users\97154\.m2\repository\org\springframework\boot\spring-boot-autoconfigure\3.2.2\spring-boot-autoconfigure-3.2.2.jar;C:\Users\97154\.m2\repository\com\mysql\mysql-connector-j\8.3.0\mysql-connector-j-8.3.0.jar;C:\Users\97154\.m2\repository\com\stripe\stripe-java\24.11.0\stripe-java-24.11.0.jar;C:\Users\97154\.m2\repository\com\google\code\gson\gson\2.10.1\gson-2.10.1.jar;C:\Users\97154\.m2\repository\jakarta\xml\bind\jakarta.xml.bind-api\4.0.1\jakarta.xml.bind-api-4.0.1.jar;C:\Users\97154\.m2\repository\org\springframework\spring-core\6.1.3\spring-core-6.1.3.jar;C:\Users\97154\.m2\repository\org\springframework\spring-jcl\6.1.3\spring-jcl-6.1.3.jar;C:\Users\97154\.m2\repository\org\projectlombok\lombok\1.18.30\lombok-1.18.30.jar;C:\Users\97154\.m2\repository\org\springframework\security\spring-security-core\6.2.1\spring-security-core-6.2.1.jar;C:\Users\97154\.m2\repository\org\springframework\security\spring-security-crypto\6.2.1\spring-security-crypto-6.2.1.jar;C:\Users\97154\.m2\repository\jakarta\persistence\jakarta.persistence-api\3.1.0\jakarta.persistence-api-3.1.0.jar
Launcher Type: SUN_STANDARD

[Global flags]
     intx CICompilerCount                          = 4                                         {product} {ergonomic}
     uint ConcGCThreads                            = 2                                         {product} {ergonomic}
     uint G1ConcRefinementThreads                  = 8                                         {product} {ergonomic}
   size_t G1HeapRegionSize                         = 2097152                                   {product} {ergonomic}
    uintx GCDrainStackTargetSize                   = 64                                        {product} {ergonomic}
   size_t InitialHeapSize                          = 264241152                                 {product} {ergonomic}
   size_t MarkStackSize                            = 4194304                                   {product} {ergonomic}
   size_t MaxHeapSize                              = 4225761280                                {product} {ergonomic}
   size_t MaxNewSize                               = 2535456768                                {product} {ergonomic}
   size_t MinHeapDeltaBytes                        = 2097152                                   {product} {ergonomic}
   size_t MinHeapSize                              = 8388608                                   {product} {ergonomic}
    uintx NonNMethodCodeHeapSize                   = 5839372                                {pd product} {ergonomic}
    uintx NonProfiledCodeHeapSize                  = 122909434                              {pd product} {ergonomic}
    uintx ProfiledCodeHeapSize                     = 122909434                              {pd product} {ergonomic}
    uintx ReservedCodeCacheSize                    = 251658240                              {pd product} {ergonomic}
     bool SegmentedCodeCache                       = true                                      {product} {ergonomic}
   size_t SoftMaxHeapSize                          = 4225761280                             {manageable} {ergonomic}
     bool UseCompressedOops                        = true                           {product lp64_product} {ergonomic}
     bool UseG1GC                                  = true                                      {product} {ergonomic}
     bool UseLargePagesIndividualAllocation        = false                                  {pd product} {ergonomic}

Logging:
Log output configuration:
 #0: stdout all=warning uptime,level,tags foldmultilines=false
 #1: stderr all=off uptime,level,tags foldmultilines=false

Environment Variables:
JAVA_HOME=C:\Program Files\Java\jdk-21
PATH=C:\Program Files (x86)\Common Files\Oracle\Java\javapath;C:\WINDOWS\system32;C:\WINDOWS;C:\WINDOWS\System32\Wbem;C:\WINDOWS\System32\WindowsPowerShell\v1.0\;C:\WINDOWS\System32\OpenSSH\;C:\Program Files\Java\jdk-19\bin;C:\Program Files (x86)\IVI Foundation\VISA\WinNT\Bin\;C:\Program Files\IVI Foundation\VISA\Win64\Bin\;C:\Program Files (x86)\IVI Foundation\IVI\bin;C:\Program Files\IVI Foundation\IVI\bin;C:\Program Files (x86)\IVI Foundation\VISA\WinNT\Bin;C:\msys64\mingw64\bin;C:\msys64\clang64\clang+llvm-15.0.7-arm64-apple-darwin22.0\bin;C:\msys64\mingw64\bin;C:\msys64\mingw64\x86_64-w64-mingw32\bin;C:\msys64\mingw64\bin;C:\msys64\mingw64\x86_64-w64-mingw32\bin;C:\msys64\mingw64\bin;\msys64\mingw64\bin;C:\Program Files (x86)\Microsoft SQL Server\160\Tools\Binn\;C:\Program Files\Microsoft SQL Server\160\Tools\Binn\;C:\Program Files\Microsoft SQL Server\Client SDK\ODBC\170\Tools\Binn\;C:\Program Files\Microsoft SQL Server\160\DTS\Binn\;C:\Program Files\Azure Data Studio\bin;C:\Program Files\Microsoft SQL Server\150\Tools\Binn\;C:\Users\97154\Downloads\dartsdk-windows-x64-release\dart-sdk;C:\Users\97154\Downloads\flutter_windows_3.10.6-stable\flutter\bin;C:\Program Files\Git\cmd;C:\Program Files\Java\jdk-20;C:\Program Files\Java\jre-1.8\bin;C:\Program Files\Java\jdk-21\bin;C:\Windows\System32\Wbem;C:\src\dart-sdk\bin;C:\src\flutter\bin;C:\src\dart-sdk;C:\Users\97154\AppData\Local\Microsoft\WindowsApps;C:\msys64\mingw64\bin;C:\msys64\mingw64\bin;C:\msys64\mingw64\bin;C:\Program Files\Azure Data Studio\bin;C:\Users\97154\AppData\Local\Programs\Microsoft VS Code\bin;C:\Program Files\JetBrains\IntelliJ IDEA 2023.3.3\bin;;C:\Program Files\JetBrains\IntelliJ IDEA Community Edition 2023.2.3\bin;;C:\src\dart-sdk\bin;C:\src\flutter\bin;
USERNAME=97154
OS=Windows_NT
PROCESSOR_IDENTIFIER=Intel64 Family 6 Model 140 Stepping 1, GenuineIntel
TMP=C:\Users\97154\AppData\Local\Temp
TEMP=C:\Users\97154\AppData\Local\Temp




---------------  S Y S T E M  ---------------

OS:
 Windows 11 , 64 bit Build 22621 (10.0.22621.3085)
OS uptime: 0 days 1:31 hours
Hyper-V role detected

CPU: total 8 (initial active 8) (4 cores per cpu, 2 threads per core) family 6 model 140 stepping 1 microcode 0xb4, cx8, cmov, fxsr, ht, mmx, 3dnowpref, sse, sse2, sse3, ssse3, sse4.1, sse4.2, popcnt, lzcnt, tsc, tscinvbit, avx, avx2, aes, erms, clmul, bmi1, bmi2, adx, avx512f, avx512dq, avx512cd, avx512bw, avx512vl, sha, fma, vzeroupper, avx512_vpopcntdq, avx512_vpclmulqdq, avx512_vaes, avx512_vnni, clflush, clflushopt, clwb, avx512_vbmi2, avx512_vbmi, hv, rdtscp, rdpid, fsrm, gfni, avx512_bitalg, f16c, cet_ibt, cet_ss, avx512_ifma
Processor Information for all 8 processors :
  Max Mhz: 2419, Current Mhz: 2419, Mhz Limit: 2419

Memory: 4k page, system-wide physical 16118M (2612M free)
TotalPageFile size 22700M (AvailPageFile size 2777M)
current process WorkingSet (physical memory assigned to process): 269M, peak: 291M
current process commit charge ("private bytes"): 309M, peak: 405M

vm_info: Java HotSpot(TM) 64-Bit Server VM (21+35-LTS-2513) for windows-amd64 JRE (21+35-LTS-2513), built on 2023-08-09T20:25:10Z by "mach5one" with MS VC++ 17.1 (VS2022)

END.
