#
# A fatal error has been detected by the Java Runtime Environment:
#
#  EXCEPTION_ACCESS_VIOLATION (0xc0000005) at pc=0x000002068753c59b, pid=18612, tid=13876
#
# JRE version: OpenJDK Runtime Environment Temurin-17.0.10+7 (17.0.10+7) (build 17.0.10+7)
# Java VM: OpenJDK 64-Bit Server VM Temurin-17.0.10+7 (17.0.10+7, mixed mode, tiered, compressed oops, compressed class ptrs, parallel gc, windows-amd64)
# Problematic frame:
# j  javax.annotation.processing.AbstractProcessor.<init>()V+1837733928 java.compiler@17.0.10
#
# No core dump will be written. Minidumps are not enabled by default on client versions of Windows
#
# If you would like to submit a bug report, please visit:
#   https://github.com/adoptium/adoptium-support/issues
#

---------------  S U M M A R Y ------------

Command Line: --add-modules=ALL-SYSTEM --add-opens=java.base/java.util=ALL-UNNAMED --add-opens=java.base/java.lang=ALL-UNNAMED --add-opens=java.base/sun.nio.fs=ALL-UNNAMED -Declipse.application=org.eclipse.jdt.ls.core.id1 -Dosgi.bundles.defaultStartLevel=4 -Declipse.product=org.eclipse.jdt.ls.core.product -Djava.import.generatesMetadataFilesAtProjectRoot=false -DDetectVMInstallationsJob.disabled=true -Dfile.encoding=utf8 -XX:+UseParallelGC -XX:GCTimeRatio=4 -XX:AdaptiveSizePolicyWeight=90 -Dsun.zip.disableMemoryMapping=true -Xmx1G -Xms100m -Xlog:disable -javaagent:c:\Users\97154\.vscode\extensions\redhat.java-1.28.1-win32-x64\lombok\lombok-1.18.31.jar -XX:+HeapDumpOnOutOfMemoryError -XX:HeapDumpPath=c:\Users\97154\AppData\Roaming\Code\User\workspaceStorage\7aab4b7947870c43d9e0d1114ae30211\redhat.java -Daether.dependencyCollector.impl=bf c:\Users\97154\.vscode\extensions\redhat.java-1.28.1-win32-x64\server\plugins\org.eclipse.equinox.launcher_1.6.700.v20231214-2017.jar -configuration c:\Users\97154\AppData\Roaming\Code\User\globalStorage\redhat.java\1.28.1\config_win -data c:\Users\97154\AppData\Roaming\Code\User\workspaceStorage\7aab4b7947870c43d9e0d1114ae30211\redhat.java\jdt_ws --stdio

Host: 11th Gen Intel(R) Core(TM) i5-1135G7 @ 2.40GHz, 8 cores, 15G,  Windows 11 , 64 bit Build 22621 (10.0.22621.3085)
Time: Fri Feb 16 00:37:12 2024 Egypt Standard Time elapsed time: 96.781051 seconds (0d 0h 1m 36s)

---------------  T H R E A D  ---------------

Current thread (0x00000206972a84c0):  JavaThread "Worker-4: Building" [_thread_in_Java, id=13876, stack(0x000000a42bc00000,0x000000a42bd00000)]

Stack: [0x000000a42bc00000,0x000000a42bd00000],  sp=0x000000a42bcfd598,  free space=1013k
Native frames: (J=compiled Java code, j=interpreted, Vv=VM code, C=native code)
C  0x000002068753c59b

The last pc belongs to method entry point (kind = zerolocals) (printed below).

siginfo: EXCEPTION_ACCESS_VIOLATION (0xc0000005), reading address 0x0000220697bfc1c8


Registers:
RAX=0x00000206875394ec, RBX=0x00000206927667e8, RCX=0x0000000000000001, RDX=0x0000220697bfc1c8
RSP=0x000000a42bcfd598, RBP=0x000000a42bcfd5b0, RSI=0x000000a42bcfdac0, RDI=0x00000206972a84c0
R8 =0x000000a42bcfdad0, R9 =0x0000000000000001, R10=0x00007ff9027f60a0, R11=0x000000a42bcfd808
R12=0x0000000000000000, R13=0x00000206927667d8, R14=0x000000a42bcfd5c0, R15=0x00000206972a84c0
RIP=0x000002068753c59b, EFLAGS=0x0000000000010246


Register to memory mapping:

RIP=0x000002068753c59b is at code_begin+123 in an Interpreter codelet
method entry point (kind = zerolocals)  [0x000002068753c520, 0x000002068753c8c0]  928 bytes
RAX=0x00000206875394ec is at code_begin+1100 in an Interpreter codelet
return entry points  [0x00000206875390a0, 0x0000020687539b80]  2784 bytes
RBX={method} {0x00000206927667f0} '<init>' '()V' in 'javax/annotation/processing/AbstractProcessor'
RCX=0x0000000000000001 is an unknown value
RDX=0x0000220697bfc1c8 is an unknown value
RSP=0x000000a42bcfd598 is pointing into the stack for thread: 0x00000206972a84c0
RBP=0x000000a42bcfd5b0 is pointing into the stack for thread: 0x00000206972a84c0
RSI=0x000000a42bcfdac0 is pointing into the stack for thread: 0x00000206972a84c0
RDI=0x00000206972a84c0 is a thread
R8 =0x000000a42bcfdad0 is pointing into the stack for thread: 0x00000206972a84c0
R9 =0x0000000000000001 is an unknown value
R10=0x00007ff9027f60a0 jvm.dll
R11=0x000000a42bcfd808 is pointing into the stack for thread: 0x00000206972a84c0
R12=0x0 is NULL
R13=0x00000206927667d8 is pointing into metadata
R14=0x000000a42bcfd5c0 is pointing into the stack for thread: 0x00000206972a84c0
R15=0x00000206972a84c0 is a thread


Top of Stack: (sp=0x000000a42bcfd598)
0x000000a42bcfd598:   00000206927667e8 0000000000000000
0x000000a42bcfd5a8:   000000a42bcfd5c0 000000a42bcfd610
0x000000a42bcfd5b8:   00000206875394ec 00000000eabcfa18
0x000000a42bcfd5c8:   000000a42bcfd5c8 000002068f812a99
0x000000a42bcfd5d8:   000000a42bcfd620 000002068f813638
0x000000a42bcfd5e8:   0000000000000000 00000000c2a4f3f8
0x000000a42bcfd5f8:   000002068f812ac0 000000a42bcfd5c0
0x000000a42bcfd608:   000000a42bcfd620 000000a42bcfd800
0x000000a42bcfd618:   00000206875310ea 00000000eabcfa18
0x000000a42bcfd628:   0000000000000000 0000000000000000
0x000000a42bcfd638:   0000000000000000 0000000000000000
0x000000a42bcfd648:   0000000000000000 0000000000000000
0x000000a42bcfd658:   0000000000000000 0000000000000000
0x000000a42bcfd668:   0000000000000000 0000000000000000
0x000000a42bcfd678:   0000000000000000 0000000000000000
0x000000a42bcfd688:   0000000000000000 0000000000000000
0x000000a42bcfd698:   0000000000000000 0000000000000000
0x000000a42bcfd6a8:   0000000000000000 0000000000000000
0x000000a42bcfd6b8:   0000000000000000 0000000000000000
0x000000a42bcfd6c8:   0000000000000000 0000000000000000
0x000000a42bcfd6d8:   0000000000000000 0000000000000000
0x000000a42bcfd6e8:   0000000000000000 0000000000000000
0x000000a42bcfd6f8:   0000000000000000 0000000000000000
0x000000a42bcfd708:   0000000000000000 0000000000000000
0x000000a42bcfd718:   00000001d7cfc6ac 0000000000000000
0x000000a42bcfd728:   0000000000000000 0000000000000000
0x000000a42bcfd738:   0000000000000000 0000000000000000
0x000000a42bcfd748:   0000000000000000 0000000000000000
0x000000a42bcfd758:   0000000000000000 0000000000000000
0x000000a42bcfd768:   0000000174359406 0000000000000000
0x000000a42bcfd778:   00000001f7011640 0000000000000000
0x000000a42bcfd788:   00000000eab805c8 0000000000000000 

Instructions: (pc=0x000002068753c59b)
0x000002068753c49b:   48 83 c4 08 e9 0d 00 00 00 49 ba d0 73 fd 01 f9
0x000002068753c4ab:   7f 00 00 41 ff d2 48 83 c4 20 49 c7 87 98 02 00
0x000002068753c4bb:   00 00 00 00 00 49 c7 87 a8 02 00 00 00 00 00 00
0x000002068753c4cb:   49 c7 87 a0 02 00 00 00 00 00 00 c5 f8 77 49 81
0x000002068753c4db:   7f 08 00 00 00 00 0f 84 05 00 00 00 e9 14 4a ff
0x000002068753c4eb:   ff 4c 8b 6d c0 4c 8b 75 c8 c3 66 66 90 00 00 00
0x000002068753c4fb:   00 00 00 00 00 60 61 61 02 f9 7f 00 00 c0 03 00
0x000002068753c50b:   00 ff ff ff ff 00 00 00 00 00 00 00 00 00 00 00
0x000002068753c51b:   00 00 00 00 00 48 8b 53 08 0f b7 4a 2c 0f b7 52
0x000002068753c52b:   2a 2b d1 81 fa f5 01 00 00 0f 86 25 00 00 00 48
0x000002068753c53b:   8b c2 48 c1 e0 03 48 83 c0 58 49 03 87 c0 03 00
0x000002068753c54b:   00 48 3b e0 0f 87 0a 00 00 00 58 49 8b e5 50 e9
0x000002068753c55b:   21 c3 ff ff 58 4c 8d 74 cc f8 85 d2 0f 8e 09 00
0x000002068753c56b:   00 00 68 00 00 00 00 ff ca 7f f7 50 55 48 8b ec
0x000002068753c57b:   41 55 68 00 00 00 00 4c 8b 6b 08 4d 8d 6d 30 53
0x000002068753c58b:   48 8b 53 08 48 8b 52 08 48 8b 52 18 48 8b 52 70
0x000002068753c59b:   48 8b 12 52 48 8b 53 10 48 85 d2 0f 84 07 00 00
0x000002068753c5ab:   00 48 81 c2 08 01 00 00 52 48 8b 53 08 48 8b 52
0x000002068753c5bb:   08 48 8b 52 10 52 41 56 41 55 68 00 00 00 00 48
0x000002068753c5cb:   89 24 24 41 c6 87 79 03 00 00 01 48 8b 45 d8 48
0x000002068753c5db:   85 c0 0f 84 84 00 00 00 8b 48 fc 85 c9 0f 88 79
0x000002068753c5eb:   00 00 00 48 03 c1 48 8b 48 08 48 83 e9 02 48 8b
0x000002068753c5fb:   54 c8 10 48 f7 da 49 8b 14 d6 48 85 d2 75 08 48
0x000002068753c60b:   83 4c c8 18 01 eb 4f 8b 52 08 48 c1 e2 03 48 33
0x000002068753c61b:   54 c8 18 48 f7 c2 fc ff ff ff 74 3a 48 f7 c2 02
0x000002068753c62b:   00 00 00 75 31 48 81 7c c8 18 00 00 00 00 74 21
0x000002068753c63b:   48 81 7c c8 18 01 00 00 00 74 16 48 33 54 c8 18
0x000002068753c64b:   48 f7 c2 fc ff ff ff 74 0d 48 83 4c c8 18 02 eb
0x000002068753c65b:   05 48 89 54 c8 18 48 83 e9 02 79 92 48 8b 43 10
0x000002068753c66b:   48 85 c0 74 20 8b 88 cc 00 00 00 83 c1 02 89 88
0x000002068753c67b:   cc 00 00 00 23 88 e0 00 00 00 0f 84 78 01 00 00
0x000002068753c68b:   e9 d1 00 00 00 48 8b 43 18 48 85 c0 0f 85 b2 00 


Stack slot to memory mapping:
stack at sp + 0 slots: {method} {0x00000206927667f0} '<init>' '()V' in 'javax/annotation/processing/AbstractProcessor'
stack at sp + 1 slots: 0x0 is NULL
stack at sp + 2 slots: 0x000000a42bcfd5c0 is pointing into the stack for thread: 0x00000206972a84c0
stack at sp + 3 slots: 0x000000a42bcfd610 is pointing into the stack for thread: 0x00000206972a84c0
stack at sp + 4 slots: 0x00000206875394ec is at code_begin+1100 in an Interpreter codelet
return entry points  [0x00000206875390a0, 0x0000020687539b80]  2784 bytes
stack at sp + 5 slots: 0x00000000eabcfa18 is an oop: lombok.launch.AnnotationProcessorHider$AnnotationProcessor 
{0x00000000eabcfa18} - klass: 'lombok/launch/AnnotationProcessorHider$AnnotationProcessor'
 - ---- fields (total size 3 words):
 - private 'initialized' 'Z' @12  false
 - protected 'processingEnv' 'Ljavax/annotation/processing/ProcessingEnvironment;' @16  NULL (0)
 - private final 'instance' 'Ljavax/annotation/processing/AbstractProcessor;' @20  NULL (0)
stack at sp + 6 slots: 0x000000a42bcfd5c8 is pointing into the stack for thread: 0x00000206972a84c0
stack at sp + 7 slots: 0x000002068f812a99 is pointing into metadata

method entry point (kind = zerolocals)  [0x000002068753c520, 0x000002068753c8c0]  928 bytes
[MachCode]
  0x000002068753c520: 488b 5308 | 0fb7 4a2c | 0fb7 522a | 2bd1 81fa | f501 0000 | 0f86 2500 | 0000 488b | c248 c1e0 
  0x000002068753c540: 0348 83c0 | 5849 0387 | c003 0000 | 483b e00f | 870a 0000 | 0058 498b | e550 e921 | c3ff ff58 
  0x000002068753c560: 4c8d 74cc | f885 d20f | 8e09 0000 | 0068 0000 | 0000 ffca | 7ff7 5055 | 488b ec41 | 5568 0000 
  0x000002068753c580: 0000 4c8b | 6b08 4d8d | 6d30 5348 | 8b53 0848 | 8b52 0848 | 8b52 1848 | 8b52 7048 | 8b12 5248 
  0x000002068753c5a0: 8b53 1048 | 85d2 0f84 | 0700 0000 | 4881 c208 | 0100 0052 | 488b 5308 | 488b 5208 | 488b 5210 
  0x000002068753c5c0: 5241 5641 | 5568 0000 | 0000 4889 | 2424 41c6 | 8779 0300 | 0001 488b | 45d8 4885 | c00f 8484 
  0x000002068753c5e0: 0000 008b | 48fc 85c9 | 0f88 7900 | 0000 4803 | c148 8b48 | 0848 83e9 | 0248 8b54 | c810 48f7 
  0x000002068753c600: da49 8b14 | d648 85d2 | 7508 4883 | 4cc8 1801 | eb4f 8b52 | 0848 c1e2 | 0348 3354 | c818 48f7 
  0x000002068753c620: c2fc ffff | ff74 3a48 | f7c2 0200 | 0000 7531 | 4881 7cc8 | 1800 0000 | 0074 2148 | 817c c818 
  0x000002068753c640: 0100 0000 | 7416 4833 | 54c8 1848 | f7c2 fcff | ffff 740d | 4883 4cc8 | 1802 eb05 | 4889 54c8 
  0x000002068753c660: 1848 83e9 | 0279 9248 | 8b43 1048 | 85c0 7420 | 8b88 cc00 | 0000 83c1 | 0289 88cc | 0000 0023 
  0x000002068753c680: 88e0 0000 | 000f 8478 | 0100 00e9 | d100 0000 | 488b 4318 | 4885 c00f | 85b2 0000 | 00e8 0500 
  0x000002068753c6a0: 0000 e99b | 0000 0048 | 8bd3 488d | 4424 084c | 896d c049 | 8bcf c5f8 | 7749 89af | a802 0000 
  0x000002068753c6c0: 4989 8798 | 0200 0048 | 83ec 20f7 | c40f 0000 | 000f 841a | 0000 0048 | 83ec 0849 | ba50 2efd 
  0x000002068753c6e0: 01f9 7f00 | 0041 ffd2 | 4883 c408 | e90d 0000 | 0049 ba50 | 2efd 01f9 | 7f00 0041 | ffd2 4883 
  0x000002068753c700: c420 49c7 | 8798 0200 | 0000 0000 | 0049 c787 | a802 0000 | 0000 0000 | 49c7 87a0 | 0200 0000 
  0x000002068753c720: 0000 00c5 | f877 4981 | 7f08 0000 | 0000 0f84 | 0500 0000 | e9c7 47ff | ff4c 8b6d | c04c 8b75 
  0x000002068753c740: c8c3 488b | 4318 4885 | c00f 8412 | 0000 008b | 4808 83c1 | 0289 4808 | 2348 200f | 84a2 0000 
  0x000002068753c760: 0089 8424 | 00f0 ffff | 8984 2400 | e0ff ff89 | 8424 00d0 | ffff 8984 | 2400 c0ff | ff89 8424 
  0x000002068753c780: 00b0 ffff | 8984 2400 | a0ff ff89 | 8424 0090 | ffff 41c6 | 8779 0300 | 0000 49ba | 7935 7d02 
  0x000002068753c7a0: f97f 0000 | 4180 3a00 | 0f84 4200 | 0000 488b | 55e8 498b | cf48 83ec | 20f7 c40f | 0000 000f 
  0x000002068753c7c0: 841a 0000 | 0048 83ec | 0849 ba00 | 3033 02f9 | 7f00 0041 | ffd2 4883 | c408 e90d | 0000 0049 
  0x000002068753c7e0: ba00 3033 | 02f9 7f00 | 0041 ffd2 | 4883 c420 | 410f b65d | 0049 ba90 | a97f 02f9 | 7f00 0041 
  0x000002068753c800: ff24 daba | 0000 0000 | e805 0000 | 00e9 9800 | 0000 488d | 4424 084c | 896d c049 | 8bcf c5f8 
  0x000002068753c820: 7749 89af | a802 0000 | 4989 8798 | 0200 0048 | 83ec 20f7 | c40f 0000 | 000f 841a | 0000 0048 
  0x000002068753c840: 83ec 0849 | ba40 39fd | 01f9 7f00 | 0041 ffd2 | 4883 c408 | e90d 0000 | 0049 ba40 | 39fd 01f9 
  0x000002068753c860: 7f00 0041 | ffd2 4883 | c420 49c7 | 8798 0200 | 0000 0000 | 0049 c787 | a802 0000 | 0000 0000 
  0x000002068753c880: 49c7 87a0 | 0200 0000 | 0000 00c5 | f877 4981 | 7f08 0000 | 0000 0f84 | 0500 0000 | e95f 46ff 
  0x000002068753c8a0: ff4c 8b6d | c04c 8b75 | c8c3 488b | 5de8 e9ae | feff ff0f | 1f44 0000 | 0000 0000 | 0000 0000 
[/MachCode]

---------------  P R O C E S S  ---------------

Threads class SMR info:
_java_thread_list=0x0000020699b57ee0, length=42, elements={
0x00000206f4cc57a0, 0x00000206fbaa8020, 0x00000206fbaa9290, 0x0000020694069f10,
0x000002069406a8e0, 0x000002069406b3b0, 0x000002069406be80, 0x000002069406f330,
0x00000206940d9690, 0x00000206940de370, 0x0000020694151380, 0x00000206943feab0,
0x0000020695cc6450, 0x0000020695bdcf20, 0x0000020695d23aa0, 0x0000020695ed8a20,
0x00000206961387c0, 0x0000020695bb8a10, 0x0000020695bb8f20, 0x0000020695bb6bb0,
0x0000020695bb70c0, 0x0000020695bb7ff0, 0x0000020695bb7ae0, 0x00000206972ab760,
0x00000206972a89d0, 0x00000206972a8ee0, 0x00000206972a84c0, 0x00000206972a93f0,
0x00000206958ccf90, 0x00000206958cd4a0, 0x00000206958cf300, 0x00000206958cdec0,
0x00000206958cd9b0, 0x000002069855c0a0, 0x0000020698556a90, 0x00000206985574b0,
0x00000206985579c0, 0x000002069855ac60, 0x0000020698557ed0, 0x000002069855b170,
0x0000020696e839f0, 0x0000020698556070
}

Java Threads: ( => current thread )
  0x00000206f4cc57a0 JavaThread "main" [_thread_blocked, id=21600, stack(0x000000a429300000,0x000000a429400000)]
  0x00000206fbaa8020 JavaThread "Reference Handler" daemon [_thread_blocked, id=22488, stack(0x000000a429700000,0x000000a429800000)]
  0x00000206fbaa9290 JavaThread "Finalizer" daemon [_thread_blocked, id=22492, stack(0x000000a429800000,0x000000a429900000)]
  0x0000020694069f10 JavaThread "Signal Dispatcher" daemon [_thread_blocked, id=22468, stack(0x000000a429900000,0x000000a429a00000)]
  0x000002069406a8e0 JavaThread "Attach Listener" daemon [_thread_blocked, id=23452, stack(0x000000a429a00000,0x000000a429b00000)]
  0x000002069406b3b0 JavaThread "Service Thread" daemon [_thread_blocked, id=22764, stack(0x000000a429b00000,0x000000a429c00000)]
  0x000002069406be80 JavaThread "Monitor Deflation Thread" daemon [_thread_blocked, id=18780, stack(0x000000a429c00000,0x000000a429d00000)]
  0x000002069406f330 JavaThread "C2 CompilerThread0" daemon [_thread_blocked, id=23160, stack(0x000000a429d00000,0x000000a429e00000)]
  0x00000206940d9690 JavaThread "C1 CompilerThread0" daemon [_thread_blocked, id=8000, stack(0x000000a429e00000,0x000000a429f00000)]
  0x00000206940de370 JavaThread "Sweeper thread" daemon [_thread_blocked, id=7980, stack(0x000000a429f00000,0x000000a42a000000)]
  0x0000020694151380 JavaThread "Common-Cleaner" daemon [_thread_blocked, id=14792, stack(0x000000a42a000000,0x000000a42a100000)]
  0x00000206943feab0 JavaThread "Notification Thread" daemon [_thread_blocked, id=4708, stack(0x000000a42a200000,0x000000a42a300000)]
  0x0000020695cc6450 JavaThread "Active Thread: Equinox Container: 4353603f-d5e9-486e-be30-1af70e59891e" [_thread_blocked, id=20104, stack(0x000000a42ab00000,0x000000a42ac00000)]
  0x0000020695bdcf20 JavaThread "Framework Event Dispatcher: Equinox Container: 4353603f-d5e9-486e-be30-1af70e59891e" daemon [_thread_blocked, id=13760, stack(0x000000a42a400000,0x000000a42a500000)]
  0x0000020695d23aa0 JavaThread "Start Level: Equinox Container: 4353603f-d5e9-486e-be30-1af70e59891e" daemon [_thread_blocked, id=13572, stack(0x000000a42ac00000,0x000000a42ad00000)]
  0x0000020695ed8a20 JavaThread "Bundle File Closer" daemon [_thread_blocked, id=22856, stack(0x000000a42ae00000,0x000000a42af00000)]
  0x00000206961387c0 JavaThread "SCR Component Actor" daemon [_thread_blocked, id=18124, stack(0x000000a42af00000,0x000000a42b000000)]
  0x0000020695bb8a10 JavaThread "Worker-JM" [_thread_blocked, id=10480, stack(0x000000a42b100000,0x000000a42b200000)]
  0x0000020695bb8f20 JavaThread "Worker-0: Shutdown..." [_thread_blocked, id=11648, stack(0x000000a42b200000,0x000000a42b300000)]
  0x0000020695bb6bb0 JavaThread "Worker-1" [_thread_blocked, id=19924, stack(0x000000a42b300000,0x000000a42b400000)]
  0x0000020695bb70c0 JavaThread "Java indexing" daemon [_thread_in_Java, id=11684, stack(0x000000a42b500000,0x000000a42b600000)]
  0x0000020695bb7ff0 JavaThread "JNA Cleaner" daemon [_thread_blocked, id=2640, stack(0x000000a42b600000,0x000000a42b700000)]
  0x0000020695bb7ae0 JavaThread "pool-2-thread-1" [_thread_blocked, id=19916, stack(0x000000a42b800000,0x000000a42b900000)]
  0x00000206972ab760 JavaThread "WorkspaceEventsHandler" [_thread_blocked, id=9188, stack(0x000000a42b900000,0x000000a42ba00000)]
  0x00000206972a89d0 JavaThread "pool-1-thread-1" [_thread_in_native, id=19920, stack(0x000000a42ba00000,0x000000a42bb00000)]
  0x00000206972a8ee0 JavaThread "Worker-3" [_thread_blocked, id=23512, stack(0x000000a42bb00000,0x000000a42bc00000)]
=>0x00000206972a84c0 JavaThread "Worker-4: Building" [_thread_in_Java, id=13876, stack(0x000000a42bc00000,0x000000a42bd00000)]
  0x00000206972a93f0 JavaThread "ForkJoinPool.commonPool-worker-1" daemon [_thread_blocked, id=17328, stack(0x000000a42bd00000,0x000000a42be00000)]
  0x00000206958ccf90 JavaThread "ForkJoinPool.commonPool-worker-2" daemon [_thread_blocked, id=5992, stack(0x000000a42c200000,0x000000a42c300000)]
  0x00000206958cd4a0 JavaThread "ForkJoinPool.commonPool-worker-3" daemon [_thread_blocked, id=23268, stack(0x000000a42c300000,0x000000a42c400000)]
  0x00000206958cf300 JavaThread "ForkJoinPool.commonPool-worker-4" daemon [_thread_blocked, id=18656, stack(0x000000a42c400000,0x000000a42c500000)]
  0x00000206958cdec0 JavaThread "ForkJoinPool.commonPool-worker-5" daemon [_thread_blocked, id=14168, stack(0x000000a42c500000,0x000000a42c600000)]
  0x00000206958cd9b0 JavaThread "ForkJoinPool.commonPool-worker-6" daemon [_thread_blocked, id=21160, stack(0x000000a42c600000,0x000000a42c700000)]
  0x000002069855c0a0 JavaThread "ForkJoinPool.commonPool-worker-7" daemon [_thread_blocked, id=15688, stack(0x000000a42c700000,0x000000a42c800000)]
  0x0000020698556a90 JavaThread "Java Debug Server" daemon [_thread_in_native, id=20712, stack(0x000000a42a100000,0x000000a42a200000)]
  0x00000206985574b0 JavaThread "pool-7-thread-1" [_thread_in_native, id=18436, stack(0x000000a42b000000,0x000000a42b100000)]
  0x00000206985579c0 JavaThread "RxSchedulerPurge-1" daemon [_thread_blocked, id=12096, stack(0x000000a42b400000,0x000000a42b500000)]
  0x000002069855ac60 JavaThread "RxCachedWorkerPoolEvictor-1" daemon [_thread_blocked, id=280, stack(0x000000a42c900000,0x000000a42ca00000)]
  0x0000020698557ed0 JavaThread "RxNewThreadScheduler-1" daemon [_thread_blocked, id=9176, stack(0x000000a42ca00000,0x000000a42cb00000)]
  0x000002069855b170 JavaThread "process reaper (pid 20148)" daemon [_thread_in_native, id=20684, stack(0x000000a428d90000,0x000000a428db0000)]
  0x0000020696e839f0 JavaThread "C2 CompilerThread1" daemon [_thread_blocked, id=8300, stack(0x000000a429100000,0x000000a429200000)]
  0x0000020698556070 JavaThread "Worker-9" [_thread_blocked, id=22308, stack(0x000000a429400000,0x000000a429500000)]

Other Threads:
  0x00000206940414b0 VMThread "VM Thread" [stack: 0x000000a429600000,0x000000a429700000] [id=3916]
  0x0000020695226540 WatcherThread [stack: 0x000000a42a300000,0x000000a42a400000] [id=20996]
  0x00000206f4cdcc50 GCTaskThread "GC Thread#0" [stack: 0x000000a429500000,0x000000a429600000] [id=21840]
  0x00000206958e75b0 GCTaskThread "GC Thread#1" [stack: 0x000000a42a500000,0x000000a42a600000] [id=21112]
  0x00000206958e7870 GCTaskThread "GC Thread#2" [stack: 0x000000a42a600000,0x000000a42a700000] [id=9092]
  0x000002069590db70 GCTaskThread "GC Thread#3" [stack: 0x000000a42a700000,0x000000a42a800000] [id=21060]
  0x000002069590de30 GCTaskThread "GC Thread#4" [stack: 0x000000a42a800000,0x000000a42a900000] [id=20868]
  0x000002069590e0f0 GCTaskThread "GC Thread#5" [stack: 0x000000a42a900000,0x000000a42aa00000] [id=20772]
  0x000002069590e3b0 GCTaskThread "GC Thread#6" [stack: 0x000000a42aa00000,0x000000a42ab00000] [id=21268]
  0x0000020695bdbf70 GCTaskThread "GC Thread#7" [stack: 0x000000a42ad00000,0x000000a42ae00000] [id=22908]

Threads with active compile tasks:

VM state: not at safepoint (normal execution)

VM Mutex/Monitor currently owned by a thread: None

Heap address: 0x00000000c0000000, size: 1024 MB, Compressed Oops mode: 32-bit

CDS archive(s) not mapped
Compressed class space mapped at: 0x0000000100000000-0x0000000140000000, reserved size: 1073741824
Narrow klass base: 0x0000000000000000, Narrow klass shift: 3, Narrow klass range: 0x140000000

GC Precious Log:
 CPUs: 8 total, 8 available
 Memory: 16118M
 Large Page Support: Disabled
 NUMA Support: Disabled
 Compressed Oops: Enabled (32-bit)
 Alignments: Space 512K, Generation 512K, Heap 2M
 Heap Min Capacity: 100M
 Heap Initial Capacity: 100M
 Heap Max Capacity: 1G
 Pre-touch: Disabled
 Parallel Workers: 8

Heap:
 PSYoungGen      total 2560K, used 2401K [0x00000000eab00000, 0x00000000eb180000, 0x0000000100000000)
  eden space 1536K, 90% used [0x00000000eab00000,0x00000000eac5c5d8,0x00000000eac80000)
  from space 1024K, 98% used [0x00000000eae80000,0x00000000eaf7c000,0x00000000eaf80000)
  to   space 2048K, 0% used [0x00000000eac80000,0x00000000eac80000,0x00000000eae80000)
 ParOldGen       total 95232K, used 87764K [0x00000000c0000000, 0x00000000c5d00000, 0x00000000eab00000)
  object space 95232K, 92% used [0x00000000c0000000,0x00000000c55b51a8,0x00000000c5d00000)
 Metaspace       used 80395K, committed 81856K, reserved 1179648K
  class space    used 8466K, committed 9088K, reserved 1048576K

Card table byte_map: [0x00000206f9320000,0x00000206f9530000] _byte_map_base: 0x00000206f8d20000

Marking Bits: (ParMarkBitMap*) 0x00007ff9027ed7d0
 Begin Bits: [0x00000206f9690000, 0x00000206fa690000)
 End Bits:   [0x00000206fa690000, 0x00000206fb690000)

Polling page: 0x00000206f4d70000

Metaspace:

Usage:
  Non-class:     70.24 MB used.
      Class:      8.27 MB used.
       Both:     78.51 MB used.

Virtual space:
  Non-class space:      128.00 MB reserved,      71.06 MB ( 56%) committed,  2 nodes.
      Class space:        1.00 GB reserved,       8.88 MB ( <1%) committed,  1 nodes.
             Both:        1.12 GB reserved,      79.94 MB (  7%) committed. 

Chunk freelists:
   Non-Class:  8.25 MB
       Class:  7.07 MB
        Both:  15.32 MB

MaxMetaspaceSize: unlimited
CompressedClassSpaceSize: 1.00 GB
Initial GC threshold: 21.00 MB
Current GC threshold: 127.00 MB
CDS: off
MetaspaceReclaimPolicy: balanced
 - commit_granule_bytes: 65536.
 - commit_granule_words: 8192.
 - virtual_space_node_default_size: 8388608.
 - enlarge_chunks_in_place: 1.
 - new_chunks_are_fully_committed: 0.
 - uncommit_free_chunks: 1.
 - use_allocation_guard: 0.
 - handle_deallocations: 1.


Internal statistics:

num_allocs_failed_limit: 9.
num_arena_births: 1030.
num_arena_deaths: 20.
num_vsnodes_births: 3.
num_vsnodes_deaths: 0.
num_space_committed: 1279.
num_space_uncommitted: 0.
num_chunks_returned_to_freelist: 30.
num_chunks_taken_from_freelist: 4592.
num_chunk_merges: 15.
num_chunk_splits: 2784.
num_chunks_enlarged: 1478.
num_inconsistent_stats: 0.

CodeHeap 'non-profiled nmethods': size=120000Kb used=8531Kb max_used=8531Kb free=111468Kb
 bounds [0x0000020687ad0000, 0x0000020688330000, 0x000002068f000000]
CodeHeap 'profiled nmethods': size=120000Kb used=24199Kb max_used=24199Kb free=95800Kb
 bounds [0x0000020680000000, 0x00000206817b0000, 0x0000020687530000]
CodeHeap 'non-nmethods': size=5760Kb used=1404Kb max_used=1476Kb free=4355Kb
 bounds [0x0000020687530000, 0x00000206877a0000, 0x0000020687ad0000]
 total_blobs=12306 nmethods=11566 adapters=651
 compilation: enabled
              stopped_count=0, restarted_count=0
 full_count=0

Compilation events (20 events):
Event: 96.740 Thread 0x00000206940d9690 nmethod 14324 0x000002068141ec10 code [0x000002068141ee20, 0x000002068141f538]
Event: 96.740 Thread 0x00000206940d9690 14325       3       org.eclipse.jdt.internal.core.builder.ClasspathJar$$Lambda$710/0x00000001007e4210::<init> (10 bytes)
Event: 96.740 Thread 0x00000206940d9690 nmethod 14325 0x000002068141e810 code [0x000002068141e9a0, 0x000002068141eb18]
Event: 96.749 Thread 0x0000020696e88450 nmethod 14320 0x0000020688319810 code [0x0000020688319a00, 0x000002068831a928]
Event: 96.750 Thread 0x00000206940d9690 14326       3       org.eclipse.jdt.internal.core.builder.NameEnvironment::getModule (52 bytes)
Event: 96.752 Thread 0x00000206940d9690 nmethod 14326 0x000002068141dc90 code [0x000002068141dea0, 0x000002068141e5f8]
Event: 96.752 Thread 0x00000206940d9690 14327       3       org.eclipse.jdt.internal.compiler.lookup.SplitPackageBinding::hasType0Any (54 bytes)
Event: 96.752 Thread 0x00000206940d9690 nmethod 14327 0x000002068141cb90 code [0x000002068141cde0, 0x000002068141d958]
Event: 96.753 Thread 0x00000206940d9690 14328   !   3       java.nio.file.Files$2::hasNext (23 bytes)
Event: 96.753 Thread 0x0000020696e88450 14329       4       java.nio.file.Files::provider (10 bytes)
Event: 96.753 Thread 0x00000206940d9690 nmethod 14328 0x000002068141c590 code [0x000002068141c760, 0x000002068141ca48]
Event: 96.753 Thread 0x000002069406f330 14330       4       org.eclipse.jdt.internal.compiler.env.ITypeAnnotationWalker$1::toTypeBound (2 bytes)
Event: 96.753 Thread 0x000002069406f330 nmethod 14330 0x000002068831b290 code [0x000002068831b400, 0x000002068831b478]
Event: 96.754 Thread 0x0000020696e88450 nmethod 14329 0x000002068831b590 code [0x000002068831b720, 0x000002068831b7f8]
Event: 96.755 Thread 0x00000206940d9690 14331   !   3       org.eclipse.jdt.internal.core.builder.ClasspathMultiDirectory::directoryList (324 bytes)
Event: 96.756 Thread 0x00000206940d9690 nmethod 14331 0x0000020681419690 code [0x00000206814199e0, 0x000002068141b8e8]
Event: 96.758 Thread 0x0000020696e88450 14332       4       org.eclipse.jdt.internal.compiler.lookup.LookupEnvironment::createParameterizedType (44 bytes)
Event: 96.763 Thread 0x0000020696e88450 nmethod 14332 0x000002068831b990 code [0x000002068831bb20, 0x000002068831bc48]
Event: 96.765 Thread 0x00000206940d9690 14333       3       org.eclipse.jdt.internal.core.JavaProject::getHandleFromMemento (281 bytes)
Event: 96.765 Thread 0x000002069406f330 14334       4       org.eclipse.jdt.internal.core.OverflowingLRUCache::updateTimestamp (43 bytes)

GC Heap History (20 events):
Event: 96.694 GC heap before
{Heap before GC invocations=226 (full 8):
 PSYoungGen      total 3584K, used 3071K [0x00000000eab00000, 0x00000000eb100000, 0x0000000100000000)
  eden space 1536K, 99% used [0x00000000eab00000,0x00000000eac7ffe8,0x00000000eac80000)
  from space 2048K, 75% used [0x00000000eae80000,0x00000000eb000000,0x00000000eb080000)
  to   space 2048K, 0% used [0x00000000eac80000,0x00000000eac80000,0x00000000eae80000)
 ParOldGen       total 95232K, used 72329K [0x00000000c0000000, 0x00000000c5d00000, 0x00000000eab00000)
  object space 95232K, 75% used [0x00000000c0000000,0x00000000c46a2540,0x00000000c5d00000)
 Metaspace       used 80380K, committed 81792K, reserved 1179648K
  class space    used 8465K, committed 9088K, reserved 1048576K
}
Event: 96.697 GC heap after
{Heap after GC invocations=226 (full 8):
 PSYoungGen      total 3584K, used 1440K [0x00000000eab00000, 0x00000000eb000000, 0x0000000100000000)
  eden space 1536K, 0% used [0x00000000eab00000,0x00000000eab00000,0x00000000eac80000)
  from space 2048K, 70% used [0x00000000eac80000,0x00000000eade8000,0x00000000eae80000)
  to   space 1536K, 0% used [0x00000000eae80000,0x00000000eae80000,0x00000000eb000000)
 ParOldGen       total 95232K, used 73865K [0x00000000c0000000, 0x00000000c5d00000, 0x00000000eab00000)
  object space 95232K, 77% used [0x00000000c0000000,0x00000000c4822540,0x00000000c5d00000)
 Metaspace       used 80380K, committed 81792K, reserved 1179648K
  class space    used 8465K, committed 9088K, reserved 1048576K
}
Event: 96.701 GC heap before
{Heap before GC invocations=227 (full 8):
 PSYoungGen      total 3584K, used 2976K [0x00000000eab00000, 0x00000000eb000000, 0x0000000100000000)
  eden space 1536K, 100% used [0x00000000eab00000,0x00000000eac80000,0x00000000eac80000)
  from space 2048K, 70% used [0x00000000eac80000,0x00000000eade8000,0x00000000eae80000)
  to   space 1536K, 0% used [0x00000000eae80000,0x00000000eae80000,0x00000000eb000000)
 ParOldGen       total 95232K, used 73865K [0x00000000c0000000, 0x00000000c5d00000, 0x00000000eab00000)
  object space 95232K, 77% used [0x00000000c0000000,0x00000000c4822540,0x00000000c5d00000)
 Metaspace       used 80380K, committed 81792K, reserved 1179648K
  class space    used 8465K, committed 9088K, reserved 1048576K
}
Event: 96.704 GC heap after
{Heap after GC invocations=227 (full 8):
 PSYoungGen      total 3584K, used 1344K [0x00000000eab00000, 0x00000000eb000000, 0x0000000100000000)
  eden space 2048K, 0% used [0x00000000eab00000,0x00000000eab00000,0x00000000ead00000)
  from space 1536K, 87% used [0x00000000eae80000,0x00000000eafd0000,0x00000000eb000000)
  to   space 1536K, 0% used [0x00000000ead00000,0x00000000ead00000,0x00000000eae80000)
 ParOldGen       total 95232K, used 75233K [0x00000000c0000000, 0x00000000c5d00000, 0x00000000eab00000)
  object space 95232K, 79% used [0x00000000c0000000,0x00000000c4978540,0x00000000c5d00000)
 Metaspace       used 80380K, committed 81792K, reserved 1179648K
  class space    used 8465K, committed 9088K, reserved 1048576K
}
Event: 96.711 GC heap before
{Heap before GC invocations=228 (full 8):
 PSYoungGen      total 3584K, used 3392K [0x00000000eab00000, 0x00000000eb000000, 0x0000000100000000)
  eden space 2048K, 100% used [0x00000000eab00000,0x00000000ead00000,0x00000000ead00000)
  from space 1536K, 87% used [0x00000000eae80000,0x00000000eafd0000,0x00000000eb000000)
  to   space 1536K, 0% used [0x00000000ead00000,0x00000000ead00000,0x00000000eae80000)
 ParOldGen       total 95232K, used 75233K [0x00000000c0000000, 0x00000000c5d00000, 0x00000000eab00000)
  object space 95232K, 79% used [0x00000000c0000000,0x00000000c4978540,0x00000000c5d00000)
 Metaspace       used 80380K, committed 81792K, reserved 1179648K
  class space    used 8465K, committed 9088K, reserved 1048576K
}
Event: 96.715 GC heap after
{Heap after GC invocations=228 (full 8):
 PSYoungGen      total 3584K, used 1536K [0x00000000eab00000, 0x00000000eb480000, 0x0000000100000000)
  eden space 2048K, 0% used [0x00000000eab00000,0x00000000eab00000,0x00000000ead00000)
  from space 1536K, 100% used [0x00000000ead00000,0x00000000eae80000,0x00000000eae80000)
  to   space 3584K, 0% used [0x00000000eb100000,0x00000000eb100000,0x00000000eb480000)
 ParOldGen       total 95232K, used 76945K [0x00000000c0000000, 0x00000000c5d00000, 0x00000000eab00000)
  object space 95232K, 80% used [0x00000000c0000000,0x00000000c4b24540,0x00000000c5d00000)
 Metaspace       used 80380K, committed 81792K, reserved 1179648K
  class space    used 8465K, committed 9088K, reserved 1048576K
}
Event: 96.721 GC heap before
{Heap before GC invocations=229 (full 8):
 PSYoungGen      total 3584K, used 3583K [0x00000000eab00000, 0x00000000eb480000, 0x0000000100000000)
  eden space 2048K, 99% used [0x00000000eab00000,0x00000000eacffee0,0x00000000ead00000)
  from space 1536K, 100% used [0x00000000ead00000,0x00000000eae80000,0x00000000eae80000)
  to   space 3584K, 0% used [0x00000000eb100000,0x00000000eb100000,0x00000000eb480000)
 ParOldGen       total 95232K, used 76945K [0x00000000c0000000, 0x00000000c5d00000, 0x00000000eab00000)
  object space 95232K, 80% used [0x00000000c0000000,0x00000000c4b24540,0x00000000c5d00000)
 Metaspace       used 80380K, committed 81792K, reserved 1179648K
  class space    used 8465K, committed 9088K, reserved 1048576K
}
Event: 96.724 GC heap after
{Heap after GC invocations=229 (full 8):
 PSYoungGen      total 5120K, used 2080K [0x00000000eab00000, 0x00000000eb380000, 0x0000000100000000)
  eden space 2560K, 0% used [0x00000000eab00000,0x00000000eab00000,0x00000000ead80000)
  from space 2560K, 81% used [0x00000000eb100000,0x00000000eb308000,0x00000000eb380000)
  to   space 2560K, 0% used [0x00000000eae80000,0x00000000eae80000,0x00000000eb100000)
 ParOldGen       total 95232K, used 78529K [0x00000000c0000000, 0x00000000c5d00000, 0x00000000eab00000)
  object space 95232K, 82% used [0x00000000c0000000,0x00000000c4cb0540,0x00000000c5d00000)
 Metaspace       used 80380K, committed 81792K, reserved 1179648K
  class space    used 8465K, committed 9088K, reserved 1048576K
}
Event: 96.732 GC heap before
{Heap before GC invocations=230 (full 8):
 PSYoungGen      total 5120K, used 4566K [0x00000000eab00000, 0x00000000eb380000, 0x0000000100000000)
  eden space 2560K, 97% used [0x00000000eab00000,0x00000000ead6db98,0x00000000ead80000)
  from space 2560K, 81% used [0x00000000eb100000,0x00000000eb308000,0x00000000eb380000)
  to   space 2560K, 0% used [0x00000000eae80000,0x00000000eae80000,0x00000000eb100000)
 ParOldGen       total 95232K, used 78529K [0x00000000c0000000, 0x00000000c5d00000, 0x00000000eab00000)
  object space 95232K, 82% used [0x00000000c0000000,0x00000000c4cb0540,0x00000000c5d00000)
 Metaspace       used 80381K, committed 81856K, reserved 1179648K
  class space    used 8465K, committed 9088K, reserved 1048576K
}
Event: 96.735 GC heap after
{Heap after GC invocations=230 (full 8):
 PSYoungGen      total 5632K, used 2239K [0x00000000eab00000, 0x00000000eb300000, 0x0000000100000000)
  eden space 3072K, 0% used [0x00000000eab00000,0x00000000eab00000,0x00000000eae00000)
  from space 2560K, 87% used [0x00000000eae80000,0x00000000eb0afdf0,0x00000000eb100000)
  to   space 2048K, 0% used [0x00000000eb100000,0x00000000eb100000,0x00000000eb300000)
 ParOldGen       total 95232K, used 80465K [0x00000000c0000000, 0x00000000c5d00000, 0x00000000eab00000)
  object space 95232K, 84% used [0x00000000c0000000,0x00000000c4e94540,0x00000000c5d00000)
 Metaspace       used 80381K, committed 81856K, reserved 1179648K
  class space    used 8465K, committed 9088K, reserved 1048576K
}
Event: 96.741 GC heap before
{Heap before GC invocations=231 (full 8):
 PSYoungGen      total 5632K, used 4846K [0x00000000eab00000, 0x00000000eb300000, 0x0000000100000000)
  eden space 3072K, 84% used [0x00000000eab00000,0x00000000ead8bc60,0x00000000eae00000)
  from space 2560K, 87% used [0x00000000eae80000,0x00000000eb0afdf0,0x00000000eb100000)
  to   space 2048K, 0% used [0x00000000eb100000,0x00000000eb100000,0x00000000eb300000)
 ParOldGen       total 95232K, used 80465K [0x00000000c0000000, 0x00000000c5d00000, 0x00000000eab00000)
  object space 95232K, 84% used [0x00000000c0000000,0x00000000c4e94540,0x00000000c5d00000)
 Metaspace       used 80381K, committed 81856K, reserved 1179648K
  class space    used 8465K, committed 9088K, reserved 1048576K
}
Event: 96.743 GC heap after
{Heap after GC invocations=231 (full 8):
 PSYoungGen      total 3072K, used 2032K [0x00000000eab00000, 0x00000000eb900000, 0x0000000100000000)
  eden space 1024K, 0% used [0x00000000eab00000,0x00000000eab00000,0x00000000eac00000)
  from space 2048K, 99% used [0x00000000eb100000,0x00000000eb2fc088,0x00000000eb300000)
  to   space 5120K, 0% used [0x00000000eac00000,0x00000000eac00000,0x00000000eb100000)
 ParOldGen       total 95232K, used 82937K [0x00000000c0000000, 0x00000000c5d00000, 0x00000000eab00000)
  object space 95232K, 87% used [0x00000000c0000000,0x00000000c50fe4e0,0x00000000c5d00000)
 Metaspace       used 80381K, committed 81856K, reserved 1179648K
  class space    used 8465K, committed 9088K, reserved 1048576K
}
Event: 96.746 GC heap before
{Heap before GC invocations=232 (full 8):
 PSYoungGen      total 3072K, used 3049K [0x00000000eab00000, 0x00000000eb900000, 0x0000000100000000)
  eden space 1024K, 99% used [0x00000000eab00000,0x00000000eabfe3a0,0x00000000eac00000)
  from space 2048K, 99% used [0x00000000eb100000,0x00000000eb2fc088,0x00000000eb300000)
  to   space 5120K, 0% used [0x00000000eac00000,0x00000000eac00000,0x00000000eb100000)
 ParOldGen       total 95232K, used 82937K [0x00000000c0000000, 0x00000000c5d00000, 0x00000000eab00000)
  object space 95232K, 87% used [0x00000000c0000000,0x00000000c50fe4e0,0x00000000c5d00000)
 Metaspace       used 80381K, committed 81856K, reserved 1179648K
  class space    used 8465K, committed 9088K, reserved 1048576K
}
Event: 96.747 GC heap after
{Heap after GC invocations=232 (full 8):
 PSYoungGen      total 2560K, used 1168K [0x00000000eab00000, 0x00000000eb180000, 0x0000000100000000)
  eden space 1024K, 0% used [0x00000000eab00000,0x00000000eab00000,0x00000000eac00000)
  from space 1536K, 76% used [0x00000000eac00000,0x00000000ead24280,0x00000000ead80000)
  to   space 2560K, 0% used [0x00000000eaf00000,0x00000000eaf00000,0x00000000eb180000)
 ParOldGen       total 95232K, used 84966K [0x00000000c0000000, 0x00000000c5d00000, 0x00000000eab00000)
  object space 95232K, 89% used [0x00000000c0000000,0x00000000c52f9b48,0x00000000c5d00000)
 Metaspace       used 80381K, committed 81856K, reserved 1179648K
  class space    used 8465K, committed 9088K, reserved 1048576K
}
Event: 96.751 GC heap before
{Heap before GC invocations=233 (full 8):
 PSYoungGen      total 2560K, used 2192K [0x00000000eab00000, 0x00000000eb180000, 0x0000000100000000)
  eden space 1024K, 100% used [0x00000000eab00000,0x00000000eac00000,0x00000000eac00000)
  from space 1536K, 76% used [0x00000000eac00000,0x00000000ead24280,0x00000000ead80000)
  to   space 2560K, 0% used [0x00000000eaf00000,0x00000000eaf00000,0x00000000eb180000)
 ParOldGen       total 95232K, used 84966K [0x00000000c0000000, 0x00000000c5d00000, 0x00000000eab00000)
  object space 95232K, 89% used [0x00000000c0000000,0x00000000c52f9b48,0x00000000c5d00000)
 Metaspace       used 80382K, committed 81856K, reserved 1179648K
  class space    used 8465K, committed 9088K, reserved 1048576K
}
Event: 96.752 GC heap after
{Heap after GC invocations=233 (full 8):
 PSYoungGen      total 3072K, used 1057K [0x00000000eab00000, 0x00000000eb080000, 0x0000000100000000)
  eden space 1536K, 0% used [0x00000000eab00000,0x00000000eab00000,0x00000000eac80000)
  from space 1536K, 68% used [0x00000000eaf00000,0x00000000eb0087c0,0x00000000eb080000)
  to   space 1536K, 0% used [0x00000000ead80000,0x00000000ead80000,0x00000000eaf00000)
 ParOldGen       total 95232K, used 86001K [0x00000000c0000000, 0x00000000c5d00000, 0x00000000eab00000)
  object space 95232K, 90% used [0x00000000c0000000,0x00000000c53fc4c8,0x00000000c5d00000)
 Metaspace       used 80382K, committed 81856K, reserved 1179648K
  class space    used 8465K, committed 9088K, reserved 1048576K
}
Event: 96.759 GC heap before
{Heap before GC invocations=234 (full 8):
 PSYoungGen      total 3072K, used 2593K [0x00000000eab00000, 0x00000000eb080000, 0x0000000100000000)
  eden space 1536K, 100% used [0x00000000eab00000,0x00000000eac80000,0x00000000eac80000)
  from space 1536K, 68% used [0x00000000eaf00000,0x00000000eb0087c0,0x00000000eb080000)
  to   space 1536K, 0% used [0x00000000ead80000,0x00000000ead80000,0x00000000eaf00000)
 ParOldGen       total 95232K, used 86001K [0x00000000c0000000, 0x00000000c5d00000, 0x00000000eab00000)
  object space 95232K, 90% used [0x00000000c0000000,0x00000000c53fc4c8,0x00000000c5d00000)
 Metaspace       used 80383K, committed 81856K, reserved 1179648K
  class space    used 8465K, committed 9088K, reserved 1048576K
}
Event: 96.762 GC heap after
{Heap after GC invocations=234 (full 8):
 PSYoungGen      total 3072K, used 800K [0x00000000eab00000, 0x00000000eaf80000, 0x0000000100000000)
  eden space 2048K, 0% used [0x00000000eab00000,0x00000000eab00000,0x00000000ead00000)
  from space 1024K, 78% used [0x00000000ead80000,0x00000000eae48000,0x00000000eae80000)
  to   space 1024K, 0% used [0x00000000eae80000,0x00000000eae80000,0x00000000eaf80000)
 ParOldGen       total 95232K, used 86980K [0x00000000c0000000, 0x00000000c5d00000, 0x00000000eab00000)
  object space 95232K, 91% used [0x00000000c0000000,0x00000000c54f11a8,0x00000000c5d00000)
 Metaspace       used 80383K, committed 81856K, reserved 1179648K
  class space    used 8465K, committed 9088K, reserved 1048576K
}
Event: 96.766 GC heap before
{Heap before GC invocations=235 (full 8):
 PSYoungGen      total 3072K, used 2321K [0x00000000eab00000, 0x00000000eaf80000, 0x0000000100000000)
  eden space 2048K, 74% used [0x00000000eab00000,0x00000000eac7c5c8,0x00000000ead00000)
  from space 1024K, 78% used [0x00000000ead80000,0x00000000eae48000,0x00000000eae80000)
  to   space 1024K, 0% used [0x00000000eae80000,0x00000000eae80000,0x00000000eaf80000)
 ParOldGen       total 95232K, used 86980K [0x00000000c0000000, 0x00000000c5d00000, 0x00000000eab00000)
  object space 95232K, 91% used [0x00000000c0000000,0x00000000c54f11a8,0x00000000c5d00000)
 Metaspace       used 80385K, committed 81856K, reserved 1179648K
  class space    used 8465K, committed 9088K, reserved 1048576K
}
Event: 96.770 GC heap after
{Heap after GC invocations=235 (full 8):
 PSYoungGen      total 2560K, used 1008K [0x00000000eab00000, 0x00000000eb180000, 0x0000000100000000)
  eden space 1536K, 0% used [0x00000000eab00000,0x00000000eab00000,0x00000000eac80000)
  from space 1024K, 98% used [0x00000000eae80000,0x00000000eaf7c000,0x00000000eaf80000)
  to   space 2048K, 0% used [0x00000000eac80000,0x00000000eac80000,0x00000000eae80000)
 ParOldGen       total 95232K, used 87764K [0x00000000c0000000, 0x00000000c5d00000, 0x00000000eab00000)
  object space 95232K, 92% used [0x00000000c0000000,0x00000000c55b51a8,0x00000000c5d00000)
 Metaspace       used 80385K, committed 81856K, reserved 1179648K
  class space    used 8465K, committed 9088K, reserved 1048576K
}

Dll operation events (11 events):
Event: 0.020 Loaded shared library c:\Users\97154\.vscode\extensions\redhat.java-1.28.1-win32-x64\jre\17.0.10-win32-x86_64\bin\java.dll
Event: 0.250 Loaded shared library c:\Users\97154\.vscode\extensions\redhat.java-1.28.1-win32-x64\jre\17.0.10-win32-x86_64\bin\zip.dll
Event: 0.258 Loaded shared library C:\Users\97154\.vscode\extensions\redhat.java-1.28.1-win32-x64\jre\17.0.10-win32-x86_64\bin\instrument.dll
Event: 0.292 Loaded shared library C:\Users\97154\.vscode\extensions\redhat.java-1.28.1-win32-x64\jre\17.0.10-win32-x86_64\bin\net.dll
Event: 0.294 Loaded shared library C:\Users\97154\.vscode\extensions\redhat.java-1.28.1-win32-x64\jre\17.0.10-win32-x86_64\bin\nio.dll
Event: 0.309 Loaded shared library C:\Users\97154\.vscode\extensions\redhat.java-1.28.1-win32-x64\jre\17.0.10-win32-x86_64\bin\zip.dll
Event: 0.332 Loaded shared library C:\Users\97154\.vscode\extensions\redhat.java-1.28.1-win32-x64\jre\17.0.10-win32-x86_64\bin\jimage.dll
Event: 0.412 Loaded shared library c:\Users\97154\.vscode\extensions\redhat.java-1.28.1-win32-x64\jre\17.0.10-win32-x86_64\bin\verify.dll
Event: 1.856 Loaded shared library C:\Users\97154\AppData\Roaming\Code\User\globalStorage\redhat.java\1.28.1\config_win\org.eclipse.equinox.launcher\org.eclipse.equinox.launcher.win32.win32.x86_64_1.2.900.v20240129-1338\eclipse_11900.dll
Event: 4.381 Loaded shared library C:\Users\97154\AppData\Local\Temp\jna-54327986\jna8002500221055055651.dll
Event: 33.323 Loaded shared library C:\Users\97154\.vscode\extensions\redhat.java-1.28.1-win32-x64\jre\17.0.10-win32-x86_64\bin\extnet.dll

Deoptimization events (20 events):
Event: 76.709 Thread 0x00000206972a93f0 DEOPT PACKING pc=0x00000206810b3b42 sp=0x000000a42bdfe060
Event: 76.709 Thread 0x00000206972a93f0 DEOPT UNPACKING pc=0x000002068758a9e3 sp=0x000000a42bdfd558 mode 0
Event: 78.283 Thread 0x00000206958cd4a0 DEOPT PACKING pc=0x000002068125067c sp=0x000000a42c3fe1a0
Event: 78.283 Thread 0x00000206958cd4a0 DEOPT UNPACKING pc=0x000002068758a9e3 sp=0x000000a42c3fd720 mode 0
Event: 95.539 Thread 0x00000206958cd9b0 DEOPT PACKING pc=0x000002068125067c sp=0x000000a42c6fde80
Event: 95.539 Thread 0x00000206958cd4a0 DEOPT PACKING pc=0x000002068125067c sp=0x000000a42c3fe1c0
Event: 95.539 Thread 0x00000206972a93f0 DEOPT PACKING pc=0x000002068125067c sp=0x000000a42bdfdc00
Event: 95.539 Thread 0x00000206958cd9b0 DEOPT UNPACKING pc=0x000002068758a9e3 sp=0x000000a42c6fd400 mode 0
Event: 95.539 Thread 0x00000206958cd4a0 DEOPT UNPACKING pc=0x000002068758a9e3 sp=0x000000a42c3fd740 mode 0
Event: 95.539 Thread 0x00000206972a93f0 DEOPT UNPACKING pc=0x000002068758a9e3 sp=0x000000a42bdfd180 mode 0
Event: 96.584 Thread 0x00000206972a89d0 DEOPT PACKING pc=0x000002068125067c sp=0x000000a42bafd040
Event: 96.584 Thread 0x00000206972a89d0 DEOPT UNPACKING pc=0x000002068758a9e3 sp=0x000000a42bafc5c0 mode 0
Event: 96.602 Thread 0x00000206958cd4a0 DEOPT PACKING pc=0x000002068125067c sp=0x000000a42c3fdf10
Event: 96.602 Thread 0x00000206958cd4a0 DEOPT UNPACKING pc=0x000002068758a9e3 sp=0x000000a42c3fd490 mode 0
Event: 96.707 Thread 0x00000206972a84c0 DEOPT PACKING pc=0x000002068125067c sp=0x000000a42bcfe1c0
Event: 96.707 Thread 0x00000206972a84c0 DEOPT UNPACKING pc=0x000002068758a9e3 sp=0x000000a42bcfd740 mode 0
Event: 96.718 Thread 0x00000206972a84c0 DEOPT PACKING pc=0x000002068125067c sp=0x000000a42bcfe1c0
Event: 96.718 Thread 0x00000206972a84c0 DEOPT UNPACKING pc=0x000002068758a9e3 sp=0x000000a42bcfd740 mode 0
Event: 96.735 Thread 0x00000206972a84c0 DEOPT PACKING pc=0x000002068125067c sp=0x000000a42bcfd9c0
Event: 96.735 Thread 0x00000206972a84c0 DEOPT UNPACKING pc=0x000002068758a9e3 sp=0x000000a42bcfcf40 mode 0

Classes unloaded (10 events):
Event: 4.260 Thread 0x00000206940414b0 Unloading class 0x0000000100250400 'java/lang/invoke/LambdaForm$MH+0x0000000100250400'
Event: 4.260 Thread 0x00000206940414b0 Unloading class 0x0000000100250000 'java/lang/invoke/LambdaForm$MH+0x0000000100250000'
Event: 4.260 Thread 0x00000206940414b0 Unloading class 0x000000010024fc00 'java/lang/invoke/LambdaForm$MH+0x000000010024fc00'
Event: 4.260 Thread 0x00000206940414b0 Unloading class 0x000000010024f800 'java/lang/invoke/LambdaForm$MH+0x000000010024f800'
Event: 4.260 Thread 0x00000206940414b0 Unloading class 0x000000010024f400 'java/lang/invoke/LambdaForm$BMH+0x000000010024f400'
Event: 4.261 Thread 0x00000206940414b0 Unloading class 0x000000010024f000 'java/lang/invoke/LambdaForm$DMH+0x000000010024f000'
Event: 4.261 Thread 0x00000206940414b0 Unloading class 0x000000010024c400 'java/lang/invoke/LambdaForm$DMH+0x000000010024c400'
Event: 7.504 Thread 0x00000206940414b0 Unloading class 0x0000000100500000 'java/lang/invoke/LambdaForm$DMH+0x0000000100500000'
Event: 9.995 Thread 0x00000206940414b0 Unloading class 0x000000010079c000 'java/lang/invoke/LambdaForm$DMH+0x000000010079c000'
Event: 9.995 Thread 0x00000206940414b0 Unloading class 0x0000000100774400 'java/lang/invoke/LambdaForm$DMH+0x0000000100774400'

Classes redefined (0 events):
No events

Internal exceptions (20 events):
Event: 26.921 Thread 0x0000020695bb70c0 Exception <a 'sun/nio/fs/WindowsException'{0x00000000eab01438}> (0x00000000eab01438) 
thrown [s\src\hotspot\share\prims\jni.cpp, line 516]
Event: 26.928 Thread 0x0000020695bb70c0 Exception <a 'sun/nio/fs/WindowsException'{0x00000000eab56518}> (0x00000000eab56518) 
thrown [s\src\hotspot\share\prims\jni.cpp, line 516]
Event: 27.091 Thread 0x00000206972a93f0 Implicit null exception at 0x000002068802dcfa to 0x000002068802ea84
Event: 27.114 Thread 0x00000206958cd4a0 Exception <a 'java/lang/ClassFormatError'{0x00000000eab4e468}: Unknown constant tag 116 in class file org/eclipse/jdt/internal/corext/refactoring/code/ExtractTempRefactoring> (0x00000000eab4e468) 
thrown [s\src\hotspot\share\classfile\classFileError.cpp, line 49]
Event: 27.440 Thread 0x0000020695bb70c0 Exception <a 'sun/nio/fs/WindowsException'{0x00000000eacc4398}> (0x00000000eacc4398) 
thrown [s\src\hotspot\share\prims\jni.cpp, line 516]
Event: 27.844 Thread 0x00000206958cd4a0 Exception <a 'java/lang/ClassFormatError'{0x00000000eab78e68}: Unknown constant tag 116 in class file org/eclipse/jdt/internal/corext/refactoring/code/ExtractTempRefactoring> (0x00000000eab78e68) 
thrown [s\src\hotspot\share\classfile\classFileError.cpp, line 49]
Event: 31.343 Thread 0x00000206972a93f0 Exception <a 'java/lang/ClassFormatError'{0x00000000eac26ae0}: Unknown constant tag 116 in class file org/eclipse/jdt/internal/corext/refactoring/code/ExtractTempRefactoring> (0x00000000eac26ae0) 
thrown [s\src\hotspot\share\classfile\classFileError.cpp, line 49]
Event: 33.352 Thread 0x00000206985574b0 Exception <a 'java/io/FileNotFoundException'{0x00000000eabb5260}> (0x00000000eabb5260) 
thrown [s\src\hotspot\share\prims\jni.cpp, line 516]
Event: 33.472 Thread 0x00000206985574b0 Exception <a 'java/lang/NoSuchMethodError'{0x00000000eab061a0}: 'java.lang.Object java.lang.invoke.DirectMethodHandle$Holder.invokeVirtual(java.lang.Object, java.lang.Object, java.lang.Object, java.lang.Object)'> (0x00000000eab061a0) 
thrown [s\src\hotspot\share\interpreter\linkResolver.cpp, line 759]
Event: 33.508 Thread 0x0000020698557ed0 Exception <a 'java/lang/NoSuchMethodError'{0x00000000eac7ea18}: 'java.lang.Object java.lang.invoke.DirectMethodHandle$Holder.invokeStatic(java.lang.Object, long, java.lang.Object, java.lang.Object)'> (0x00000000eac7ea18) 
thrown [s\src\hotspot\share\interpreter\linkResolver.cpp, line 759]
Event: 33.509 Thread 0x0000020698557ed0 Exception <a 'java/lang/NoSuchMethodError'{0x00000000eac855b8}: 'java.lang.Object java.lang.invoke.DirectMethodHandle$Holder.newInvokeSpecial(java.lang.Object, long)'> (0x00000000eac855b8) 
thrown [s\src\hotspot\share\interpreter\linkResolver.cpp, line 759]
Event: 33.526 Thread 0x0000020698557ed0 Exception <a 'sun/nio/fs/WindowsException'{0x00000000ead2e580}> (0x00000000ead2e580) 
thrown [s\src\hotspot\share\prims\jni.cpp, line 516]
Event: 33.526 Thread 0x0000020698557ed0 Exception <a 'sun/nio/fs/WindowsException'{0x00000000ead2e860}> (0x00000000ead2e860) 
thrown [s\src\hotspot\share\prims\jni.cpp, line 516]
Event: 33.526 Thread 0x0000020698557ed0 Exception <a 'sun/nio/fs/WindowsException'{0x00000000ead2fbd0}> (0x00000000ead2fbd0) 
thrown [s\src\hotspot\share\prims\jni.cpp, line 516]
Event: 33.526 Thread 0x0000020698557ed0 Exception <a 'sun/nio/fs/WindowsException'{0x00000000ead2fea0}> (0x00000000ead2fea0) 
thrown [s\src\hotspot\share\prims\jni.cpp, line 516]
Event: 33.549 Thread 0x0000020698557ed0 Exception <a 'java/lang/NoSuchMethodError'{0x00000000eab73fa8}: 'void java.lang.invoke.DirectMethodHandle$Holder.invokeStatic(java.lang.Object, java.lang.Object, java.lang.Object, java.lang.Object, java.lang.Object, java.lang.Object, java.lang.Object)'> (0x00000000eab73fa8) 
thrown [s\src\hotspot\share\interpreter\linkResolver.cpp, line 759]
Event: 76.055 Thread 0x00000206972a93f0 Exception <a 'java/lang/ClassFormatError'{0x00000000eabaf1e0}: Unknown constant tag 116 in class file org/eclipse/jdt/internal/corext/refactoring/code/ExtractTempRefactoring> (0x00000000eabaf1e0) 
thrown [s\src\hotspot\share\classfile\classFileError.cpp, line 49]
Event: 76.739 Thread 0x00000206972a93f0 Exception <a 'java/lang/ClassFormatError'{0x00000000eab39890}: Unknown constant tag 116 in class file org/eclipse/jdt/internal/corext/refactoring/code/ExtractTempRefactoring> (0x00000000eab39890) 
thrown [s\src\hotspot\share\classfile\classFileError.cpp, line 49]
Event: 78.286 Thread 0x00000206958cd4a0 Exception <a 'java/lang/ClassFormatError'{0x00000000eabf63d0}: Unknown constant tag 116 in class file org/eclipse/jdt/internal/corext/refactoring/code/ExtractTempRefactoring> (0x00000000eabf63d0) 
thrown [s\src\hotspot\share\classfile\classFileError.cpp, line 49]
Event: 96.649 Thread 0x0000020695bb70c0 Exception <a 'sun/nio/fs/WindowsException'{0x00000000eab2fbd8}> (0x00000000eab2fbd8) 
thrown [s\src\hotspot\share\prims\jni.cpp, line 516]

VM Operations (20 events):
Event: 96.694 Executing VM operation: ParallelGCFailedAllocation
Event: 96.697 Executing VM operation: ParallelGCFailedAllocation done
Event: 96.701 Executing VM operation: ParallelGCFailedAllocation
Event: 96.704 Executing VM operation: ParallelGCFailedAllocation done
Event: 96.711 Executing VM operation: ParallelGCFailedAllocation
Event: 96.715 Executing VM operation: ParallelGCFailedAllocation done
Event: 96.721 Executing VM operation: ParallelGCFailedAllocation
Event: 96.725 Executing VM operation: ParallelGCFailedAllocation done
Event: 96.732 Executing VM operation: ParallelGCFailedAllocation
Event: 96.735 Executing VM operation: ParallelGCFailedAllocation done
Event: 96.741 Executing VM operation: ParallelGCFailedAllocation
Event: 96.743 Executing VM operation: ParallelGCFailedAllocation done
Event: 96.746 Executing VM operation: ParallelGCFailedAllocation
Event: 96.747 Executing VM operation: ParallelGCFailedAllocation done
Event: 96.751 Executing VM operation: ParallelGCFailedAllocation
Event: 96.752 Executing VM operation: ParallelGCFailedAllocation done
Event: 96.759 Executing VM operation: ParallelGCFailedAllocation
Event: 96.762 Executing VM operation: ParallelGCFailedAllocation done
Event: 96.766 Executing VM operation: ParallelGCFailedAllocation
Event: 96.770 Executing VM operation: ParallelGCFailedAllocation done

Events (20 events):
Event: 33.601 loading class java/lang/ProcessHandleImpl$1 done
Event: 33.601 Thread 0x000002069855b170 Thread added: 0x000002069855b170
Event: 33.602 loading class java/util/concurrent/CompletableFuture$UniHandle
Event: 33.602 loading class java/util/concurrent/CompletableFuture$UniHandle done
Event: 33.604 Thread 0x0000020698556070 Thread exited: 0x0000020698556070
Event: 33.643 loading class java/text/NumberFormat$Field
Event: 33.643 loading class java/text/NumberFormat$Field done
Event: 34.439 loading class java/util/concurrent/ScheduledThreadPoolExecutor$DelayedWorkQueue$Itr
Event: 34.439 loading class java/util/concurrent/ScheduledThreadPoolExecutor$DelayedWorkQueue$Itr done
Event: 38.648 Thread 0x0000020696e82a00 Thread exited: 0x0000020696e82a00
Event: 76.736 Thread 0x0000020696e82a00 Thread added: 0x0000020696e82a00
Event: 78.285 Thread 0x0000020696e82a00 Thread exited: 0x0000020696e82a00
Event: 93.202 Thread 0x0000020695bb75d0 Thread exited: 0x0000020695bb75d0
Event: 93.202 Thread 0x0000020695bb6190 Thread exited: 0x0000020695bb6190
Event: 94.588 Thread 0x00000206958cedf0 Thread exited: 0x00000206958cedf0
Event: 94.823 Thread 0x00000206958ce8e0 Thread exited: 0x00000206958ce8e0
Event: 95.536 Thread 0x00000206958cc570 Thread exited: 0x00000206958cc570
Event: 96.595 Thread 0x0000020696e839f0 Thread added: 0x0000020696e839f0
Event: 96.606 Thread 0x0000020696e88450 Thread added: 0x0000020696e88450
Event: 96.688 Thread 0x0000020698556070 Thread added: 0x0000020698556070


Dynamic libraries:
0x00007ff63b9e0000 - 0x00007ff63b9ee000 	c:\Users\97154\.vscode\extensions\redhat.java-1.28.1-win32-x64\jre\17.0.10-win32-x86_64\bin\java.exe
0x00007ff9b0c70000 - 0x00007ff9b0e87000 	C:\WINDOWS\SYSTEM32\ntdll.dll
0x00007ff9b07c0000 - 0x00007ff9b0884000 	C:\WINDOWS\System32\KERNEL32.DLL
0x00007ff9ae2b0000 - 0x00007ff9ae656000 	C:\WINDOWS\System32\KERNELBASE.dll
0x00007ff9adfb0000 - 0x00007ff9ae0c1000 	C:\WINDOWS\System32\ucrtbase.dll
0x00007ff908680000 - 0x00007ff908697000 	c:\Users\97154\.vscode\extensions\redhat.java-1.28.1-win32-x64\jre\17.0.10-win32-x86_64\bin\jli.dll
0x00007ff9aeff0000 - 0x00007ff9af19e000 	C:\WINDOWS\System32\USER32.dll
0x00007ff9ae990000 - 0x00007ff9ae9b6000 	C:\WINDOWS\System32\win32u.dll
0x00007ff9b0370000 - 0x00007ff9b0399000 	C:\WINDOWS\System32\GDI32.dll
0x00007ff9ae660000 - 0x00007ff9ae778000 	C:\WINDOWS\System32\gdi32full.dll
0x00007ff9ae8f0000 - 0x00007ff9ae98a000 	C:\WINDOWS\System32\msvcp_win.dll
0x00007ff9086a0000 - 0x00007ff9086bb000 	c:\Users\97154\.vscode\extensions\redhat.java-1.28.1-win32-x64\jre\17.0.10-win32-x86_64\bin\VCRUNTIME140.dll
0x00007ff9ad2c0000 - 0x00007ff9ad553000 	C:\WINDOWS\WinSxS\amd64_microsoft.windows.common-controls_6595b64144ccf1df_6.0.22621.2506_none_270c5ae97388e100\COMCTL32.dll
0x00007ff9af630000 - 0x00007ff9af6d7000 	C:\WINDOWS\System32\msvcrt.dll
0x00007ff9b0bf0000 - 0x00007ff9b0c21000 	C:\WINDOWS\System32\IMM32.DLL
0x00007ff908660000 - 0x00007ff90866c000 	c:\Users\97154\.vscode\extensions\redhat.java-1.28.1-win32-x64\jre\17.0.10-win32-x86_64\bin\vcruntime140_1.dll
0x00007ff9085d0000 - 0x00007ff90865d000 	c:\Users\97154\.vscode\extensions\redhat.java-1.28.1-win32-x64\jre\17.0.10-win32-x86_64\bin\msvcp140.dll
0x00007ff901c50000 - 0x00007ff9028b2000 	c:\Users\97154\.vscode\extensions\redhat.java-1.28.1-win32-x64\jre\17.0.10-win32-x86_64\bin\server\jvm.dll
0x00007ff9b0a10000 - 0x00007ff9b0ac3000 	C:\WINDOWS\System32\ADVAPI32.dll
0x00007ff9ae9d0000 - 0x00007ff9aea78000 	C:\WINDOWS\System32\sechost.dll
0x00007ff9ae280000 - 0x00007ff9ae2a8000 	C:\WINDOWS\System32\bcrypt.dll
0x00007ff9b0ad0000 - 0x00007ff9b0be7000 	C:\WINDOWS\System32\RPCRT4.dll
0x00007ff9ade80000 - 0x00007ff9adecd000 	C:\WINDOWS\SYSTEM32\POWRPROF.dll
0x00007ff9a7b80000 - 0x00007ff9a7b89000 	C:\WINDOWS\SYSTEM32\WSOCK32.dll
0x00007ff9b0890000 - 0x00007ff9b0901000 	C:\WINDOWS\System32\WS2_32.dll
0x00007ff9a2cb0000 - 0x00007ff9a2ce4000 	C:\WINDOWS\SYSTEM32\WINMM.dll
0x00007ff9ad000000 - 0x00007ff9ad00a000 	C:\WINDOWS\SYSTEM32\VERSION.dll
0x00007ff9ade60000 - 0x00007ff9ade73000 	C:\WINDOWS\SYSTEM32\UMPDC.dll
0x00007ff9ac090000 - 0x00007ff9ac0a8000 	C:\WINDOWS\SYSTEM32\kernel.appcore.dll
0x00007ff9085c0000 - 0x00007ff9085ca000 	c:\Users\97154\.vscode\extensions\redhat.java-1.28.1-win32-x64\jre\17.0.10-win32-x86_64\bin\jimage.dll
0x00007ff9ad830000 - 0x00007ff9ada63000 	C:\WINDOWS\SYSTEM32\DBGHELP.DLL
0x00007ff9af2a0000 - 0x00007ff9af629000 	C:\WINDOWS\System32\combase.dll
0x00007ff9b05f0000 - 0x00007ff9b06c7000 	C:\WINDOWS\System32\OLEAUT32.dll
0x00007ff9ad720000 - 0x00007ff9ad752000 	C:\WINDOWS\SYSTEM32\dbgcore.DLL
0x00007ff9ae0d0000 - 0x00007ff9ae14a000 	C:\WINDOWS\System32\bcryptPrimitives.dll
0x00007ff98ddd0000 - 0x00007ff98ddde000 	c:\Users\97154\.vscode\extensions\redhat.java-1.28.1-win32-x64\jre\17.0.10-win32-x86_64\bin\instrument.dll
0x00007ff908580000 - 0x00007ff9085a5000 	c:\Users\97154\.vscode\extensions\redhat.java-1.28.1-win32-x64\jre\17.0.10-win32-x86_64\bin\java.dll
0x00007ff908540000 - 0x00007ff908558000 	c:\Users\97154\.vscode\extensions\redhat.java-1.28.1-win32-x64\jre\17.0.10-win32-x86_64\bin\zip.dll
0x00007ff9af8a0000 - 0x00007ff9b00fb000 	C:\WINDOWS\System32\SHELL32.dll
0x00007ff9aafa0000 - 0x00007ff9ab896000 	C:\WINDOWS\SYSTEM32\windows.storage.dll
0x00007ff9aae60000 - 0x00007ff9aaf9e000 	C:\WINDOWS\SYSTEM32\wintypes.dll
0x00007ff9b0910000 - 0x00007ff9b0a03000 	C:\WINDOWS\System32\SHCORE.dll
0x00007ff9b0530000 - 0x00007ff9b058e000 	C:\WINDOWS\System32\shlwapi.dll
0x00007ff9adee0000 - 0x00007ff9adf06000 	C:\WINDOWS\SYSTEM32\profapi.dll
0x00007ff90b280000 - 0x00007ff90b299000 	C:\Users\97154\.vscode\extensions\redhat.java-1.28.1-win32-x64\jre\17.0.10-win32-x86_64\bin\net.dll
0x00007ff9a5dd0000 - 0x00007ff9a5f07000 	C:\WINDOWS\SYSTEM32\WINHTTP.dll
0x00007ff9ac4b0000 - 0x00007ff9ac519000 	C:\WINDOWS\system32\mswsock.dll
0x00007ff90b260000 - 0x00007ff90b276000 	C:\Users\97154\.vscode\extensions\redhat.java-1.28.1-win32-x64\jre\17.0.10-win32-x86_64\bin\nio.dll
0x00007ff90b250000 - 0x00007ff90b260000 	c:\Users\97154\.vscode\extensions\redhat.java-1.28.1-win32-x64\jre\17.0.10-win32-x86_64\bin\verify.dll
0x00007ff962660000 - 0x00007ff96269e000 	C:\Users\97154\AppData\Roaming\Code\User\globalStorage\redhat.java\1.28.1\config_win\org.eclipse.equinox.launcher\org.eclipse.equinox.launcher.win32.win32.x86_64_1.2.900.v20240129-1338\eclipse_11900.dll
0x00007ff9b0100000 - 0x00007ff9b02a0000 	C:\WINDOWS\System32\ole32.dll
0x00007ff9adb60000 - 0x00007ff9adb7b000 	C:\WINDOWS\SYSTEM32\CRYPTSP.dll
0x00007ff9abff0000 - 0x00007ff9ac025000 	C:\WINDOWS\system32\rsaenh.dll
0x00007ff9ac5a0000 - 0x00007ff9ac5cc000 	C:\WINDOWS\SYSTEM32\USERENV.dll
0x00007ff9acfd0000 - 0x00007ff9acfdc000 	C:\WINDOWS\SYSTEM32\CRYPTBASE.dll
0x00007ff9abaf0000 - 0x00007ff9abb1d000 	C:\WINDOWS\SYSTEM32\IPHLPAPI.DLL
0x00007ff9b0520000 - 0x00007ff9b0529000 	C:\WINDOWS\System32\NSI.dll
0x00007ff9a5db0000 - 0x00007ff9a5dc9000 	C:\WINDOWS\SYSTEM32\dhcpcsvc6.DLL
0x00007ff9a4610000 - 0x00007ff9a462f000 	C:\WINDOWS\SYSTEM32\dhcpcsvc.DLL
0x00007ff9abb20000 - 0x00007ff9abc19000 	C:\WINDOWS\SYSTEM32\DNSAPI.dll
0x00007ff94e560000 - 0x00007ff94e5a5000 	C:\Users\97154\AppData\Local\Temp\jna-54327986\jna8002500221055055651.dll
0x00007ff9aea80000 - 0x00007ff9aea88000 	C:\WINDOWS\System32\PSAPI.DLL
0x00007ff9ad7f0000 - 0x00007ff9ad824000 	C:\WINDOWS\SYSTEM32\ntmarta.dll
0x00007ff94ef60000 - 0x00007ff94ef69000 	C:\Users\97154\.vscode\extensions\redhat.java-1.28.1-win32-x64\jre\17.0.10-win32-x86_64\bin\extnet.dll

dbghelp: loaded successfully - version: 4.0.5 - missing functions: none
symbol engine: initialized successfully - sym options: 0x614 - pdb path: .;c:\Users\97154\.vscode\extensions\redhat.java-1.28.1-win32-x64\jre\17.0.10-win32-x86_64\bin;C:\WINDOWS\SYSTEM32;C:\WINDOWS\WinSxS\amd64_microsoft.windows.common-controls_6595b64144ccf1df_6.0.22621.2506_none_270c5ae97388e100;c:\Users\97154\.vscode\extensions\redhat.java-1.28.1-win32-x64\jre\17.0.10-win32-x86_64\bin\server;C:\Users\97154\AppData\Roaming\Code\User\globalStorage\redhat.java\1.28.1\config_win\org.eclipse.equinox.launcher\org.eclipse.equinox.launcher.win32.win32.x86_64_1.2.900.v20240129-1338;C:\Users\97154\AppData\Local\Temp\jna-54327986

VM Arguments:
jvm_args: --add-modules=ALL-SYSTEM --add-opens=java.base/java.util=ALL-UNNAMED --add-opens=java.base/java.lang=ALL-UNNAMED --add-opens=java.base/sun.nio.fs=ALL-UNNAMED -Declipse.application=org.eclipse.jdt.ls.core.id1 -Dosgi.bundles.defaultStartLevel=4 -Declipse.product=org.eclipse.jdt.ls.core.product -Djava.import.generatesMetadataFilesAtProjectRoot=false -DDetectVMInstallationsJob.disabled=true -Dfile.encoding=utf8 -XX:+UseParallelGC -XX:GCTimeRatio=4 -XX:AdaptiveSizePolicyWeight=90 -Dsun.zip.disableMemoryMapping=true -Xmx1G -Xms100m -Xlog:disable -javaagent:c:\Users\97154\.vscode\extensions\redhat.java-1.28.1-win32-x64\lombok\lombok-1.18.31.jar -XX:+HeapDumpOnOutOfMemoryError -XX:HeapDumpPath=c:\Users\97154\AppData\Roaming\Code\User\workspaceStorage\7aab4b7947870c43d9e0d1114ae30211\redhat.java -Daether.dependencyCollector.impl=bf 
java_command: c:\Users\97154\.vscode\extensions\redhat.java-1.28.1-win32-x64\server\plugins\org.eclipse.equinox.launcher_1.6.700.v20231214-2017.jar -configuration c:\Users\97154\AppData\Roaming\Code\User\globalStorage\redhat.java\1.28.1\config_win -data c:\Users\97154\AppData\Roaming\Code\User\workspaceStorage\7aab4b7947870c43d9e0d1114ae30211\redhat.java\jdt_ws --stdio
java_class_path (initial): c:\Users\97154\.vscode\extensions\redhat.java-1.28.1-win32-x64\server\plugins\org.eclipse.equinox.launcher_1.6.700.v20231214-2017.jar
Launcher Type: SUN_STANDARD

[Global flags]
    uintx AdaptiveSizePolicyWeight                 = 90                                        {product} {command line}
     intx CICompilerCount                          = 4                                         {product} {ergonomic}
    uintx GCTimeRatio                              = 4                                         {product} {command line}
     bool HeapDumpOnOutOfMemoryError               = true                                   {manageable} {command line}
    ccstr HeapDumpPath                             = c:\Users\97154\AppData\Roaming\Code\User\workspaceStorage\7aab4b7947870c43d9e0d1114ae30211\redhat.java         {manageable} {command line}
   size_t InitialHeapSize                          = 104857600                                 {product} {command line}
   size_t MaxHeapSize                              = 1073741824                                {product} {command line}
   size_t MaxNewSize                               = 357564416                                 {product} {ergonomic}
   size_t MinHeapDeltaBytes                        = 524288                                    {product} {ergonomic}
   size_t MinHeapSize                              = 104857600                                 {product} {command line}
   size_t NewSize                                  = 34603008                                  {product} {ergonomic}
    uintx NonNMethodCodeHeapSize                   = 5839372                                {pd product} {ergonomic}
    uintx NonProfiledCodeHeapSize                  = 122909434                              {pd product} {ergonomic}
   size_t OldSize                                  = 70254592                                  {product} {ergonomic}
    uintx ProfiledCodeHeapSize                     = 122909434                              {pd product} {ergonomic}
    uintx ReservedCodeCacheSize                    = 251658240                              {pd product} {ergonomic}
     bool SegmentedCodeCache                       = true                                      {product} {ergonomic}
   size_t SoftMaxHeapSize                          = 1073741824                             {manageable} {ergonomic}
     bool UseCompressedClassPointers               = true                           {product lp64_product} {ergonomic}
     bool UseCompressedOops                        = true                           {product lp64_product} {ergonomic}
     bool UseLargePagesIndividualAllocation        = false                                  {pd product} {ergonomic}
     bool UseParallelGC                            = true                                      {product} {command line}

Logging:
Log output configuration:
 #0: stdout all=off uptime,level,tags
 #1: stderr all=off uptime,level,tags

Environment Variables:
JAVA_HOME=C:\Program Files\Java\jdk-21
PATH=C:\Program Files (x86)\Common Files\Oracle\Java\javapath;C:\WINDOWS\system32;C:\WINDOWS;C:\WINDOWS\System32\Wbem;C:\WINDOWS\System32\WindowsPowerShell\v1.0\;C:\WINDOWS\System32\OpenSSH\;C:\Program Files\Java\jdk-19\bin;C:\Program Files (x86)\IVI Foundation\VISA\WinNT\Bin\;C:\Program Files\IVI Foundation\VISA\Win64\Bin\;C:\Program Files (x86)\IVI Foundation\IVI\bin;C:\Program Files\IVI Foundation\IVI\bin;C:\Program Files (x86)\IVI Foundation\VISA\WinNT\Bin;C:\msys64\mingw64\bin;C:\msys64\clang64\clang+llvm-15.0.7-arm64-apple-darwin22.0\bin;C:\msys64\mingw64\bin;C:\msys64\mingw64\x86_64-w64-mingw32\bin;C:\msys64\mingw64\bin;C:\msys64\mingw64\x86_64-w64-mingw32\bin;C:\msys64\mingw64\bin;\msys64\mingw64\bin;C:\Program Files (x86)\Microsoft SQL Server\160\Tools\Binn\;C:\Program Files\Microsoft SQL Server\160\Tools\Binn\;C:\Program Files\Microsoft SQL Server\Client SDK\ODBC\170\Tools\Binn\;C:\Program Files\Microsoft SQL Server\160\DTS\Binn\;C:\Program Files\Azure Data Studio\bin;C:\Program Files\Microsoft SQL Server\150\Tools\Binn\;C:\Users\97154\Downloads\dartsdk-windows-x64-release\dart-sdk;C:\Users\97154\Downloads\flutter_windows_3.10.6-stable\flutter\bin;C:\Program Files\Git\cmd;C:\Program Files\Java\jdk-20;C:\Program Files\Java\jre-1.8\bin;C:\Program Files\Java\jdk-21\bin;C:\Windows\System32\Wbem;C:\src\dart-sdk\bin;C:\src\flutter\bin;C:\src\dart-sdk;C:\Users\97154\AppData\Local\Microsoft\WindowsApps;C:\msys64\mingw64\bin;C:\msys64\mingw64\bin;C:\msys64\mingw64\bin;C:\Program Files\Azure Data Studio\bin;C:\Users\97154\AppData\Local\Programs\Microsoft VS Code\bin;C:\Program Files\JetBrains\IntelliJ IDEA 2023.3.3\bin;;C:\Program Files\JetBrains\IntelliJ IDEA Community Edition 2023.2.3\bin;;C:\src\dart-sdk\bin;C:\src\flutter\bin;
USERNAME=97154
OS=Windows_NT
PROCESSOR_IDENTIFIER=Intel64 Family 6 Model 140 Stepping 1, GenuineIntel
TMP=C:\Users\97154\AppData\Local\Temp
TEMP=C:\Users\97154\AppData\Local\Temp



Periodic native trim disabled


---------------  S Y S T E M  ---------------

OS:
 Windows 11 , 64 bit Build 22621 (10.0.22621.3085)
OS uptime: 0 days 0:05 hours
Hyper-V role detected

CPU: total 8 (initial active 8) (4 cores per cpu, 2 threads per core) family 6 model 140 stepping 1 microcode 0xb4, cx8, cmov, fxsr, ht, mmx, 3dnowpref, sse, sse2, sse3, ssse3, sse4.1, sse4.2, popcnt, lzcnt, tsc, tscinvbit, avx, avx2, aes, erms, clmul, bmi1, bmi2, adx, avx512f, avx512dq, avx512cd, avx512bw, avx512vl, sha, fma, vzeroupper, avx512_vpopcntdq, avx512_vpclmulqdq, avx512_vaes, avx512_vnni, clflush, clflushopt, clwb, avx512_vbmi2, avx512_vbmi, hv
Processor Information for all 8 processors :
  Max Mhz: 2419, Current Mhz: 2419, Mhz Limit: 2419

Memory: 4k page, system-wide physical 16118M (3647M free)
TotalPageFile size 19574M (AvailPageFile size 5285M)
current process WorkingSet (physical memory assigned to process): 328M, peak: 373M
current process commit charge ("private bytes"): 362M, peak: 415M

vm_info: OpenJDK 64-Bit Server VM (17.0.10+7) for windows-amd64 JRE (17.0.10+7), built on Jan 16 2024 23:25:11 by "admin" with MS VC++ 16.10 / 16.11 (VS2019)

END.
