#
# A fatal error has been detected by the Java Runtime Environment:
#
#  EXCEPTION_ACCESS_VIOLATION (0xc0000005) at pc=0x00007ffda76fcac8, pid=18504, tid=10076
#
# JRE version: OpenJDK Runtime Environment Temurin-17.0.10+7 (17.0.10+7) (build 17.0.10+7)
# Java VM: OpenJDK 64-Bit Server VM Temurin-17.0.10+7 (17.0.10+7, mixed mode, tiered, compressed oops, compressed class ptrs, parallel gc, windows-amd64)
# Problematic frame:
# V  [jvm.dll+0xcac8]
#
# No core dump will be written. Minidumps are not enabled by default on client versions of Windows
#
# If you would like to submit a bug report, please visit:
#   https://github.com/adoptium/adoptium-support/issues
#

---------------  S U M M A R Y ------------

Command Line: --add-modules=ALL-SYSTEM --add-opens=java.base/java.util=ALL-UNNAMED --add-opens=java.base/java.lang=ALL-UNNAMED --add-opens=java.base/sun.nio.fs=ALL-UNNAMED -Declipse.application=org.eclipse.jdt.ls.core.id1 -Dosgi.bundles.defaultStartLevel=4 -Declipse.product=org.eclipse.jdt.ls.core.product -Djava.import.generatesMetadataFilesAtProjectRoot=false -DDetectVMInstallationsJob.disabled=true -Dfile.encoding=utf8 -XX:+UseParallelGC -XX:GCTimeRatio=4 -XX:AdaptiveSizePolicyWeight=90 -Dsun.zip.disableMemoryMapping=true -Xmx1G -Xms100m -Xlog:disable -javaagent:c:\Users\97154\.vscode\extensions\redhat.java-1.27.0-win32-x64\lombok\lombok-1.18.31.jar -XX:+HeapDumpOnOutOfMemoryError -XX:HeapDumpPath=c:\Users\97154\AppData\Roaming\Code\User\workspaceStorage\7aab4b7947870c43d9e0d1114ae30211\redhat.java -Daether.dependencyCollector.impl=bf c:\Users\97154\.vscode\extensions\redhat.java-1.27.0-win32-x64\server\plugins\org.eclipse.equinox.launcher_1.6.700.v20231214-2017.jar -configuration c:\Users\97154\AppData\Roaming\Code\User\globalStorage\redhat.java\1.27.0\config_win -data c:\Users\97154\AppData\Roaming\Code\User\workspaceStorage\7aab4b7947870c43d9e0d1114ae30211\redhat.java\jdt_ws --stdio

Host: 11th Gen Intel(R) Core(TM) i5-1135G7 @ 2.40GHz, 8 cores, 15G,  Windows 11 , 64 bit Build 22621 (10.0.22621.3085)
Time: Sun Feb 11 22:46:11 2024 Egypt Standard Time elapsed time: 6.142401 seconds (0d 0h 0m 6s)

---------------  T H R E A D  ---------------

Current thread (0x0000026e678955d0):  GCTaskThread "GC Thread#5" [stack: 0x00000079f2800000,0x00000079f2900000] [id=10076]

Stack: [0x00000079f2800000,0x00000079f2900000],  sp=0x00000079f28ff6e8,  free space=1021k
Native frames: (J=compiled Java code, j=interpreted, Vv=VM code, C=native code)
V  [jvm.dll+0xcac8]


siginfo: EXCEPTION_ACCESS_VIOLATION (0xc0000005), reading address 0x0000000001780370


Registers:
RAX=0x0000000000000001, RBX=0x00000000c0f1d3a0, RCX=0x0000000000000003, RDX=0x00000000c0f1d3a0
RSP=0x00000079f28ff6e8, RBP=0x0000026e612044e0, RSI=0x0000000000000004, RDI=0x00000000c0f1f37c
R8 =0x0000000001780368, R9 =0x00000000000003ab, R10=0x00000000c0f1f410, R11=0x000000000000001e
R12=0x00000079f15fed28, R13=0x0000000000000010, R14=0x00000000c0f1f3a0, R15=0x0000000000000000
RIP=0x00007ffda76fcac8, EFLAGS=0x0000000000010202


Register to memory mapping:

RIP=0x00007ffda76fcac8 jvm.dll
RAX=0x0000000000000001 is an unknown value
RBX=0x00000000c0f1d3a0 is pointing into object: [C 
{0x00000000c0f1d368} - klass: {type array char}
 - length: 218
RCX=0x0000000000000003 is an unknown value
RDX=0x00000000c0f1d3a0 is pointing into object: [C 
{0x00000000c0f1d368} - klass: {type array char}
 - length: 218
RSP=0x00000079f28ff6e8 points into unknown readable memory: 0x00007ffda7da0328 | 28 03 da a7 fd 7f 00 00
RBP=0x0000026e612044e0 points into unknown readable memory: 0x0000026e4b110150 | 50 01 11 4b 6e 02 00 00
RSI=0x0000000000000004 is an unknown value
RDI=0x00000000c0f1f37c is pointing into object: [Ljava.lang.Object; 
{0x00000000c0f1f368} - klass: 'java/lang/Object'[]
 - length: 10
R8 =0x0000000001780368 is an unknown value
R9 =0x00000000000003ab is an unknown value
R10=0x00000000c0f1f410 is an oop: jdk.internal.jimage.ImageReader$LinkNode 
{0x00000000c0f1f410} - klass: 'jdk/internal/jimage/ImageReader$LinkNode'
 - ---- fields (total size 4 words):
 - private 'flags' 'I' @12  0
 - private 'completed' 'Z' @16  false
 - private final 'name' 'Ljava/lang/String;' @20  "/packages/org.w3c.dom/java.xml"{0x00000000c0f1f430} (c0f1f430)
 - private final 'fileAttrs' 'Ljava/nio/file/attribute/BasicFileAttributes;' @24  a 'sun/nio/fs/WindowsFileAttributes'{0x00000000c0de8748} (c0de8748)
 - private final 'link' 'Ljdk/internal/jimage/ImageReader$Node;' @28  a 'jdk/internal/jimage/ImageReader$Directory'{0x00000000c0e473e8} (c0e473e8)
R11=0x000000000000001e is an unknown value
R12=0x00000079f15fed28 points into unknown readable memory: 0x0000000000000008 | 08 00 00 00 00 00 00 00
R13=0x0000000000000010 is an unknown value
R14=0x00000000c0f1f3a0 is an oop: jdk.internal.jimage.ImageReader$LinkNode 
{0x00000000c0f1f3a0} - klass: 'jdk/internal/jimage/ImageReader$LinkNode'
 - ---- fields (total size 4 words):
 - private 'flags' 'I' @12  0
 - private 'completed' 'Z' @16  false
 - private final 'name' 'Ljava/lang/String;' @20  "/packages/org.w3c.dom/jdk.xml.dom"{0x00000000c0f1f3c0} (c0f1f3c0)
 - private final 'fileAttrs' 'Ljava/nio/file/attribute/BasicFileAttributes;' @24  a 'sun/nio/fs/WindowsFileAttributes'{0x00000000c0de8748} (c0de8748)
 - private final 'link' 'Ljdk/internal/jimage/ImageReader$Node;' @28  a 'jdk/internal/jimage/ImageReader$Directory'{0x00000000c103fe08} (c103fe08)
R15=0x0 is NULL


Top of Stack: (sp=0x00000079f28ff6e8)
0x00000079f28ff6e8:   00007ffda7da0328 00000000c0f1f410
0x00000079f28ff6f8:   00000000c0f1f378 0000000000000000
0x00000079f28ff708:   00007ffda821c7a0 00007ffda821c7a0
0x00000079f28ff718:   00007ffda7da0663 0000026e612044e0
0x00000079f28ff728:   00007ffda800bb90 00007ffda80a1158
0x00000079f28ff738:   00000000000003ab 0000000000000000
0x00000079f28ff748:   00007ffd00000000 0000026e612044e0
0x00000079f28ff758:   00007ffda7d9e581 00000000c0f50020
0x00000079f28ff768:   00000000c02b2c5c 00007ffda800bb90
0x00000079f28ff778:   0000026e4d4105a0 0000000100000003
0x00000079f28ff788:   0000026e612044e0 0000000000000000
0x00000079f28ff798:   0000000000000000 0000000000000004
0x00000079f28ff7a8:   00000000c1e00834 00007ffda821c7a0
0x00000079f28ff7b8:   000000000000000c 0000026e612044e0
0x00000079f28ff7c8:   00007ffda7da8de1 000000000000000c
0x00000079f28ff7d8:   0000132d00000107 0000026e612044e0
0x00000079f28ff7e8:   00007ffda80a1158 00000000c1dfe1d0
0x00000079f28ff7f8:   00007ffd00000800 00007ffda80a1158
0x00000079f28ff808:   0000026e4d4105a0 0000000000000003
0x00000079f28ff818:   0000026e612044e0 0000000000000020
0x00000079f28ff828:   0000026e665a1740 00000079f15fece8
0x00000079f28ff838:   00000079f15febe0 0000000000000000
0x00000079f28ff848:   00007ffda7da9cfa 0000000000000005
0x00000079f28ff858:   00000079f28ff8d0 00000000c0f50000
0x00000079f28ff868:   0000000000000001 00000079f15fef80
0x00000079f28ff878:   0000026e6662f810 0000000400000002
0x00000079f28ff888:   0000026e612044e0 00007ffda80a1948
0x00000079f28ff898:   0000026e612044e0 00007ffda80a1b50
0x00000079f28ff8a8:   0000000000000004 0000000000000000
0x00000079f28ff8b8:   0000000000000001 0000000000000001
0x00000079f28ff8c8:   0000797836b77b25 0000000000000000
0x00000079f28ff8d8:   0000026e678955d0 0000000000000000 

Instructions: (pc=0x00007ffda76fcac8)
0x00007ffda76fc9c8:   48 83 c4 20 5e c3 cc cc 48 8b 01 c3 cc cc cc cc
0x00007ffda76fc9d8:   cc cc cc cc cc cc cc cc 4c 8b 01 4c 8b c9 48 8b
0x00007ffda76fc9e8:   0d e3 60 b6 00 ba 44 60 08 00 e9 d9 f1 ff ff cc
0x00007ffda76fc9f8:   cc cc cc cc cc cc cc cc 48 89 5c 24 08 57 48 83
0x00007ffda76fca08:   ec 20 48 8b 39 48 8b d9 48 85 3d 01 4a bb 00 75
0x00007ffda76fca18:   0e 48 8b c7 48 8b 5c 24 30 48 83 c4 20 5f c3 48
0x00007ffda76fca28:   8b cf e8 41 98 85 00 48 8b d0 48 85 c0 74 20 48
0x00007ffda76fca38:   8b c7 f0 48 0f b1 13 74 16 48 85 05 d0 49 bb 00
0x00007ffda76fca48:   74 0d 48 8b c8 f0 48 0f b1 13 48 3b c1 75 ea 48
0x00007ffda76fca58:   8b 5c 24 30 48 8b c2 48 83 c4 20 5f c3 cc cc cc
0x00007ffda76fca68:   cc cc cc cc cc cc cc cc 4c 8b 01 4c 8b c9 48 8b
0x00007ffda76fca78:   0d 53 60 b6 00 ba 64 60 08 00 e9 49 f1 ff ff cc
0x00007ffda76fca88:   cc cc cc cc cc cc cc cc 8b 05 62 a8 b0 00 c3 cc
0x00007ffda76fca98:   cc cc cc cc cc cc cc cc 0f b6 05 db 68 b7 00 48
0x00007ffda76fcaa8:   8b d1 84 c0 74 16 44 8b 41 08 8b 0d 40 a8 b0 00
0x00007ffda76fcab8:   49 d3 e0 4c 03 05 2e a8 b0 00 eb 04 4c 8b 41 08
0x00007ffda76fcac8:   45 8b 50 08 45 85 d2 7e 0e 41 f6 c2 01 75 53 41
0x00007ffda76fcad8:   c1 fa 03 41 8b c2 c3 79 49 84 c0 b9 10 00 00 00
0x00007ffda76fcae8:   8b 05 46 b7 b0 00 41 b8 0c 00 00 00 41 0f 45 c8
0x00007ffda76fcaf8:   ff c8 4c 63 c8 48 63 14 11 41 8b ca 83 e1 3f 48
0x00007ffda76fcb08:   d3 e2 41 8b ca 48 c1 f9 10 0f b6 c1 49 8d 0c 11
0x00007ffda76fcb18:   49 f7 d1 48 03 c1 49 c1 e9 03 48 c1 e8 03 41 23
0x00007ffda76fcb28:   c1 c3 49 8b 00 49 8b c8 48 ff a0 00 01 00 00 cc
0x00007ffda76fcb38:   cc cc cc cc cc cc cc cc 8b 44 24 30 45 03 c9 44
0x00007ffda76fcb48:   2b 4c 24 28 83 c0 0b 44 03 ca 45 03 c8 41 03 c1
0x00007ffda76fcb58:   c3 cc cc cc cc cc cc cc 4c 8b ca 48 8b d1 45 8b
0x00007ffda76fcb68:   41 08 45 85 c0 7e 0e 41 f6 c0 01 75 56 41 c1 f8
0x00007ffda76fcb78:   03 41 8b c0 c3 79 4c 80 3d fc 67 b7 00 00 b8 0c
0x00007ffda76fcb88:   00 00 00 b9 10 00 00 00 0f 45 c8 8b 05 9b b6 b0
0x00007ffda76fcb98:   00 ff c8 4c 63 c8 48 63 14 11 41 8b c8 83 e1 3f
0x00007ffda76fcba8:   48 d3 e2 41 8b c8 48 c1 f9 10 0f b6 c1 49 8d 0c
0x00007ffda76fcbb8:   11 49 f7 d1 48 03 c1 49 c1 e9 03 48 c1 e8 03 41 


Stack slot to memory mapping:
stack at sp + 0 slots: 0x00007ffda7da0328 jvm.dll
stack at sp + 1 slots: 0x00000000c0f1f410 is an oop: jdk.internal.jimage.ImageReader$LinkNode 
{0x00000000c0f1f410} - klass: 'jdk/internal/jimage/ImageReader$LinkNode'
 - ---- fields (total size 4 words):
 - private 'flags' 'I' @12  0
 - private 'completed' 'Z' @16  false
 - private final 'name' 'Ljava/lang/String;' @20  "/packages/org.w3c.dom/java.xml"{0x00000000c0f1f430} (c0f1f430)
 - private final 'fileAttrs' 'Ljava/nio/file/attribute/BasicFileAttributes;' @24  a 'sun/nio/fs/WindowsFileAttributes'{0x00000000c0de8748} (c0de8748)
 - private final 'link' 'Ljdk/internal/jimage/ImageReader$Node;' @28  a 'jdk/internal/jimage/ImageReader$Directory'{0x00000000c0e473e8} (c0e473e8)
stack at sp + 2 slots: 0x00000000c0f1f378 is pointing into object: [Ljava.lang.Object; 
{0x00000000c0f1f368} - klass: 'java/lang/Object'[]
 - length: 10
stack at sp + 3 slots: 0x0 is NULL
stack at sp + 4 slots: 0x00007ffda821c7a0 jvm.dll
stack at sp + 5 slots: 0x00007ffda821c7a0 jvm.dll
stack at sp + 6 slots: 0x00007ffda7da0663 jvm.dll
stack at sp + 7 slots: 0x0000026e612044e0 points into unknown readable memory: 0x0000026e4b110150 | 50 01 11 4b 6e 02 00 00


---------------  P R O C E S S  ---------------

Threads class SMR info:
_java_thread_list=0x0000026e74e37310, length=32, elements={
0x0000026e4d402ac0, 0x0000026e66595410, 0x0000026e66597490, 0x0000026e665a9060,
0x0000026e665a9b30, 0x0000026e665d57b0, 0x0000026e665d6820, 0x0000026e665e3d60,
0x0000026e665ea2b0, 0x0000026e665f73a0, 0x0000026e4d463a70, 0x0000026e6695e050,
0x0000026e67d85150, 0x0000026e67edb640, 0x0000026e67e4e580, 0x0000026e685bb6d0,
0x0000026e68699280, 0x0000026e68506340, 0x0000026e665ead50, 0x0000026e6865b860,
0x0000026e6865a420, 0x0000026e686594f0, 0x0000026e6865cca0, 0x0000026e665eb7f0,
0x0000026e6865bd70, 0x0000026e68659f10, 0x0000026e6865a930, 0x0000026e6865b350,
0x0000026e6aeb5130, 0x0000026e6aeb5b50, 0x0000026e6aeb28b0, 0x0000026e6aeb6570
}

Java Threads: ( => current thread )
  0x0000026e4d402ac0 JavaThread "main" [_thread_blocked, id=12424, stack(0x00000079f1300000,0x00000079f1400000)]
  0x0000026e66595410 JavaThread "Reference Handler" daemon [_thread_blocked, id=22656, stack(0x00000079f1600000,0x00000079f1700000)]
  0x0000026e66597490 JavaThread "Finalizer" daemon [_thread_blocked, id=20680, stack(0x00000079f1700000,0x00000079f1800000)]
  0x0000026e665a9060 JavaThread "Signal Dispatcher" daemon [_thread_blocked, id=3820, stack(0x00000079f1800000,0x00000079f1900000)]
  0x0000026e665a9b30 JavaThread "Attach Listener" daemon [_thread_blocked, id=4240, stack(0x00000079f1900000,0x00000079f1a00000)]
  0x0000026e665d57b0 JavaThread "Service Thread" daemon [_thread_blocked, id=2480, stack(0x00000079f1a00000,0x00000079f1b00000)]
  0x0000026e665d6820 JavaThread "Monitor Deflation Thread" daemon [_thread_blocked, id=3580, stack(0x00000079f1b00000,0x00000079f1c00000)]
  0x0000026e665e3d60 JavaThread "C2 CompilerThread0" daemon [_thread_blocked, id=14916, stack(0x00000079f1c00000,0x00000079f1d00000)]
  0x0000026e665ea2b0 JavaThread "C1 CompilerThread0" daemon [_thread_blocked, id=20788, stack(0x00000079f1d00000,0x00000079f1e00000)]
  0x0000026e665f73a0 JavaThread "Sweeper thread" daemon [_thread_blocked, id=15164, stack(0x00000079f1e00000,0x00000079f1f00000)]
  0x0000026e4d463a70 JavaThread "Common-Cleaner" daemon [_thread_blocked, id=7108, stack(0x00000079f1f00000,0x00000079f2000000)]
  0x0000026e6695e050 JavaThread "Notification Thread" daemon [_thread_blocked, id=9116, stack(0x00000079f2100000,0x00000079f2200000)]
  0x0000026e67d85150 JavaThread "Active Thread: Equinox Container: 997342ee-ad00-4cb5-95dd-759473b16de9" [_thread_blocked, id=15312, stack(0x00000079f2a00000,0x00000079f2b00000)]
  0x0000026e67edb640 JavaThread "Framework Event Dispatcher: Equinox Container: 997342ee-ad00-4cb5-95dd-759473b16de9" daemon [_thread_blocked, id=4788, stack(0x00000079f2b00000,0x00000079f2c00000)]
  0x0000026e67e4e580 JavaThread "Start Level: Equinox Container: 997342ee-ad00-4cb5-95dd-759473b16de9" daemon [_thread_blocked, id=17416, stack(0x00000079f2c00000,0x00000079f2d00000)]
  0x0000026e685bb6d0 JavaThread "Bundle File Closer" daemon [_thread_blocked, id=1892, stack(0x00000079f2e00000,0x00000079f2f00000)]
  0x0000026e68699280 JavaThread "SCR Component Actor" daemon [_thread_blocked, id=15740, stack(0x00000079f2f00000,0x00000079f3000000)]
  0x0000026e68506340 JavaThread "SCR Component Registry" daemon [_thread_blocked, id=14380, stack(0x00000079f3000000,0x00000079f3100000)]
  0x0000026e665ead50 JavaThread "C2 CompilerThread1" daemon [_thread_blocked, id=1688, stack(0x00000079f2000000,0x00000079f2100000)]
  0x0000026e6865b860 JavaThread "Worker-JM" [_thread_blocked, id=5392, stack(0x00000079f2300000,0x00000079f2400000)]
  0x0000026e6865a420 JavaThread "Worker-0: Update project dental_management_system" [_thread_blocked, id=3720, stack(0x00000079f3100000,0x00000079f3200000)]
  0x0000026e686594f0 JavaThread "Worker-1" [_thread_blocked, id=11196, stack(0x00000079f3200000,0x00000079f3300000)]
  0x0000026e6865cca0 JavaThread "Worker-2" [_thread_blocked, id=1692, stack(0x00000079f3300000,0x00000079f3400000)]
  0x0000026e665eb7f0 JavaThread "C2 CompilerThread2" daemon [_thread_blocked, id=4452, stack(0x00000079f3400000,0x00000079f3500000)]
  0x0000026e6865bd70 JavaThread "Java indexing" daemon [_thread_blocked, id=7988, stack(0x00000079f3500000,0x00000079f3600000)]
  0x0000026e68659f10 JavaThread "Worker-3: Building" [_thread_blocked, id=13700, stack(0x00000079f3600000,0x00000079f3700000)]
  0x0000026e6865a930 JavaThread "JNA Cleaner" daemon [_thread_blocked, id=20612, stack(0x00000079f3700000,0x00000079f3800000)]
  0x0000026e6865b350 JavaThread "pool-2-thread-1" [_thread_blocked, id=14224, stack(0x00000079f3800000,0x00000079f3900000)]
  0x0000026e6aeb5130 JavaThread "WorkspaceEventsHandler" [_thread_blocked, id=12972, stack(0x00000079f3900000,0x00000079f3a00000)]
  0x0000026e6aeb5b50 JavaThread "pool-1-thread-1" [_thread_blocked, id=2144, stack(0x00000079f3a00000,0x00000079f3b00000)]
  0x0000026e6aeb28b0 JavaThread "Worker-4" [_thread_blocked, id=20808, stack(0x00000079f3b00000,0x00000079f3c00000)]
  0x0000026e6aeb6570 JavaThread "Worker-5" [_thread_blocked, id=3104, stack(0x00000079f3c00000,0x00000079f3d00000)]

Other Threads:
  0x0000026e6128ead0 VMThread "VM Thread" [stack: 0x00000079f1500000,0x00000079f1600000] [id=23080]
  0x0000026e668ae5f0 WatcherThread [stack: 0x00000079f2200000,0x00000079f2300000] [id=3900]
  0x0000026e4d418650 GCTaskThread "GC Thread#0" [stack: 0x00000079f1400000,0x00000079f1500000] [id=2728]
  0x0000026e67d8a050 GCTaskThread "GC Thread#1" [stack: 0x00000079f2400000,0x00000079f2500000] [id=20356]
  0x0000026e67d8a310 GCTaskThread "GC Thread#2" [stack: 0x00000079f2500000,0x00000079f2600000] [id=3536]
  0x0000026e67895050 GCTaskThread "GC Thread#3" [stack: 0x00000079f2600000,0x00000079f2700000] [id=16320]
  0x0000026e67895310 GCTaskThread "GC Thread#4" [stack: 0x00000079f2700000,0x00000079f2800000] [id=11128]
=>0x0000026e678955d0 GCTaskThread "GC Thread#5" [stack: 0x00000079f2800000,0x00000079f2900000] [id=10076]
  0x0000026e67895890 GCTaskThread "GC Thread#6" [stack: 0x00000079f2900000,0x00000079f2a00000] [id=14560]
  0x0000026e67e7a080 GCTaskThread "GC Thread#7" [stack: 0x00000079f2d00000,0x00000079f2e00000] [id=14020]

Threads with active compile tasks:
C2 CompilerThread0     6204 6603       4       java.util.zip.ZipEntry::<init> (84 bytes)
C2 CompilerThread1     6204 6604       4       java.util.zip.ZipUtils::CENTIM (9 bytes)
C2 CompilerThread2     6204 6605       4       java.util.zip.ZipUtils::CENCRC (9 bytes)

VM state: at safepoint (normal execution)

VM Mutex/Monitor currently owned by a thread:  ([mutex/lock_event])
[0x0000026e4d3ff4e0] Threads_lock - owner thread: 0x0000026e6128ead0
[0x0000026e4d3ff180] Heap_lock - owner thread: 0x0000026e68659f10

Heap address: 0x00000000c0000000, size: 1024 MB, Compressed Oops mode: 32-bit

CDS archive(s) not mapped
Compressed class space mapped at: 0x0000000100000000-0x0000000140000000, reserved size: 1073741824
Narrow klass base: 0x0000000000000000, Narrow klass shift: 3, Narrow klass range: 0x140000000

GC Precious Log:
 CPUs: 8 total, 8 available
 Memory: 16118M
 Large Page Support: Disabled
 NUMA Support: Disabled
 Compressed Oops: Enabled (32-bit)
 Alignments: Space 512K, Generation 512K, Heap 2M
 Heap Min Capacity: 100M
 Heap Initial Capacity: 100M
 Heap Max Capacity: 1G
 Pre-touch: Disabled
 Parallel Workers: 8

Heap:
 PSYoungGen      total 21504K, used 3040K [0x00000000eab00000, 0x00000000ec900000, 0x0000000100000000)
  eden space 18432K, 0% used [0x00000000eab00000,0x00000000eab00000,0x00000000ebd00000)
  from space 3072K, 98% used [0x00000000ebd00000,0x00000000ebff8158,0x00000000ec000000)
  to   space 5120K, 0% used [0x00000000ec400000,0x00000000ec400000,0x00000000ec900000)
 ParOldGen       total 68608K, used 36092K [0x00000000c0000000, 0x00000000c4300000, 0x00000000eab00000)
  object space 68608K, 52% used [0x00000000c0000000,0x00000000c233f370,0x00000000c4300000)
 Metaspace       used 58638K, committed 59776K, reserved 1114112K
  class space    used 6337K, committed 6848K, reserved 1048576K

Card table byte_map: [0x0000026e4cd90000,0x0000026e4cfa0000] _byte_map_base: 0x0000026e4c790000

Marking Bits: (ParMarkBitMap*) 0x00007ffda828d7d0
 Begin Bits: [0x0000026e5f090000, 0x0000026e60090000)
 End Bits:   [0x0000026e60090000, 0x0000026e61090000)

Polling page: 0x0000026e4b330000

Metaspace:

Usage:
  Non-class:     51.08 MB used.
      Class:      6.19 MB used.
       Both:     57.26 MB used.

Virtual space:
  Non-class space:       64.00 MB reserved,      51.69 MB ( 81%) committed,  1 nodes.
      Class space:        1.00 GB reserved,       6.69 MB ( <1%) committed,  1 nodes.
             Both:        1.06 GB reserved,      58.38 MB (  5%) committed. 

Chunk freelists:
   Non-Class:  11.50 MB
       Class:  9.33 MB
        Both:  20.83 MB

MaxMetaspaceSize: unlimited
CompressedClassSpaceSize: 1.00 GB
Initial GC threshold: 21.00 MB
Current GC threshold: 58.38 MB
CDS: off
MetaspaceReclaimPolicy: balanced
 - commit_granule_bytes: 65536.
 - commit_granule_words: 8192.
 - virtual_space_node_default_size: 8388608.
 - enlarge_chunks_in_place: 1.
 - new_chunks_are_fully_committed: 0.
 - uncommit_free_chunks: 1.
 - use_allocation_guard: 0.
 - handle_deallocations: 1.


Internal statistics:

num_allocs_failed_limit: 9.
num_arena_births: 736.
num_arena_deaths: 14.
num_vsnodes_births: 2.
num_vsnodes_deaths: 0.
num_space_committed: 934.
num_space_uncommitted: 0.
num_chunks_returned_to_freelist: 23.
num_chunks_taken_from_freelist: 3182.
num_chunk_merges: 12.
num_chunk_splits: 1901.
num_chunks_enlarged: 968.
num_inconsistent_stats: 0.

CodeHeap 'non-profiled nmethods': size=120000Kb used=3093Kb max_used=3093Kb free=116906Kb
 bounds [0x0000026e57b60000, 0x0000026e57e70000, 0x0000026e5f090000]
CodeHeap 'profiled nmethods': size=120000Kb used=11526Kb max_used=11526Kb free=108473Kb
 bounds [0x0000026e50090000, 0x0000026e50be0000, 0x0000026e575c0000]
CodeHeap 'non-nmethods': size=5760Kb used=1325Kb max_used=1404Kb free=4434Kb
 bounds [0x0000026e575c0000, 0x0000026e57830000, 0x0000026e57b60000]
 total_blobs=6425 nmethods=5773 adapters=565
 compilation: enabled
              stopped_count=0, restarted_count=0
 full_count=0

Compilation events (20 events):
Event: 6.105 Thread 0x0000026e665ea2b0 nmethod 6582 0x0000026e57e64810 code [0x0000026e57e649a0, 0x0000026e57e64a78]
Event: 6.107 Thread 0x0000026e665ea2b0 6595       3       org.eclipse.jdt.internal.compiler.util.CharArrayMap::get (38 bytes)
Event: 6.107 Thread 0x0000026e665ea2b0 nmethod 6595 0x0000026e50bc0e90 code [0x0000026e50bc1060, 0x0000026e50bc1348]
Event: 6.107 Thread 0x0000026e665ea2b0 6596       3       org.eclipse.jdt.internal.compiler.util.CharArrayMap::put (86 bytes)
Event: 6.107 Thread 0x0000026e665eb7f0 6599       4       java.util.HashMap::afterNodeAccess (1 bytes)
Event: 6.107 Thread 0x0000026e665ea2b0 nmethod 6596 0x0000026e50bc1510 code [0x0000026e50bc1720, 0x0000026e50bc1e98]
Event: 6.107 Thread 0x0000026e665ea2b0 6598       3       org.eclipse.jdt.internal.core.builder.ClasspathJrt::hashCode (22 bytes)
Event: 6.107 Thread 0x0000026e665eb7f0 nmethod 6599 0x0000026e57e64b10 code [0x0000026e57e64c80, 0x0000026e57e64cf8]
Event: 6.107 Thread 0x0000026e665ea2b0 nmethod 6598 0x0000026e50bc2190 code [0x0000026e50bc2340, 0x0000026e50bc2538]
Event: 6.107 Thread 0x0000026e665ea2b0 6597       3       org.eclipse.jdt.internal.compiler.util.CharArray::equals (33 bytes)
Event: 6.107 Thread 0x0000026e665ea2b0 nmethod 6597 0x0000026e50bc2610 code [0x0000026e50bc27e0, 0x0000026e50bc2bc8]
Event: 6.109 Thread 0x0000026e665ea2b0 6600   !   3       org.eclipse.jdt.internal.compiler.classfmt.ClassFileReader::<init> (2113 bytes)
Event: 6.112 Thread 0x0000026e665eb7f0 6601       4       org.eclipse.jdt.internal.compiler.classfmt.ClassFileStruct::utf8At (171 bytes)
Event: 6.116 Thread 0x0000026e665ea2b0 nmethod 6600 0x0000026e50bc2c90 code [0x0000026e50bc3620, 0x0000026e50bcbef8]
Event: 6.119 Thread 0x0000026e665eb7f0 nmethod 6601 0x0000026e57e64e10 code [0x0000026e57e64fa0, 0x0000026e57e653b8]
Event: 6.120 Thread 0x0000026e665ea2b0 6602       3       org.eclipse.core.runtime.jobs.Job::getState (5 bytes)
Event: 6.120 Thread 0x0000026e665ea2b0 nmethod 6602 0x0000026e50bd1a10 code [0x0000026e50bd1ba0, 0x0000026e50bd1ce8]
Event: 6.122 Thread 0x0000026e665e3d60 6603       4       java.util.zip.ZipEntry::<init> (84 bytes)
Event: 6.122 Thread 0x0000026e665ead50 6604       4       java.util.zip.ZipUtils::CENTIM (9 bytes)
Event: 6.122 Thread 0x0000026e665eb7f0 6605       4       java.util.zip.ZipUtils::CENCRC (9 bytes)

GC Heap History (20 events):
Event: 4.645 GC heap after
{Heap after GC invocations=20 (full 2):
 PSYoungGen      total 22528K, used 1936K [0x00000000eab00000, 0x00000000ec400000, 0x0000000100000000)
  eden space 20480K, 0% used [0x00000000eab00000,0x00000000eab00000,0x00000000ebf00000)
  from space 2048K, 94% used [0x00000000ec200000,0x00000000ec3e4370,0x00000000ec400000)
  to   space 2560K, 0% used [0x00000000ebf00000,0x00000000ebf00000,0x00000000ec180000)
 ParOldGen       total 68608K, used 25570K [0x00000000c0000000, 0x00000000c4300000, 0x00000000eab00000)
  object space 68608K, 37% used [0x00000000c0000000,0x00000000c18f88c0,0x00000000c4300000)
 Metaspace       used 45946K, committed 46912K, reserved 1114112K
  class space    used 4848K, committed 5312K, reserved 1048576K
}
Event: 4.684 GC heap before
{Heap before GC invocations=21 (full 2):
 PSYoungGen      total 22528K, used 22416K [0x00000000eab00000, 0x00000000ec400000, 0x0000000100000000)
  eden space 20480K, 100% used [0x00000000eab00000,0x00000000ebf00000,0x00000000ebf00000)
  from space 2048K, 94% used [0x00000000ec200000,0x00000000ec3e4370,0x00000000ec400000)
  to   space 2560K, 0% used [0x00000000ebf00000,0x00000000ebf00000,0x00000000ec180000)
 ParOldGen       total 68608K, used 25570K [0x00000000c0000000, 0x00000000c4300000, 0x00000000eab00000)
  object space 68608K, 37% used [0x00000000c0000000,0x00000000c18f88c0,0x00000000c4300000)
 Metaspace       used 46199K, committed 47232K, reserved 1114112K
  class space    used 4883K, committed 5376K, reserved 1048576K
}
Event: 4.689 GC heap after
{Heap after GC invocations=21 (full 2):
 PSYoungGen      total 22528K, used 1927K [0x00000000eab00000, 0x00000000ec300000, 0x0000000100000000)
  eden space 20480K, 0% used [0x00000000eab00000,0x00000000eab00000,0x00000000ebf00000)
  from space 2048K, 94% used [0x00000000ebf00000,0x00000000ec0e1ed8,0x00000000ec100000)
  to   space 2048K, 0% used [0x00000000ec100000,0x00000000ec100000,0x00000000ec300000)
 ParOldGen       total 68608K, used 27178K [0x00000000c0000000, 0x00000000c4300000, 0x00000000eab00000)
  object space 68608K, 39% used [0x00000000c0000000,0x00000000c1a8a8d0,0x00000000c4300000)
 Metaspace       used 46199K, committed 47232K, reserved 1114112K
  class space    used 4883K, committed 5376K, reserved 1048576K
}
Event: 4.743 GC heap before
{Heap before GC invocations=22 (full 2):
 PSYoungGen      total 22528K, used 22407K [0x00000000eab00000, 0x00000000ec300000, 0x0000000100000000)
  eden space 20480K, 100% used [0x00000000eab00000,0x00000000ebf00000,0x00000000ebf00000)
  from space 2048K, 94% used [0x00000000ebf00000,0x00000000ec0e1ed8,0x00000000ec100000)
  to   space 2048K, 0% used [0x00000000ec100000,0x00000000ec100000,0x00000000ec300000)
 ParOldGen       total 68608K, used 27178K [0x00000000c0000000, 0x00000000c4300000, 0x00000000eab00000)
  object space 68608K, 39% used [0x00000000c0000000,0x00000000c1a8a8d0,0x00000000c4300000)
 Metaspace       used 46527K, committed 47488K, reserved 1114112K
  class space    used 4927K, committed 5376K, reserved 1048576K
}
Event: 4.746 GC heap after
{Heap after GC invocations=22 (full 2):
 PSYoungGen      total 22016K, used 1248K [0x00000000eab00000, 0x00000000ec280000, 0x0000000100000000)
  eden space 20480K, 0% used [0x00000000eab00000,0x00000000eab00000,0x00000000ebf00000)
  from space 1536K, 81% used [0x00000000ec100000,0x00000000ec238000,0x00000000ec280000)
  to   space 1536K, 0% used [0x00000000ebf80000,0x00000000ebf80000,0x00000000ec100000)
 ParOldGen       total 68608K, used 28906K [0x00000000c0000000, 0x00000000c4300000, 0x00000000eab00000)
  object space 68608K, 42% used [0x00000000c0000000,0x00000000c1c3a8e0,0x00000000c4300000)
 Metaspace       used 46527K, committed 47488K, reserved 1114112K
  class space    used 4927K, committed 5376K, reserved 1048576K
}
Event: 4.848 GC heap before
{Heap before GC invocations=23 (full 2):
 PSYoungGen      total 22016K, used 21653K [0x00000000eab00000, 0x00000000ec280000, 0x0000000100000000)
  eden space 20480K, 99% used [0x00000000eab00000,0x00000000ebeed638,0x00000000ebf00000)
  from space 1536K, 81% used [0x00000000ec100000,0x00000000ec238000,0x00000000ec280000)
  to   space 1536K, 0% used [0x00000000ebf80000,0x00000000ebf80000,0x00000000ec100000)
 ParOldGen       total 68608K, used 28906K [0x00000000c0000000, 0x00000000c4300000, 0x00000000eab00000)
  object space 68608K, 42% used [0x00000000c0000000,0x00000000c1c3a8e0,0x00000000c4300000)
 Metaspace       used 48011K, committed 49024K, reserved 1114112K
  class space    used 5072K, committed 5568K, reserved 1048576K
}
Event: 4.850 GC heap after
{Heap after GC invocations=23 (full 2):
 PSYoungGen      total 22016K, used 1215K [0x00000000eab00000, 0x00000000ec200000, 0x0000000100000000)
  eden space 20480K, 0% used [0x00000000eab00000,0x00000000eab00000,0x00000000ebf00000)
  from space 1536K, 79% used [0x00000000ebf80000,0x00000000ec0afef0,0x00000000ec100000)
  to   space 1024K, 0% used [0x00000000ec100000,0x00000000ec100000,0x00000000ec200000)
 ParOldGen       total 68608K, used 30042K [0x00000000c0000000, 0x00000000c4300000, 0x00000000eab00000)
  object space 68608K, 43% used [0x00000000c0000000,0x00000000c1d568e0,0x00000000c4300000)
 Metaspace       used 48011K, committed 49024K, reserved 1114112K
  class space    used 5072K, committed 5568K, reserved 1048576K
}
Event: 5.007 GC heap before
{Heap before GC invocations=24 (full 2):
 PSYoungGen      total 22016K, used 21695K [0x00000000eab00000, 0x00000000ec200000, 0x0000000100000000)
  eden space 20480K, 100% used [0x00000000eab00000,0x00000000ebf00000,0x00000000ebf00000)
  from space 1536K, 79% used [0x00000000ebf80000,0x00000000ec0afef0,0x00000000ec100000)
  to   space 1024K, 0% used [0x00000000ec100000,0x00000000ec100000,0x00000000ec200000)
 ParOldGen       total 68608K, used 30042K [0x00000000c0000000, 0x00000000c4300000, 0x00000000eab00000)
  object space 68608K, 43% used [0x00000000c0000000,0x00000000c1d568e0,0x00000000c4300000)
 Metaspace       used 50668K, committed 51712K, reserved 1114112K
  class space    used 5391K, committed 5824K, reserved 1048576K
}
Event: 5.009 GC heap after
{Heap after GC invocations=24 (full 2):
 PSYoungGen      total 21504K, used 1009K [0x00000000eab00000, 0x00000000ec300000, 0x0000000100000000)
  eden space 20480K, 0% used [0x00000000eab00000,0x00000000eab00000,0x00000000ebf00000)
  from space 1024K, 98% used [0x00000000ec100000,0x00000000ec1fc468,0x00000000ec200000)
  to   space 2048K, 0% used [0x00000000ebf00000,0x00000000ebf00000,0x00000000ec100000)
 ParOldGen       total 68608K, used 30914K [0x00000000c0000000, 0x00000000c4300000, 0x00000000eab00000)
  object space 68608K, 45% used [0x00000000c0000000,0x00000000c1e30838,0x00000000c4300000)
 Metaspace       used 50668K, committed 51712K, reserved 1114112K
  class space    used 5391K, committed 5824K, reserved 1048576K
}
Event: 5.369 GC heap before
{Heap before GC invocations=25 (full 2):
 PSYoungGen      total 21504K, used 21464K [0x00000000eab00000, 0x00000000ec300000, 0x0000000100000000)
  eden space 20480K, 99% used [0x00000000eab00000,0x00000000ebef9e20,0x00000000ebf00000)
  from space 1024K, 98% used [0x00000000ec100000,0x00000000ec1fc468,0x00000000ec200000)
  to   space 2048K, 0% used [0x00000000ebf00000,0x00000000ebf00000,0x00000000ec100000)
 ParOldGen       total 68608K, used 30914K [0x00000000c0000000, 0x00000000c4300000, 0x00000000eab00000)
  object space 68608K, 45% used [0x00000000c0000000,0x00000000c1e30838,0x00000000c4300000)
 Metaspace       used 52892K, committed 53952K, reserved 1114112K
  class space    used 5684K, committed 6144K, reserved 1048576K
}
Event: 5.372 GC heap after
{Heap after GC invocations=25 (full 2):
 PSYoungGen      total 21504K, used 1008K [0x00000000eab00000, 0x00000000ec200000, 0x0000000100000000)
  eden space 20480K, 0% used [0x00000000eab00000,0x00000000eab00000,0x00000000ebf00000)
  from space 1024K, 98% used [0x00000000ebf00000,0x00000000ebffc010,0x00000000ec000000)
  to   space 1536K, 0% used [0x00000000ec080000,0x00000000ec080000,0x00000000ec200000)
 ParOldGen       total 68608K, used 31610K [0x00000000c0000000, 0x00000000c4300000, 0x00000000eab00000)
  object space 68608K, 46% used [0x00000000c0000000,0x00000000c1edeb80,0x00000000c4300000)
 Metaspace       used 52892K, committed 53952K, reserved 1114112K
  class space    used 5684K, committed 6144K, reserved 1048576K
}
Event: 5.605 GC heap before
{Heap before GC invocations=26 (full 2):
 PSYoungGen      total 21504K, used 21488K [0x00000000eab00000, 0x00000000ec200000, 0x0000000100000000)
  eden space 20480K, 100% used [0x00000000eab00000,0x00000000ebf00000,0x00000000ebf00000)
  from space 1024K, 98% used [0x00000000ebf00000,0x00000000ebffc010,0x00000000ec000000)
  to   space 1536K, 0% used [0x00000000ec080000,0x00000000ec080000,0x00000000ec200000)
 ParOldGen       total 68608K, used 31610K [0x00000000c0000000, 0x00000000c4300000, 0x00000000eab00000)
  object space 68608K, 46% used [0x00000000c0000000,0x00000000c1edeb80,0x00000000c4300000)
 Metaspace       used 54309K, committed 55424K, reserved 1114112K
  class space    used 5900K, committed 6400K, reserved 1048576K
}
Event: 5.607 GC heap after
{Heap after GC invocations=26 (full 2):
 PSYoungGen      total 22016K, used 1088K [0x00000000eab00000, 0x00000000ec200000, 0x0000000100000000)
  eden space 20480K, 0% used [0x00000000eab00000,0x00000000eab00000,0x00000000ebf00000)
  from space 1536K, 70% used [0x00000000ec080000,0x00000000ec190030,0x00000000ec200000)
  to   space 1536K, 0% used [0x00000000ebf00000,0x00000000ebf00000,0x00000000ec080000)
 ParOldGen       total 68608K, used 32482K [0x00000000c0000000, 0x00000000c4300000, 0x00000000eab00000)
  object space 68608K, 47% used [0x00000000c0000000,0x00000000c1fb8920,0x00000000c4300000)
 Metaspace       used 54309K, committed 55424K, reserved 1114112K
  class space    used 5900K, committed 6400K, reserved 1048576K
}
Event: 5.786 GC heap before
{Heap before GC invocations=27 (full 2):
 PSYoungGen      total 22016K, used 21568K [0x00000000eab00000, 0x00000000ec200000, 0x0000000100000000)
  eden space 20480K, 100% used [0x00000000eab00000,0x00000000ebf00000,0x00000000ebf00000)
  from space 1536K, 70% used [0x00000000ec080000,0x00000000ec190030,0x00000000ec200000)
  to   space 1536K, 0% used [0x00000000ebf00000,0x00000000ebf00000,0x00000000ec080000)
 ParOldGen       total 68608K, used 32482K [0x00000000c0000000, 0x00000000c4300000, 0x00000000eab00000)
  object space 68608K, 47% used [0x00000000c0000000,0x00000000c1fb8920,0x00000000c4300000)
 Metaspace       used 56134K, committed 57216K, reserved 1114112K
  class space    used 6103K, committed 6592K, reserved 1048576K
}
Event: 5.789 GC heap after
{Heap after GC invocations=27 (full 2):
 PSYoungGen      total 21504K, used 832K [0x00000000eab00000, 0x00000000ec100000, 0x0000000100000000)
  eden space 20480K, 0% used [0x00000000eab00000,0x00000000eab00000,0x00000000ebf00000)
  from space 1024K, 81% used [0x00000000ebf00000,0x00000000ebfd0020,0x00000000ec000000)
  to   space 1024K, 0% used [0x00000000ec000000,0x00000000ec000000,0x00000000ec100000)
 ParOldGen       total 68608K, used 33394K [0x00000000c0000000, 0x00000000c4300000, 0x00000000eab00000)
  object space 68608K, 48% used [0x00000000c0000000,0x00000000c209c940,0x00000000c4300000)
 Metaspace       used 56134K, committed 57216K, reserved 1114112K
  class space    used 6103K, committed 6592K, reserved 1048576K
}
Event: 6.024 GC heap before
{Heap before GC invocations=28 (full 2):
 PSYoungGen      total 21504K, used 21312K [0x00000000eab00000, 0x00000000ec100000, 0x0000000100000000)
  eden space 20480K, 100% used [0x00000000eab00000,0x00000000ebf00000,0x00000000ebf00000)
  from space 1024K, 81% used [0x00000000ebf00000,0x00000000ebfd0020,0x00000000ec000000)
  to   space 1024K, 0% used [0x00000000ec000000,0x00000000ec000000,0x00000000ec100000)
 ParOldGen       total 68608K, used 33394K [0x00000000c0000000, 0x00000000c4300000, 0x00000000eab00000)
  object space 68608K, 48% used [0x00000000c0000000,0x00000000c209c940,0x00000000c4300000)
 Metaspace       used 58115K, committed 59264K, reserved 1114112K
  class space    used 6290K, committed 6848K, reserved 1048576K
}
Event: 6.026 GC heap after
{Heap after GC invocations=28 (full 2):
 PSYoungGen      total 19456K, used 1012K [0x00000000eab00000, 0x00000000ec500000, 0x0000000100000000)
  eden space 18432K, 0% used [0x00000000eab00000,0x00000000eab00000,0x00000000ebd00000)
  from space 1024K, 98% used [0x00000000ec000000,0x00000000ec0fd2d8,0x00000000ec100000)
  to   space 3072K, 0% used [0x00000000ebd00000,0x00000000ebd00000,0x00000000ec000000)
 ParOldGen       total 68608K, used 34809K [0x00000000c0000000, 0x00000000c4300000, 0x00000000eab00000)
  object space 68608K, 50% used [0x00000000c0000000,0x00000000c21fe7c8,0x00000000c4300000)
 Metaspace       used 58115K, committed 59264K, reserved 1114112K
  class space    used 6290K, committed 6848K, reserved 1048576K
}
Event: 6.122 GC heap before
{Heap before GC invocations=29 (full 2):
 PSYoungGen      total 19456K, used 13987K [0x00000000eab00000, 0x00000000ec500000, 0x0000000100000000)
  eden space 18432K, 70% used [0x00000000eab00000,0x00000000eb7aba10,0x00000000ebd00000)
  from space 1024K, 98% used [0x00000000ec000000,0x00000000ec0fd2d8,0x00000000ec100000)
  to   space 3072K, 0% used [0x00000000ebd00000,0x00000000ebd00000,0x00000000ec000000)
 ParOldGen       total 68608K, used 34809K [0x00000000c0000000, 0x00000000c4300000, 0x00000000eab00000)
  object space 68608K, 50% used [0x00000000c0000000,0x00000000c21fe7c8,0x00000000c4300000)
 Metaspace       used 58638K, committed 59776K, reserved 1114112K
  class space    used 6337K, committed 6848K, reserved 1048576K
}
Event: 6.124 GC heap after
{Heap after GC invocations=29 (full 2):
 PSYoungGen      total 21504K, used 3040K [0x00000000eab00000, 0x00000000ec900000, 0x0000000100000000)
  eden space 18432K, 0% used [0x00000000eab00000,0x00000000eab00000,0x00000000ebd00000)
  from space 3072K, 98% used [0x00000000ebd00000,0x00000000ebff8158,0x00000000ec000000)
  to   space 5120K, 0% used [0x00000000ec400000,0x00000000ec400000,0x00000000ec900000)
 ParOldGen       total 68608K, used 36092K [0x00000000c0000000, 0x00000000c4300000, 0x00000000eab00000)
  object space 68608K, 52% used [0x00000000c0000000,0x00000000c233f370,0x00000000c4300000)
 Metaspace       used 58638K, committed 59776K, reserved 1114112K
  class space    used 6337K, committed 6848K, reserved 1048576K
}
Event: 6.124 GC heap before
{Heap before GC invocations=30 (full 3):
 PSYoungGen      total 21504K, used 3040K [0x00000000eab00000, 0x00000000ec900000, 0x0000000100000000)
  eden space 18432K, 0% used [0x00000000eab00000,0x00000000eab00000,0x00000000ebd00000)
  from space 3072K, 98% used [0x00000000ebd00000,0x00000000ebff8158,0x00000000ec000000)
  to   space 5120K, 0% used [0x00000000ec400000,0x00000000ec400000,0x00000000ec900000)
 ParOldGen       total 68608K, used 36092K [0x00000000c0000000, 0x00000000c4300000, 0x00000000eab00000)
  object space 68608K, 52% used [0x00000000c0000000,0x00000000c233f370,0x00000000c4300000)
 Metaspace       used 58638K, committed 59776K, reserved 1114112K
  class space    used 6337K, committed 6848K, reserved 1048576K
}

Dll operation events (10 events):
Event: 0.015 Loaded shared library c:\Users\97154\.vscode\extensions\redhat.java-1.27.0-win32-x64\jre\17.0.10-win32-x86_64\bin\java.dll
Event: 0.195 Loaded shared library c:\Users\97154\.vscode\extensions\redhat.java-1.27.0-win32-x64\jre\17.0.10-win32-x86_64\bin\zip.dll
Event: 0.201 Loaded shared library C:\Users\97154\.vscode\extensions\redhat.java-1.27.0-win32-x64\jre\17.0.10-win32-x86_64\bin\instrument.dll
Event: 0.219 Loaded shared library C:\Users\97154\.vscode\extensions\redhat.java-1.27.0-win32-x64\jre\17.0.10-win32-x86_64\bin\net.dll
Event: 0.221 Loaded shared library C:\Users\97154\.vscode\extensions\redhat.java-1.27.0-win32-x64\jre\17.0.10-win32-x86_64\bin\nio.dll
Event: 0.230 Loaded shared library C:\Users\97154\.vscode\extensions\redhat.java-1.27.0-win32-x64\jre\17.0.10-win32-x86_64\bin\zip.dll
Event: 0.250 Loaded shared library C:\Users\97154\.vscode\extensions\redhat.java-1.27.0-win32-x64\jre\17.0.10-win32-x86_64\bin\jimage.dll
Event: 0.327 Loaded shared library c:\Users\97154\.vscode\extensions\redhat.java-1.27.0-win32-x64\jre\17.0.10-win32-x86_64\bin\verify.dll
Event: 1.402 Loaded shared library C:\Users\97154\AppData\Roaming\Code\User\globalStorage\redhat.java\1.27.0\config_win\org.eclipse.equinox.launcher\org.eclipse.equinox.launcher.win32.win32.x86_64_1.2.900.v20240129-1338\eclipse_11900.dll
Event: 3.930 Loaded shared library C:\Users\97154\AppData\Local\Temp\jna-54327986\jna7960450240046336499.dll

Deoptimization events (20 events):
Event: 6.073 Thread 0x0000026e68659f10 Uncommon trap: trap_request=0xffffff45 fr.pc=0x0000026e57df50e4 relative=0x0000000000003f04
Event: 6.073 Thread 0x0000026e68659f10 Uncommon trap: reason=unstable_if action=reinterpret pc=0x0000026e57df50e4 method=jdk.internal.jimage.ImageStringsReader.stringFromByteBufferMatches(Ljava/nio/ByteBuffer;ILjava/lang/String;I)I @ 59 c2
Event: 6.073 Thread 0x0000026e68659f10 DEOPT PACKING pc=0x0000026e57df50e4 sp=0x00000079f36fdc70
Event: 6.074 Thread 0x0000026e68659f10 DEOPT UNPACKING pc=0x0000026e57619ea3 sp=0x00000079f36fd7e0 mode 2
Event: 6.074 Thread 0x0000026e68659f10 Uncommon trap: trap_request=0xffffff45 fr.pc=0x0000026e57dd6328 relative=0x0000000000003c08
Event: 6.074 Thread 0x0000026e68659f10 Uncommon trap: reason=unstable_if action=reinterpret pc=0x0000026e57dd6328 method=jdk.internal.jimage.ImageStringsReader.stringFromByteBufferMatches(Ljava/nio/ByteBuffer;ILjava/lang/String;I)I @ 59 c2
Event: 6.074 Thread 0x0000026e68659f10 DEOPT PACKING pc=0x0000026e57dd6328 sp=0x00000079f36fdbe0
Event: 6.074 Thread 0x0000026e68659f10 DEOPT UNPACKING pc=0x0000026e57619ea3 sp=0x00000079f36fd8d8 mode 2
Event: 6.074 Thread 0x0000026e68659f10 Uncommon trap: trap_request=0xffffff45 fr.pc=0x0000026e57d8d3b0 relative=0x0000000000000270
Event: 6.074 Thread 0x0000026e68659f10 Uncommon trap: reason=unstable_if action=reinterpret pc=0x0000026e57d8d3b0 method=jdk.internal.jimage.ImageStringsReader.stringFromByteBufferMatches(Ljava/nio/ByteBuffer;ILjava/lang/String;I)I @ 59 c2
Event: 6.074 Thread 0x0000026e68659f10 DEOPT PACKING pc=0x0000026e57d8d3b0 sp=0x00000079f36fd870
Event: 6.074 Thread 0x0000026e68659f10 DEOPT UNPACKING pc=0x0000026e57619ea3 sp=0x00000079f36fd7e8 mode 2
Event: 6.074 Thread 0x0000026e68659f10 Uncommon trap: trap_request=0xffffff45 fr.pc=0x0000026e57cd074c relative=0x0000000000000a6c
Event: 6.074 Thread 0x0000026e68659f10 Uncommon trap: reason=unstable_if action=reinterpret pc=0x0000026e57cd074c method=java.util.zip.ZipFile$Source.getEntryPos(Ljava/lang/String;Z)I @ 104 c2
Event: 6.074 Thread 0x0000026e68659f10 DEOPT PACKING pc=0x0000026e57cd074c sp=0x00000079f36fe2d0
Event: 6.074 Thread 0x0000026e68659f10 DEOPT UNPACKING pc=0x0000026e57619ea3 sp=0x00000079f36fe280 mode 2
Event: 6.074 Thread 0x0000026e68659f10 Uncommon trap: trap_request=0x0000005e fr.pc=0x0000026e57c34538 relative=0x0000000000001338
Event: 6.074 Thread 0x0000026e68659f10 Uncommon trap: reason=unloaded action=reinterpret pc=0x0000026e57c34538 method=java.util.zip.ZipFile.getZipEntry(Ljava/lang/String;I)Ljava/util/zip/ZipEntry; @ 87 c2
Event: 6.074 Thread 0x0000026e68659f10 DEOPT PACKING pc=0x0000026e57c34538 sp=0x00000079f36fe2b0
Event: 6.074 Thread 0x0000026e68659f10 DEOPT UNPACKING pc=0x0000026e57619ea3 sp=0x00000079f36fe298 mode 2

Classes unloaded (7 events):
Event: 2.425 Thread 0x0000026e6128ead0 Unloading class 0x0000000100254400 'java/lang/invoke/LambdaForm$MH+0x0000000100254400'
Event: 2.425 Thread 0x0000026e6128ead0 Unloading class 0x0000000100254000 'java/lang/invoke/LambdaForm$MH+0x0000000100254000'
Event: 2.425 Thread 0x0000026e6128ead0 Unloading class 0x0000000100253c00 'java/lang/invoke/LambdaForm$MH+0x0000000100253c00'
Event: 2.425 Thread 0x0000026e6128ead0 Unloading class 0x0000000100253800 'java/lang/invoke/LambdaForm$MH+0x0000000100253800'
Event: 2.425 Thread 0x0000026e6128ead0 Unloading class 0x0000000100253400 'java/lang/invoke/LambdaForm$BMH+0x0000000100253400'
Event: 2.425 Thread 0x0000026e6128ead0 Unloading class 0x0000000100253000 'java/lang/invoke/LambdaForm$DMH+0x0000000100253000'
Event: 2.425 Thread 0x0000026e6128ead0 Unloading class 0x0000000100250400 'java/lang/invoke/LambdaForm$DMH+0x0000000100250400'

Classes redefined (0 events):
No events

Internal exceptions (20 events):
Event: 5.184 Thread 0x0000026e68659f10 Exception <a 'sun/nio/fs/WindowsException'{0x00000000eb0c29b8}> (0x00000000eb0c29b8) 
thrown [s\src\hotspot\share\prims\jni.cpp, line 516]
Event: 5.190 Thread 0x0000026e68659f10 Exception <a 'sun/nio/fs/WindowsException'{0x00000000eb0c8418}> (0x00000000eb0c8418) 
thrown [s\src\hotspot\share\prims\jni.cpp, line 516]
Event: 5.202 Thread 0x0000026e68659f10 Exception <a 'sun/nio/fs/WindowsException'{0x00000000eb0ce700}> (0x00000000eb0ce700) 
thrown [s\src\hotspot\share\prims\jni.cpp, line 516]
Event: 5.208 Thread 0x0000026e68659f10 Exception <a 'sun/nio/fs/WindowsException'{0x00000000eb0df130}> (0x00000000eb0df130) 
thrown [s\src\hotspot\share\prims\jni.cpp, line 516]
Event: 5.213 Thread 0x0000026e68659f10 Exception <a 'sun/nio/fs/WindowsException'{0x00000000eb0e67a0}> (0x00000000eb0e67a0) 
thrown [s\src\hotspot\share\prims\jni.cpp, line 516]
Event: 5.217 Thread 0x0000026e68659f10 Exception <a 'sun/nio/fs/WindowsException'{0x00000000eb1d4f10}> (0x00000000eb1d4f10) 
thrown [s\src\hotspot\share\prims\jni.cpp, line 516]
Event: 5.219 Thread 0x0000026e68659f10 Exception <a 'sun/nio/fs/WindowsException'{0x00000000eb1dc5b8}> (0x00000000eb1dc5b8) 
thrown [s\src\hotspot\share\prims\jni.cpp, line 516]
Event: 5.222 Thread 0x0000026e68659f10 Exception <a 'sun/nio/fs/WindowsException'{0x00000000eb1e37f8}> (0x00000000eb1e37f8) 
thrown [s\src\hotspot\share\prims\jni.cpp, line 516]
Event: 5.304 Thread 0x0000026e6865cca0 Exception <a 'java/lang/ExceptionInInitializerError'{0x00000000eb8f40b8}> (0x00000000eb8f40b8) 
thrown [s\src\hotspot\share\oops\instanceKlass.cpp, line 1218]
Event: 5.343 Thread 0x0000026e6865cca0 Implicit null exception at 0x0000026e57c85daf to 0x0000026e57c85f3c
Event: 5.343 Thread 0x0000026e6865cca0 Implicit null exception at 0x0000026e57bf2589 to 0x0000026e57bf3924
Event: 5.345 Thread 0x0000026e6865cca0 Exception <a 'java/lang/NoSuchMethodError'{0x00000000ebcb4280}: 'java.lang.Object java.lang.invoke.Invokers$Holder.invokeExact_MT(java.lang.Object, int, java.lang.Object)'> (0x00000000ebcb4280) 
thrown [s\src\hotspot\share\interpreter\linkResolver.cpp, line 759]
Event: 5.358 Thread 0x0000026e6865cca0 Exception <a 'java/lang/NoSuchMethodError'{0x00000000ebdb86b0}: 'int java.lang.invoke.DirectMethodHandle$Holder.invokeSpecial(java.lang.Object, java.lang.Object, java.lang.Object, java.lang.Object)'> (0x00000000ebdb86b0) 
thrown [s\src\hotspot\share\interpreter\linkResolver.cpp, line 759]
Event: 5.684 Thread 0x0000026e6865cca0 Exception <a 'java/lang/NoClassDefFoundError'{0x00000000eb133978}: com/google/inject/servlet/ServletModuleTargetVisitor> (0x00000000eb133978) 
thrown [s\src\hotspot\share\classfile\systemDictionary.cpp, line 245]
Event: 5.707 Thread 0x0000026e686594f0 Exception <a 'java/io/FileNotFoundException'{0x00000000eb2f1d28}> (0x00000000eb2f1d28) 
thrown [s\src\hotspot\share\prims\jni.cpp, line 516]
Event: 5.716 Thread 0x0000026e686594f0 Exception <a 'java/io/FileNotFoundException'{0x00000000eb46a9b0}> (0x00000000eb46a9b0) 
thrown [s\src\hotspot\share\prims\jni.cpp, line 516]
Event: 5.716 Thread 0x0000026e686594f0 Exception <a 'java/io/FileNotFoundException'{0x00000000eb479d68}> (0x00000000eb479d68) 
thrown [s\src\hotspot\share\prims\jni.cpp, line 516]
Event: 5.716 Thread 0x0000026e686594f0 Exception <a 'java/io/FileNotFoundException'{0x00000000eb47aac8}> (0x00000000eb47aac8) 
thrown [s\src\hotspot\share\prims\jni.cpp, line 516]
Event: 5.753 Thread 0x0000026e6865a420 Exception <a 'java/lang/NoSuchMethodError'{0x00000000eba472f0}: 'int java.lang.invoke.DirectMethodHandle$Holder.invokeSpecialIFC(java.lang.Object, java.lang.Object, java.lang.Object, java.lang.Object)'> (0x00000000eba472f0) 
thrown [s\src\hotspot\share\interpreter\linkResolver.cpp, line 759]
Event: 5.907 Thread 0x0000026e6865bd70 Exception <a 'sun/nio/fs/WindowsException'{0x00000000eb577848}> (0x00000000eb577848) 
thrown [s\src\hotspot\share\prims\jni.cpp, line 516]

VM Operations (20 events):
Event: 5.009 Executing VM operation: ParallelGCFailedAllocation done
Event: 5.045 Executing VM operation: HandshakeAllThreads
Event: 5.045 Executing VM operation: HandshakeAllThreads done
Event: 5.369 Executing VM operation: ParallelGCFailedAllocation
Event: 5.373 Executing VM operation: ParallelGCFailedAllocation done
Event: 5.397 Executing VM operation: HandshakeAllThreads
Event: 5.398 Executing VM operation: HandshakeAllThreads done
Event: 5.605 Executing VM operation: ParallelGCFailedAllocation
Event: 5.607 Executing VM operation: ParallelGCFailedAllocation done
Event: 5.778 Executing VM operation: HandshakeAllThreads
Event: 5.783 Executing VM operation: HandshakeAllThreads done
Event: 5.784 Executing VM operation: HandshakeAllThreads
Event: 5.784 Executing VM operation: HandshakeAllThreads done
Event: 5.786 Executing VM operation: ParallelGCFailedAllocation
Event: 5.789 Executing VM operation: ParallelGCFailedAllocation done
Event: 6.024 Executing VM operation: ParallelGCFailedAllocation
Event: 6.026 Executing VM operation: ParallelGCFailedAllocation done
Event: 6.106 Executing VM operation: HandshakeAllThreads
Event: 6.106 Executing VM operation: HandshakeAllThreads done
Event: 6.122 Executing VM operation: CollectForMetadataAllocation

Events (20 events):
Event: 5.843 loading class java/util/Collections$UnmodifiableSortedSet done
Event: 5.863 loading class jdk/internal/reflect/UnsafeIntegerFieldAccessorImpl
Event: 5.864 loading class jdk/internal/reflect/UnsafeIntegerFieldAccessorImpl done
Event: 5.868 loading class jdk/internal/math/FDBigInteger
Event: 5.869 loading class jdk/internal/math/FDBigInteger done
Event: 5.907 loading class java/util/regex/Pattern$Pos
Event: 5.907 loading class java/util/regex/Pattern$Pos done
Event: 5.912 Thread 0x0000026e6aeb6570 Thread added: 0x0000026e6aeb6570
Event: 5.925 loading class java/util/regex/Pattern$Caret
Event: 5.925 loading class java/util/regex/Pattern$Caret done
Event: 5.939 loading class sun/security/provider/MD5
Event: 5.939 loading class sun/security/provider/MD5 done
Event: 5.939 loading class sun/security/provider/ByteArrayAccess$LE
Event: 5.940 loading class sun/security/provider/ByteArrayAccess$LE done
Event: 6.105 loading class java/util/stream/ReduceOps$4
Event: 6.105 loading class java/util/stream/ReduceOps$4 done
Event: 6.106 loading class java/util/stream/ReduceOps$4ReducingSink
Event: 6.106 loading class java/util/stream/ReduceOps$4ReducingSink done
Event: 6.108 loading class java/nio/file/Files$2
Event: 6.108 loading class java/nio/file/Files$2 done


Dynamic libraries:
0x00007ff709a60000 - 0x00007ff709a6e000 	c:\Users\97154\.vscode\extensions\redhat.java-1.27.0-win32-x64\jre\17.0.10-win32-x86_64\bin\java.exe
0x00007ffe78170000 - 0x00007ffe78387000 	C:\WINDOWS\SYSTEM32\ntdll.dll
0x00007ffe75f20000 - 0x00007ffe75fe4000 	C:\WINDOWS\System32\KERNEL32.DLL
0x00007ffe756b0000 - 0x00007ffe75a56000 	C:\WINDOWS\System32\KERNELBASE.dll
0x00007ffe75a60000 - 0x00007ffe75b71000 	C:\WINDOWS\System32\ucrtbase.dll
0x00007ffe313c0000 - 0x00007ffe313d7000 	c:\Users\97154\.vscode\extensions\redhat.java-1.27.0-win32-x64\jre\17.0.10-win32-x86_64\bin\jli.dll
0x00007ffe30390000 - 0x00007ffe303ab000 	c:\Users\97154\.vscode\extensions\redhat.java-1.27.0-win32-x64\jre\17.0.10-win32-x86_64\bin\VCRUNTIME140.dll
0x00007ffe77e80000 - 0x00007ffe7802e000 	C:\WINDOWS\System32\USER32.dll
0x00007ffe75680000 - 0x00007ffe756a6000 	C:\WINDOWS\System32\win32u.dll
0x00007ffe5e6b0000 - 0x00007ffe5e943000 	C:\WINDOWS\WinSxS\amd64_microsoft.windows.common-controls_6595b64144ccf1df_6.0.22621.2506_none_270c5ae97388e100\COMCTL32.dll
0x00007ffe76b30000 - 0x00007ffe76b59000 	C:\WINDOWS\System32\GDI32.dll
0x00007ffe76a60000 - 0x00007ffe76b07000 	C:\WINDOWS\System32\msvcrt.dll
0x00007ffe75c00000 - 0x00007ffe75d18000 	C:\WINDOWS\System32\gdi32full.dll
0x00007ffe75520000 - 0x00007ffe755ba000 	C:\WINDOWS\System32\msvcp_win.dll
0x00007ffe76ed0000 - 0x00007ffe76f01000 	C:\WINDOWS\System32\IMM32.DLL
0x00007ffe30380000 - 0x00007ffe3038c000 	c:\Users\97154\.vscode\extensions\redhat.java-1.27.0-win32-x64\jre\17.0.10-win32-x86_64\bin\vcruntime140_1.dll
0x00007ffdca4b0000 - 0x00007ffdca53d000 	c:\Users\97154\.vscode\extensions\redhat.java-1.27.0-win32-x64\jre\17.0.10-win32-x86_64\bin\msvcp140.dll
0x00007ffda76f0000 - 0x00007ffda8352000 	c:\Users\97154\.vscode\extensions\redhat.java-1.27.0-win32-x64\jre\17.0.10-win32-x86_64\bin\server\jvm.dll
0x00007ffe77920000 - 0x00007ffe779d3000 	C:\WINDOWS\System32\ADVAPI32.dll
0x00007ffe75ff0000 - 0x00007ffe76098000 	C:\WINDOWS\System32\sechost.dll
0x00007ffe75e90000 - 0x00007ffe75eb8000 	C:\WINDOWS\System32\bcrypt.dll
0x00007ffe77020000 - 0x00007ffe77137000 	C:\WINDOWS\System32\RPCRT4.dll
0x00007ffe75380000 - 0x00007ffe753cd000 	C:\WINDOWS\SYSTEM32\POWRPROF.dll
0x00007ffe6b110000 - 0x00007ffe6b144000 	C:\WINDOWS\SYSTEM32\WINMM.dll
0x00007ffe4c510000 - 0x00007ffe4c519000 	C:\WINDOWS\SYSTEM32\WSOCK32.dll
0x00007ffe771e0000 - 0x00007ffe77251000 	C:\WINDOWS\System32\WS2_32.dll
0x00007ffe6b420000 - 0x00007ffe6b42a000 	C:\WINDOWS\SYSTEM32\VERSION.dll
0x00007ffe75360000 - 0x00007ffe75373000 	C:\WINDOWS\SYSTEM32\UMPDC.dll
0x00007ffe744c0000 - 0x00007ffe744d8000 	C:\WINDOWS\SYSTEM32\kernel.appcore.dll
0x00007ffe30370000 - 0x00007ffe3037a000 	c:\Users\97154\.vscode\extensions\redhat.java-1.27.0-win32-x64\jre\17.0.10-win32-x86_64\bin\jimage.dll
0x00007ffe71ee0000 - 0x00007ffe72113000 	C:\WINDOWS\SYSTEM32\DBGHELP.DLL
0x00007ffe772c0000 - 0x00007ffe77649000 	C:\WINDOWS\System32\combase.dll
0x00007ffe76bc0000 - 0x00007ffe76c97000 	C:\WINDOWS\System32\OLEAUT32.dll
0x00007ffe51750000 - 0x00007ffe51782000 	C:\WINDOWS\SYSTEM32\dbgcore.DLL
0x00007ffe75b80000 - 0x00007ffe75bfa000 	C:\WINDOWS\System32\bcryptPrimitives.dll
0x00007ffe65cb0000 - 0x00007ffe65cbe000 	c:\Users\97154\.vscode\extensions\redhat.java-1.27.0-win32-x64\jre\17.0.10-win32-x86_64\bin\instrument.dll
0x00007ffdaf620000 - 0x00007ffdaf645000 	c:\Users\97154\.vscode\extensions\redhat.java-1.27.0-win32-x64\jre\17.0.10-win32-x86_64\bin\java.dll
0x00007ffdaf600000 - 0x00007ffdaf618000 	c:\Users\97154\.vscode\extensions\redhat.java-1.27.0-win32-x64\jre\17.0.10-win32-x86_64\bin\zip.dll
0x00007ffe760a0000 - 0x00007ffe768fb000 	C:\WINDOWS\System32\SHELL32.dll
0x00007ffe733c0000 - 0x00007ffe73cb6000 	C:\WINDOWS\SYSTEM32\windows.storage.dll
0x00007ffe73280000 - 0x00007ffe733be000 	C:\WINDOWS\SYSTEM32\wintypes.dll
0x00007ffe77820000 - 0x00007ffe77913000 	C:\WINDOWS\System32\SHCORE.dll
0x00007ffe77260000 - 0x00007ffe772be000 	C:\WINDOWS\System32\shlwapi.dll
0x00007ffe753e0000 - 0x00007ffe75406000 	C:\WINDOWS\SYSTEM32\profapi.dll
0x00007ffdaf5e0000 - 0x00007ffdaf5f9000 	C:\Users\97154\.vscode\extensions\redhat.java-1.27.0-win32-x64\jre\17.0.10-win32-x86_64\bin\net.dll
0x00007ffe6de70000 - 0x00007ffe6dfa7000 	C:\WINDOWS\SYSTEM32\WINHTTP.dll
0x00007ffe74950000 - 0x00007ffe749b9000 	C:\WINDOWS\system32\mswsock.dll
0x00007ffdaf5c0000 - 0x00007ffdaf5d6000 	C:\Users\97154\.vscode\extensions\redhat.java-1.27.0-win32-x64\jre\17.0.10-win32-x86_64\bin\nio.dll
0x00007ffe30350000 - 0x00007ffe30360000 	c:\Users\97154\.vscode\extensions\redhat.java-1.27.0-win32-x64\jre\17.0.10-win32-x86_64\bin\verify.dll
0x00007ffe5ad90000 - 0x00007ffe5adce000 	C:\Users\97154\AppData\Roaming\Code\User\globalStorage\redhat.java\1.27.0\config_win\org.eclipse.equinox.launcher\org.eclipse.equinox.launcher.win32.win32.x86_64_1.2.900.v20240129-1338\eclipse_11900.dll
0x00007ffe76d30000 - 0x00007ffe76ed0000 	C:\WINDOWS\System32\ole32.dll
0x00007ffe74bc0000 - 0x00007ffe74bdb000 	C:\WINDOWS\SYSTEM32\CRYPTSP.dll
0x00007ffe74420000 - 0x00007ffe74455000 	C:\WINDOWS\system32\rsaenh.dll
0x00007ffe74a60000 - 0x00007ffe74a8c000 	C:\WINDOWS\SYSTEM32\USERENV.dll
0x00007ffe74be0000 - 0x00007ffe74bec000 	C:\WINDOWS\SYSTEM32\CRYPTBASE.dll
0x00007ffe73f60000 - 0x00007ffe73f8d000 	C:\WINDOWS\SYSTEM32\IPHLPAPI.DLL
0x00007ffe76ca0000 - 0x00007ffe76ca9000 	C:\WINDOWS\System32\NSI.dll
0x00007ffe6cf30000 - 0x00007ffe6cf49000 	C:\WINDOWS\SYSTEM32\dhcpcsvc6.DLL
0x00007ffe6ce70000 - 0x00007ffe6ce8f000 	C:\WINDOWS\SYSTEM32\dhcpcsvc.DLL
0x00007ffe73f90000 - 0x00007ffe74089000 	C:\WINDOWS\SYSTEM32\DNSAPI.dll
0x00007ffe5ad20000 - 0x00007ffe5ad65000 	C:\Users\97154\AppData\Local\Temp\jna-54327986\jna7960450240046336499.dll
0x00007ffe77010000 - 0x00007ffe77018000 	C:\WINDOWS\System32\PSAPI.DLL

dbghelp: loaded successfully - version: 4.0.5 - missing functions: none
symbol engine: initialized successfully - sym options: 0x614 - pdb path: .;c:\Users\97154\.vscode\extensions\redhat.java-1.27.0-win32-x64\jre\17.0.10-win32-x86_64\bin;C:\WINDOWS\SYSTEM32;C:\WINDOWS\WinSxS\amd64_microsoft.windows.common-controls_6595b64144ccf1df_6.0.22621.2506_none_270c5ae97388e100;c:\Users\97154\.vscode\extensions\redhat.java-1.27.0-win32-x64\jre\17.0.10-win32-x86_64\bin\server;C:\Users\97154\AppData\Roaming\Code\User\globalStorage\redhat.java\1.27.0\config_win\org.eclipse.equinox.launcher\org.eclipse.equinox.launcher.win32.win32.x86_64_1.2.900.v20240129-1338;C:\Users\97154\AppData\Local\Temp\jna-54327986

VM Arguments:
jvm_args: --add-modules=ALL-SYSTEM --add-opens=java.base/java.util=ALL-UNNAMED --add-opens=java.base/java.lang=ALL-UNNAMED --add-opens=java.base/sun.nio.fs=ALL-UNNAMED -Declipse.application=org.eclipse.jdt.ls.core.id1 -Dosgi.bundles.defaultStartLevel=4 -Declipse.product=org.eclipse.jdt.ls.core.product -Djava.import.generatesMetadataFilesAtProjectRoot=false -DDetectVMInstallationsJob.disabled=true -Dfile.encoding=utf8 -XX:+UseParallelGC -XX:GCTimeRatio=4 -XX:AdaptiveSizePolicyWeight=90 -Dsun.zip.disableMemoryMapping=true -Xmx1G -Xms100m -Xlog:disable -javaagent:c:\Users\97154\.vscode\extensions\redhat.java-1.27.0-win32-x64\lombok\lombok-1.18.31.jar -XX:+HeapDumpOnOutOfMemoryError -XX:HeapDumpPath=c:\Users\97154\AppData\Roaming\Code\User\workspaceStorage\7aab4b7947870c43d9e0d1114ae30211\redhat.java -Daether.dependencyCollector.impl=bf 
java_command: c:\Users\97154\.vscode\extensions\redhat.java-1.27.0-win32-x64\server\plugins\org.eclipse.equinox.launcher_1.6.700.v20231214-2017.jar -configuration c:\Users\97154\AppData\Roaming\Code\User\globalStorage\redhat.java\1.27.0\config_win -data c:\Users\97154\AppData\Roaming\Code\User\workspaceStorage\7aab4b7947870c43d9e0d1114ae30211\redhat.java\jdt_ws --stdio
java_class_path (initial): c:\Users\97154\.vscode\extensions\redhat.java-1.27.0-win32-x64\server\plugins\org.eclipse.equinox.launcher_1.6.700.v20231214-2017.jar
Launcher Type: SUN_STANDARD

[Global flags]
    uintx AdaptiveSizePolicyWeight                 = 90                                        {product} {command line}
     intx CICompilerCount                          = 4                                         {product} {ergonomic}
    uintx GCTimeRatio                              = 4                                         {product} {command line}
     bool HeapDumpOnOutOfMemoryError               = true                                   {manageable} {command line}
    ccstr HeapDumpPath                             = c:\Users\97154\AppData\Roaming\Code\User\workspaceStorage\7aab4b7947870c43d9e0d1114ae30211\redhat.java         {manageable} {command line}
   size_t InitialHeapSize                          = 104857600                                 {product} {command line}
   size_t MaxHeapSize                              = 1073741824                                {product} {command line}
   size_t MaxNewSize                               = 357564416                                 {product} {ergonomic}
   size_t MinHeapDeltaBytes                        = 524288                                    {product} {ergonomic}
   size_t MinHeapSize                              = 104857600                                 {product} {command line}
   size_t NewSize                                  = 34603008                                  {product} {ergonomic}
    uintx NonNMethodCodeHeapSize                   = 5839372                                {pd product} {ergonomic}
    uintx NonProfiledCodeHeapSize                  = 122909434                              {pd product} {ergonomic}
   size_t OldSize                                  = 70254592                                  {product} {ergonomic}
    uintx ProfiledCodeHeapSize                     = 122909434                              {pd product} {ergonomic}
    uintx ReservedCodeCacheSize                    = 251658240                              {pd product} {ergonomic}
     bool SegmentedCodeCache                       = true                                      {product} {ergonomic}
   size_t SoftMaxHeapSize                          = 1073741824                             {manageable} {ergonomic}
     bool UseCompressedClassPointers               = true                           {product lp64_product} {ergonomic}
     bool UseCompressedOops                        = true                           {product lp64_product} {ergonomic}
     bool UseLargePagesIndividualAllocation        = false                                  {pd product} {ergonomic}
     bool UseParallelGC                            = true                                      {product} {command line}

Logging:
Log output configuration:
 #0: stdout all=off uptime,level,tags
 #1: stderr all=off uptime,level,tags

Environment Variables:
JAVA_HOME=C:\Program Files\Java\jdk-21
PATH=C:\Program Files (x86)\Common Files\Oracle\Java\javapath;C:\WINDOWS\system32;C:\WINDOWS;C:\WINDOWS\System32\Wbem;C:\WINDOWS\System32\WindowsPowerShell\v1.0\;C:\WINDOWS\System32\OpenSSH\;C:\Program Files\Java\jdk-19\bin;C:\Program Files (x86)\IVI Foundation\VISA\WinNT\Bin\;C:\Program Files\IVI Foundation\VISA\Win64\Bin\;C:\Program Files (x86)\IVI Foundation\IVI\bin;C:\Program Files\IVI Foundation\IVI\bin;C:\Program Files (x86)\IVI Foundation\VISA\WinNT\Bin;C:\msys64\mingw64\bin;C:\msys64\clang64\clang+llvm-15.0.7-arm64-apple-darwin22.0\bin;C:\msys64\mingw64\bin;C:\msys64\mingw64\x86_64-w64-mingw32\bin;C:\msys64\mingw64\bin;C:\msys64\mingw64\x86_64-w64-mingw32\bin;C:\msys64\mingw64\bin;\msys64\mingw64\bin;C:\Program Files (x86)\Microsoft SQL Server\160\Tools\Binn\;C:\Program Files\Microsoft SQL Server\160\Tools\Binn\;C:\Program Files\Microsoft SQL Server\Client SDK\ODBC\170\Tools\Binn\;C:\Program Files\Microsoft SQL Server\160\DTS\Binn\;C:\Program Files\Azure Data Studio\bin;C:\Program Files\Microsoft SQL Server\150\Tools\Binn\;C:\Users\97154\Downloads\dartsdk-windows-x64-release\dart-sdk;C:\Users\97154\Downloads\flutter_windows_3.10.6-stable\flutter\bin;C:\Program Files\Git\cmd;C:\Program Files\Java\jdk-20;C:\Program Files\Java\jre-1.8\bin;C:\Program Files\Java\jdk-21\bin;C:\Windows\System32\Wbem;C:\src\dart-sdk\bin;C:\src\flutter\bin;C:\src\dart-sdk;C:\Users\97154\AppData\Local\Microsoft\WindowsApps;C:\msys64\mingw64\bin;C:\msys64\mingw64\bin;C:\msys64\mingw64\bin;C:\Program Files\Azure Data Studio\bin;C:\Users\97154\AppData\Local\Programs\Microsoft VS Code\bin;C:\Program Files\JetBrains\IntelliJ IDEA 2023.3.3\bin;;C:\Program Files\JetBrains\IntelliJ IDEA Community Edition 2023.2.3\bin;;C:\src\dart-sdk\bin;C:\src\flutter\bin;
USERNAME=97154
OS=Windows_NT
PROCESSOR_IDENTIFIER=Intel64 Family 6 Model 140 Stepping 1, GenuineIntel
TMP=C:\Users\97154\AppData\Local\Temp
TEMP=C:\Users\97154\AppData\Local\Temp



Periodic native trim disabled


---------------  S Y S T E M  ---------------

OS:
 Windows 11 , 64 bit Build 22621 (10.0.22621.3085)
OS uptime: 0 days 0:30 hours
Hyper-V role detected

CPU: total 8 (initial active 8) (4 cores per cpu, 2 threads per core) family 6 model 140 stepping 1 microcode 0xb4, cx8, cmov, fxsr, ht, mmx, 3dnowpref, sse, sse2, sse3, ssse3, sse4.1, sse4.2, popcnt, lzcnt, tsc, tscinvbit, avx, avx2, aes, erms, clmul, bmi1, bmi2, adx, avx512f, avx512dq, avx512cd, avx512bw, avx512vl, sha, fma, vzeroupper, avx512_vpopcntdq, avx512_vpclmulqdq, avx512_vaes, avx512_vnni, clflush, clflushopt, clwb, avx512_vbmi2, avx512_vbmi, hv
Processor Information for all 8 processors :
  Max Mhz: 2419, Current Mhz: 2419, Mhz Limit: 2419

Memory: 4k page, system-wide physical 16118M (5092M free)
TotalPageFile size 19574M (AvailPageFile size 4149M)
current process WorkingSet (physical memory assigned to process): 236M, peak: 250M
current process commit charge ("private bytes"): 316M, peak: 330M

vm_info: OpenJDK 64-Bit Server VM (17.0.10+7) for windows-amd64 JRE (17.0.10+7), built on Jan 16 2024 23:25:11 by "admin" with MS VC++ 16.10 / 16.11 (VS2019)

END.
