#
# A fatal error has been detected by the Java Runtime Environment:
#
#  EXCEPTION_ACCESS_VIOLATION (0xc0000005) at pc=0x00007ff9022fe560, pid=15292, tid=15468
#
# JRE version: OpenJDK Runtime Environment Temurin-17.0.10+7 (17.0.10+7) (build 17.0.10+7)
# Java VM: OpenJDK 64-Bit Server VM Temurin-17.0.10+7 (17.0.10+7, mixed mode, tiered, compressed oops, compressed class ptrs, parallel gc, windows-amd64)
# Problematic frame:
# V  [jvm.dll+0x6ae560]
#
# No core dump will be written. Minidumps are not enabled by default on client versions of Windows
#
# If you would like to submit a bug report, please visit:
#   https://github.com/adoptium/adoptium-support/issues
#

---------------  S U M M A R Y ------------

Command Line: --add-modules=ALL-SYSTEM --add-opens=java.base/java.util=ALL-UNNAMED --add-opens=java.base/java.lang=ALL-UNNAMED --add-opens=java.base/sun.nio.fs=ALL-UNNAMED -Declipse.application=org.eclipse.jdt.ls.core.id1 -Dosgi.bundles.defaultStartLevel=4 -Declipse.product=org.eclipse.jdt.ls.core.product -Djava.import.generatesMetadataFilesAtProjectRoot=false -DDetectVMInstallationsJob.disabled=true -Dfile.encoding=utf8 -XX:+UseParallelGC -XX:GCTimeRatio=4 -XX:AdaptiveSizePolicyWeight=90 -Dsun.zip.disableMemoryMapping=true -Xmx1G -Xms100m -Xlog:disable -javaagent:c:\Users\97154\.vscode\extensions\redhat.java-1.28.1-win32-x64\lombok\lombok-1.18.31.jar -XX:+HeapDumpOnOutOfMemoryError -XX:HeapDumpPath=c:\Users\97154\AppData\Roaming\Code\User\workspaceStorage\7aab4b7947870c43d9e0d1114ae30211\redhat.java -Daether.dependencyCollector.impl=bf c:\Users\97154\.vscode\extensions\redhat.java-1.28.1-win32-x64\server\plugins\org.eclipse.equinox.launcher_1.6.700.v20231214-2017.jar -configuration c:\Users\97154\AppData\Roaming\Code\User\globalStorage\redhat.java\1.28.1\config_win -data c:\Users\97154\AppData\Roaming\Code\User\workspaceStorage\7aab4b7947870c43d9e0d1114ae30211\redhat.java\jdt_ws --stdio

Host: 11th Gen Intel(R) Core(TM) i5-1135G7 @ 2.40GHz, 8 cores, 15G,  Windows 11 , 64 bit Build 22621 (10.0.22621.3085)
Time: Fri Feb 16 00:35:35 2024 Egypt Standard Time elapsed time: 131.956633 seconds (0d 0h 2m 11s)

---------------  T H R E A D  ---------------

Current thread (0x0000024f32659f00):  GCTaskThread "GC Thread#0" [stack: 0x000000da53b00000,0x000000da53c00000] [id=15468]

Stack: [0x000000da53b00000,0x000000da53c00000],  sp=0x000000da53bff900,  free space=1022k
Native frames: (J=compiled Java code, j=interpreted, Vv=VM code, C=native code)
V  [jvm.dll+0x6ae560]
V  [jvm.dll+0x6aedee]
V  [jvm.dll+0x6b06a4]
V  [jvm.dll+0x6b8de1]
V  [jvm.dll+0x6b9cfa]
V  [jvm.dll+0x86226b]
V  [jvm.dll+0x8622b6]
V  [jvm.dll+0x7e3fba]
V  [jvm.dll+0x67c1b5]
C  [ucrtbase.dll+0x29363]
C  [KERNEL32.DLL+0x1257d]
C  [ntdll.dll+0x5aa58]


siginfo: EXCEPTION_ACCESS_VIOLATION (0xc0000005), reading address 0xffffffffffffffff


Registers:
RAX=0x1fffffffe8000400, RBX=0x0000000000002000, RCX=0x0000000000000000, RDX=0x00000000c127444c
RSP=0x000000da53bff900, RBP=0x000000da53bff9c0, RSI=0x00000000c1274454, RDI=0x0000024f483455b0
R8 =0x0000024f46030000, R9 =0x007fffffffa00010, R10=0x0000000000000071, R11=0x0000000000000003
R12=0x000000da53cfeba8, R13=0x0000000000000010, R14=0x0000000100231750, R15=0x00000000c1274410
RIP=0x00007ff9022fe560, EFLAGS=0x0000000000010202


Register to memory mapping:

RIP=0x00007ff9022fe560 jvm.dll
RAX=0x1fffffffe8000400 is an unknown value
RBX=0x0000000000002000 is an unknown value
RCX=0x0 is NULL
RDX=0x00000000c127444c is pointing into object: org.eclipse.core.internal.resources.RootInfo 
{0x00000000c1274410} - klass: 'org/eclipse/core/internal/resources/RootInfo'
 - ---- fields (total size 9 words):
 - protected volatile 'charsetAndContentId' 'I' @12  0
 - protected volatile 'localInfo' 'J' @16  -1 (ffffffff ffffffff)
 - protected 'modStamp' 'J' @24  2 (2 0)
 - protected volatile 'nodeId' 'J' @32  1 (1 0)
 - protected 'flags' 'I' @40  2048 (800)
 - protected volatile 'markerAndSyncStamp' 'I' @44  0
 - protected 'fileStoreRoot' 'Lorg/eclipse/core/internal/localstore/FileStoreRoot;' @48  a 'org/eclipse/core/internal/localstore/FileStoreRoot'{0x00000000c0903dc0} (c0903dc0)
 - protected 'markers' 'Lorg/eclipse/core/internal/resources/MarkerSet;' @52  NULL (0)
 - protected 'sessionProperties' 'Lorg/eclipse/core/internal/utils/ObjectMap;' @56  NULL (0)
 - protected 'syncInfo' 'Lorg/eclipse/core/internal/utils/ObjectMap;' @60  
[error occurred during error reporting (printing register info), id 0xc0000005, EXCEPTION_ACCESS_VIOLATION (0xc0000005) at pc=0x00007ff901fe403e]

Top of Stack: (sp=0x000000da53bff900)
0x000000da53bff900:   00000000c1274410 00000001006bc400
0x000000da53bff910:   00000000c3db8be8 00007ff9022ff81f
0x000000da53bff920:   0000000100231748 00007ff9022fedee
0x000000da53bff930:   00000000c127444c 00007ff90230035e
0x000000da53bff940:   00000000c1471d58 00000000c1471d50
0x000000da53bff950:   0000000000000000 00007ff90277c7a0
0x000000da53bff960:   00000000000013aa 00007ff9023006a4
0x000000da53bff970:   00007ff902601158 0000024f483455b0
0x000000da53bff980:   00007ff90256bb90 00000000000013b2
0x000000da53bff990:   0000000000000000 00007ff900000000
0x000000da53bff9a0:   0000024f483455b0 00007ff9022fe581
0x000000da53bff9b0:   00000000c0cf1928 00000000c01176ec
0x000000da53bff9c0:   00007ff902601158 0000024f3264c7b0
0x000000da53bff9d0:   0000000100000003 0000024f483455b0
0x000000da53bff9e0:   0000000000000000 0000000000000000
0x000000da53bff9f0:   0000000000000001 00000000c3a26238
0x000000da53bffa00:   00007ff90277c7a0 000000000000000c
0x000000da53bffa10:   0000024f483455b0 00007ff902308de1
0x000000da53bffa20:   000000000000000c 00008bfe0000139e
0x000000da53bffa30:   0000024f483455b0 00007ff902601158
0x000000da53bffa40:   00000000c3a1f938 00007ff900001800
0x000000da53bffa50:   00007ff902601158 0000024f3264c7b0
0x000000da53bffa60:   0000000000000003 0000024f483455b0
0x000000da53bffa70:   0000000000000020 0000024f4d482340
0x000000da53bffa80:   000000da53cfeb68 000000da53cfea60
0x000000da53bffa90:   0000000000000000 00007ff902309cfa
0x000000da53bffaa0:   0000000000000005 000000da53bffb20
0x000000da53bffab0:   00000000c08f1450 0000000000000001
0x000000da53bffac0:   000000da53cfee00 0000024f32654120
0x000000da53bffad0:   0000000100000002 0000024f483455b0
0x000000da53bffae0:   00007ff902601948 0000024f483455b0
0x000000da53bffaf0:   00007ff902601b50 0000000000000001 

Instructions: (pc=0x00007ff9022fe560)
0x00007ff9022fe460:   e3 47 00 49 3b c2 74 03 48 ff e0 c3 cc cc cc cc
0x00007ff9022fe470:   80 3d 0a 4f 4d 00 00 4c 8d 15 42 ba 95 ff 49 8b
0x00007ff9022fe480:   c2 4c 8d 0d 38 ba 95 ff 49 0f 45 c1 48 89 05 2d
0x00007ff9022fe490:   e3 47 00 49 3b c2 74 03 48 ff e0 c3 cc cc cc cc
0x00007ff9022fe4a0:   48 89 5c 24 08 57 48 83 ec 20 48 8b 1a 48 8b f9
0x00007ff9022fe4b0:   48 85 db 74 4b 4c 8b 05 44 f1 4e 00 48 8b c3 8b
0x00007ff9022fe4c0:   0d 73 9d 46 00 49 2b 00 4d 8b 40 10 48 c1 e8 03
0x00007ff9022fe4d0:   48 d3 e8 4c 8b c8 24 3f 49 c1 e9 06 0f b6 c8 4b
0x00007ff9022fe4e0:   8b 04 c8 48 0f a3 c8 72 17 48 8b cb e8 bf 27 00
0x00007ff9022fe4f0:   00 84 c0 74 0b 48 8b d3 48 8b cf e8 a0 28 00 00
0x00007ff9022fe500:   48 8b 5c 24 30 48 83 c4 20 5f c3 cc cc cc cc cc
0x00007ff9022fe510:   40 57 48 83 ec 20 8b 02 48 8b f9 85 c0 74 67 8b
0x00007ff9022fe520:   0d c3 8d 46 00 4c 8b 05 d4 f0 4e 00 48 89 5c 24
0x00007ff9022fe530:   30 8b d8 48 d3 e3 48 03 1d a3 8d 46 00 8b 0d f5
0x00007ff9022fe540:   9c 46 00 48 8b c3 49 2b 00 4d 8b 40 10 48 c1 e8
0x00007ff9022fe550:   03 48 d3 e8 4c 8b c8 24 3f 49 c1 e9 06 0f b6 c8
0x00007ff9022fe560:   4b 8b 04 c8 48 0f a3 c8 72 17 48 8b cb e8 3e 27
0x00007ff9022fe570:   00 00 84 c0 74 0b 48 8b d3 48 8b cf e8 1f 28 00
0x00007ff9022fe580:   00 48 8b 5c 24 30 48 83 c4 20 5f c3 cc cc cc cc
0x00007ff9022fe590:   48 89 5c 24 20 56 57 41 55 41 56 41 57 48 83 ec
0x00007ff9022fe5a0:   20 4c 63 91 a0 00 00 00 4d 8b f0 4c 63 89 24 01
0x00007ff9022fe5b0:   00 00 49 83 c2 39 8b 81 20 01 00 00 4d 03 d1 48
0x00007ff9022fe5c0:   89 6c 24 58 49 03 c2 4c 89 64 24 60 4c 8b fa 4c
0x00007ff9022fe5d0:   8b e9 4a 8d 2c d5 00 00 00 00 4c 8d 24 c5 00 00
0x00007ff9022fe5e0:   00 00 48 03 e9 4c 03 e1 49 3b ec 73 4b 0f 1f 00
0x00007ff9022fe5f0:   48 63 5d 00 8b 45 04 49 03 df 48 8d 34 c3 48 3b
0x00007ff9022fe600:   de 73 2c 48 8b 3b 48 85 ff 74 1b 4d 8b 46 10 48
0x00007ff9022fe610:   8d 0d fa f1 4e 00 48 8b d7 e8 c2 4f 00 00 48 3b
0x00007ff9022fe620:   c7 74 03 48 89 03 48 83 c3 08 48 3b de 72 d4 48
0x00007ff9022fe630:   83 c5 08 49 3b ec 72 b8 49 8b 06 49 8b ce ff 50
0x00007ff9022fe640:   10 4c 8b 64 24 60 48 8b 6c 24 58 85 c0 0f 84 dc
0x00007ff9022fe650:   00 00 00 83 e8 01 0f 84 9b 00 00 00 83 e8 01 74 


Stack slot to memory mapping:
stack at sp + 0 slots: 0x00000000c1274410 is an oop: org.eclipse.core.internal.resources.RootInfo 
{0x00000000c1274410} - klass: 'org/eclipse/core/internal/resources/RootInfo'
 - ---- fields (total size 9 words):
 - protected volatile 'charsetAndContentId' 'I' @12  0
 - protected volatile 'localInfo' 'J' @16  -1 (ffffffff ffffffff)
 - protected 'modStamp' 'J' @24  2 (2 0)
 - protected volatile 'nodeId' 'J' @32  1 (1 0)
 - protected 'flags' 'I' @40  2048 (800)
 - protected volatile 'markerAndSyncStamp' 'I' @44  0
 - protected 'fileStoreRoot' 'Lorg/eclipse/core/internal/localstore/FileStoreRoot;' @48  a 'org/eclipse/core/internal/localstore/FileStoreRoot'{0x00000000c0903dc0} (c0903dc0)
 - protected 'markers' 'Lorg/eclipse/core/internal/resources/MarkerSet;' @52  NULL (0)
 - protected 'sessionProperties' 'Lorg/eclipse/core/internal/utils/ObjectMap;' @56  NULL (0)
 - protected 'syncInfo' 'Lorg/eclipse/core/internal/utils/ObjectMap;' @60  
[error occurred during error reporting (inspecting top of stack), id 0xc0000005, EXCEPTION_ACCESS_VIOLATION (0xc0000005) at pc=0x00007ff901fe403e]


---------------  P R O C E S S  ---------------

Threads class SMR info:
_java_thread_list=0x0000024f5d60a690, length=45, elements={
0x0000024f32643290, 0x0000024f48424260, 0x0000024f48428660, 0x0000024f4d4b2da0,
0x0000024f4d4b3870, 0x0000024f4d4b4430, 0x0000024f4d4b4ff0, 0x0000024f4d4b7ef0,
0x0000024f4d4e4770, 0x0000024f4d52b050, 0x0000024f326a4bd0, 0x0000024f4e6a9ea0,
0x0000024f4e844a80, 0x0000024f4e844570, 0x0000024f4e8454a0, 0x0000024f4e847810,
0x0000024f4f3dbec0, 0x0000024f4f3dd810, 0x0000024f4f3dc8e0, 0x0000024f4f3dc3d0,
0x0000024f4f3dcdf0, 0x0000024f4f3dd300, 0x0000024f4f3de740, 0x0000024f4f3de230,
0x0000024f4f3df160, 0x0000024f4f3e05a0, 0x0000024f4f3e0ab0, 0x0000024f4f3e14d0,
0x0000024f4f3da060, 0x0000024f4f3daa80, 0x0000024f4f3e19e0, 0x0000024f51dc5d30,
0x0000024f51dc6c60, 0x0000024f51dc7170, 0x0000024f51dc1b60, 0x0000024f51dc4e00,
0x0000024f51dc5310, 0x0000024f51dc2070, 0x0000024f51dc80a0, 0x0000024f51dc2a90,
0x0000024f51dc5820, 0x0000024f51dc48f0, 0x0000024f51dc6240, 0x0000024f4e847300,
0x0000024f51c57350
}

Java Threads: ( => current thread )
  0x0000024f32643290 JavaThread "main" [_thread_blocked, id=19412, stack(0x000000da53a00000,0x000000da53b00000)]
  0x0000024f48424260 JavaThread "Reference Handler" daemon [_thread_blocked, id=12140, stack(0x000000da53d00000,0x000000da53e00000)]
  0x0000024f48428660 JavaThread "Finalizer" daemon [_thread_blocked, id=12136, stack(0x000000da53e00000,0x000000da53f00000)]
  0x0000024f4d4b2da0 JavaThread "Signal Dispatcher" daemon [_thread_blocked, id=10168, stack(0x000000da53f00000,0x000000da54000000)]
  0x0000024f4d4b3870 JavaThread "Attach Listener" daemon [_thread_blocked, id=9528, stack(0x000000da54000000,0x000000da54100000)]
  0x0000024f4d4b4430 JavaThread "Service Thread" daemon [_thread_blocked, id=4840, stack(0x000000da54100000,0x000000da54200000)]
  0x0000024f4d4b4ff0 JavaThread "Monitor Deflation Thread" daemon [_thread_blocked, id=17016, stack(0x000000da54200000,0x000000da54300000)]
  0x0000024f4d4b7ef0 JavaThread "C2 CompilerThread0" daemon [_thread_blocked, id=17808, stack(0x000000da54300000,0x000000da54400000)]
  0x0000024f4d4e4770 JavaThread "C1 CompilerThread0" daemon [_thread_blocked, id=13696, stack(0x000000da54400000,0x000000da54500000)]
  0x0000024f4d52b050 JavaThread "Sweeper thread" daemon [_thread_blocked, id=10064, stack(0x000000da54500000,0x000000da54600000)]
  0x0000024f326a4bd0 JavaThread "Common-Cleaner" daemon [_thread_blocked, id=19012, stack(0x000000da54600000,0x000000da54700000)]
  0x0000024f4e6a9ea0 JavaThread "Notification Thread" daemon [_thread_blocked, id=9520, stack(0x000000da54800000,0x000000da54900000)]
  0x0000024f4e844a80 JavaThread "Active Thread: Equinox Container: dc2a6f2a-5121-4de5-9b67-04e137fd1bef" [_thread_blocked, id=18564, stack(0x000000da55600000,0x000000da55700000)]
  0x0000024f4e844570 JavaThread "Framework Event Dispatcher: Equinox Container: dc2a6f2a-5121-4de5-9b67-04e137fd1bef" daemon [_thread_blocked, id=17120, stack(0x000000da54700000,0x000000da54800000)]
  0x0000024f4e8454a0 JavaThread "Start Level: Equinox Container: dc2a6f2a-5121-4de5-9b67-04e137fd1bef" daemon [_thread_blocked, id=15408, stack(0x000000da55700000,0x000000da55800000)]
  0x0000024f4e847810 JavaThread "Refresh Thread: Equinox Container: dc2a6f2a-5121-4de5-9b67-04e137fd1bef" daemon [_thread_blocked, id=17332, stack(0x000000da55a00000,0x000000da55b00000)]
  0x0000024f4f3dbec0 JavaThread "Bundle File Closer" daemon [_thread_blocked, id=3016, stack(0x000000da55e00000,0x000000da55f00000)]
  0x0000024f4f3dd810 JavaThread "SCR Component Actor" daemon [_thread_blocked, id=17288, stack(0x000000da55800000,0x000000da55900000)]
  0x0000024f4f3dc8e0 JavaThread "Worker-JM" [_thread_blocked, id=18664, stack(0x000000da55f00000,0x000000da56000000)]
  0x0000024f4f3dc3d0 JavaThread "Worker-0: Building" [_thread_blocked, id=10540, stack(0x000000da56000000,0x000000da56100000)]
  0x0000024f4f3dcdf0 JavaThread "Worker-1" [_thread_blocked, id=18924, stack(0x000000da56100000,0x000000da56200000)]
  0x0000024f4f3dd300 JavaThread "Java indexing" daemon [_thread_blocked, id=18276, stack(0x000000da56400000,0x000000da56500000)]
  0x0000024f4f3de740 JavaThread "Worker-2" [_thread_blocked, id=17200, stack(0x000000da56500000,0x000000da56600000)]
  0x0000024f4f3de230 JavaThread "JNA Cleaner" daemon [_thread_blocked, id=3868, stack(0x000000da56700000,0x000000da56800000)]
  0x0000024f4f3df160 JavaThread "pool-2-thread-1" [_thread_blocked, id=8424, stack(0x000000da56800000,0x000000da56900000)]
  0x0000024f4f3e05a0 JavaThread "WorkspaceEventsHandler" [_thread_blocked, id=12628, stack(0x000000da56900000,0x000000da56a00000)]
  0x0000024f4f3e0ab0 JavaThread "pool-1-thread-1" [_thread_in_native, id=11720, stack(0x000000da56a00000,0x000000da56b00000)]
  0x0000024f4f3e14d0 JavaThread "Worker-4" [_thread_blocked, id=14100, stack(0x000000da56300000,0x000000da56400000)]
  0x0000024f4f3da060 JavaThread "Worker-5" [_thread_blocked, id=10124, stack(0x000000da56b00000,0x000000da56c00000)]
  0x0000024f4f3daa80 JavaThread "ForkJoinPool.commonPool-worker-1" daemon [_thread_blocked, id=14648, stack(0x000000da56c00000,0x000000da56d00000)]
  0x0000024f4f3e19e0 JavaThread "ForkJoinPool.commonPool-worker-2" daemon [_thread_blocked, id=14020, stack(0x000000da56d00000,0x000000da56e00000)]
  0x0000024f51dc5d30 JavaThread "Worker-7" [_thread_blocked, id=1960, stack(0x000000da57400000,0x000000da57500000)]
  0x0000024f51dc6c60 JavaThread "ForkJoinPool.commonPool-worker-3" daemon [_thread_blocked, id=1164, stack(0x000000da57500000,0x000000da57600000)]
  0x0000024f51dc7170 JavaThread "ForkJoinPool.commonPool-worker-4" daemon [_thread_blocked, id=18704, stack(0x000000da57600000,0x000000da57700000)]
  0x0000024f51dc1b60 JavaThread "ForkJoinPool.commonPool-worker-5" daemon [_thread_blocked, id=3876, stack(0x000000da56f00000,0x000000da57000000)]
  0x0000024f51dc4e00 JavaThread "ForkJoinPool.commonPool-worker-6" daemon [_thread_blocked, id=3400, stack(0x000000da57000000,0x000000da57100000)]
  0x0000024f51dc5310 JavaThread "ForkJoinPool.commonPool-worker-7" daemon [_thread_blocked, id=13396, stack(0x000000da57100000,0x000000da57200000)]
  0x0000024f51dc2070 JavaThread "Worker-8" [_thread_blocked, id=5088, stack(0x000000da57200000,0x000000da57300000)]
  0x0000024f51dc80a0 JavaThread "Java Debug Server" daemon [_thread_in_native, id=19304, stack(0x000000da55200000,0x000000da55300000)]
  0x0000024f51dc2a90 JavaThread "pool-7-thread-1" [_thread_in_native, id=14364, stack(0x000000da55400000,0x000000da55500000)]
  0x0000024f51dc5820 JavaThread "RxSchedulerPurge-1" daemon [_thread_blocked, id=18008, stack(0x000000da55500000,0x000000da55600000)]
  0x0000024f51dc48f0 JavaThread "RxCachedWorkerPoolEvictor-1" daemon [_thread_blocked, id=17996, stack(0x000000da55b00000,0x000000da55c00000)]
  0x0000024f51dc6240 JavaThread "RxNewThreadScheduler-1" daemon [_thread_blocked, id=18812, stack(0x000000da55c00000,0x000000da55d00000)]
  0x0000024f4e847300 JavaThread "process reaper (pid 20148)" daemon [_thread_in_native, id=20160, stack(0x000000da53310000,0x000000da53330000)]
  0x0000024f51c57350 JavaThread "C2 CompilerThread1" daemon [_thread_blocked, id=22452, stack(0x000000da53700000,0x000000da53800000)]

Other Threads:
  0x0000024f4d481580 VMThread "VM Thread" [stack: 0x000000da53c00000,0x000000da53d00000] [id=5956]
  0x0000024f4e6192f0 WatcherThread [stack: 0x000000da54900000,0x000000da54a00000] [id=1212]
=>0x0000024f32659f00 GCTaskThread "GC Thread#0" [stack: 0x000000da53b00000,0x000000da53c00000] [id=15468]
  0x0000024f4ea39fb0 GCTaskThread "GC Thread#1" [stack: 0x000000da54b00000,0x000000da54c00000] [id=19392]
  0x0000024f4e76a620 GCTaskThread "GC Thread#2" [stack: 0x000000da54c00000,0x000000da54d00000] [id=19020]
  0x0000024f4e76a8e0 GCTaskThread "GC Thread#3" [stack: 0x000000da54d00000,0x000000da54e00000] [id=14572]
  0x0000024f4ea3a270 GCTaskThread "GC Thread#4" [stack: 0x000000da54e00000,0x000000da54f00000] [id=14536]
  0x0000024f4ea3a530 GCTaskThread "GC Thread#5" [stack: 0x000000da54f00000,0x000000da55000000] [id=12880]
  0x0000024f4ea3a7f0 GCTaskThread "GC Thread#6" [stack: 0x000000da55000000,0x000000da55100000] [id=12884]
  0x0000024f4ede48e0 GCTaskThread "GC Thread#7" [stack: 0x000000da55900000,0x000000da55a00000] [id=17584]

Threads with active compile tasks:

VM state: at safepoint (normal execution)

VM Mutex/Monitor currently owned by a thread:  ([mutex/lock_event])
[0x0000024f3263f240] Threads_lock - owner thread: 0x0000024f4d481580
[0x0000024f3263e430] Heap_lock - owner thread: 0x0000024f4f3dd300

Heap address: 0x00000000c0000000, size: 1024 MB, Compressed Oops mode: 32-bit

CDS archive(s) not mapped
Compressed class space mapped at: 0x0000000100000000-0x0000000140000000, reserved size: 1073741824
Narrow klass base: 0x0000000000000000, Narrow klass shift: 3, Narrow klass range: 0x140000000

GC Precious Log:
 CPUs: 8 total, 8 available
 Memory: 16118M
 Large Page Support: Disabled
 NUMA Support: Disabled
 Compressed Oops: Enabled (32-bit)
 Alignments: Space 512K, Generation 512K, Heap 2M
 Heap Min Capacity: 100M
 Heap Initial Capacity: 100M
 Heap Max Capacity: 1G
 Pre-touch: Disabled
 Parallel Workers: 8

Heap:
 PSYoungGen      total 4608K, used 1424K [0x00000000eab00000, 0x00000000eb100000, 0x0000000100000000)
  eden space 3072K, 0% used [0x00000000eab00000,0x00000000eab00000,0x00000000eae00000)
  from space 1536K, 92% used [0x00000000eae00000,0x00000000eaf64000,0x00000000eaf80000)
  to   space 1536K, 0% used [0x00000000eaf80000,0x00000000eaf80000,0x00000000eb100000)
 ParOldGen       total 112640K, used 111219K [0x00000000c0000000, 0x00000000c6e00000, 0x00000000eab00000)
  object space 112640K, 98% used [0x00000000c0000000,0x00000000c6c9ce08,0x00000000c6e00000)
 Metaspace       used 82014K, committed 83520K, reserved 1179648K
  class space    used 8708K, committed 9344K, reserved 1048576K

Card table byte_map: [0x0000024f45cc0000,0x0000024f45ed0000] _byte_map_base: 0x0000024f456c0000

Marking Bits: (ParMarkBitMap*) 0x00007ff9027ed7d0
 Begin Bits: [0x0000024f46030000, 0x0000024f47030000)
 End Bits:   [0x0000024f47030000, 0x0000024f48030000)

Polling page: 0x0000024f326f0000

Metaspace:

Usage:
  Non-class:     71.59 MB used.
      Class:      8.50 MB used.
       Both:     80.09 MB used.

Virtual space:
  Non-class space:      128.00 MB reserved,      72.44 MB ( 57%) committed,  2 nodes.
      Class space:        1.00 GB reserved,       9.12 MB ( <1%) committed,  1 nodes.
             Both:        1.12 GB reserved,      81.56 MB (  7%) committed. 

Chunk freelists:
   Non-Class:  6.76 MB
       Class:  6.73 MB
        Both:  13.50 MB

MaxMetaspaceSize: unlimited
CompressedClassSpaceSize: 1.00 GB
Initial GC threshold: 21.00 MB
Current GC threshold: 135.88 MB
CDS: off
MetaspaceReclaimPolicy: balanced
 - commit_granule_bytes: 65536.
 - commit_granule_words: 8192.
 - virtual_space_node_default_size: 8388608.
 - enlarge_chunks_in_place: 1.
 - new_chunks_are_fully_committed: 0.
 - uncommit_free_chunks: 1.
 - use_allocation_guard: 0.
 - handle_deallocations: 1.


Internal statistics:

num_allocs_failed_limit: 9.
num_arena_births: 1070.
num_arena_deaths: 24.
num_vsnodes_births: 3.
num_vsnodes_deaths: 0.
num_space_committed: 1305.
num_space_uncommitted: 0.
num_chunks_returned_to_freelist: 38.
num_chunks_taken_from_freelist: 4696.
num_chunk_merges: 18.
num_chunk_splits: 2848.
num_chunks_enlarged: 1539.
num_inconsistent_stats: 0.

CodeHeap 'non-profiled nmethods': size=120000Kb used=9303Kb max_used=10118Kb free=110696Kb
 bounds [0x0000024f3e5b0000, 0x0000024f3efb0000, 0x0000024f45ae0000]
CodeHeap 'profiled nmethods': size=120000Kb used=25410Kb max_used=25569Kb free=94589Kb
 bounds [0x0000024f36ae0000, 0x0000024f38400000, 0x0000024f3e010000]
CodeHeap 'non-nmethods': size=5760Kb used=1400Kb max_used=1490Kb free=4359Kb
 bounds [0x0000024f3e010000, 0x0000024f3e280000, 0x0000024f3e5b0000]
 total_blobs=12435 nmethods=11695 adapters=652
 compilation: enabled
              stopped_count=0, restarted_count=0
 full_count=0

Compilation events (20 events):
Event: 131.876 Thread 0x0000024f4d4e4770 14622       3       org.apache.maven.shared.filtering.DefaultMavenResourcesFiltering::isPropertiesFile (14 bytes)
Event: 131.877 Thread 0x0000024f4d4e4770 nmethod 14622 0x0000024f37871790 code [0x0000024f378719e0, 0x0000024f378720d8]
Event: 131.879 Thread 0x0000024f4d4e4770 14623       3       java.io.File::canWrite (34 bytes)
Event: 131.880 Thread 0x0000024f4d4e4770 nmethod 14623 0x0000024f37d75d10 code [0x0000024f37d75f00, 0x0000024f37d76308]
Event: 131.885 Thread 0x0000024f4d4e4770 14624       3       org.apache.maven.shared.filtering.DefaultMavenResourcesFiltering::filteredFileExtension (114 bytes)
Event: 131.886 Thread 0x0000024f4d4e4770 nmethod 14624 0x0000024f375e6810 code [0x0000024f375e6b80, 0x0000024f375e7f08]
Event: 131.887 Thread 0x0000024f4d4e4770 14625       3       org.apache.maven.shared.filtering.DefaultMavenResourcesFiltering::getEncoding (17 bytes)
Event: 131.887 Thread 0x0000024f4d4e4770 nmethod 14625 0x0000024f375e5c90 code [0x0000024f375e5ec0, 0x0000024f375e6548]
Event: 131.887 Thread 0x0000024f4d4e4770 14626   !   3       org.apache.maven.shared.filtering.DefaultMavenFileFilter::copyFile (241 bytes)
Event: 131.890 Thread 0x0000024f4d4e4770 nmethod 14626 0x0000024f378b4190 code [0x0000024f378b4680, 0x0000024f378b66e8]
Event: 131.892 Thread 0x0000024f4d4e4770 14627   !   3       org.apache.maven.shared.filtering.FilteringUtils::copyFilePermissions (55 bytes)
Event: 131.894 Thread 0x0000024f4d4e4770 nmethod 14627 0x0000024f378b2090 code [0x0000024f378b2420, 0x0000024f378b3868]
Event: 131.894 Thread 0x0000024f4d4e4770 14628       3       java.nio.file.Files::getPosixFilePermissions (17 bytes)
Event: 131.894 Thread 0x0000024f4d4e4770 nmethod 14628 0x0000024f375e5310 code [0x0000024f375e5500, 0x0000024f375e5ab8]
Event: 131.894 Thread 0x0000024f4d4e4770 14629       3       java.io.File::canExecute (34 bytes)
Event: 131.894 Thread 0x0000024f4d4e4770 nmethod 14629 0x0000024f375e4b10 code [0x0000024f375e4d00, 0x0000024f375e5108]
Event: 131.897 Thread 0x0000024f4d4e4770 14630       3       org.sonatype.plexus.build.incremental.ThreadBuildContext::refresh (10 bytes)
Event: 131.897 Thread 0x0000024f4d4e4770 nmethod 14630 0x0000024f37e51d10 code [0x0000024f37e51ee0, 0x0000024f37e52318]
Event: 131.897 Thread 0x0000024f4d4e4770 14631       3       org.eclipse.m2e.core.internal.builder.BuildResultCollector::refresh (12 bytes)
Event: 131.898 Thread 0x0000024f4d4e4770 nmethod 14631 0x0000024f37eb8c90 code [0x0000024f37eb8e40, 0x0000024f37eb9008]

GC Heap History (20 events):
Event: 131.635 GC heap after
{Heap after GC invocations=317 (full 10):
 PSYoungGen      total 2048K, used 576K [0x00000000eab00000, 0x00000000eaf80000, 0x0000000100000000)
  eden space 1024K, 0% used [0x00000000eab00000,0x00000000eab00000,0x00000000eac00000)
  from space 1024K, 56% used [0x00000000eae80000,0x00000000eaf10000,0x00000000eaf80000)
  to   space 1024K, 0% used [0x00000000ead80000,0x00000000ead80000,0x00000000eae80000)
 ParOldGen       total 89088K, used 68676K [0x00000000c0000000, 0x00000000c5700000, 0x00000000eab00000)
  object space 89088K, 77% used [0x00000000c0000000,0x00000000c4311250,0x00000000c5700000)
 Metaspace       used 81957K, committed 83520K, reserved 1179648K
  class space    used 8707K, committed 9344K, reserved 1048576K
}
Event: 131.637 GC heap before
{Heap before GC invocations=318 (full 10):
 PSYoungGen      total 2048K, used 1600K [0x00000000eab00000, 0x00000000eaf80000, 0x0000000100000000)
  eden space 1024K, 100% used [0x00000000eab00000,0x00000000eac00000,0x00000000eac00000)
  from space 1024K, 56% used [0x00000000eae80000,0x00000000eaf10000,0x00000000eaf80000)
  to   space 1024K, 0% used [0x00000000ead80000,0x00000000ead80000,0x00000000eae80000)
 ParOldGen       total 89088K, used 68676K [0x00000000c0000000, 0x00000000c5700000, 0x00000000eab00000)
  object space 89088K, 77% used [0x00000000c0000000,0x00000000c4311250,0x00000000c5700000)
 Metaspace       used 81957K, committed 83520K, reserved 1179648K
  class space    used 8707K, committed 9344K, reserved 1048576K
}
Event: 131.640 GC heap after
{Heap after GC invocations=318 (full 10):
 PSYoungGen      total 2560K, used 1009K [0x00000000eab00000, 0x00000000eb080000, 0x0000000100000000)
  eden space 1536K, 0% used [0x00000000eab00000,0x00000000eab00000,0x00000000eac80000)
  from space 1024K, 98% used [0x00000000ead80000,0x00000000eae7c7a0,0x00000000eae80000)
  to   space 2048K, 0% used [0x00000000eae80000,0x00000000eae80000,0x00000000eb080000)
 ParOldGen       total 89088K, used 69162K [0x00000000c0000000, 0x00000000c5700000, 0x00000000eab00000)
  object space 89088K, 77% used [0x00000000c0000000,0x00000000c438a800,0x00000000c5700000)
 Metaspace       used 81957K, committed 83520K, reserved 1179648K
  class space    used 8707K, committed 9344K, reserved 1048576K
}
Event: 131.647 GC heap before
{Heap before GC invocations=319 (full 10):
 PSYoungGen      total 2560K, used 2545K [0x00000000eab00000, 0x00000000eb080000, 0x0000000100000000)
  eden space 1536K, 100% used [0x00000000eab00000,0x00000000eac80000,0x00000000eac80000)
  from space 1024K, 98% used [0x00000000ead80000,0x00000000eae7c7a0,0x00000000eae80000)
  to   space 2048K, 0% used [0x00000000eae80000,0x00000000eae80000,0x00000000eb080000)
 ParOldGen       total 89088K, used 69162K [0x00000000c0000000, 0x00000000c5700000, 0x00000000eab00000)
  object space 89088K, 77% used [0x00000000c0000000,0x00000000c438a800,0x00000000c5700000)
 Metaspace       used 81957K, committed 83520K, reserved 1179648K
  class space    used 8707K, committed 9344K, reserved 1048576K
}
Event: 131.651 GC heap after
{Heap after GC invocations=319 (full 10):
 PSYoungGen      total 3584K, used 1611K [0x00000000eab00000, 0x00000000eb100000, 0x0000000100000000)
  eden space 1536K, 0% used [0x00000000eab00000,0x00000000eab00000,0x00000000eac80000)
  from space 2048K, 78% used [0x00000000eae80000,0x00000000eb012f78,0x00000000eb080000)
  to   space 2048K, 0% used [0x00000000eac80000,0x00000000eac80000,0x00000000eae80000)
 ParOldGen       total 89088K, used 70143K [0x00000000c0000000, 0x00000000c5700000, 0x00000000eab00000)
  object space 89088K, 78% used [0x00000000c0000000,0x00000000c447fc40,0x00000000c5700000)
 Metaspace       used 81957K, committed 83520K, reserved 1179648K
  class space    used 8707K, committed 9344K, reserved 1048576K
}
Event: 131.655 GC heap before
{Heap before GC invocations=320 (full 10):
 PSYoungGen      total 3584K, used 3147K [0x00000000eab00000, 0x00000000eb100000, 0x0000000100000000)
  eden space 1536K, 100% used [0x00000000eab00000,0x00000000eac80000,0x00000000eac80000)
  from space 2048K, 78% used [0x00000000eae80000,0x00000000eb012f78,0x00000000eb080000)
  to   space 2048K, 0% used [0x00000000eac80000,0x00000000eac80000,0x00000000eae80000)
 ParOldGen       total 89088K, used 70143K [0x00000000c0000000, 0x00000000c5700000, 0x00000000eab00000)
  object space 89088K, 78% used [0x00000000c0000000,0x00000000c447fc40,0x00000000c5700000)
 Metaspace       used 81957K, committed 83520K, reserved 1179648K
  class space    used 8707K, committed 9344K, reserved 1048576K
}
Event: 131.659 GC heap after
{Heap after GC invocations=320 (full 10):
 PSYoungGen      total 3584K, used 1655K [0x00000000eab00000, 0x00000000eb100000, 0x0000000100000000)
  eden space 1536K, 0% used [0x00000000eab00000,0x00000000eab00000,0x00000000eac80000)
  from space 2048K, 80% used [0x00000000eac80000,0x00000000eae1de40,0x00000000eae80000)
  to   space 2048K, 0% used [0x00000000eaf00000,0x00000000eaf00000,0x00000000eb100000)
 ParOldGen       total 89088K, used 71667K [0x00000000c0000000, 0x00000000c5700000, 0x00000000eab00000)
  object space 89088K, 80% used [0x00000000c0000000,0x00000000c45fce00,0x00000000c5700000)
 Metaspace       used 81957K, committed 83520K, reserved 1179648K
  class space    used 8707K, committed 9344K, reserved 1048576K
}
Event: 131.665 GC heap before
{Heap before GC invocations=321 (full 10):
 PSYoungGen      total 3584K, used 3191K [0x00000000eab00000, 0x00000000eb100000, 0x0000000100000000)
  eden space 1536K, 100% used [0x00000000eab00000,0x00000000eac80000,0x00000000eac80000)
  from space 2048K, 80% used [0x00000000eac80000,0x00000000eae1de40,0x00000000eae80000)
  to   space 2048K, 0% used [0x00000000eaf00000,0x00000000eaf00000,0x00000000eb100000)
 ParOldGen       total 89088K, used 71667K [0x00000000c0000000, 0x00000000c5700000, 0x00000000eab00000)
  object space 89088K, 80% used [0x00000000c0000000,0x00000000c45fce00,0x00000000c5700000)
 Metaspace       used 81957K, committed 83520K, reserved 1179648K
  class space    used 8707K, committed 9344K, reserved 1048576K
}
Event: 131.669 GC heap after
{Heap after GC invocations=321 (full 10):
 PSYoungGen      total 4096K, used 1557K [0x00000000eab00000, 0x00000000eb100000, 0x0000000100000000)
  eden space 2048K, 0% used [0x00000000eab00000,0x00000000eab00000,0x00000000ead00000)
  from space 2048K, 76% used [0x00000000eaf00000,0x00000000eb085520,0x00000000eb100000)
  to   space 2048K, 0% used [0x00000000ead00000,0x00000000ead00000,0x00000000eaf00000)
 ParOldGen       total 89088K, used 73184K [0x00000000c0000000, 0x00000000c5700000, 0x00000000eab00000)
  object space 89088K, 82% used [0x00000000c0000000,0x00000000c4778300,0x00000000c5700000)
 Metaspace       used 81957K, committed 83520K, reserved 1179648K
  class space    used 8707K, committed 9344K, reserved 1048576K
}
Event: 131.676 GC heap before
{Heap before GC invocations=322 (full 10):
 PSYoungGen      total 4096K, used 3605K [0x00000000eab00000, 0x00000000eb100000, 0x0000000100000000)
  eden space 2048K, 100% used [0x00000000eab00000,0x00000000ead00000,0x00000000ead00000)
  from space 2048K, 76% used [0x00000000eaf00000,0x00000000eb085520,0x00000000eb100000)
  to   space 2048K, 0% used [0x00000000ead00000,0x00000000ead00000,0x00000000eaf00000)
 ParOldGen       total 89088K, used 73184K [0x00000000c0000000, 0x00000000c5700000, 0x00000000eab00000)
  object space 89088K, 82% used [0x00000000c0000000,0x00000000c4778300,0x00000000c5700000)
 Metaspace       used 81959K, committed 83520K, reserved 1179648K
  class space    used 8707K, committed 9344K, reserved 1048576K
}
Event: 131.679 GC heap after
{Heap after GC invocations=322 (full 10):
 PSYoungGen      total 4096K, used 1647K [0x00000000eab00000, 0x00000000eb180000, 0x0000000100000000)
  eden space 2048K, 0% used [0x00000000eab00000,0x00000000eab00000,0x00000000ead00000)
  from space 2048K, 80% used [0x00000000ead00000,0x00000000eae9bee0,0x00000000eaf00000)
  to   space 2048K, 0% used [0x00000000eaf80000,0x00000000eaf80000,0x00000000eb180000)
 ParOldGen       total 89088K, used 74714K [0x00000000c0000000, 0x00000000c5700000, 0x00000000eab00000)
  object space 89088K, 83% used [0x00000000c0000000,0x00000000c48f6a30,0x00000000c5700000)
 Metaspace       used 81959K, committed 83520K, reserved 1179648K
  class space    used 8707K, committed 9344K, reserved 1048576K
}
Event: 131.687 GC heap before
{Heap before GC invocations=323 (full 10):
 PSYoungGen      total 4096K, used 3695K [0x00000000eab00000, 0x00000000eb180000, 0x0000000100000000)
  eden space 2048K, 100% used [0x00000000eab00000,0x00000000ead00000,0x00000000ead00000)
  from space 2048K, 80% used [0x00000000ead00000,0x00000000eae9bee0,0x00000000eaf00000)
  to   space 2048K, 0% used [0x00000000eaf80000,0x00000000eaf80000,0x00000000eb180000)
 ParOldGen       total 89088K, used 74714K [0x00000000c0000000, 0x00000000c5700000, 0x00000000eab00000)
  object space 89088K, 83% used [0x00000000c0000000,0x00000000c48f6a30,0x00000000c5700000)
 Metaspace       used 81959K, committed 83520K, reserved 1179648K
  class space    used 8707K, committed 9344K, reserved 1048576K
}
Event: 131.689 GC heap after
{Heap after GC invocations=323 (full 10):
 PSYoungGen      total 4608K, used 1979K [0x00000000eab00000, 0x00000000eb180000, 0x0000000100000000)
  eden space 2560K, 0% used [0x00000000eab00000,0x00000000eab00000,0x00000000ead80000)
  from space 2048K, 96% used [0x00000000eaf80000,0x00000000eb16edf0,0x00000000eb180000)
  to   space 2048K, 0% used [0x00000000ead80000,0x00000000ead80000,0x00000000eaf80000)
 ParOldGen       total 89088K, used 76072K [0x00000000c0000000, 0x00000000c5700000, 0x00000000eab00000)
  object space 89088K, 85% used [0x00000000c0000000,0x00000000c4a4a358,0x00000000c5700000)
 Metaspace       used 81959K, committed 83520K, reserved 1179648K
  class space    used 8707K, committed 9344K, reserved 1048576K
}
Event: 131.714 GC heap before
{Heap before GC invocations=324 (full 10):
 PSYoungGen      total 4608K, used 4539K [0x00000000eab00000, 0x00000000eb180000, 0x0000000100000000)
  eden space 2560K, 100% used [0x00000000eab00000,0x00000000ead80000,0x00000000ead80000)
  from space 2048K, 96% used [0x00000000eaf80000,0x00000000eb16edf0,0x00000000eb180000)
  to   space 2048K, 0% used [0x00000000ead80000,0x00000000ead80000,0x00000000eaf80000)
 ParOldGen       total 89088K, used 76072K [0x00000000c0000000, 0x00000000c5700000, 0x00000000eab00000)
  object space 89088K, 85% used [0x00000000c0000000,0x00000000c4a4a358,0x00000000c5700000)
 Metaspace       used 81965K, committed 83520K, reserved 1179648K
  class space    used 8707K, committed 9344K, reserved 1048576K
}
Event: 131.717 GC heap after
{Heap after GC invocations=324 (full 10):
 PSYoungGen      total 4608K, used 1584K [0x00000000eab00000, 0x00000000eb200000, 0x0000000100000000)
  eden space 2560K, 0% used [0x00000000eab00000,0x00000000eab00000,0x00000000ead80000)
  from space 2048K, 77% used [0x00000000ead80000,0x00000000eaf0c000,0x00000000eaf80000)
  to   space 2048K, 0% used [0x00000000eb000000,0x00000000eb000000,0x00000000eb200000)
 ParOldGen       total 89088K, used 77502K [0x00000000c0000000, 0x00000000c5700000, 0x00000000eab00000)
  object space 89088K, 86% used [0x00000000c0000000,0x00000000c4baf828,0x00000000c5700000)
 Metaspace       used 81965K, committed 83520K, reserved 1179648K
  class space    used 8707K, committed 9344K, reserved 1048576K
}
Event: 131.737 GC heap before
{Heap before GC invocations=325 (full 10):
 PSYoungGen      total 4608K, used 3880K [0x00000000eab00000, 0x00000000eb200000, 0x0000000100000000)
  eden space 2560K, 89% used [0x00000000eab00000,0x00000000ead3e3e8,0x00000000ead80000)
  from space 2048K, 77% used [0x00000000ead80000,0x00000000eaf0c000,0x00000000eaf80000)
  to   space 2048K, 0% used [0x00000000eb000000,0x00000000eb000000,0x00000000eb200000)
 ParOldGen       total 89088K, used 77502K [0x00000000c0000000, 0x00000000c5700000, 0x00000000eab00000)
  object space 89088K, 86% used [0x00000000c0000000,0x00000000c4baf828,0x00000000c5700000)
 Metaspace       used 81990K, committed 83520K, reserved 1179648K
  class space    used 8708K, committed 9344K, reserved 1048576K
}
Event: 131.740 GC heap after
{Heap after GC invocations=325 (full 10):
 PSYoungGen      total 5120K, used 1616K [0x00000000eab00000, 0x00000000eb200000, 0x0000000100000000)
  eden space 3072K, 0% used [0x00000000eab00000,0x00000000eab00000,0x00000000eae00000)
  from space 2048K, 78% used [0x00000000eb000000,0x00000000eb194000,0x00000000eb200000)
  to   space 2048K, 0% used [0x00000000eae00000,0x00000000eae00000,0x00000000eb000000)
 ParOldGen       total 89088K, used 78963K [0x00000000c0000000, 0x00000000c5700000, 0x00000000eab00000)
  object space 89088K, 88% used [0x00000000c0000000,0x00000000c4d1cdd8,0x00000000c5700000)
 Metaspace       used 81990K, committed 83520K, reserved 1179648K
  class space    used 8708K, committed 9344K, reserved 1048576K
}
Event: 131.911 GC heap before
{Heap before GC invocations=326 (full 10):
 PSYoungGen      total 5120K, used 4569K [0x00000000eab00000, 0x00000000eb200000, 0x0000000100000000)
  eden space 3072K, 96% used [0x00000000eab00000,0x00000000eade2600,0x00000000eae00000)
  from space 2048K, 78% used [0x00000000eb000000,0x00000000eb194000,0x00000000eb200000)
  to   space 2048K, 0% used [0x00000000eae00000,0x00000000eae00000,0x00000000eb000000)
 ParOldGen       total 112640K, used 109683K [0x00000000c0000000, 0x00000000c6e00000, 0x00000000eab00000)
  object space 112640K, 97% used [0x00000000c0000000,0x00000000c6b1ce08,0x00000000c6e00000)
 Metaspace       used 82014K, committed 83520K, reserved 1179648K
  class space    used 8708K, committed 9344K, reserved 1048576K
}
Event: 131.915 GC heap after
{Heap after GC invocations=326 (full 10):
 PSYoungGen      total 4608K, used 1424K [0x00000000eab00000, 0x00000000eb100000, 0x0000000100000000)
  eden space 3072K, 0% used [0x00000000eab00000,0x00000000eab00000,0x00000000eae00000)
  from space 1536K, 92% used [0x00000000eae00000,0x00000000eaf64000,0x00000000eaf80000)
  to   space 1536K, 0% used [0x00000000eaf80000,0x00000000eaf80000,0x00000000eb100000)
 ParOldGen       total 112640K, used 111219K [0x00000000c0000000, 0x00000000c6e00000, 0x00000000eab00000)
  object space 112640K, 98% used [0x00000000c0000000,0x00000000c6c9ce08,0x00000000c6e00000)
 Metaspace       used 82014K, committed 83520K, reserved 1179648K
  class space    used 8708K, committed 9344K, reserved 1048576K
}
Event: 131.915 GC heap before
{Heap before GC invocations=327 (full 11):
 PSYoungGen      total 4608K, used 1424K [0x00000000eab00000, 0x00000000eb100000, 0x0000000100000000)
  eden space 3072K, 0% used [0x00000000eab00000,0x00000000eab00000,0x00000000eae00000)
  from space 1536K, 92% used [0x00000000eae00000,0x00000000eaf64000,0x00000000eaf80000)
  to   space 1536K, 0% used [0x00000000eaf80000,0x00000000eaf80000,0x00000000eb100000)
 ParOldGen       total 112640K, used 111219K [0x00000000c0000000, 0x00000000c6e00000, 0x00000000eab00000)
  object space 112640K, 98% used [0x00000000c0000000,0x00000000c6c9ce08,0x00000000c6e00000)
 Metaspace       used 82014K, committed 83520K, reserved 1179648K
  class space    used 8708K, committed 9344K, reserved 1048576K
}

Dll operation events (11 events):
Event: 0.016 Loaded shared library c:\Users\97154\.vscode\extensions\redhat.java-1.28.1-win32-x64\jre\17.0.10-win32-x86_64\bin\java.dll
Event: 0.241 Loaded shared library c:\Users\97154\.vscode\extensions\redhat.java-1.28.1-win32-x64\jre\17.0.10-win32-x86_64\bin\zip.dll
Event: 0.245 Loaded shared library C:\Users\97154\.vscode\extensions\redhat.java-1.28.1-win32-x64\jre\17.0.10-win32-x86_64\bin\instrument.dll
Event: 0.262 Loaded shared library C:\Users\97154\.vscode\extensions\redhat.java-1.28.1-win32-x64\jre\17.0.10-win32-x86_64\bin\net.dll
Event: 0.265 Loaded shared library C:\Users\97154\.vscode\extensions\redhat.java-1.28.1-win32-x64\jre\17.0.10-win32-x86_64\bin\nio.dll
Event: 0.274 Loaded shared library C:\Users\97154\.vscode\extensions\redhat.java-1.28.1-win32-x64\jre\17.0.10-win32-x86_64\bin\zip.dll
Event: 0.297 Loaded shared library C:\Users\97154\.vscode\extensions\redhat.java-1.28.1-win32-x64\jre\17.0.10-win32-x86_64\bin\jimage.dll
Event: 0.405 Loaded shared library c:\Users\97154\.vscode\extensions\redhat.java-1.28.1-win32-x64\jre\17.0.10-win32-x86_64\bin\verify.dll
Event: 2.784 Loaded shared library C:\Users\97154\AppData\Roaming\Code\User\globalStorage\redhat.java\1.28.1\config_win\org.eclipse.equinox.launcher\org.eclipse.equinox.launcher.win32.win32.x86_64_1.2.900.v20240129-1338\eclipse_11900.dll
Event: 7.687 Loaded shared library C:\Users\97154\AppData\Local\Temp\jna-54327986\jna6738819792879625516.dll
Event: 46.113 Loaded shared library C:\Users\97154\.vscode\extensions\redhat.java-1.28.1-win32-x64\jre\17.0.10-win32-x86_64\bin\extnet.dll

Deoptimization events (20 events):
Event: 130.363 Thread 0x0000024f51dc4e00 DEOPT PACKING pc=0x0000024f37623303 sp=0x000000da570fe590
Event: 130.363 Thread 0x0000024f51dc4e00 DEOPT UNPACKING pc=0x0000024f3e06a9e3 sp=0x000000da570fda00 mode 0
Event: 130.364 Thread 0x0000024f4f3e19e0 Uncommon trap: trap_request=0xffffffe4 fr.pc=0x0000024f3ee7bf40 relative=0x0000000000000a40
Event: 130.364 Thread 0x0000024f4f3e19e0 Uncommon trap: reason=range_check action=make_not_entrant pc=0x0000024f3ee7bf40 method=org.eclipse.jdt.internal.compiler.parser.Scanner.pushLineSeparator()V @ 104 c2
Event: 130.364 Thread 0x0000024f4f3e19e0 DEOPT PACKING pc=0x0000024f3ee7bf40 sp=0x000000da56dfed40
Event: 130.364 Thread 0x0000024f4f3e19e0 DEOPT UNPACKING pc=0x0000024f3e069ea3 sp=0x000000da56dfec50 mode 2
Event: 130.680 Thread 0x0000024f4f3e19e0 DEOPT PACKING pc=0x0000024f37623303 sp=0x000000da56dfe720
Event: 130.680 Thread 0x0000024f4f3e19e0 DEOPT UNPACKING pc=0x0000024f3e06a9e3 sp=0x000000da56dfdb90 mode 0
Event: 130.780 Thread 0x0000024f51dc4e00 DEOPT PACKING pc=0x0000024f38362a03 sp=0x000000da570fdf60
Event: 130.780 Thread 0x0000024f51dc4e00 DEOPT UNPACKING pc=0x0000024f3e06a9e3 sp=0x000000da570fd4b8 mode 0
Event: 130.877 Thread 0x0000024f4f3e19e0 DEOPT PACKING pc=0x0000024f3835d763 sp=0x000000da56dfded0
Event: 130.877 Thread 0x0000024f4f3e19e0 DEOPT UNPACKING pc=0x0000024f3e06a9e3 sp=0x000000da56dfd408 mode 0
Event: 130.878 Thread 0x0000024f4f3e19e0 DEOPT PACKING pc=0x0000024f38362a03 sp=0x000000da56dfde90
Event: 130.878 Thread 0x0000024f4f3e19e0 DEOPT UNPACKING pc=0x0000024f3e06a9e3 sp=0x000000da56dfd3e8 mode 0
Event: 131.586 Thread 0x0000024f4f3e0ab0 Uncommon trap: trap_request=0xffffffc6 fr.pc=0x0000024f3ed6562c relative=0x00000000000004ec
Event: 131.586 Thread 0x0000024f4f3e0ab0 Uncommon trap: reason=bimorphic_or_optimized_type_check action=maybe_recompile pc=0x0000024f3ed6562c method=java.util.HashMap.removeNode(ILjava/lang/Object;Ljava/lang/Object;ZZ)Ljava/util/HashMap$Node; @ 143 c2
Event: 131.586 Thread 0x0000024f4f3e0ab0 DEOPT PACKING pc=0x0000024f3ed6562c sp=0x000000da56afd7d0
Event: 131.586 Thread 0x0000024f4f3e0ab0 DEOPT UNPACKING pc=0x0000024f3e069ea3 sp=0x000000da56afd748 mode 2
Event: 131.633 Thread 0x0000024f4f3dc3d0 DEOPT PACKING pc=0x0000024f3787ed59 sp=0x000000da560fe400
Event: 131.633 Thread 0x0000024f4f3dc3d0 DEOPT UNPACKING pc=0x0000024f3e06a9e3 sp=0x000000da560fd960 mode 0

Classes unloaded (12 events):
Event: 7.300 Thread 0x0000024f4d481580 Unloading class 0x000000010023c000 'java/lang/invoke/LambdaForm$MH+0x000000010023c000'
Event: 7.300 Thread 0x0000024f4d481580 Unloading class 0x000000010023bc00 'java/lang/invoke/LambdaForm$MH+0x000000010023bc00'
Event: 7.300 Thread 0x0000024f4d481580 Unloading class 0x000000010023b800 'java/lang/invoke/LambdaForm$MH+0x000000010023b800'
Event: 7.300 Thread 0x0000024f4d481580 Unloading class 0x000000010023b400 'java/lang/invoke/LambdaForm$MH+0x000000010023b400'
Event: 7.300 Thread 0x0000024f4d481580 Unloading class 0x000000010023b000 'java/lang/invoke/LambdaForm$BMH+0x000000010023b000'
Event: 7.300 Thread 0x0000024f4d481580 Unloading class 0x000000010023ac00 'java/lang/invoke/LambdaForm$DMH+0x000000010023ac00'
Event: 7.300 Thread 0x0000024f4d481580 Unloading class 0x0000000100238400 'java/lang/invoke/LambdaForm$DMH+0x0000000100238400'
Event: 28.872 Thread 0x0000024f4d481580 Unloading class 0x0000000100768400 'java/lang/invoke/LambdaForm$DMH+0x0000000100768400'
Event: 28.872 Thread 0x0000024f4d481580 Unloading class 0x00000001006ebc00 'java/lang/invoke/LambdaForm$DMH+0x00000001006ebc00'
Event: 28.872 Thread 0x0000024f4d481580 Unloading class 0x00000001006eb800 'java/lang/invoke/LambdaForm$DMH+0x00000001006eb800'
Event: 28.872 Thread 0x0000024f4d481580 Unloading class 0x00000001006eb400 'java/lang/invoke/LambdaForm$DMH+0x00000001006eb400'
Event: 28.872 Thread 0x0000024f4d481580 Unloading class 0x00000001006eb000 'java/lang/invoke/LambdaForm$DMH+0x00000001006eb000'

Classes redefined (0 events):
No events

Internal exceptions (20 events):
Event: 52.637 Thread 0x0000024f4f3dc3d0 Exception <a 'sun/nio/fs/WindowsException'{0x00000000eac87b50}> (0x00000000eac87b50) 
thrown [s\src\hotspot\share\prims\jni.cpp, line 516]
Event: 52.642 Thread 0x0000024f4f3dc3d0 Exception <a 'sun/nio/fs/WindowsException'{0x00000000eac893f0}> (0x00000000eac893f0) 
thrown [s\src\hotspot\share\prims\jni.cpp, line 516]
Event: 103.079 Thread 0x0000024f51dc4e00 Implicit null exception at 0x0000024f3ec740bf to 0x0000024f3ec7d7b8
Event: 124.699 Thread 0x0000024f51dc5310 Exception <a 'java/lang/ArrayIndexOutOfBoundsException'{0x00000000eab95168}> (0x00000000eab95168) 
thrown [s\src\hotspot\share\runtime\sharedRuntime.cpp, line 631]
Event: 124.888 Thread 0x0000024f51dc4e00 Exception <a 'java/lang/ClassFormatError'{0x00000000ead37bf0}: Unknown constant tag 116 in class file org/eclipse/jdt/internal/corext/refactoring/code/ExtractTempRefactoring> (0x00000000ead37bf0) 
thrown [s\src\hotspot\share\classfile\classFileError.cpp, line 49]
Event: 126.036 Thread 0x0000024f51dc1b60 Exception <a 'java/lang/ClassNotFoundException'{0x00000000eabcb288}: sun/net/www/protocol/jdt/Handler> (0x00000000eabcb288) 
thrown [s\src\hotspot\share\classfile\systemDictionary.cpp, line 256]
Event: 126.037 Thread 0x0000024f51dc1b60 Exception <a 'java/lang/ClassNotFoundException'{0x00000000eabcdbf0}: sun/net/www/protocol/jdt/Handler> (0x00000000eabcdbf0) 
thrown [s\src\hotspot\share\classfile\systemDictionary.cpp, line 256]
Event: 126.037 Thread 0x0000024f51dc1b60 Exception <a 'java/lang/ClassNotFoundException'{0x00000000eabd2070}: sun/net/www/protocol/jdt/Handler> (0x00000000eabd2070) 
thrown [s\src\hotspot\share\classfile\systemDictionary.cpp, line 256]
Event: 126.037 Thread 0x0000024f51dc1b60 Exception <a 'java/lang/ClassNotFoundException'{0x00000000eabd4d40}: sun/net/www/protocol/jdt/Handler> (0x00000000eabd4d40) 
thrown [s\src\hotspot\share\classfile\systemDictionary.cpp, line 256]
Event: 126.037 Thread 0x0000024f51dc1b60 Exception <a 'java/lang/ClassNotFoundException'{0x00000000eabd7790}: sun/net/www/protocol/jdt/Handler> (0x00000000eabd7790) 
thrown [s\src\hotspot\share\classfile\systemDictionary.cpp, line 256]
Event: 126.445 Thread 0x0000024f51dc1b60 Exception <a 'java/lang/NoSuchMethodError'{0x00000000eac95a88}: 'java.lang.Object java.lang.invoke.DirectMethodHandle$Holder.invokeStatic(java.lang.Object, int, java.lang.Object)'> (0x00000000eac95a88) 
thrown [s\src\hotspot\share\interpreter\linkResolver.cpp, line 759]
Event: 126.649 Thread 0x0000024f51dc1b60 Exception <a 'java/lang/ClassFormatError'{0x00000000eacb7a78}: Unknown constant tag 116 in class file org/eclipse/jdt/internal/corext/refactoring/code/ExtractTempRefactoring> (0x00000000eacb7a78) 
thrown [s\src\hotspot\share\classfile\classFileError.cpp, line 49]
Event: 128.601 Thread 0x0000024f51dc1b60 Exception <a 'java/lang/ClassFormatError'{0x00000000eab646f0}: Unknown constant tag 116 in class file org/eclipse/jdt/internal/corext/refactoring/code/ExtractTempRefactoring> (0x00000000eab646f0) 
thrown [s\src\hotspot\share\classfile\classFileError.cpp, line 49]
Event: 129.376 Thread 0x0000024f4f3e0ab0 Exception <a 'java/lang/ArrayIndexOutOfBoundsException'{0x00000000eabc2ec0}: Index 2765 out of bounds for length 2765> (0x00000000eabc2ec0) 
thrown [s\src\hotspot\share\interpreter\interpreterRuntime.cpp, line 428]
Event: 129.376 Thread 0x0000024f4f3e0ab0 Exception <a 'java/lang/ArrayIndexOutOfBoundsException'{0x00000000eabc3578}: Index 2765 out of bounds for length 2765> (0x00000000eabc3578) 
thrown [s\src\hotspot\share\interpreter\interpreterRuntime.cpp, line 428]
Event: 129.376 Thread 0x0000024f4f3e0ab0 Exception <a 'java/lang/ArrayIndexOutOfBoundsException'{0x00000000eabc3910}: Index 2766 out of bounds for length 2765> (0x00000000eabc3910) 
thrown [s\src\hotspot\share\interpreter\interpreterRuntime.cpp, line 428]
Event: 129.843 Thread 0x0000024f4f3e19e0 Exception <a 'java/lang/ArrayIndexOutOfBoundsException'{0x00000000eace5a70}> (0x00000000eace5a70) 
thrown [s\src\hotspot\share\runtime\sharedRuntime.cpp, line 631]
Event: 130.360 Thread 0x0000024f51dc4e00 Exception <a 'java/lang/ClassFormatError'{0x00000000eabfa060}: Unknown constant tag 116 in class file org/eclipse/jdt/internal/corext/refactoring/code/ExtractTempRefactoring> (0x00000000eabfa060) 
thrown [s\src\hotspot\share\classfile\classFileError.cpp, line 49]
Event: 130.365 Thread 0x0000024f4f3e19e0 Exception <a 'java/lang/ArrayIndexOutOfBoundsException'{0x00000000eac49488}: Index 2768 out of bounds for length 2767> (0x00000000eac49488) 
thrown [s\src\hotspot\share\interpreter\interpreterRuntime.cpp, line 428]
Event: 130.678 Thread 0x0000024f4f3e19e0 Exception <a 'java/lang/ClassFormatError'{0x00000000ead823e8}: Unknown constant tag 116 in class file org/eclipse/jdt/internal/corext/refactoring/code/ExtractTempRefactoring> (0x00000000ead823e8) 
thrown [s\src\hotspot\share\classfile\classFileError.cpp, line 49]

VM Operations (20 events):
Event: 131.631 Executing VM operation: ParallelGCFailedAllocation done
Event: 131.633 Executing VM operation: ParallelGCFailedAllocation
Event: 131.635 Executing VM operation: ParallelGCFailedAllocation done
Event: 131.637 Executing VM operation: ParallelGCFailedAllocation
Event: 131.640 Executing VM operation: ParallelGCFailedAllocation done
Event: 131.647 Executing VM operation: ParallelGCFailedAllocation
Event: 131.651 Executing VM operation: ParallelGCFailedAllocation done
Event: 131.655 Executing VM operation: ParallelGCFailedAllocation
Event: 131.659 Executing VM operation: ParallelGCFailedAllocation done
Event: 131.665 Executing VM operation: ParallelGCFailedAllocation
Event: 131.669 Executing VM operation: ParallelGCFailedAllocation done
Event: 131.676 Executing VM operation: ParallelGCFailedAllocation
Event: 131.680 Executing VM operation: ParallelGCFailedAllocation done
Event: 131.687 Executing VM operation: ParallelGCFailedAllocation
Event: 131.689 Executing VM operation: ParallelGCFailedAllocation done
Event: 131.714 Executing VM operation: ParallelGCFailedAllocation
Event: 131.717 Executing VM operation: ParallelGCFailedAllocation done
Event: 131.737 Executing VM operation: ParallelGCFailedAllocation
Event: 131.740 Executing VM operation: ParallelGCFailedAllocation done
Event: 131.911 Executing VM operation: ParallelGCFailedAllocation

Events (20 events):
Event: 126.718 Thread 0x0000024f4d52b050 flushing nmethod 0x0000024f38364690
Event: 126.718 Thread 0x0000024f4d52b050 flushing nmethod 0x0000024f3836af10
Event: 126.718 Thread 0x0000024f4d52b050 flushing nmethod 0x0000024f383b6a90
Event: 126.718 Thread 0x0000024f4d52b050 flushing nmethod 0x0000024f383b7510
Event: 126.718 Thread 0x0000024f4d52b050 flushing nmethod 0x0000024f383cd290
Event: 128.596 Thread 0x0000024f50de15b0 Thread exited: 0x0000024f50de15b0
Event: 129.279 Thread 0x0000024f50de1060 Thread exited: 0x0000024f50de1060
Event: 129.740 Thread 0x0000024f51c57350 Thread added: 0x0000024f51c57350
Event: 129.758 Thread 0x0000024f51c54380 Thread added: 0x0000024f51c54380
Event: 130.323 Thread 0x0000024f51c54380 Thread exited: 0x0000024f51c54380
Event: 130.323 Thread 0x0000024f51c57350 Thread exited: 0x0000024f51c57350
Event: 130.346 Thread 0x0000024f51c57350 Thread added: 0x0000024f51c57350
Event: 130.361 Thread 0x0000024f51c54380 Thread added: 0x0000024f51c54380
Event: 131.388 Thread 0x0000024f51c54380 Thread exited: 0x0000024f51c54380
Event: 131.399 Thread 0x0000024f51c57350 Thread exited: 0x0000024f51c57350
Event: 131.585 Thread 0x0000024f51c57350 Thread added: 0x0000024f51c57350
Event: 131.710 loading class jdk/internal/module/IllegalAccessLogger
Event: 131.710 loading class jdk/internal/module/IllegalAccessLogger done
Event: 131.711 Thread 0x0000024f4e844060 Thread added: 0x0000024f4e844060
Event: 131.729 Thread 0x0000024f4e844060 Thread exited: 0x0000024f4e844060


Dynamic libraries:
0x00007ff63b9e0000 - 0x00007ff63b9ee000 	c:\Users\97154\.vscode\extensions\redhat.java-1.28.1-win32-x64\jre\17.0.10-win32-x86_64\bin\java.exe
0x00007ff9b0c70000 - 0x00007ff9b0e87000 	C:\WINDOWS\SYSTEM32\ntdll.dll
0x00007ff9b07c0000 - 0x00007ff9b0884000 	C:\WINDOWS\System32\KERNEL32.DLL
0x00007ff9ae2b0000 - 0x00007ff9ae656000 	C:\WINDOWS\System32\KERNELBASE.dll
0x00007ff9adfb0000 - 0x00007ff9ae0c1000 	C:\WINDOWS\System32\ucrtbase.dll
0x00007ff908680000 - 0x00007ff908697000 	c:\Users\97154\.vscode\extensions\redhat.java-1.28.1-win32-x64\jre\17.0.10-win32-x86_64\bin\jli.dll
0x00007ff9086a0000 - 0x00007ff9086bb000 	c:\Users\97154\.vscode\extensions\redhat.java-1.28.1-win32-x64\jre\17.0.10-win32-x86_64\bin\VCRUNTIME140.dll
0x00007ff9aeff0000 - 0x00007ff9af19e000 	C:\WINDOWS\System32\USER32.dll
0x00007ff9ae990000 - 0x00007ff9ae9b6000 	C:\WINDOWS\System32\win32u.dll
0x00007ff9ad2c0000 - 0x00007ff9ad553000 	C:\WINDOWS\WinSxS\amd64_microsoft.windows.common-controls_6595b64144ccf1df_6.0.22621.2506_none_270c5ae97388e100\COMCTL32.dll
0x00007ff9b0370000 - 0x00007ff9b0399000 	C:\WINDOWS\System32\GDI32.dll
0x00007ff9ae660000 - 0x00007ff9ae778000 	C:\WINDOWS\System32\gdi32full.dll
0x00007ff9af630000 - 0x00007ff9af6d7000 	C:\WINDOWS\System32\msvcrt.dll
0x00007ff9ae8f0000 - 0x00007ff9ae98a000 	C:\WINDOWS\System32\msvcp_win.dll
0x00007ff9b0bf0000 - 0x00007ff9b0c21000 	C:\WINDOWS\System32\IMM32.DLL
0x00007ff908660000 - 0x00007ff90866c000 	c:\Users\97154\.vscode\extensions\redhat.java-1.28.1-win32-x64\jre\17.0.10-win32-x86_64\bin\vcruntime140_1.dll
0x00007ff9085d0000 - 0x00007ff90865d000 	c:\Users\97154\.vscode\extensions\redhat.java-1.28.1-win32-x64\jre\17.0.10-win32-x86_64\bin\msvcp140.dll
0x00007ff901c50000 - 0x00007ff9028b2000 	c:\Users\97154\.vscode\extensions\redhat.java-1.28.1-win32-x64\jre\17.0.10-win32-x86_64\bin\server\jvm.dll
0x00007ff9b0a10000 - 0x00007ff9b0ac3000 	C:\WINDOWS\System32\ADVAPI32.dll
0x00007ff9ae9d0000 - 0x00007ff9aea78000 	C:\WINDOWS\System32\sechost.dll
0x00007ff9ae280000 - 0x00007ff9ae2a8000 	C:\WINDOWS\System32\bcrypt.dll
0x00007ff9b0ad0000 - 0x00007ff9b0be7000 	C:\WINDOWS\System32\RPCRT4.dll
0x00007ff9ade80000 - 0x00007ff9adecd000 	C:\WINDOWS\SYSTEM32\POWRPROF.dll
0x00007ff9a7b80000 - 0x00007ff9a7b89000 	C:\WINDOWS\SYSTEM32\WSOCK32.dll
0x00007ff9b0890000 - 0x00007ff9b0901000 	C:\WINDOWS\System32\WS2_32.dll
0x00007ff9a2cb0000 - 0x00007ff9a2ce4000 	C:\WINDOWS\SYSTEM32\WINMM.dll
0x00007ff9ad000000 - 0x00007ff9ad00a000 	C:\WINDOWS\SYSTEM32\VERSION.dll
0x00007ff9ade60000 - 0x00007ff9ade73000 	C:\WINDOWS\SYSTEM32\UMPDC.dll
0x00007ff9ac090000 - 0x00007ff9ac0a8000 	C:\WINDOWS\SYSTEM32\kernel.appcore.dll
0x00007ff9085c0000 - 0x00007ff9085ca000 	c:\Users\97154\.vscode\extensions\redhat.java-1.28.1-win32-x64\jre\17.0.10-win32-x86_64\bin\jimage.dll
0x00007ff9ad830000 - 0x00007ff9ada63000 	C:\WINDOWS\SYSTEM32\DBGHELP.DLL
0x00007ff9af2a0000 - 0x00007ff9af629000 	C:\WINDOWS\System32\combase.dll
0x00007ff9b05f0000 - 0x00007ff9b06c7000 	C:\WINDOWS\System32\OLEAUT32.dll
0x00007ff9ad720000 - 0x00007ff9ad752000 	C:\WINDOWS\SYSTEM32\dbgcore.DLL
0x00007ff9ae0d0000 - 0x00007ff9ae14a000 	C:\WINDOWS\System32\bcryptPrimitives.dll
0x00007ff9085b0000 - 0x00007ff9085be000 	c:\Users\97154\.vscode\extensions\redhat.java-1.28.1-win32-x64\jre\17.0.10-win32-x86_64\bin\instrument.dll
0x00007ff908580000 - 0x00007ff9085a5000 	c:\Users\97154\.vscode\extensions\redhat.java-1.28.1-win32-x64\jre\17.0.10-win32-x86_64\bin\java.dll
0x00007ff908540000 - 0x00007ff908558000 	c:\Users\97154\.vscode\extensions\redhat.java-1.28.1-win32-x64\jre\17.0.10-win32-x86_64\bin\zip.dll
0x00007ff9af8a0000 - 0x00007ff9b00fb000 	C:\WINDOWS\System32\SHELL32.dll
0x00007ff9aafa0000 - 0x00007ff9ab896000 	C:\WINDOWS\SYSTEM32\windows.storage.dll
0x00007ff9aae60000 - 0x00007ff9aaf9e000 	C:\WINDOWS\SYSTEM32\wintypes.dll
0x00007ff9b0910000 - 0x00007ff9b0a03000 	C:\WINDOWS\System32\SHCORE.dll
0x00007ff9b0530000 - 0x00007ff9b058e000 	C:\WINDOWS\System32\shlwapi.dll
0x00007ff9adee0000 - 0x00007ff9adf06000 	C:\WINDOWS\SYSTEM32\profapi.dll
0x00007ff90b280000 - 0x00007ff90b299000 	C:\Users\97154\.vscode\extensions\redhat.java-1.28.1-win32-x64\jre\17.0.10-win32-x86_64\bin\net.dll
0x00007ff9a5dd0000 - 0x00007ff9a5f07000 	C:\WINDOWS\SYSTEM32\WINHTTP.dll
0x00007ff9ac4b0000 - 0x00007ff9ac519000 	C:\WINDOWS\system32\mswsock.dll
0x00007ff90b260000 - 0x00007ff90b276000 	C:\Users\97154\.vscode\extensions\redhat.java-1.28.1-win32-x64\jre\17.0.10-win32-x86_64\bin\nio.dll
0x00007ff90b250000 - 0x00007ff90b260000 	c:\Users\97154\.vscode\extensions\redhat.java-1.28.1-win32-x64\jre\17.0.10-win32-x86_64\bin\verify.dll
0x00007ff92b170000 - 0x00007ff92b1ae000 	C:\Users\97154\AppData\Roaming\Code\User\globalStorage\redhat.java\1.28.1\config_win\org.eclipse.equinox.launcher\org.eclipse.equinox.launcher.win32.win32.x86_64_1.2.900.v20240129-1338\eclipse_11900.dll
0x00007ff9b0100000 - 0x00007ff9b02a0000 	C:\WINDOWS\System32\ole32.dll
0x00007ff9adb60000 - 0x00007ff9adb7b000 	C:\WINDOWS\SYSTEM32\CRYPTSP.dll
0x00007ff9abff0000 - 0x00007ff9ac025000 	C:\WINDOWS\system32\rsaenh.dll
0x00007ff9ac5a0000 - 0x00007ff9ac5cc000 	C:\WINDOWS\SYSTEM32\USERENV.dll
0x00007ff9acfd0000 - 0x00007ff9acfdc000 	C:\WINDOWS\SYSTEM32\CRYPTBASE.dll
0x00007ff9abaf0000 - 0x00007ff9abb1d000 	C:\WINDOWS\SYSTEM32\IPHLPAPI.DLL
0x00007ff9b0520000 - 0x00007ff9b0529000 	C:\WINDOWS\System32\NSI.dll
0x00007ff9a5db0000 - 0x00007ff9a5dc9000 	C:\WINDOWS\SYSTEM32\dhcpcsvc6.DLL
0x00007ff9a4610000 - 0x00007ff9a462f000 	C:\WINDOWS\SYSTEM32\dhcpcsvc.DLL
0x00007ff9abb20000 - 0x00007ff9abc19000 	C:\WINDOWS\SYSTEM32\DNSAPI.dll
0x00007ff90aec0000 - 0x00007ff90af05000 	C:\Users\97154\AppData\Local\Temp\jna-54327986\jna6738819792879625516.dll
0x00007ff9aea80000 - 0x00007ff9aea88000 	C:\WINDOWS\System32\PSAPI.DLL
0x00007ff9ad7f0000 - 0x00007ff9ad824000 	C:\WINDOWS\SYSTEM32\ntmarta.dll
0x00007ff94ef60000 - 0x00007ff94ef69000 	C:\Users\97154\.vscode\extensions\redhat.java-1.28.1-win32-x64\jre\17.0.10-win32-x86_64\bin\extnet.dll

dbghelp: loaded successfully - version: 4.0.5 - missing functions: none
symbol engine: initialized successfully - sym options: 0x614 - pdb path: .;c:\Users\97154\.vscode\extensions\redhat.java-1.28.1-win32-x64\jre\17.0.10-win32-x86_64\bin;C:\WINDOWS\SYSTEM32;C:\WINDOWS\WinSxS\amd64_microsoft.windows.common-controls_6595b64144ccf1df_6.0.22621.2506_none_270c5ae97388e100;c:\Users\97154\.vscode\extensions\redhat.java-1.28.1-win32-x64\jre\17.0.10-win32-x86_64\bin\server;C:\Users\97154\AppData\Roaming\Code\User\globalStorage\redhat.java\1.28.1\config_win\org.eclipse.equinox.launcher\org.eclipse.equinox.launcher.win32.win32.x86_64_1.2.900.v20240129-1338;C:\Users\97154\AppData\Local\Temp\jna-54327986

VM Arguments:
jvm_args: --add-modules=ALL-SYSTEM --add-opens=java.base/java.util=ALL-UNNAMED --add-opens=java.base/java.lang=ALL-UNNAMED --add-opens=java.base/sun.nio.fs=ALL-UNNAMED -Declipse.application=org.eclipse.jdt.ls.core.id1 -Dosgi.bundles.defaultStartLevel=4 -Declipse.product=org.eclipse.jdt.ls.core.product -Djava.import.generatesMetadataFilesAtProjectRoot=false -DDetectVMInstallationsJob.disabled=true -Dfile.encoding=utf8 -XX:+UseParallelGC -XX:GCTimeRatio=4 -XX:AdaptiveSizePolicyWeight=90 -Dsun.zip.disableMemoryMapping=true -Xmx1G -Xms100m -Xlog:disable -javaagent:c:\Users\97154\.vscode\extensions\redhat.java-1.28.1-win32-x64\lombok\lombok-1.18.31.jar -XX:+HeapDumpOnOutOfMemoryError -XX:HeapDumpPath=c:\Users\97154\AppData\Roaming\Code\User\workspaceStorage\7aab4b7947870c43d9e0d1114ae30211\redhat.java -Daether.dependencyCollector.impl=bf 
java_command: c:\Users\97154\.vscode\extensions\redhat.java-1.28.1-win32-x64\server\plugins\org.eclipse.equinox.launcher_1.6.700.v20231214-2017.jar -configuration c:\Users\97154\AppData\Roaming\Code\User\globalStorage\redhat.java\1.28.1\config_win -data c:\Users\97154\AppData\Roaming\Code\User\workspaceStorage\7aab4b7947870c43d9e0d1114ae30211\redhat.java\jdt_ws --stdio
java_class_path (initial): c:\Users\97154\.vscode\extensions\redhat.java-1.28.1-win32-x64\server\plugins\org.eclipse.equinox.launcher_1.6.700.v20231214-2017.jar
Launcher Type: SUN_STANDARD

[Global flags]
    uintx AdaptiveSizePolicyWeight                 = 90                                        {product} {command line}
     intx CICompilerCount                          = 4                                         {product} {ergonomic}
    uintx GCTimeRatio                              = 4                                         {product} {command line}
     bool HeapDumpOnOutOfMemoryError               = true                                   {manageable} {command line}
    ccstr HeapDumpPath                             = c:\Users\97154\AppData\Roaming\Code\User\workspaceStorage\7aab4b7947870c43d9e0d1114ae30211\redhat.java         {manageable} {command line}
   size_t InitialHeapSize                          = 104857600                                 {product} {command line}
   size_t MaxHeapSize                              = 1073741824                                {product} {command line}
   size_t MaxNewSize                               = 357564416                                 {product} {ergonomic}
   size_t MinHeapDeltaBytes                        = 524288                                    {product} {ergonomic}
   size_t MinHeapSize                              = 104857600                                 {product} {command line}
   size_t NewSize                                  = 34603008                                  {product} {ergonomic}
    uintx NonNMethodCodeHeapSize                   = 5839372                                {pd product} {ergonomic}
    uintx NonProfiledCodeHeapSize                  = 122909434                              {pd product} {ergonomic}
   size_t OldSize                                  = 70254592                                  {product} {ergonomic}
    uintx ProfiledCodeHeapSize                     = 122909434                              {pd product} {ergonomic}
    uintx ReservedCodeCacheSize                    = 251658240                              {pd product} {ergonomic}
     bool SegmentedCodeCache                       = true                                      {product} {ergonomic}
   size_t SoftMaxHeapSize                          = 1073741824                             {manageable} {ergonomic}
     bool UseCompressedClassPointers               = true                           {product lp64_product} {ergonomic}
     bool UseCompressedOops                        = true                           {product lp64_product} {ergonomic}
     bool UseLargePagesIndividualAllocation        = false                                  {pd product} {ergonomic}
     bool UseParallelGC                            = true                                      {product} {command line}

Logging:
Log output configuration:
 #0: stdout all=off uptime,level,tags
 #1: stderr all=off uptime,level,tags

Environment Variables:
JAVA_HOME=C:\Program Files\Java\jdk-21
PATH=C:\Program Files (x86)\Common Files\Oracle\Java\javapath;C:\WINDOWS\system32;C:\WINDOWS;C:\WINDOWS\System32\Wbem;C:\WINDOWS\System32\WindowsPowerShell\v1.0\;C:\WINDOWS\System32\OpenSSH\;C:\Program Files\Java\jdk-19\bin;C:\Program Files (x86)\IVI Foundation\VISA\WinNT\Bin\;C:\Program Files\IVI Foundation\VISA\Win64\Bin\;C:\Program Files (x86)\IVI Foundation\IVI\bin;C:\Program Files\IVI Foundation\IVI\bin;C:\Program Files (x86)\IVI Foundation\VISA\WinNT\Bin;C:\msys64\mingw64\bin;C:\msys64\clang64\clang+llvm-15.0.7-arm64-apple-darwin22.0\bin;C:\msys64\mingw64\bin;C:\msys64\mingw64\x86_64-w64-mingw32\bin;C:\msys64\mingw64\bin;C:\msys64\mingw64\x86_64-w64-mingw32\bin;C:\msys64\mingw64\bin;\msys64\mingw64\bin;C:\Program Files (x86)\Microsoft SQL Server\160\Tools\Binn\;C:\Program Files\Microsoft SQL Server\160\Tools\Binn\;C:\Program Files\Microsoft SQL Server\Client SDK\ODBC\170\Tools\Binn\;C:\Program Files\Microsoft SQL Server\160\DTS\Binn\;C:\Program Files\Azure Data Studio\bin;C:\Program Files\Microsoft SQL Server\150\Tools\Binn\;C:\Users\97154\Downloads\dartsdk-windows-x64-release\dart-sdk;C:\Users\97154\Downloads\flutter_windows_3.10.6-stable\flutter\bin;C:\Program Files\Git\cmd;C:\Program Files\Java\jdk-20;C:\Program Files\Java\jre-1.8\bin;C:\Program Files\Java\jdk-21\bin;C:\Windows\System32\Wbem;C:\src\dart-sdk\bin;C:\src\flutter\bin;C:\src\dart-sdk;C:\Users\97154\AppData\Local\Microsoft\WindowsApps;C:\msys64\mingw64\bin;C:\msys64\mingw64\bin;C:\msys64\mingw64\bin;C:\Program Files\Azure Data Studio\bin;C:\Users\97154\AppData\Local\Programs\Microsoft VS Code\bin;C:\Program Files\JetBrains\IntelliJ IDEA 2023.3.3\bin;;C:\Program Files\JetBrains\IntelliJ IDEA Community Edition 2023.2.3\bin;;C:\src\dart-sdk\bin;C:\src\flutter\bin;
USERNAME=97154
OS=Windows_NT
PROCESSOR_IDENTIFIER=Intel64 Family 6 Model 140 Stepping 1, GenuineIntel
TMP=C:\Users\97154\AppData\Local\Temp
TEMP=C:\Users\97154\AppData\Local\Temp



Periodic native trim disabled


---------------  S Y S T E M  ---------------

OS:
 Windows 11 , 64 bit Build 22621 (10.0.22621.3085)
OS uptime: 0 days 0:03 hours
Hyper-V role detected

CPU: total 8 (initial active 8) (4 cores per cpu, 2 threads per core) family 6 model 140 stepping 1 microcode 0xb4, cx8, cmov, fxsr, ht, mmx, 3dnowpref, sse, sse2, sse3, ssse3, sse4.1, sse4.2, popcnt, lzcnt, tsc, tscinvbit, avx, avx2, aes, erms, clmul, bmi1, bmi2, adx, avx512f, avx512dq, avx512cd, avx512bw, avx512vl, sha, fma, vzeroupper, avx512_vpopcntdq, avx512_vpclmulqdq, avx512_vaes, avx512_vnni, clflush, clflushopt, clwb, avx512_vbmi2, avx512_vbmi, hv
Processor Information for all 8 processors :
  Max Mhz: 2419, Current Mhz: 2419, Mhz Limit: 2419

Memory: 4k page, system-wide physical 16118M (3734M free)
TotalPageFile size 19574M (AvailPageFile size 5383M)
current process WorkingSet (physical memory assigned to process): 394M, peak: 394M
current process commit charge ("private bytes"): 428M, peak: 429M

vm_info: OpenJDK 64-Bit Server VM (17.0.10+7) for windows-amd64 JRE (17.0.10+7), built on Jan 16 2024 23:25:11 by "admin" with MS VC++ 16.10 / 16.11 (VS2019)

END.
